[ 2018-09-26T00:38:24+08:00 ] 140.205.205.25 /
INFO: [ app_init ] --START--
INFO: Run Behavior\BuildLiteBehavior [ RunTime:0.000015s ]
INFO: [ app_init ] --END-- [ RunTime:0.000312s ]
INFO: [ app_begin ] --START--
INFO: Run Behavior\ReadHtmlCacheBehavior [ RunTime:0.000417s ]
INFO: [ app_begin ] --END-- [ RunTime:0.000469s ]
SQL: SHOW COLUMNS FROM `mn_xz_user` [ RunTime:0.0014s ]
SQL: SHOW COLUMNS FROM `mn_qqh_user` [ RunTime:0.0011s ]
SQL: SELECT COUNT(*) AS tp_count FROM `mn_xz_user` LIMIT 1   [ RunTime:0.0003s ]
SQL: SELECT COUNT(*) AS tp_count FROM `mn_qqh_user` LIMIT 1   [ RunTime:0.0002s ]
INFO: [ app_end ] --START--
INFO: Run Behavior\ShowPageTraceBehavior [ RunTime:0.000447s ]
INFO: [ app_end ] --END-- [ RunTime:0.000484s ]

[ 2018-09-26T01:05:50+08:00 ] 183.60.210.46 /
INFO: [ app_init ] --START--
INFO: Run Behavior\BuildLiteBehavior [ RunTime:0.000014s ]
INFO: [ app_init ] --END-- [ RunTime:0.000316s ]
INFO: [ app_begin ] --START--
INFO: Run Behavior\ReadHtmlCacheBehavior [ RunTime:0.000417s ]
INFO: [ app_begin ] --END-- [ RunTime:0.000469s ]
SQL: SHOW COLUMNS FROM `mn_xz_user` [ RunTime:0.0014s ]
SQL: SHOW COLUMNS FROM `mn_qqh_user` [ RunTime:0.0011s ]
SQL: SELECT COUNT(*) AS tp_count FROM `mn_xz_user` LIMIT 1   [ RunTime:0.0003s ]
SQL: SELECT COUNT(*) AS tp_count FROM `mn_qqh_user` LIMIT 1   [ RunTime:0.0002s ]
INFO: [ app_end ] --START--
INFO: Run Behavior\ShowPageTraceBehavior [ RunTime:0.000479s ]
INFO: [ app_end ] --END-- [ RunTime:0.000516s ]

[ 2018-09-26T01:09:39+08:00 ] 140.205.205.25 /
INFO: [ app_init ] --START--
INFO: Run Behavior\BuildLiteBehavior [ RunTime:0.000013s ]
INFO: [ app_init ] --END-- [ RunTime:0.000304s ]
INFO: [ app_begin ] --START--
INFO: Run Behavior\ReadHtmlCacheBehavior [ RunTime:0.000423s ]
INFO: [ app_begin ] --END-- [ RunTime:0.000465s ]
SQL: SHOW COLUMNS FROM `mn_xz_user` [ RunTime:0.0014s ]
SQL: SHOW COLUMNS FROM `mn_qqh_user` [ RunTime:0.0012s ]
SQL: SELECT COUNT(*) AS tp_count FROM `mn_xz_user` LIMIT 1   [ RunTime:0.0003s ]
SQL: SELECT COUNT(*) AS tp_count FROM `mn_qqh_user` LIMIT 1   [ RunTime:0.0002s ]
INFO: [ app_end ] --START--
INFO: Run Behavior\ShowPageTraceBehavior [ RunTime:0.000489s ]
INFO: [ app_end ] --END-- [ RunTime:0.000536s ]

[ 2018-09-26T01:22:05+08:00 ] 140.205.205.25 /
INFO: [ app_init ] --START--
INFO: Run Behavior\BuildLiteBehavior [ RunTime:0.000012s ]
INFO: [ app_init ] --END-- [ RunTime:0.000328s ]
INFO: [ app_begin ] --START--
INFO: Run Behavior\ReadHtmlCacheBehavior [ RunTime:0.000460s ]
INFO: [ app_begin ] --END-- [ RunTime:0.000504s ]
SQL: SHOW COLUMNS FROM `mn_xz_user` [ RunTime:0.0014s ]
SQL: SHOW COLUMNS FROM `mn_qqh_user` [ RunTime:0.0011s ]
SQL: SELECT COUNT(*) AS tp_count FROM `mn_xz_user` LIMIT 1   [ RunTime:0.0003s ]
SQL: SELECT COUNT(*) AS tp_count FROM `mn_qqh_user` LIMIT 1   [ RunTime:0.0002s ]
INFO: [ app_end ] --START--
INFO: Run Behavior\ShowPageTraceBehavior [ RunTime:0.000454s ]
INFO: [ app_end ] --END-- [ RunTime:0.000491s ]

[ 2018-09-26T02:45:54+08:00 ] 13.57.233.99 /
INFO: [ app_init ] --START--
INFO: Run Behavior\BuildLiteBehavior [ RunTime:0.000012s ]
INFO: [ app_init ] --END-- [ RunTime:0.000314s ]
INFO: [ app_begin ] --START--
INFO: Run Behavior\ReadHtmlCacheBehavior [ RunTime:0.000442s ]
INFO: [ app_begin ] --END-- [ RunTime:0.000484s ]
SQL: SHOW COLUMNS FROM `mn_xz_user` [ RunTime:0.0015s ]
SQL: SHOW COLUMNS FROM `mn_qqh_user` [ RunTime:0.0012s ]
SQL: SELECT COUNT(*) AS tp_count FROM `mn_xz_user` LIMIT 1   [ RunTime:0.0003s ]
SQL: SELECT COUNT(*) AS tp_count FROM `mn_qqh_user` LIMIT 1   [ RunTime:0.0002s ]
INFO: [ app_end ] --START--
INFO: Run Behavior\ShowPageTraceBehavior [ RunTime:0.000452s ]
INFO: [ app_end ] --END-- [ RunTime:0.000489s ]

[ 2018-09-26T03:03:49+08:00 ] 115.238.44.234 /
INFO: [ app_init ] --START--
INFO: Run Behavior\BuildLiteBehavior [ RunTime:0.000012s ]
INFO: [ app_init ] --END-- [ RunTime:0.000314s ]
INFO: [ app_begin ] --START--
INFO: Run Behavior\ReadHtmlCacheBehavior [ RunTime:0.000432s ]
INFO: [ app_begin ] --END-- [ RunTime:0.000474s ]
SQL: SHOW COLUMNS FROM `mn_xz_user` [ RunTime:0.0015s ]
SQL: SHOW COLUMNS FROM `mn_qqh_user` [ RunTime:0.0012s ]
SQL: SELECT COUNT(*) AS tp_count FROM `mn_xz_user` LIMIT 1   [ RunTime:0.0003s ]
SQL: SELECT COUNT(*) AS tp_count FROM `mn_qqh_user` LIMIT 1   [ RunTime:0.0002s ]
INFO: [ app_end ] --START--
INFO: Run Behavior\ShowPageTraceBehavior [ RunTime:0.000471s ]
INFO: [ app_end ] --END-- [ RunTime:0.000510s ]

[ 2018-09-26T03:45:49+08:00 ] 47.52.210.38 /
INFO: [ app_init ] --START--
INFO: Run Behavior\BuildLiteBehavior [ RunTime:0.000012s ]
INFO: [ app_init ] --END-- [ RunTime:0.000299s ]
INFO: [ app_begin ] --START--
INFO: Run Behavior\ReadHtmlCacheBehavior [ RunTime:0.000450s ]
INFO: [ app_begin ] --END-- [ RunTime:0.000492s ]
SQL: SHOW COLUMNS FROM `mn_xz_user` [ RunTime:0.0014s ]
SQL: SHOW COLUMNS FROM `mn_qqh_user` [ RunTime:0.0011s ]
SQL: SELECT COUNT(*) AS tp_count FROM `mn_xz_user` LIMIT 1   [ RunTime:0.0003s ]
SQL: SELECT COUNT(*) AS tp_count FROM `mn_qqh_user` LIMIT 1   [ RunTime:0.0002s ]
INFO: [ app_end ] --START--
INFO: Run Behavior\ShowPageTraceBehavior [ RunTime:0.000467s ]
INFO: [ app_end ] --END-- [ RunTime:0.000590s ]

[ 2018-09-26T04:00:08+08:00 ] 140.205.205.25 /
INFO: [ app_init ] --START--
INFO: Run Behavior\BuildLiteBehavior [ RunTime:0.000014s ]
INFO: [ app_init ] --END-- [ RunTime:0.000359s ]
INFO: [ app_begin ] --START--
INFO: Run Behavior\ReadHtmlCacheBehavior [ RunTime:0.000457s ]
INFO: [ app_begin ] --END-- [ RunTime:0.000508s ]
SQL: SHOW COLUMNS FROM `mn_xz_user` [ RunTime:0.0015s ]
SQL: SHOW COLUMNS FROM `mn_qqh_user` [ RunTime:0.0011s ]
SQL: SELECT COUNT(*) AS tp_count FROM `mn_xz_user` LIMIT 1   [ RunTime:0.0003s ]
SQL: SELECT COUNT(*) AS tp_count FROM `mn_qqh_user` LIMIT 1   [ RunTime:0.0002s ]
INFO: [ app_end ] --START--
INFO: Run Behavior\ShowPageTraceBehavior [ RunTime:0.000467s ]
INFO: [ app_end ] --END-- [ RunTime:0.000504s ]

[ 2018-09-26T04:44:25+08:00 ] 183.60.210.46 /
INFO: [ app_init ] --START--
INFO: Run Behavior\BuildLiteBehavior [ RunTime:0.000014s ]
INFO: [ app_init ] --END-- [ RunTime:0.000324s ]
INFO: [ app_begin ] --START--
INFO: Run Behavior\ReadHtmlCacheBehavior [ RunTime:0.000448s ]
INFO: [ app_begin ] --END-- [ RunTime:0.000491s ]
SQL: SHOW COLUMNS FROM `mn_xz_user` [ RunTime:0.0014s ]
SQL: SHOW COLUMNS FROM `mn_qqh_user` [ RunTime:0.0012s ]
SQL: SELECT COUNT(*) AS tp_count FROM `mn_xz_user` LIMIT 1   [ RunTime:0.0003s ]
SQL: SELECT COUNT(*) AS tp_count FROM `mn_qqh_user` LIMIT 1   [ RunTime:0.0002s ]
INFO: [ app_end ] --START--
INFO: Run Behavior\ShowPageTraceBehavior [ RunTime:0.000479s ]
INFO: [ app_end ] --END-- [ RunTime:0.000518s ]

[ 2018-09-26T04:44:25+08:00 ] 183.60.210.46 /
INFO: [ app_init ] --START--
INFO: Run Behavior\BuildLiteBehavior [ RunTime:0.000013s ]
INFO: [ app_init ] --END-- [ RunTime:0.000308s ]
INFO: [ app_begin ] --START--
INFO: Run Behavior\ReadHtmlCacheBehavior [ RunTime:0.000453s ]
INFO: [ app_begin ] --END-- [ RunTime:0.000494s ]
SQL: SHOW COLUMNS FROM `mn_xz_user` [ RunTime:0.0013s ]
SQL: SHOW COLUMNS FROM `mn_qqh_user` [ RunTime:0.0011s ]
SQL: SELECT COUNT(*) AS tp_count FROM `mn_xz_user` LIMIT 1   [ RunTime:0.0003s ]
SQL: SELECT COUNT(*) AS tp_count FROM `mn_qqh_user` LIMIT 1   [ RunTime:0.0002s ]
INFO: [ app_end ] --START--
INFO: Run Behavior\ShowPageTraceBehavior [ RunTime:0.000465s ]
INFO: [ app_end ] --END-- [ RunTime:0.000501s ]

[ 2018-09-26T06:08:26+08:00 ] 47.94.52.138 /
INFO: [ app_init ] --START--
INFO: Run Behavior\BuildLiteBehavior [ RunTime:0.000013s ]
INFO: [ app_init ] --END-- [ RunTime:0.000316s ]
INFO: [ app_begin ] --START--
INFO: Run Behavior\ReadHtmlCacheBehavior [ RunTime:0.000433s ]
INFO: [ app_begin ] --END-- [ RunTime:0.000475s ]
SQL: SHOW COLUMNS FROM `mn_xz_user` [ RunTime:0.0015s ]
SQL: SHOW COLUMNS FROM `mn_qqh_user` [ RunTime:0.0012s ]
SQL: SELECT COUNT(*) AS tp_count FROM `mn_xz_user` LIMIT 1   [ RunTime:0.0003s ]
SQL: SELECT COUNT(*) AS tp_count FROM `mn_qqh_user` LIMIT 1   [ RunTime:0.0002s ]
INFO: [ app_end ] --START--
INFO: Run Behavior\ShowPageTraceBehavior [ RunTime:0.000480s ]
INFO: [ app_end ] --END-- [ RunTime:0.000518s ]

[ 2018-09-26T08:04:15+08:00 ] 207.46.13.146 /
INFO: [ app_init ] --START--
INFO: Run Behavior\BuildLiteBehavior [ RunTime:0.000013s ]
INFO: [ app_init ] --END-- [ RunTime:0.000290s ]
INFO: [ app_begin ] --START--
INFO: Run Behavior\ReadHtmlCacheBehavior [ RunTime:0.000422s ]
INFO: [ app_begin ] --END-- [ RunTime:0.000466s ]
SQL: SHOW COLUMNS FROM `mn_xz_user` [ RunTime:0.0014s ]
SQL: SHOW COLUMNS FROM `mn_qqh_user` [ RunTime:0.0012s ]
SQL: SELECT COUNT(*) AS tp_count FROM `mn_xz_user` LIMIT 1   [ RunTime:0.0003s ]
SQL: SELECT COUNT(*) AS tp_count FROM `mn_qqh_user` LIMIT 1   [ RunTime:0.0002s ]
INFO: [ app_end ] --START--
INFO: Run Behavior\ShowPageTraceBehavior [ RunTime:0.000456s ]
INFO: [ app_end ] --END-- [ RunTime:0.000493s ]

[ 2018-09-26T08:20:38+08:00 ] 183.60.210.52 /
INFO: [ app_init ] --START--
INFO: Run Behavior\BuildLiteBehavior [ RunTime:0.000013s ]
INFO: [ app_init ] --END-- [ RunTime:0.000316s ]
INFO: [ app_begin ] --START--
INFO: Run Behavior\ReadHtmlCacheBehavior [ RunTime:0.000428s ]
INFO: [ app_begin ] --END-- [ RunTime:0.000469s ]
SQL: SHOW COLUMNS FROM `mn_xz_user` [ RunTime:0.0014s ]
SQL: SHOW COLUMNS FROM `mn_qqh_user` [ RunTime:0.0011s ]
SQL: SELECT COUNT(*) AS tp_count FROM `mn_xz_user` LIMIT 1   [ RunTime:0.0003s ]
SQL: SELECT COUNT(*) AS tp_count FROM `mn_qqh_user` LIMIT 1   [ RunTime:0.0002s ]
INFO: [ app_end ] --START--
INFO: Run Behavior\ShowPageTraceBehavior [ RunTime:0.000468s ]
INFO: [ app_end ] --END-- [ RunTime:0.000506s ]

[ 2018-09-26T09:31:11+08:00 ] 139.162.102.14 /
INFO: [ app_init ] --START--
INFO: Run Behavior\BuildLiteBehavior [ RunTime:0.000013s ]
INFO: [ app_init ] --END-- [ RunTime:0.000319s ]
INFO: [ app_begin ] --START--
INFO: Run Behavior\ReadHtmlCacheBehavior [ RunTime:0.000428s ]
INFO: [ app_begin ] --END-- [ RunTime:0.000481s ]
SQL: SHOW COLUMNS FROM `mn_xz_user` [ RunTime:0.0016s ]
SQL: SHOW COLUMNS FROM `mn_qqh_user` [ RunTime:0.0012s ]
SQL: SELECT COUNT(*) AS tp_count FROM `mn_xz_user` LIMIT 1   [ RunTime:0.0003s ]
SQL: SELECT COUNT(*) AS tp_count FROM `mn_qqh_user` LIMIT 1   [ RunTime:0.0003s ]
INFO: [ app_end ] --START--
INFO: Run Behavior\ShowPageTraceBehavior [ RunTime:0.000486s ]
INFO: [ app_end ] --END-- [ RunTime:0.000524s ]

[ 2018-09-26T11:43:37+08:00 ] 223.104.24.111 /index.php/Home/tymy/openid_get?code=021nJPpG0Nk08k2nFhqG04AHpG0nJPpo
INFO: [ app_init ] --START--
INFO: Run Behavior\BuildLiteBehavior [ RunTime:0.000015s ]
INFO: [ app_init ] --END-- [ RunTime:0.000307s ]
INFO: [ app_begin ] --START--
INFO: Run Behavior\ReadHtmlCacheBehavior [ RunTime:0.000431s ]
INFO: [ app_begin ] --END-- [ RunTime:0.000472s ]
NOTIC: [2] curl_setopt(): You must pass either an object or an array with the CURLOPT_HTTPHEADER argument C:\project\miniapi\Application\Home\Controller\TymyController.class.php 第 155 行.
NOTIC: [2] curl_errno(): 24 is not a valid cURL handle resource C:\project\miniapi\Application\Home\Controller\TymyController.class.php 第 163 行.
INFO: [ app_end ] --START--
INFO: Run Behavior\ShowPageTraceBehavior [ RunTime:0.000651s ]
INFO: [ app_end ] --END-- [ RunTime:0.000709s ]

[ 2018-09-26T11:43:38+08:00 ] 223.104.24.111 /index.php/Home/tymy/user_find?openid=o6iMB5dWs6B4WobWRqorkPNouIho
INFO: [ app_init ] --START--
INFO: Run Behavior\BuildLiteBehavior [ RunTime:0.000013s ]
INFO: [ app_init ] --END-- [ RunTime:0.000295s ]
INFO: [ app_begin ] --START--
INFO: Run Behavior\ReadHtmlCacheBehavior [ RunTime:0.000428s ]
INFO: [ app_begin ] --END-- [ RunTime:0.000469s ]
SQL: SHOW COLUMNS FROM `mn_qqh_user` [ RunTime:0.0014s ]
SQL: SELECT * FROM `mn_qqh_user` WHERE `openid` = 'o6iMB5dWs6B4WobWRqorkPNouIho' LIMIT 1   [ RunTime:0.0003s ]
INFO: [ app_end ] --START--
INFO: Run Behavior\ShowPageTraceBehavior [ RunTime:0.000446s ]
INFO: [ app_end ] --END-- [ RunTime:0.000494s ]

[ 2018-09-26T12:00:11+08:00 ] 183.60.210.62 /
INFO: [ app_init ] --START--
INFO: Run Behavior\BuildLiteBehavior [ RunTime:0.000013s ]
INFO: [ app_init ] --END-- [ RunTime:0.000292s ]
INFO: [ app_begin ] --START--
INFO: Run Behavior\ReadHtmlCacheBehavior [ RunTime:0.000414s ]
INFO: [ app_begin ] --END-- [ RunTime:0.000458s ]
SQL: SHOW COLUMNS FROM `mn_xz_user` [ RunTime:0.0014s ]
SQL: SHOW COLUMNS FROM `mn_qqh_user` [ RunTime:0.0012s ]
SQL: SELECT COUNT(*) AS tp_count FROM `mn_xz_user` LIMIT 1   [ RunTime:0.0003s ]
SQL: SELECT COUNT(*) AS tp_count FROM `mn_qqh_user` LIMIT 1   [ RunTime:0.0002s ]
INFO: [ app_end ] --START--
INFO: Run Behavior\ShowPageTraceBehavior [ RunTime:0.000455s ]
INFO: [ app_end ] --END-- [ RunTime:0.000493s ]

[ 2018-09-26T13:07:30+08:00 ] 178.73.215.171 /
INFO: [ app_init ] --START--
INFO: Run Behavior\BuildLiteBehavior [ RunTime:0.000016s ]
INFO: [ app_init ] --END-- [ RunTime:0.000329s ]
INFO: [ app_begin ] --START--
INFO: Run Behavior\ReadHtmlCacheBehavior [ RunTime:0.000415s ]
INFO: [ app_begin ] --END-- [ RunTime:0.000457s ]
SQL: SHOW COLUMNS FROM `mn_xz_user` [ RunTime:0.0013s ]
SQL: SHOW COLUMNS FROM `mn_qqh_user` [ RunTime:0.0011s ]
SQL: SELECT COUNT(*) AS tp_count FROM `mn_xz_user` LIMIT 1   [ RunTime:0.0003s ]
SQL: SELECT COUNT(*) AS tp_count FROM `mn_qqh_user` LIMIT 1   [ RunTime:0.0002s ]
INFO: [ app_end ] --START--
INFO: Run Behavior\ShowPageTraceBehavior [ RunTime:0.000445s ]
INFO: [ app_end ] --END-- [ RunTime:0.000480s ]

[ 2018-09-26T15:39:33+08:00 ] 183.60.210.52 /
INFO: [ app_init ] --START--
INFO: Run Behavior\BuildLiteBehavior [ RunTime:0.000013s ]
INFO: [ app_init ] --END-- [ RunTime:0.000313s ]
INFO: [ app_begin ] --START--
INFO: Run Behavior\ReadHtmlCacheBehavior [ RunTime:0.000427s ]
INFO: [ app_begin ] --END-- [ RunTime:0.000468s ]
SQL: SHOW COLUMNS FROM `mn_xz_user` [ RunTime:0.0014s ]
SQL: SHOW COLUMNS FROM `mn_qqh_user` [ RunTime:0.0011s ]
SQL: SELECT COUNT(*) AS tp_count FROM `mn_xz_user` LIMIT 1   [ RunTime:0.0003s ]
SQL: SELECT COUNT(*) AS tp_count FROM `mn_qqh_user` LIMIT 1   [ RunTime:0.0002s ]
INFO: [ app_end ] --START--
INFO: Run Behavior\ShowPageTraceBehavior [ RunTime:0.000455s ]
INFO: [ app_end ] --END-- [ RunTime:0.000493s ]

[ 2018-09-26T17:15:08+08:00 ] 140.243.207.44 /index.php/Home/tymy/openid_get?code=0113nMja2QPs7Q0RD6ka249Aja23nMjP
INFO: [ app_init ] --START--
INFO: Run Behavior\BuildLiteBehavior [ RunTime:0.000014s ]
INFO: [ app_init ] --END-- [ RunTime:0.000321s ]
INFO: [ app_begin ] --START--
INFO: Run Behavior\ReadHtmlCacheBehavior [ RunTime:0.000442s ]
INFO: [ app_begin ] --END-- [ RunTime:0.000485s ]
NOTIC: [2] curl_setopt(): You must pass either an object or an array with the CURLOPT_HTTPHEADER argument C:\project\miniapi\Application\Home\Controller\TymyController.class.php 第 155 行.
NOTIC: [2] curl_errno(): 24 is not a valid cURL handle resource C:\project\miniapi\Application\Home\Controller\TymyController.class.php 第 163 行.
INFO: [ app_end ] --START--
INFO: Run Behavior\ShowPageTraceBehavior [ RunTime:0.000689s ]
INFO: [ app_end ] --END-- [ RunTime:0.000757s ]

[ 2018-09-26T17:15:08+08:00 ] 140.243.207.44 /index.php/Home/tymy/user_find?openid=o6iMB5YyF_PYrKktRW_yD6IWPAxg
INFO: [ app_init ] --START--
INFO: Run Behavior\BuildLiteBehavior [ RunTime:0.000013s ]
INFO: [ app_init ] --END-- [ RunTime:0.000276s ]
INFO: [ app_begin ] --START--
INFO: Run Behavior\ReadHtmlCacheBehavior [ RunTime:0.000362s ]
INFO: [ app_begin ] --END-- [ RunTime:0.000404s ]
SQL: SHOW COLUMNS FROM `mn_qqh_user` [ RunTime:0.0014s ]
SQL: SELECT * FROM `mn_qqh_user` WHERE `openid` = 'o6iMB5YyF_PYrKktRW_yD6IWPAxg' LIMIT 1   [ RunTime:0.0003s ]
INFO: [ app_end ] --START--
INFO: Run Behavior\ShowPageTraceBehavior [ RunTime:0.000384s ]
INFO: [ app_end ] --END-- [ RunTime:0.000422s ]

[ 2018-09-26T17:15:08+08:00 ] 140.243.207.44 /index.php/Home/tymy/message_find_mine?openid2=o6iMB5YyF_PYrKktRW_yD6IWPAxg
INFO: [ app_init ] --START--
INFO: Run Behavior\BuildLiteBehavior [ RunTime:0.000013s ]
INFO: [ app_init ] --END-- [ RunTime:0.000274s ]
INFO: [ app_begin ] --START--
INFO: Run Behavior\ReadHtmlCacheBehavior [ RunTime:0.000373s ]
INFO: [ app_begin ] --END-- [ RunTime:0.000416s ]
SQL: SHOW COLUMNS FROM `mn_qqh_message` [ RunTime:0.0014s ]
SQL: SELECT * FROM `mn_qqh_message` WHERE `openid2` = 'o6iMB5YyF_PYrKktRW_yD6IWPAxg' ORDER BY create_time desc  [ RunTime:0.0005s ]
INFO: [ app_end ] --START--
INFO: Run Behavior\ShowPageTraceBehavior [ RunTime:0.000393s ]
INFO: [ app_end ] --END-- [ RunTime:0.000434s ]

[ 2018-09-26T17:15:10+08:00 ] 140.243.207.44 /index.php/Home/tymy/message_find_mine?openid2=o6iMB5YyF_PYrKktRW_yD6IWPAxg
INFO: [ app_init ] --START--
INFO: Run Behavior\BuildLiteBehavior [ RunTime:0.000013s ]
INFO: [ app_init ] --END-- [ RunTime:0.000286s ]
INFO: [ app_begin ] --START--
INFO: Run Behavior\ReadHtmlCacheBehavior [ RunTime:0.000353s ]
INFO: [ app_begin ] --END-- [ RunTime:0.000394s ]
SQL: SHOW COLUMNS FROM `mn_qqh_message` [ RunTime:0.0014s ]
SQL: SELECT * FROM `mn_qqh_message` WHERE `openid2` = 'o6iMB5YyF_PYrKktRW_yD6IWPAxg' ORDER BY create_time desc  [ RunTime:0.0005s ]
INFO: [ app_end ] --START--
INFO: Run Behavior\ShowPageTraceBehavior [ RunTime:0.000375s ]
INFO: [ app_end ] --END-- [ RunTime:0.000413s ]

[ 2018-09-26T17:15:11+08:00 ] 140.243.207.44 /index.php/Home/tymy/message_find_mine?openid2=o6iMB5YyF_PYrKktRW_yD6IWPAxg
INFO: [ app_init ] --START--
INFO: Run Behavior\BuildLiteBehavior [ RunTime:0.000012s ]
INFO: [ app_init ] --END-- [ RunTime:0.000253s ]
INFO: [ app_begin ] --START--
INFO: Run Behavior\ReadHtmlCacheBehavior [ RunTime:0.000360s ]
INFO: [ app_begin ] --END-- [ RunTime:0.000398s ]
SQL: SHOW COLUMNS FROM `mn_qqh_message` [ RunTime:0.0014s ]
SQL: SELECT * FROM `mn_qqh_message` WHERE `openid2` = 'o6iMB5YyF_PYrKktRW_yD6IWPAxg' ORDER BY create_time desc  [ RunTime:0.0005s ]
INFO: [ app_end ] --START--
INFO: Run Behavior\ShowPageTraceBehavior [ RunTime:0.000385s ]
INFO: [ app_end ] --END-- [ RunTime:0.000424s ]

[ 2018-09-26T17:15:14+08:00 ] 140.243.207.44 /index.php/Home/tymy/message_find_mine?openid2=o6iMB5YyF_PYrKktRW_yD6IWPAxg
INFO: [ app_init ] --START--
INFO: Run Behavior\BuildLiteBehavior [ RunTime:0.000012s ]
INFO: [ app_init ] --END-- [ RunTime:0.000279s ]
INFO: [ app_begin ] --START--
INFO: Run Behavior\ReadHtmlCacheBehavior [ RunTime:0.000368s ]
INFO: [ app_begin ] --END-- [ RunTime:0.000410s ]
SQL: SHOW COLUMNS FROM `mn_qqh_message` [ RunTime:0.0014s ]
SQL: SELECT * FROM `mn_qqh_message` WHERE `openid2` = 'o6iMB5YyF_PYrKktRW_yD6IWPAxg' ORDER BY create_time desc  [ RunTime:0.0005s ]
INFO: [ app_end ] --START--
INFO: Run Behavior\ShowPageTraceBehavior [ RunTime:0.000444s ]
INFO: [ app_end ] --END-- [ RunTime:0.000497s ]

[ 2018-09-26T17:15:16+08:00 ] 140.243.207.44 /index.php/Home/tymy/message_find_mine?openid2=o6iMB5YyF_PYrKktRW_yD6IWPAxg
INFO: [ app_init ] --START--
INFO: Run Behavior\BuildLiteBehavior [ RunTime:0.000012s ]
INFO: [ app_init ] --END-- [ RunTime:0.000267s ]
INFO: [ app_begin ] --START--
INFO: Run Behavior\ReadHtmlCacheBehavior [ RunTime:0.000351s ]
INFO: [ app_begin ] --END-- [ RunTime:0.000391s ]
SQL: SHOW COLUMNS FROM `mn_qqh_message` [ RunTime:0.0014s ]
SQL: SELECT * FROM `mn_qqh_message` WHERE `openid2` = 'o6iMB5YyF_PYrKktRW_yD6IWPAxg' ORDER BY create_time desc  [ RunTime:0.0005s ]
INFO: [ app_end ] --START--
INFO: Run Behavior\ShowPageTraceBehavior [ RunTime:0.000380s ]
INFO: [ app_end ] --END-- [ RunTime:0.000420s ]

[ 2018-09-26T17:15:17+08:00 ] 140.243.207.44 /index.php/Home/tymy/message_find_mine?openid1=o6iMB5YyF_PYrKktRW_yD6IWPAxg
INFO: [ app_init ] --START--
INFO: Run Behavior\BuildLiteBehavior [ RunTime:0.000013s ]
INFO: [ app_init ] --END-- [ RunTime:0.000276s ]
INFO: [ app_begin ] --START--
INFO: Run Behavior\ReadHtmlCacheBehavior [ RunTime:0.000373s ]
INFO: [ app_begin ] --END-- [ RunTime:0.000415s ]
SQL: SHOW COLUMNS FROM `mn_qqh_message` [ RunTime:0.0014s ]
SQL: SELECT * FROM `mn_qqh_message` WHERE `openid1` = 'o6iMB5YyF_PYrKktRW_yD6IWPAxg' ORDER BY create_time desc  [ RunTime:0.0004s ]
INFO: [ app_end ] --START--
INFO: Run Behavior\ShowPageTraceBehavior [ RunTime:0.000412s ]
INFO: [ app_end ] --END-- [ RunTime:0.000452s ]

[ 2018-09-26T17:15:19+08:00 ] 140.243.207.44 /index.php/Home/tymy/message_find_mine?openid2=o6iMB5YyF_PYrKktRW_yD6IWPAxg
INFO: [ app_init ] --START--
INFO: Run Behavior\BuildLiteBehavior [ RunTime:0.000014s ]
INFO: [ app_init ] --END-- [ RunTime:0.000279s ]
INFO: [ app_begin ] --START--
INFO: Run Behavior\ReadHtmlCacheBehavior [ RunTime:0.000366s ]
INFO: [ app_begin ] --END-- [ RunTime:0.000418s ]
SQL: SHOW COLUMNS FROM `mn_qqh_message` [ RunTime:0.0015s ]
SQL: SELECT * FROM `mn_qqh_message` WHERE `openid2` = 'o6iMB5YyF_PYrKktRW_yD6IWPAxg' ORDER BY create_time desc  [ RunTime:0.0005s ]
INFO: [ app_end ] --START--
INFO: Run Behavior\ShowPageTraceBehavior [ RunTime:0.000394s ]
INFO: [ app_end ] --END-- [ RunTime:0.000434s ]

[ 2018-09-26T17:15:20+08:00 ] 140.243.207.44 /index.php/Home/tymy/message_find_mine?openid2=o6iMB5YyF_PYrKktRW_yD6IWPAxg
INFO: [ app_init ] --START--
INFO: Run Behavior\BuildLiteBehavior [ RunTime:0.000013s ]
INFO: [ app_init ] --END-- [ RunTime:0.000274s ]
INFO: [ app_begin ] --START--
INFO: Run Behavior\ReadHtmlCacheBehavior [ RunTime:0.000373s ]
INFO: [ app_begin ] --END-- [ RunTime:0.000415s ]
SQL: SHOW COLUMNS FROM `mn_qqh_message` [ RunTime:0.0014s ]
SQL: SELECT * FROM `mn_qqh_message` WHERE `openid2` = 'o6iMB5YyF_PYrKktRW_yD6IWPAxg' ORDER BY create_time desc  [ RunTime:0.0005s ]
INFO: [ app_end ] --START--
INFO: Run Behavior\ShowPageTraceBehavior [ RunTime:0.000377s ]
INFO: [ app_end ] --END-- [ RunTime:0.000417s ]

[ 2018-09-26T17:15:24+08:00 ] 140.243.207.44 /index.php/Home/tymy/message_find_mine?openid2=o6iMB5YyF_PYrKktRW_yD6IWPAxg
INFO: [ app_init ] --START--
INFO: Run Behavior\BuildLiteBehavior [ RunTime:0.000012s ]
INFO: [ app_init ] --END-- [ RunTime:0.000264s ]
INFO: [ app_begin ] --START--
INFO: Run Behavior\ReadHtmlCacheBehavior [ RunTime:0.000353s ]
INFO: [ app_begin ] --END-- [ RunTime:0.000393s ]
SQL: SHOW COLUMNS FROM `mn_qqh_message` [ RunTime:0.0014s ]
SQL: SELECT * FROM `mn_qqh_message` WHERE `openid2` = 'o6iMB5YyF_PYrKktRW_yD6IWPAxg' ORDER BY create_time desc  [ RunTime:0.0005s ]
INFO: [ app_end ] --START--
INFO: Run Behavior\ShowPageTraceBehavior [ RunTime:0.000418s ]
INFO: [ app_end ] --END-- [ RunTime:0.000459s ]

[ 2018-09-26T17:15:26+08:00 ] 140.243.207.44 /index.php/Home/tymy/message_find_mine?openid2=o6iMB5YyF_PYrKktRW_yD6IWPAxg
INFO: [ app_init ] --START--
INFO: Run Behavior\BuildLiteBehavior [ RunTime:0.000012s ]
INFO: [ app_init ] --END-- [ RunTime:0.000267s ]
INFO: [ app_begin ] --START--
INFO: Run Behavior\ReadHtmlCacheBehavior [ RunTime:0.000353s ]
INFO: [ app_begin ] --END-- [ RunTime:0.000394s ]
SQL: SHOW COLUMNS FROM `mn_qqh_message` [ RunTime:0.0014s ]
SQL: SELECT * FROM `mn_qqh_message` WHERE `openid2` = 'o6iMB5YyF_PYrKktRW_yD6IWPAxg' ORDER BY create_time desc  [ RunTime:0.0005s ]
INFO: [ app_end ] --START--
INFO: Run Behavior\ShowPageTraceBehavior [ RunTime:0.000401s ]
INFO: [ app_end ] --END-- [ RunTime:0.000443s ]

[ 2018-09-26T17:15:29+08:00 ] 140.243.207.44 /index.php/Home/tymy/message_find_mine?openid2=o6iMB5YyF_PYrKktRW_yD6IWPAxg
INFO: [ app_init ] --START--
INFO: Run Behavior\BuildLiteBehavior [ RunTime:0.000012s ]
INFO: [ app_init ] --END-- [ RunTime:0.000266s ]
INFO: [ app_begin ] --START--
INFO: Run Behavior\ReadHtmlCacheBehavior [ RunTime:0.000363s ]
INFO: [ app_begin ] --END-- [ RunTime:0.000404s ]
SQL: SHOW COLUMNS FROM `mn_qqh_message` [ RunTime:0.0015s ]
SQL: SELECT * FROM `mn_qqh_message` WHERE `openid2` = 'o6iMB5YyF_PYrKktRW_yD6IWPAxg' ORDER BY create_time desc  [ RunTime:0.0005s ]
INFO: [ app_end ] --START--
INFO: Run Behavior\ShowPageTraceBehavior [ RunTime:0.000384s ]
INFO: [ app_end ] --END-- [ RunTime:0.000424s ]

[ 2018-09-26T17:15:38+08:00 ] 140.243.207.44 /index.php/Home/tymy/message_find_mine?openid2=o6iMB5YyF_PYrKktRW_yD6IWPAxg
INFO: [ app_init ] --START--
INFO: Run Behavior\BuildLiteBehavior [ RunTime:0.000013s ]
INFO: [ app_init ] --END-- [ RunTime:0.000271s ]
INFO: [ app_begin ] --START--
INFO: Run Behavior\ReadHtmlCacheBehavior [ RunTime:0.000362s ]
INFO: [ app_begin ] --END-- [ RunTime:0.000403s ]
SQL: SHOW COLUMNS FROM `mn_qqh_message` [ RunTime:0.0014s ]
SQL: SELECT * FROM `mn_qqh_message` WHERE `openid2` = 'o6iMB5YyF_PYrKktRW_yD6IWPAxg' ORDER BY create_time desc  [ RunTime:0.0005s ]
INFO: [ app_end ] --START--
INFO: Run Behavior\ShowPageTraceBehavior [ RunTime:0.000397s ]
INFO: [ app_end ] --END-- [ RunTime:0.000437s ]

[ 2018-09-26T17:15:57+08:00 ] 140.243.207.44 /index.php/Home/tymy/message_find_mine?openid2=o6iMB5YyF_PYrKktRW_yD6IWPAxg
INFO: [ app_init ] --START--
INFO: Run Behavior\BuildLiteBehavior [ RunTime:0.000013s ]
INFO: [ app_init ] --END-- [ RunTime:0.000257s ]
INFO: [ app_begin ] --START--
INFO: Run Behavior\ReadHtmlCacheBehavior [ RunTime:0.000338s ]
INFO: [ app_begin ] --END-- [ RunTime:0.000378s ]
SQL: SHOW COLUMNS FROM `mn_qqh_message` [ RunTime:0.0014s ]
SQL: SELECT * FROM `mn_qqh_message` WHERE `openid2` = 'o6iMB5YyF_PYrKktRW_yD6IWPAxg' ORDER BY create_time desc  [ RunTime:0.0005s ]
INFO: [ app_end ] --START--
INFO: Run Behavior\ShowPageTraceBehavior [ RunTime:0.000387s ]
INFO: [ app_end ] --END-- [ RunTime:0.000427s ]

[ 2018-09-26T18:12:47+08:00 ] 31.36.13.142 /
INFO: [ app_init ] --START--
INFO: Run Behavior\BuildLiteBehavior [ RunTime:0.000013s ]
INFO: [ app_init ] --END-- [ RunTime:0.000287s ]
INFO: [ app_begin ] --START--
INFO: Run Behavior\ReadHtmlCacheBehavior [ RunTime:0.000422s ]
INFO: [ app_begin ] --END-- [ RunTime:0.000462s ]
SQL: SHOW COLUMNS FROM `mn_xz_user` [ RunTime:0.0013s ]
SQL: SHOW COLUMNS FROM `mn_qqh_user` [ RunTime:0.0014s ]
SQL: SELECT COUNT(*) AS tp_count FROM `mn_xz_user` LIMIT 1   [ RunTime:0.0003s ]
SQL: SELECT COUNT(*) AS tp_count FROM `mn_qqh_user` LIMIT 1   [ RunTime:0.0002s ]
INFO: [ app_end ] --START--
INFO: Run Behavior\ShowPageTraceBehavior [ RunTime:0.000452s ]
INFO: [ app_end ] --END-- [ RunTime:0.000487s ]

[ 2018-09-26T19:16:27+08:00 ] 183.60.210.46 /
INFO: [ app_init ] --START--
INFO: Run Behavior\BuildLiteBehavior [ RunTime:0.000012s ]
INFO: [ app_init ] --END-- [ RunTime:0.000289s ]
INFO: [ app_begin ] --START--
INFO: Run Behavior\ReadHtmlCacheBehavior [ RunTime:0.000411s ]
INFO: [ app_begin ] --END-- [ RunTime:0.000452s ]
SQL: SHOW COLUMNS FROM `mn_xz_user` [ RunTime:0.0014s ]
SQL: SHOW COLUMNS FROM `mn_qqh_user` [ RunTime:0.0011s ]
SQL: SELECT COUNT(*) AS tp_count FROM `mn_xz_user` LIMIT 1   [ RunTime:0.0003s ]
SQL: SELECT COUNT(*) AS tp_count FROM `mn_qqh_user` LIMIT 1   [ RunTime:0.0002s ]
INFO: [ app_end ] --START--
INFO: Run Behavior\ShowPageTraceBehavior [ RunTime:0.000462s ]
INFO: [ app_end ] --END-- [ RunTime:0.000499s ]

[ 2018-09-26T21:11:33+08:00 ] 184.105.247.195 /
INFO: [ app_init ] --START--
INFO: Run Behavior\BuildLiteBehavior [ RunTime:0.000013s ]
INFO: [ app_init ] --END-- [ RunTime:0.000295s ]
INFO: [ app_begin ] --START--
INFO: Run Behavior\ReadHtmlCacheBehavior [ RunTime:0.000437s ]
INFO: [ app_begin ] --END-- [ RunTime:0.000479s ]
SQL: SHOW COLUMNS FROM `mn_xz_user` [ RunTime:0.0014s ]
SQL: SHOW COLUMNS FROM `mn_qqh_user` [ RunTime:0.0011s ]
SQL: SELECT COUNT(*) AS tp_count FROM `mn_xz_user` LIMIT 1   [ RunTime:0.0003s ]
SQL: SELECT COUNT(*) AS tp_count FROM `mn_qqh_user` LIMIT 1   [ RunTime:0.0002s ]
INFO: [ app_end ] --START--
INFO: Run Behavior\ShowPageTraceBehavior [ RunTime:0.000443s ]
INFO: [ app_end ] --END-- [ RunTime:0.000481s ]

[ 2018-09-26T22:55:54+08:00 ] 183.60.210.46 /
INFO: [ app_init ] --START--
INFO: Run Behavior\BuildLiteBehavior [ RunTime:0.000013s ]
INFO: [ app_init ] --END-- [ RunTime:0.000308s ]
INFO: [ app_begin ] --START--
INFO: Run Behavior\ReadHtmlCacheBehavior [ RunTime:0.000427s ]
INFO: [ app_begin ] --END-- [ RunTime:0.000468s ]
SQL: SHOW COLUMNS FROM `mn_xz_user` [ RunTime:0.0015s ]
SQL: SHOW COLUMNS FROM `mn_qqh_user` [ RunTime:0.0011s ]
SQL: SELECT COUNT(*) AS tp_count FROM `mn_xz_user` LIMIT 1   [ RunTime:0.0003s ]
SQL: SELECT COUNT(*) AS tp_count FROM `mn_qqh_user` LIMIT 1   [ RunTime:0.0002s ]
INFO: [ app_end ] --START--
INFO: Run Behavior\ShowPageTraceBehavior [ RunTime:0.000470s ]
INFO: [ app_end ] --END-- [ RunTime:0.000509s ]

