[ 2018-09-24T01:02:19+08:00 ] 140.205.205.25 /
INFO: [ app_init ] --START--
INFO: Run Behavior\BuildLiteBehavior [ RunTime:0.000013s ]
INFO: [ app_init ] --END-- [ RunTime:0.000305s ]
INFO: [ app_begin ] --START--
INFO: Run Behavior\ReadHtmlCacheBehavior [ RunTime:0.000436s ]
INFO: [ app_begin ] --END-- [ RunTime:0.000479s ]
SQL: SHOW COLUMNS FROM `mn_xz_user` [ RunTime:0.0014s ]
SQL: SHOW COLUMNS FROM `mn_qqh_user` [ RunTime:0.0012s ]
SQL: SELECT COUNT(*) AS tp_count FROM `mn_xz_user` LIMIT 1   [ RunTime:0.0003s ]
SQL: SELECT COUNT(*) AS tp_count FROM `mn_qqh_user` LIMIT 1   [ RunTime:0.0002s ]
INFO: [ app_end ] --START--
INFO: Run Behavior\ShowPageTraceBehavior [ RunTime:0.000489s ]
INFO: [ app_end ] --END-- [ RunTime:0.000529s ]

[ 2018-09-24T01:14:17+08:00 ] 117.50.7.159 /
INFO: [ app_init ] --START--
INFO: Run Behavior\BuildLiteBehavior [ RunTime:0.000014s ]
INFO: [ app_init ] --END-- [ RunTime:0.000311s ]
INFO: [ app_begin ] --START--
INFO: Run Behavior\ReadHtmlCacheBehavior [ RunTime:0.000454s ]
INFO: [ app_begin ] --END-- [ RunTime:0.000497s ]
SQL: SHOW COLUMNS FROM `mn_xz_user` [ RunTime:0.0015s ]
SQL: SHOW COLUMNS FROM `mn_qqh_user` [ RunTime:0.0011s ]
SQL: SELECT COUNT(*) AS tp_count FROM `mn_xz_user` LIMIT 1   [ RunTime:0.0004s ]
SQL: SELECT COUNT(*) AS tp_count FROM `mn_qqh_user` LIMIT 1   [ RunTime:0.0002s ]
INFO: [ app_end ] --START--
INFO: Run Behavior\ShowPageTraceBehavior [ RunTime:0.000467s ]
INFO: [ app_end ] --END-- [ RunTime:0.000505s ]

[ 2018-09-24T02:35:43+08:00 ] 51.38.12.13 /
INFO: [ app_init ] --START--
INFO: Run Behavior\BuildLiteBehavior [ RunTime:0.000013s ]
INFO: [ app_init ] --END-- [ RunTime:0.000302s ]
INFO: [ app_begin ] --START--
INFO: Run Behavior\ReadHtmlCacheBehavior [ RunTime:0.000422s ]
INFO: [ app_begin ] --END-- [ RunTime:0.000463s ]
SQL: SHOW COLUMNS FROM `mn_xz_user` [ RunTime:0.0015s ]
SQL: SHOW COLUMNS FROM `mn_qqh_user` [ RunTime:0.0011s ]
SQL: SELECT COUNT(*) AS tp_count FROM `mn_xz_user` LIMIT 1   [ RunTime:0.0003s ]
SQL: SELECT COUNT(*) AS tp_count FROM `mn_qqh_user` LIMIT 1   [ RunTime:0.0002s ]
INFO: [ app_end ] --START--
INFO: Run Behavior\ShowPageTraceBehavior [ RunTime:0.000465s ]
INFO: [ app_end ] --END-- [ RunTime:0.000502s ]

[ 2018-09-24T02:41:28+08:00 ] 119.23.139.140 /
INFO: [ app_init ] --START--
INFO: Run Behavior\BuildLiteBehavior [ RunTime:0.000013s ]
INFO: [ app_init ] --END-- [ RunTime:0.000302s ]
INFO: [ app_begin ] --START--
INFO: Run Behavior\ReadHtmlCacheBehavior [ RunTime:0.000438s ]
INFO: [ app_begin ] --END-- [ RunTime:0.000480s ]
SQL: SHOW COLUMNS FROM `mn_xz_user` [ RunTime:0.0014s ]
SQL: SHOW COLUMNS FROM `mn_qqh_user` [ RunTime:0.0011s ]
SQL: SELECT COUNT(*) AS tp_count FROM `mn_xz_user` LIMIT 1   [ RunTime:0.0003s ]
SQL: SELECT COUNT(*) AS tp_count FROM `mn_qqh_user` LIMIT 1   [ RunTime:0.0002s ]
INFO: [ app_end ] --START--
INFO: Run Behavior\ShowPageTraceBehavior [ RunTime:0.000467s ]
INFO: [ app_end ] --END-- [ RunTime:0.000503s ]

[ 2018-09-24T02:53:11+08:00 ] 183.60.210.52 /
INFO: [ app_init ] --START--
INFO: Run Behavior\BuildLiteBehavior [ RunTime:0.000013s ]
INFO: [ app_init ] --END-- [ RunTime:0.000297s ]
INFO: [ app_begin ] --START--
INFO: Run Behavior\ReadHtmlCacheBehavior [ RunTime:0.000428s ]
INFO: [ app_begin ] --END-- [ RunTime:0.000469s ]
SQL: SHOW COLUMNS FROM `mn_xz_user` [ RunTime:0.0014s ]
SQL: SHOW COLUMNS FROM `mn_qqh_user` [ RunTime:0.0011s ]
SQL: SELECT COUNT(*) AS tp_count FROM `mn_xz_user` LIMIT 1   [ RunTime:0.0003s ]
SQL: SELECT COUNT(*) AS tp_count FROM `mn_qqh_user` LIMIT 1   [ RunTime:0.0002s ]
INFO: [ app_end ] --START--
INFO: Run Behavior\ShowPageTraceBehavior [ RunTime:0.000467s ]
INFO: [ app_end ] --END-- [ RunTime:0.000505s ]

[ 2018-09-24T06:25:14+08:00 ] 183.60.210.52 /
INFO: [ app_init ] --START--
INFO: Run Behavior\BuildLiteBehavior [ RunTime:0.000013s ]
INFO: [ app_init ] --END-- [ RunTime:0.000305s ]
INFO: [ app_begin ] --START--
INFO: Run Behavior\ReadHtmlCacheBehavior [ RunTime:0.000425s ]
INFO: [ app_begin ] --END-- [ RunTime:0.000467s ]
SQL: SHOW COLUMNS FROM `mn_xz_user` [ RunTime:0.0015s ]
SQL: SHOW COLUMNS FROM `mn_qqh_user` [ RunTime:0.0015s ]
SQL: SELECT COUNT(*) AS tp_count FROM `mn_xz_user` LIMIT 1   [ RunTime:0.0004s ]
SQL: SELECT COUNT(*) AS tp_count FROM `mn_qqh_user` LIMIT 1   [ RunTime:0.0003s ]
INFO: [ app_end ] --START--
INFO: Run Behavior\ShowPageTraceBehavior [ RunTime:0.000563s ]
INFO: [ app_end ] --END-- [ RunTime:0.000613s ]

[ 2018-09-24T06:25:14+08:00 ] 183.60.210.52 /
INFO: [ app_init ] --START--
INFO: Run Behavior\BuildLiteBehavior [ RunTime:0.000013s ]
INFO: [ app_init ] --END-- [ RunTime:0.000293s ]
INFO: [ app_begin ] --START--
INFO: Run Behavior\ReadHtmlCacheBehavior [ RunTime:0.000414s ]
INFO: [ app_begin ] --END-- [ RunTime:0.000457s ]
SQL: SHOW COLUMNS FROM `mn_xz_user` [ RunTime:0.0014s ]
SQL: SHOW COLUMNS FROM `mn_qqh_user` [ RunTime:0.0011s ]
SQL: SELECT COUNT(*) AS tp_count FROM `mn_xz_user` LIMIT 1   [ RunTime:0.0003s ]
SQL: SELECT COUNT(*) AS tp_count FROM `mn_qqh_user` LIMIT 1   [ RunTime:0.0002s ]
INFO: [ app_end ] --START--
INFO: Run Behavior\ShowPageTraceBehavior [ RunTime:0.000465s ]
INFO: [ app_end ] --END-- [ RunTime:0.000503s ]

[ 2018-09-24T06:25:14+08:00 ] 183.60.210.52 /
INFO: [ app_init ] --START--
INFO: Run Behavior\BuildLiteBehavior [ RunTime:0.000013s ]
INFO: [ app_init ] --END-- [ RunTime:0.000302s ]
INFO: [ app_begin ] --START--
INFO: Run Behavior\ReadHtmlCacheBehavior [ RunTime:0.000439s ]
INFO: [ app_begin ] --END-- [ RunTime:0.000481s ]
SQL: SHOW COLUMNS FROM `mn_xz_user` [ RunTime:0.0014s ]
SQL: SHOW COLUMNS FROM `mn_qqh_user` [ RunTime:0.0012s ]
SQL: SELECT COUNT(*) AS tp_count FROM `mn_xz_user` LIMIT 1   [ RunTime:0.0003s ]
SQL: SELECT COUNT(*) AS tp_count FROM `mn_qqh_user` LIMIT 1   [ RunTime:0.0002s ]
INFO: [ app_end ] --START--
INFO: Run Behavior\ShowPageTraceBehavior [ RunTime:0.000472s ]
INFO: [ app_end ] --END-- [ RunTime:0.000509s ]

[ 2018-09-24T07:01:55+08:00 ] 119.23.139.140 /
INFO: [ app_init ] --START--
INFO: Run Behavior\BuildLiteBehavior [ RunTime:0.000014s ]
INFO: [ app_init ] --END-- [ RunTime:0.000304s ]
INFO: [ app_begin ] --START--
INFO: Run Behavior\ReadHtmlCacheBehavior [ RunTime:0.000445s ]
INFO: [ app_begin ] --END-- [ RunTime:0.000487s ]
SQL: SHOW COLUMNS FROM `mn_xz_user` [ RunTime:0.0015s ]
SQL: SHOW COLUMNS FROM `mn_qqh_user` [ RunTime:0.0011s ]
SQL: SELECT COUNT(*) AS tp_count FROM `mn_xz_user` LIMIT 1   [ RunTime:0.0003s ]
SQL: SELECT COUNT(*) AS tp_count FROM `mn_qqh_user` LIMIT 1   [ RunTime:0.0002s ]
INFO: [ app_end ] --START--
INFO: Run Behavior\ShowPageTraceBehavior [ RunTime:0.000495s ]
INFO: [ app_end ] --END-- [ RunTime:0.000533s ]

[ 2018-09-24T07:11:28+08:00 ] 211.162.236.106 /index.php/Home/xzpd/getopenid?code=023pdiY110YuxP1cLk021hjdY11pdiYe
INFO: [ app_init ] --START--
INFO: Run Behavior\BuildLiteBehavior [ RunTime:0.000013s ]
INFO: [ app_init ] --END-- [ RunTime:0.000316s ]
INFO: [ app_begin ] --START--
INFO: Run Behavior\ReadHtmlCacheBehavior [ RunTime:0.000434s ]
INFO: [ app_begin ] --END-- [ RunTime:0.000475s ]
NOTIC: [2] curl_setopt(): You must pass either an object or an array with the CURLOPT_HTTPHEADER argument C:\project\miniapi\Application\Home\Controller\XzpdController.class.php 第 152 行.
NOTIC: [2] curl_errno(): 24 is not a valid cURL handle resource C:\project\miniapi\Application\Home\Controller\XzpdController.class.php 第 160 行.
SQL: SHOW COLUMNS FROM `mn_xz_user` [ RunTime:0.0016s ]
SQL: SELECT * FROM `mn_xz_user` WHERE `openid` = 'oV9VJ5OSggvVWGndwNdgzr2mOQ5w' LIMIT 1   [ RunTime:0.0006s ]
INFO: [ app_end ] --START--
INFO: Run Behavior\ShowPageTraceBehavior [ RunTime:0.000510s ]
INFO: [ app_end ] --END-- [ RunTime:0.000553s ]

[ 2018-09-24T08:49:39+08:00 ] 42.51.178.141 /
INFO: [ app_init ] --START--
INFO: Run Behavior\BuildLiteBehavior [ RunTime:0.000012s ]
INFO: [ app_init ] --END-- [ RunTime:0.000303s ]
INFO: [ app_begin ] --START--
INFO: Run Behavior\ReadHtmlCacheBehavior [ RunTime:0.000428s ]
INFO: [ app_begin ] --END-- [ RunTime:0.000470s ]
SQL: SHOW COLUMNS FROM `mn_xz_user` [ RunTime:0.0014s ]
SQL: SHOW COLUMNS FROM `mn_qqh_user` [ RunTime:0.0012s ]
SQL: SELECT COUNT(*) AS tp_count FROM `mn_xz_user` LIMIT 1   [ RunTime:0.0003s ]
SQL: SELECT COUNT(*) AS tp_count FROM `mn_qqh_user` LIMIT 1   [ RunTime:0.0002s ]
INFO: [ app_end ] --START--
INFO: Run Behavior\ShowPageTraceBehavior [ RunTime:0.000510s ]
INFO: [ app_end ] --END-- [ RunTime:0.000555s ]

[ 2018-09-24T09:57:37+08:00 ] 183.60.210.46 /
INFO: [ app_init ] --START--
INFO: Run Behavior\BuildLiteBehavior [ RunTime:0.000013s ]
INFO: [ app_init ] --END-- [ RunTime:0.000343s ]
INFO: [ app_begin ] --START--
INFO: Run Behavior\ReadHtmlCacheBehavior [ RunTime:0.000423s ]
INFO: [ app_begin ] --END-- [ RunTime:0.000464s ]
SQL: SHOW COLUMNS FROM `mn_xz_user` [ RunTime:0.0014s ]
SQL: SHOW COLUMNS FROM `mn_qqh_user` [ RunTime:0.0011s ]
SQL: SELECT COUNT(*) AS tp_count FROM `mn_xz_user` LIMIT 1   [ RunTime:0.0003s ]
SQL: SELECT COUNT(*) AS tp_count FROM `mn_qqh_user` LIMIT 1   [ RunTime:0.0002s ]
INFO: [ app_end ] --START--
INFO: Run Behavior\ShowPageTraceBehavior [ RunTime:0.000509s ]
INFO: [ app_end ] --END-- [ RunTime:0.000548s ]

[ 2018-09-24T10:28:34+08:00 ] 140.205.205.25 /
INFO: [ app_init ] --START--
INFO: Run Behavior\BuildLiteBehavior [ RunTime:0.000013s ]
INFO: [ app_init ] --END-- [ RunTime:0.000317s ]
INFO: [ app_begin ] --START--
INFO: Run Behavior\ReadHtmlCacheBehavior [ RunTime:0.000425s ]
INFO: [ app_begin ] --END-- [ RunTime:0.000465s ]
SQL: SHOW COLUMNS FROM `mn_xz_user` [ RunTime:0.0014s ]
SQL: SHOW COLUMNS FROM `mn_qqh_user` [ RunTime:0.0011s ]
SQL: SELECT COUNT(*) AS tp_count FROM `mn_xz_user` LIMIT 1   [ RunTime:0.0003s ]
SQL: SELECT COUNT(*) AS tp_count FROM `mn_qqh_user` LIMIT 1   [ RunTime:0.0002s ]
INFO: [ app_end ] --START--
INFO: Run Behavior\ShowPageTraceBehavior [ RunTime:0.000464s ]
INFO: [ app_end ] --END-- [ RunTime:0.000501s ]

[ 2018-09-24T12:32:47+08:00 ] 122.228.10.50 /
INFO: [ app_init ] --START--
INFO: Run Behavior\BuildLiteBehavior [ RunTime:0.000013s ]
INFO: [ app_init ] --END-- [ RunTime:0.000339s ]
INFO: [ app_begin ] --START--
INFO: Run Behavior\ReadHtmlCacheBehavior [ RunTime:0.000458s ]
INFO: [ app_begin ] --END-- [ RunTime:0.000501s ]
SQL: SHOW COLUMNS FROM `mn_xz_user` [ RunTime:0.0014s ]
SQL: SHOW COLUMNS FROM `mn_qqh_user` [ RunTime:0.0012s ]
SQL: SELECT COUNT(*) AS tp_count FROM `mn_xz_user` LIMIT 1   [ RunTime:0.0003s ]
SQL: SELECT COUNT(*) AS tp_count FROM `mn_qqh_user` LIMIT 1   [ RunTime:0.0002s ]
INFO: [ app_end ] --START--
INFO: Run Behavior\ShowPageTraceBehavior [ RunTime:0.000459s ]
INFO: [ app_end ] --END-- [ RunTime:0.000496s ]

[ 2018-09-24T12:39:07+08:00 ] 207.46.13.146 /
INFO: [ app_init ] --START--
INFO: Run Behavior\BuildLiteBehavior [ RunTime:0.000014s ]
INFO: [ app_init ] --END-- [ RunTime:0.000303s ]
INFO: [ app_begin ] --START--
INFO: Run Behavior\ReadHtmlCacheBehavior [ RunTime:0.000418s ]
INFO: [ app_begin ] --END-- [ RunTime:0.000459s ]
SQL: SHOW COLUMNS FROM `mn_xz_user` [ RunTime:0.0014s ]
SQL: SHOW COLUMNS FROM `mn_qqh_user` [ RunTime:0.0012s ]
SQL: SELECT COUNT(*) AS tp_count FROM `mn_xz_user` LIMIT 1   [ RunTime:0.0003s ]
SQL: SELECT COUNT(*) AS tp_count FROM `mn_qqh_user` LIMIT 1   [ RunTime:0.0002s ]
INFO: [ app_end ] --START--
INFO: Run Behavior\ShowPageTraceBehavior [ RunTime:0.000452s ]
INFO: [ app_end ] --END-- [ RunTime:0.000488s ]

[ 2018-09-24T12:51:34+08:00 ] 223.104.189.76 /index.php/Home/tymy/openid_get?code=071Vp7W426KlRL0Z7LT42cWcW42Vp7Wu
INFO: [ app_init ] --START--
INFO: Run Behavior\BuildLiteBehavior [ RunTime:0.000014s ]
INFO: [ app_init ] --END-- [ RunTime:0.000352s ]
INFO: [ app_begin ] --START--
INFO: Run Behavior\ReadHtmlCacheBehavior [ RunTime:0.000448s ]
INFO: [ app_begin ] --END-- [ RunTime:0.000491s ]
NOTIC: [2] curl_setopt(): You must pass either an object or an array with the CURLOPT_HTTPHEADER argument C:\project\miniapi\Application\Home\Controller\TymyController.class.php 第 155 行.
NOTIC: [2] curl_errno(): 24 is not a valid cURL handle resource C:\project\miniapi\Application\Home\Controller\TymyController.class.php 第 163 行.
INFO: [ app_end ] --START--
INFO: Run Behavior\ShowPageTraceBehavior [ RunTime:0.000675s ]
INFO: [ app_end ] --END-- [ RunTime:0.000735s ]

[ 2018-09-24T12:51:34+08:00 ] 223.104.189.76 /index.php/Home/tymy/user_find?openid=o6iMB5dw8zXJfCPJoKupFi3ijrVE
INFO: [ app_init ] --START--
INFO: Run Behavior\BuildLiteBehavior [ RunTime:0.000014s ]
INFO: [ app_init ] --END-- [ RunTime:0.000309s ]
INFO: [ app_begin ] --START--
INFO: Run Behavior\ReadHtmlCacheBehavior [ RunTime:0.000418s ]
INFO: [ app_begin ] --END-- [ RunTime:0.000462s ]
SQL: SHOW COLUMNS FROM `mn_qqh_user` [ RunTime:0.0015s ]
SQL: SELECT * FROM `mn_qqh_user` WHERE `openid` = 'o6iMB5dw8zXJfCPJoKupFi3ijrVE' LIMIT 1   [ RunTime:0.0003s ]
INFO: [ app_end ] --START--
INFO: Run Behavior\ShowPageTraceBehavior [ RunTime:0.000417s ]
INFO: [ app_end ] --END-- [ RunTime:0.000455s ]

[ 2018-09-24T12:51:35+08:00 ] 223.104.189.76 /index.php/Home/tymy/message_find_mine?openid2=o6iMB5dw8zXJfCPJoKupFi3ijrVE
INFO: [ app_init ] --START--
INFO: Run Behavior\BuildLiteBehavior [ RunTime:0.000012s ]
INFO: [ app_init ] --END-- [ RunTime:0.000275s ]
INFO: [ app_begin ] --START--
INFO: Run Behavior\ReadHtmlCacheBehavior [ RunTime:0.000341s ]
INFO: [ app_begin ] --END-- [ RunTime:0.000380s ]
SQL: SHOW COLUMNS FROM `mn_qqh_message` [ RunTime:0.0014s ]
SQL: SELECT * FROM `mn_qqh_message` WHERE `openid2` = 'o6iMB5dw8zXJfCPJoKupFi3ijrVE' ORDER BY create_time desc  [ RunTime:0.0003s ]
INFO: [ app_end ] --START--
INFO: Run Behavior\ShowPageTraceBehavior [ RunTime:0.000391s ]
INFO: [ app_end ] --END-- [ RunTime:0.000429s ]

[ 2018-09-24T13:31:46+08:00 ] 115.144.122.194 /
INFO: [ app_init ] --START--
INFO: Run Behavior\BuildLiteBehavior [ RunTime:0.000024s ]
INFO: [ app_init ] --END-- [ RunTime:0.000373s ]
INFO: [ app_begin ] --START--
INFO: Run Behavior\ReadHtmlCacheBehavior [ RunTime:0.000427s ]
INFO: [ app_begin ] --END-- [ RunTime:0.000469s ]
SQL: SHOW COLUMNS FROM `mn_xz_user` [ RunTime:0.0014s ]
SQL: SHOW COLUMNS FROM `mn_qqh_user` [ RunTime:0.0012s ]
SQL: SELECT COUNT(*) AS tp_count FROM `mn_xz_user` LIMIT 1   [ RunTime:0.0003s ]
SQL: SELECT COUNT(*) AS tp_count FROM `mn_qqh_user` LIMIT 1   [ RunTime:0.0002s ]
INFO: [ app_end ] --START--
INFO: Run Behavior\ShowPageTraceBehavior [ RunTime:0.000474s ]
INFO: [ app_end ] --END-- [ RunTime:0.000513s ]

[ 2018-09-24T13:31:46+08:00 ] 183.60.210.62 /
INFO: [ app_init ] --START--
INFO: Run Behavior\BuildLiteBehavior [ RunTime:0.000012s ]
INFO: [ app_init ] --END-- [ RunTime:0.000296s ]
INFO: [ app_begin ] --START--
INFO: Run Behavior\ReadHtmlCacheBehavior [ RunTime:0.000429s ]
INFO: [ app_begin ] --END-- [ RunTime:0.000475s ]
SQL: SHOW COLUMNS FROM `mn_xz_user` [ RunTime:0.0014s ]
SQL: SHOW COLUMNS FROM `mn_qqh_user` [ RunTime:0.0012s ]
SQL: SELECT COUNT(*) AS tp_count FROM `mn_xz_user` LIMIT 1   [ RunTime:0.0003s ]
SQL: SELECT COUNT(*) AS tp_count FROM `mn_qqh_user` LIMIT 1   [ RunTime:0.0002s ]
INFO: [ app_end ] --START--
INFO: Run Behavior\ShowPageTraceBehavior [ RunTime:0.000463s ]
INFO: [ app_end ] --END-- [ RunTime:0.000502s ]

[ 2018-09-24T14:09:47+08:00 ] 107.170.205.251 /
INFO: [ app_init ] --START--
INFO: Run Behavior\BuildLiteBehavior [ RunTime:0.000014s ]
INFO: [ app_init ] --END-- [ RunTime:0.000324s ]
INFO: [ app_begin ] --START--
INFO: Run Behavior\ReadHtmlCacheBehavior [ RunTime:0.000435s ]
INFO: [ app_begin ] --END-- [ RunTime:0.000477s ]
SQL: SHOW COLUMNS FROM `mn_xz_user` [ RunTime:0.0015s ]
SQL: SHOW COLUMNS FROM `mn_qqh_user` [ RunTime:0.0012s ]
SQL: SELECT COUNT(*) AS tp_count FROM `mn_xz_user` LIMIT 1   [ RunTime:0.0003s ]
SQL: SELECT COUNT(*) AS tp_count FROM `mn_qqh_user` LIMIT 1   [ RunTime:0.0002s ]
INFO: [ app_end ] --START--
INFO: Run Behavior\ShowPageTraceBehavior [ RunTime:0.000462s ]
INFO: [ app_end ] --END-- [ RunTime:0.000500s ]

[ 2018-09-24T17:04:38+08:00 ] 183.60.210.52 /
INFO: [ app_init ] --START--
INFO: Run Behavior\BuildLiteBehavior [ RunTime:0.000014s ]
INFO: [ app_init ] --END-- [ RunTime:0.000303s ]
INFO: [ app_begin ] --START--
INFO: Run Behavior\ReadHtmlCacheBehavior [ RunTime:0.000512s ]
INFO: [ app_begin ] --END-- [ RunTime:0.000564s ]
SQL: SHOW COLUMNS FROM `mn_xz_user` [ RunTime:0.0014s ]
SQL: SHOW COLUMNS FROM `mn_qqh_user` [ RunTime:0.0012s ]
SQL: SELECT COUNT(*) AS tp_count FROM `mn_xz_user` LIMIT 1   [ RunTime:0.0003s ]
SQL: SELECT COUNT(*) AS tp_count FROM `mn_qqh_user` LIMIT 1   [ RunTime:0.0002s ]
INFO: [ app_end ] --START--
INFO: Run Behavior\ShowPageTraceBehavior [ RunTime:0.000458s ]
INFO: [ app_end ] --END-- [ RunTime:0.000495s ]

[ 2018-09-24T17:50:30+08:00 ] 60.191.38.77 /
INFO: [ app_init ] --START--
INFO: Run Behavior\BuildLiteBehavior [ RunTime:0.000013s ]
INFO: [ app_init ] --END-- [ RunTime:0.000303s ]
INFO: [ app_begin ] --START--
INFO: Run Behavior\ReadHtmlCacheBehavior [ RunTime:0.000435s ]
INFO: [ app_begin ] --END-- [ RunTime:0.000477s ]
SQL: SHOW COLUMNS FROM `mn_xz_user` [ RunTime:0.0015s ]
SQL: SHOW COLUMNS FROM `mn_qqh_user` [ RunTime:0.0011s ]
SQL: SELECT COUNT(*) AS tp_count FROM `mn_xz_user` LIMIT 1   [ RunTime:0.0003s ]
SQL: SELECT COUNT(*) AS tp_count FROM `mn_qqh_user` LIMIT 1   [ RunTime:0.0002s ]
INFO: [ app_end ] --START--
INFO: Run Behavior\ShowPageTraceBehavior [ RunTime:0.000449s ]
INFO: [ app_end ] --END-- [ RunTime:0.000488s ]

[ 2018-09-24T20:37:20+08:00 ] 183.60.210.52 /
INFO: [ app_init ] --START--
INFO: Run Behavior\BuildLiteBehavior [ RunTime:0.000013s ]
INFO: [ app_init ] --END-- [ RunTime:0.000305s ]
INFO: [ app_begin ] --START--
INFO: Run Behavior\ReadHtmlCacheBehavior [ RunTime:0.000434s ]
INFO: [ app_begin ] --END-- [ RunTime:0.000476s ]
SQL: SHOW COLUMNS FROM `mn_xz_user` [ RunTime:0.0015s ]
SQL: SHOW COLUMNS FROM `mn_qqh_user` [ RunTime:0.0012s ]
SQL: SELECT COUNT(*) AS tp_count FROM `mn_xz_user` LIMIT 1   [ RunTime:0.0003s ]
SQL: SELECT COUNT(*) AS tp_count FROM `mn_qqh_user` LIMIT 1   [ RunTime:0.0002s ]
INFO: [ app_end ] --START--
INFO: Run Behavior\ShowPageTraceBehavior [ RunTime:0.000497s ]
INFO: [ app_end ] --END-- [ RunTime:0.000538s ]

[ 2018-09-24T23:21:48+08:00 ] 74.82.47.5 /
INFO: [ app_init ] --START--
INFO: Run Behavior\BuildLiteBehavior [ RunTime:0.000014s ]
INFO: [ app_init ] --END-- [ RunTime:0.000316s ]
INFO: [ app_begin ] --START--
INFO: Run Behavior\ReadHtmlCacheBehavior [ RunTime:0.000491s ]
INFO: [ app_begin ] --END-- [ RunTime:0.000533s ]
SQL: SHOW COLUMNS FROM `mn_xz_user` [ RunTime:0.0014s ]
SQL: SHOW COLUMNS FROM `mn_qqh_user` [ RunTime:0.0012s ]
SQL: SELECT COUNT(*) AS tp_count FROM `mn_xz_user` LIMIT 1   [ RunTime:0.0004s ]
SQL: SELECT COUNT(*) AS tp_count FROM `mn_qqh_user` LIMIT 1   [ RunTime:0.0002s ]
INFO: [ app_end ] --START--
INFO: Run Behavior\ShowPageTraceBehavior [ RunTime:0.000615s ]
INFO: [ app_end ] --END-- [ RunTime:0.000653s ]

[ 2018-09-24T23:22:18+08:00 ] 49.77.233.33 /index.php/Home/tymy/openid_get?code=071pAcko0swdrr1ctmho09Afko0pAck0
INFO: [ app_init ] --START--
INFO: Run Behavior\BuildLiteBehavior [ RunTime:0.000013s ]
INFO: [ app_init ] --END-- [ RunTime:0.000285s ]
INFO: [ app_begin ] --START--
INFO: Run Behavior\ReadHtmlCacheBehavior [ RunTime:0.000353s ]
INFO: [ app_begin ] --END-- [ RunTime:0.000395s ]
NOTIC: [2] curl_setopt(): You must pass either an object or an array with the CURLOPT_HTTPHEADER argument C:\project\miniapi\Application\Home\Controller\TymyController.class.php 第 155 行.
NOTIC: [2] curl_errno(): 24 is not a valid cURL handle resource C:\project\miniapi\Application\Home\Controller\TymyController.class.php 第 163 行.
INFO: [ app_end ] --START--
INFO: Run Behavior\ShowPageTraceBehavior [ RunTime:0.000572s ]
INFO: [ app_end ] --END-- [ RunTime:0.000631s ]

[ 2018-09-24T23:22:18+08:00 ] 49.77.233.33 /index.php/Home/tymy/user_find?openid=o6iMB5VhnJ6elXFdKLyD82G8txGY
INFO: [ app_init ] --START--
INFO: Run Behavior\BuildLiteBehavior [ RunTime:0.000015s ]
INFO: [ app_init ] --END-- [ RunTime:0.000287s ]
INFO: [ app_begin ] --START--
INFO: Run Behavior\ReadHtmlCacheBehavior [ RunTime:0.000375s ]
INFO: [ app_begin ] --END-- [ RunTime:0.000417s ]
SQL: SHOW COLUMNS FROM `mn_qqh_user` [ RunTime:0.0014s ]
SQL: SELECT * FROM `mn_qqh_user` WHERE `openid` = 'o6iMB5VhnJ6elXFdKLyD82G8txGY' LIMIT 1   [ RunTime:0.0003s ]
INFO: [ app_end ] --START--
INFO: Run Behavior\ShowPageTraceBehavior [ RunTime:0.000403s ]
INFO: [ app_end ] --END-- [ RunTime:0.000442s ]

[ 2018-09-24T23:22:18+08:00 ] 49.77.233.33 /index.php/Home/tymy/message_find_mine?openid2=o6iMB5VhnJ6elXFdKLyD82G8txGY
INFO: [ app_init ] --START--
INFO: Run Behavior\BuildLiteBehavior [ RunTime:0.000013s ]
INFO: [ app_init ] --END-- [ RunTime:0.000280s ]
INFO: [ app_begin ] --START--
INFO: Run Behavior\ReadHtmlCacheBehavior [ RunTime:0.000360s ]
INFO: [ app_begin ] --END-- [ RunTime:0.000402s ]
SQL: SHOW COLUMNS FROM `mn_qqh_message` [ RunTime:0.0014s ]
SQL: SELECT * FROM `mn_qqh_message` WHERE `openid2` = 'o6iMB5VhnJ6elXFdKLyD82G8txGY' ORDER BY create_time desc  [ RunTime:0.0003s ]
INFO: [ app_end ] --START--
INFO: Run Behavior\ShowPageTraceBehavior [ RunTime:0.000405s ]
INFO: [ app_end ] --END-- [ RunTime:0.000445s ]

