[ 2018-09-12T00:26:47+08:00 ] 223.104.63.67 /index.php/Home/xzpd/getopenid?code=001qNPLW18bSwU0ep6IW1blOLW1qNPLj
INFO: [ app_init ] --START--
INFO: Run Behavior\BuildLiteBehavior [ RunTime:0.000012s ]
INFO: [ app_init ] --END-- [ RunTime:0.000289s ]
INFO: [ app_begin ] --START--
INFO: Run Behavior\ReadHtmlCacheBehavior [ RunTime:0.000438s ]
INFO: [ app_begin ] --END-- [ RunTime:0.000485s ]
NOTIC: [2] curl_setopt(): You must pass either an object or an array with the CURLOPT_HTTPHEADER argument C:\project\miniapi\Application\Home\Controller\XzpdController.class.php 第 152 行.
NOTIC: [2] curl_errno(): 24 is not a valid cURL handle resource C:\project\miniapi\Application\Home\Controller\XzpdController.class.php 第 160 行.
SQL: SHOW COLUMNS FROM `mn_xz_user` [ RunTime:0.0015s ]
SQL: SELECT * FROM `mn_xz_user` WHERE `openid` = 'oV9VJ5LVTqCWNaJwvGUuh8jYLJ5w' LIMIT 1   [ RunTime:0.0006s ]
INFO: [ app_end ] --START--
INFO: Run Behavior\ShowPageTraceBehavior [ RunTime:0.000519s ]
INFO: [ app_end ] --END-- [ RunTime:0.000563s ]

[ 2018-09-12T01:01:54+08:00 ] 183.60.210.52 /
INFO: [ app_init ] --START--
INFO: Run Behavior\BuildLiteBehavior [ RunTime:0.000013s ]
INFO: [ app_init ] --END-- [ RunTime:0.000323s ]
INFO: [ app_begin ] --START--
INFO: Run Behavior\ReadHtmlCacheBehavior [ RunTime:0.000428s ]
INFO: [ app_begin ] --END-- [ RunTime:0.000470s ]
SQL: SHOW COLUMNS FROM `mn_xz_user` [ RunTime:0.0015s ]
SQL: SHOW COLUMNS FROM `mn_qqh_user` [ RunTime:0.0011s ]
SQL: SELECT COUNT(*) AS tp_count FROM `mn_xz_user` LIMIT 1   [ RunTime:0.0003s ]
SQL: SELECT COUNT(*) AS tp_count FROM `mn_qqh_user` LIMIT 1   [ RunTime:0.0002s ]
INFO: [ app_end ] --START--
INFO: Run Behavior\ShowPageTraceBehavior [ RunTime:0.000496s ]
INFO: [ app_end ] --END-- [ RunTime:0.000534s ]

[ 2018-09-12T01:01:54+08:00 ] 183.60.210.46 /
INFO: [ app_init ] --START--
INFO: Run Behavior\BuildLiteBehavior [ RunTime:0.000013s ]
INFO: [ app_init ] --END-- [ RunTime:0.000315s ]
INFO: [ app_begin ] --START--
INFO: Run Behavior\ReadHtmlCacheBehavior [ RunTime:0.000421s ]
INFO: [ app_begin ] --END-- [ RunTime:0.000461s ]
SQL: SHOW COLUMNS FROM `mn_xz_user` [ RunTime:0.0016s ]
SQL: SHOW COLUMNS FROM `mn_qqh_user` [ RunTime:0.0015s ]
SQL: SELECT COUNT(*) AS tp_count FROM `mn_xz_user` LIMIT 1   [ RunTime:0.0004s ]
SQL: SELECT COUNT(*) AS tp_count FROM `mn_qqh_user` LIMIT 1   [ RunTime:0.0003s ]
INFO: [ app_end ] --START--
INFO: Run Behavior\ShowPageTraceBehavior [ RunTime:0.000590s ]
INFO: [ app_end ] --END-- [ RunTime:0.000648s ]

[ 2018-09-12T01:01:54+08:00 ] 183.60.210.46 /
INFO: [ app_init ] --START--
INFO: Run Behavior\BuildLiteBehavior [ RunTime:0.000012s ]
INFO: [ app_init ] --END-- [ RunTime:0.000288s ]
INFO: [ app_begin ] --START--
INFO: Run Behavior\ReadHtmlCacheBehavior [ RunTime:0.000415s ]
INFO: [ app_begin ] --END-- [ RunTime:0.000455s ]
SQL: SHOW COLUMNS FROM `mn_xz_user` [ RunTime:0.0013s ]
SQL: SHOW COLUMNS FROM `mn_qqh_user` [ RunTime:0.0012s ]
SQL: SELECT COUNT(*) AS tp_count FROM `mn_xz_user` LIMIT 1   [ RunTime:0.0003s ]
SQL: SELECT COUNT(*) AS tp_count FROM `mn_qqh_user` LIMIT 1   [ RunTime:0.0002s ]
INFO: [ app_end ] --START--
INFO: Run Behavior\ShowPageTraceBehavior [ RunTime:0.000543s ]
INFO: [ app_end ] --END-- [ RunTime:0.000583s ]

[ 2018-09-12T01:01:55+08:00 ] 183.60.210.52 /
INFO: [ app_init ] --START--
INFO: Run Behavior\BuildLiteBehavior [ RunTime:0.000012s ]
INFO: [ app_init ] --END-- [ RunTime:0.000289s ]
INFO: [ app_begin ] --START--
INFO: Run Behavior\ReadHtmlCacheBehavior [ RunTime:0.000423s ]
INFO: [ app_begin ] --END-- [ RunTime:0.000462s ]
SQL: SHOW COLUMNS FROM `mn_xz_user` [ RunTime:0.0014s ]
SQL: SHOW COLUMNS FROM `mn_qqh_user` [ RunTime:0.0011s ]
SQL: SELECT COUNT(*) AS tp_count FROM `mn_xz_user` LIMIT 1   [ RunTime:0.0003s ]
SQL: SELECT COUNT(*) AS tp_count FROM `mn_qqh_user` LIMIT 1   [ RunTime:0.0002s ]
INFO: [ app_end ] --START--
INFO: Run Behavior\ShowPageTraceBehavior [ RunTime:0.000494s ]
INFO: [ app_end ] --END-- [ RunTime:0.000532s ]

[ 2018-09-12T01:01:55+08:00 ] 183.60.210.46 /
INFO: [ app_init ] --START--
INFO: Run Behavior\BuildLiteBehavior [ RunTime:0.000014s ]
INFO: [ app_init ] --END-- [ RunTime:0.000304s ]
INFO: [ app_begin ] --START--
INFO: Run Behavior\ReadHtmlCacheBehavior [ RunTime:0.000440s ]
INFO: [ app_begin ] --END-- [ RunTime:0.000482s ]
SQL: SHOW COLUMNS FROM `mn_xz_user` [ RunTime:0.0014s ]
SQL: SHOW COLUMNS FROM `mn_qqh_user` [ RunTime:0.0015s ]
SQL: SELECT COUNT(*) AS tp_count FROM `mn_xz_user` LIMIT 1   [ RunTime:0.0003s ]
SQL: SELECT COUNT(*) AS tp_count FROM `mn_qqh_user` LIMIT 1   [ RunTime:0.0002s ]
INFO: [ app_end ] --START--
INFO: Run Behavior\ShowPageTraceBehavior [ RunTime:0.000482s ]
INFO: [ app_end ] --END-- [ RunTime:0.000530s ]

[ 2018-09-12T01:01:59+08:00 ] 222.186.31.240 /
INFO: [ app_init ] --START--
INFO: Run Behavior\BuildLiteBehavior [ RunTime:0.000013s ]
INFO: [ app_init ] --END-- [ RunTime:0.000299s ]
INFO: [ app_begin ] --START--
INFO: Run Behavior\ReadHtmlCacheBehavior [ RunTime:0.000426s ]
INFO: [ app_begin ] --END-- [ RunTime:0.000468s ]
SQL: SHOW COLUMNS FROM `mn_xz_user` [ RunTime:0.0014s ]
SQL: SHOW COLUMNS FROM `mn_qqh_user` [ RunTime:0.0012s ]
SQL: SELECT COUNT(*) AS tp_count FROM `mn_xz_user` LIMIT 1   [ RunTime:0.0003s ]
SQL: SELECT COUNT(*) AS tp_count FROM `mn_qqh_user` LIMIT 1   [ RunTime:0.0002s ]
INFO: [ app_end ] --START--
INFO: Run Behavior\ShowPageTraceBehavior [ RunTime:0.000466s ]
INFO: [ app_end ] --END-- [ RunTime:0.000503s ]

[ 2018-09-12T01:54:19+08:00 ] 86.110.118.172 /
INFO: [ app_init ] --START--
INFO: Run Behavior\BuildLiteBehavior [ RunTime:0.000014s ]
INFO: [ app_init ] --END-- [ RunTime:0.000310s ]
INFO: [ app_begin ] --START--
INFO: Run Behavior\ReadHtmlCacheBehavior [ RunTime:0.000464s ]
INFO: [ app_begin ] --END-- [ RunTime:0.000511s ]
SQL: SHOW COLUMNS FROM `mn_xz_user` [ RunTime:0.0014s ]
SQL: SHOW COLUMNS FROM `mn_qqh_user` [ RunTime:0.0012s ]
SQL: SELECT COUNT(*) AS tp_count FROM `mn_xz_user` LIMIT 1   [ RunTime:0.0003s ]
SQL: SELECT COUNT(*) AS tp_count FROM `mn_qqh_user` LIMIT 1   [ RunTime:0.0002s ]
INFO: [ app_end ] --START--
INFO: Run Behavior\ShowPageTraceBehavior [ RunTime:0.000520s ]
INFO: [ app_end ] --END-- [ RunTime:0.000559s ]

[ 2018-09-12T02:29:18+08:00 ] 106.75.92.187 /
INFO: [ app_init ] --START--
INFO: Run Behavior\BuildLiteBehavior [ RunTime:0.000011s ]
INFO: [ app_init ] --END-- [ RunTime:0.000297s ]
INFO: [ app_begin ] --START--
INFO: Run Behavior\ReadHtmlCacheBehavior [ RunTime:0.000452s ]
INFO: [ app_begin ] --END-- [ RunTime:0.000495s ]
SQL: SHOW COLUMNS FROM `mn_xz_user` [ RunTime:0.0014s ]
SQL: SHOW COLUMNS FROM `mn_qqh_user` [ RunTime:0.0011s ]
SQL: SELECT COUNT(*) AS tp_count FROM `mn_xz_user` LIMIT 1   [ RunTime:0.0003s ]
SQL: SELECT COUNT(*) AS tp_count FROM `mn_qqh_user` LIMIT 1   [ RunTime:0.0002s ]
INFO: [ app_end ] --START--
INFO: Run Behavior\ShowPageTraceBehavior [ RunTime:0.000616s ]
INFO: [ app_end ] --END-- [ RunTime:0.000654s ]

[ 2018-09-12T03:23:32+08:00 ] 140.205.205.25 /
INFO: [ app_init ] --START--
INFO: Run Behavior\BuildLiteBehavior [ RunTime:0.000013s ]
INFO: [ app_init ] --END-- [ RunTime:0.000301s ]
INFO: [ app_begin ] --START--
INFO: Run Behavior\ReadHtmlCacheBehavior [ RunTime:0.000425s ]
INFO: [ app_begin ] --END-- [ RunTime:0.000466s ]
SQL: SHOW COLUMNS FROM `mn_xz_user` [ RunTime:0.0014s ]
SQL: SHOW COLUMNS FROM `mn_qqh_user` [ RunTime:0.0012s ]
SQL: SELECT COUNT(*) AS tp_count FROM `mn_xz_user` LIMIT 1   [ RunTime:0.0003s ]
SQL: SELECT COUNT(*) AS tp_count FROM `mn_qqh_user` LIMIT 1   [ RunTime:0.0002s ]
INFO: [ app_end ] --START--
INFO: Run Behavior\ShowPageTraceBehavior [ RunTime:0.000496s ]
INFO: [ app_end ] --END-- [ RunTime:0.000534s ]

[ 2018-09-12T04:07:09+08:00 ] 71.6.232.7 /
INFO: [ app_init ] --START--
INFO: Run Behavior\BuildLiteBehavior [ RunTime:0.000013s ]
INFO: [ app_init ] --END-- [ RunTime:0.000340s ]
INFO: [ app_begin ] --START--
INFO: Run Behavior\ReadHtmlCacheBehavior [ RunTime:0.000463s ]
INFO: [ app_begin ] --END-- [ RunTime:0.000513s ]
SQL: SHOW COLUMNS FROM `mn_xz_user` [ RunTime:0.0014s ]
SQL: SHOW COLUMNS FROM `mn_qqh_user` [ RunTime:0.0012s ]
SQL: SELECT COUNT(*) AS tp_count FROM `mn_xz_user` LIMIT 1   [ RunTime:0.0003s ]
SQL: SELECT COUNT(*) AS tp_count FROM `mn_qqh_user` LIMIT 1   [ RunTime:0.0002s ]
INFO: [ app_end ] --START--
INFO: Run Behavior\ShowPageTraceBehavior [ RunTime:0.000497s ]
INFO: [ app_end ] --END-- [ RunTime:0.000537s ]

[ 2018-09-12T04:59:45+08:00 ] 140.205.205.25 /
INFO: [ app_init ] --START--
INFO: Run Behavior\BuildLiteBehavior [ RunTime:0.000014s ]
INFO: [ app_init ] --END-- [ RunTime:0.000383s ]
INFO: [ app_begin ] --START--
INFO: Run Behavior\ReadHtmlCacheBehavior [ RunTime:0.000447s ]
INFO: [ app_begin ] --END-- [ RunTime:0.000492s ]
SQL: SHOW COLUMNS FROM `mn_xz_user` [ RunTime:0.0014s ]
SQL: SHOW COLUMNS FROM `mn_qqh_user` [ RunTime:0.0011s ]
SQL: SELECT COUNT(*) AS tp_count FROM `mn_xz_user` LIMIT 1   [ RunTime:0.0003s ]
SQL: SELECT COUNT(*) AS tp_count FROM `mn_qqh_user` LIMIT 1   [ RunTime:0.0002s ]
INFO: [ app_end ] --START--
INFO: Run Behavior\ShowPageTraceBehavior [ RunTime:0.000492s ]
INFO: [ app_end ] --END-- [ RunTime:0.000532s ]

[ 2018-09-12T05:51:11+08:00 ] 183.60.210.52 /
INFO: [ app_init ] --START--
INFO: Run Behavior\BuildLiteBehavior [ RunTime:0.000013s ]
INFO: [ app_init ] --END-- [ RunTime:0.000303s ]
INFO: [ app_begin ] --START--
INFO: Run Behavior\ReadHtmlCacheBehavior [ RunTime:0.000422s ]
INFO: [ app_begin ] --END-- [ RunTime:0.000463s ]
SQL: SHOW COLUMNS FROM `mn_xz_user` [ RunTime:0.0015s ]
SQL: SHOW COLUMNS FROM `mn_qqh_user` [ RunTime:0.0011s ]
SQL: SELECT COUNT(*) AS tp_count FROM `mn_xz_user` LIMIT 1   [ RunTime:0.0003s ]
SQL: SELECT COUNT(*) AS tp_count FROM `mn_qqh_user` LIMIT 1   [ RunTime:0.0002s ]
INFO: [ app_end ] --START--
INFO: Run Behavior\ShowPageTraceBehavior [ RunTime:0.000502s ]
INFO: [ app_end ] --END-- [ RunTime:0.000540s ]

[ 2018-09-12T07:32:57+08:00 ] 178.73.215.171 /
INFO: [ app_init ] --START--
INFO: Run Behavior\BuildLiteBehavior [ RunTime:0.000013s ]
INFO: [ app_init ] --END-- [ RunTime:0.000302s ]
INFO: [ app_begin ] --START--
INFO: Run Behavior\ReadHtmlCacheBehavior [ RunTime:0.000427s ]
INFO: [ app_begin ] --END-- [ RunTime:0.000470s ]
SQL: SHOW COLUMNS FROM `mn_xz_user` [ RunTime:0.0014s ]
SQL: SHOW COLUMNS FROM `mn_qqh_user` [ RunTime:0.0012s ]
SQL: SELECT COUNT(*) AS tp_count FROM `mn_xz_user` LIMIT 1   [ RunTime:0.0003s ]
SQL: SELECT COUNT(*) AS tp_count FROM `mn_qqh_user` LIMIT 1   [ RunTime:0.0002s ]
INFO: [ app_end ] --START--
INFO: Run Behavior\ShowPageTraceBehavior [ RunTime:0.000494s ]
INFO: [ app_end ] --END-- [ RunTime:0.000532s ]

[ 2018-09-12T09:44:57+08:00 ] 140.205.205.23 /
INFO: [ app_init ] --START--
INFO: Run Behavior\BuildLiteBehavior [ RunTime:0.000013s ]
INFO: [ app_init ] --END-- [ RunTime:0.000343s ]
INFO: [ app_begin ] --START--
INFO: Run Behavior\ReadHtmlCacheBehavior [ RunTime:0.000430s ]
INFO: [ app_begin ] --END-- [ RunTime:0.000471s ]
SQL: SHOW COLUMNS FROM `mn_xz_user` [ RunTime:0.0014s ]
SQL: SHOW COLUMNS FROM `mn_qqh_user` [ RunTime:0.0012s ]
SQL: SELECT COUNT(*) AS tp_count FROM `mn_xz_user` LIMIT 1   [ RunTime:0.0003s ]
SQL: SELECT COUNT(*) AS tp_count FROM `mn_qqh_user` LIMIT 1   [ RunTime:0.0002s ]
INFO: [ app_end ] --START--
INFO: Run Behavior\ShowPageTraceBehavior [ RunTime:0.000487s ]
INFO: [ app_end ] --END-- [ RunTime:0.000525s ]

[ 2018-09-12T10:46:11+08:00 ] 222.186.31.27 /
INFO: [ app_init ] --START--
INFO: Run Behavior\BuildLiteBehavior [ RunTime:0.000017s ]
INFO: [ app_init ] --END-- [ RunTime:0.000366s ]
INFO: [ app_begin ] --START--
INFO: Run Behavior\ReadHtmlCacheBehavior [ RunTime:0.000515s ]
INFO: [ app_begin ] --END-- [ RunTime:0.000567s ]
SQL: SHOW COLUMNS FROM `mn_xz_user` [ RunTime:0.0015s ]
SQL: SHOW COLUMNS FROM `mn_qqh_user` [ RunTime:0.0012s ]
SQL: SELECT COUNT(*) AS tp_count FROM `mn_xz_user` LIMIT 1   [ RunTime:0.0003s ]
SQL: SELECT COUNT(*) AS tp_count FROM `mn_qqh_user` LIMIT 1   [ RunTime:0.0002s ]
INFO: [ app_end ] --START--
INFO: Run Behavior\ShowPageTraceBehavior [ RunTime:0.000558s ]
INFO: [ app_end ] --END-- [ RunTime:0.000599s ]

[ 2018-09-12T10:46:12+08:00 ] 183.60.210.46 /
INFO: [ app_init ] --START--
INFO: Run Behavior\BuildLiteBehavior [ RunTime:0.000011s ]
INFO: [ app_init ] --END-- [ RunTime:0.000288s ]
INFO: [ app_begin ] --START--
INFO: Run Behavior\ReadHtmlCacheBehavior [ RunTime:0.000412s ]
INFO: [ app_begin ] --END-- [ RunTime:0.000452s ]
SQL: SHOW COLUMNS FROM `mn_xz_user` [ RunTime:0.0014s ]
SQL: SHOW COLUMNS FROM `mn_qqh_user` [ RunTime:0.0011s ]
SQL: SELECT COUNT(*) AS tp_count FROM `mn_xz_user` LIMIT 1   [ RunTime:0.0003s ]
SQL: SELECT COUNT(*) AS tp_count FROM `mn_qqh_user` LIMIT 1   [ RunTime:0.0002s ]
INFO: [ app_end ] --START--
INFO: Run Behavior\ShowPageTraceBehavior [ RunTime:0.000469s ]
INFO: [ app_end ] --END-- [ RunTime:0.000505s ]

[ 2018-09-12T10:46:13+08:00 ] 222.186.190.20 /
INFO: [ app_init ] --START--
INFO: Run Behavior\BuildLiteBehavior [ RunTime:0.000013s ]
INFO: [ app_init ] --END-- [ RunTime:0.000310s ]
INFO: [ app_begin ] --START--
INFO: Run Behavior\ReadHtmlCacheBehavior [ RunTime:0.000423s ]
INFO: [ app_begin ] --END-- [ RunTime:0.000464s ]
SQL: SHOW COLUMNS FROM `mn_xz_user` [ RunTime:0.0014s ]
SQL: SHOW COLUMNS FROM `mn_qqh_user` [ RunTime:0.0012s ]
SQL: SELECT COUNT(*) AS tp_count FROM `mn_xz_user` LIMIT 1   [ RunTime:0.0003s ]
SQL: SELECT COUNT(*) AS tp_count FROM `mn_qqh_user` LIMIT 1   [ RunTime:0.0002s ]
INFO: [ app_end ] --START--
INFO: Run Behavior\ShowPageTraceBehavior [ RunTime:0.000464s ]
INFO: [ app_end ] --END-- [ RunTime:0.000501s ]

[ 2018-09-12T15:47:57+08:00 ] 222.186.31.240 /
INFO: [ app_init ] --START--
INFO: Run Behavior\BuildLiteBehavior [ RunTime:0.000013s ]
INFO: [ app_init ] --END-- [ RunTime:0.000374s ]
INFO: [ app_begin ] --START--
INFO: Run Behavior\ReadHtmlCacheBehavior [ RunTime:0.000422s ]
INFO: [ app_begin ] --END-- [ RunTime:0.000473s ]
SQL: SHOW COLUMNS FROM `mn_xz_user` [ RunTime:0.0014s ]
SQL: SHOW COLUMNS FROM `mn_qqh_user` [ RunTime:0.0011s ]
SQL: SELECT COUNT(*) AS tp_count FROM `mn_xz_user` LIMIT 1   [ RunTime:0.0003s ]
SQL: SELECT COUNT(*) AS tp_count FROM `mn_qqh_user` LIMIT 1   [ RunTime:0.0002s ]
INFO: [ app_end ] --START--
INFO: Run Behavior\ShowPageTraceBehavior [ RunTime:0.000475s ]
INFO: [ app_end ] --END-- [ RunTime:0.000513s ]

[ 2018-09-12T15:56:19+08:00 ] 223.104.1.211 /index.php/Home/xzpd/getopenid?code=023WZDTr1eaVvn0Wy1Tr1xjRTr1WZDTh
INFO: [ app_init ] --START--
INFO: Run Behavior\BuildLiteBehavior [ RunTime:0.000013s ]
INFO: [ app_init ] --END-- [ RunTime:0.000310s ]
INFO: [ app_begin ] --START--
INFO: Run Behavior\ReadHtmlCacheBehavior [ RunTime:0.000428s ]
INFO: [ app_begin ] --END-- [ RunTime:0.000470s ]
NOTIC: [2] curl_setopt(): You must pass either an object or an array with the CURLOPT_HTTPHEADER argument C:\project\miniapi\Application\Home\Controller\XzpdController.class.php 第 152 行.
NOTIC: [2] curl_errno(): 24 is not a valid cURL handle resource C:\project\miniapi\Application\Home\Controller\XzpdController.class.php 第 160 行.
SQL: SHOW COLUMNS FROM `mn_xz_user` [ RunTime:0.0016s ]
SQL: SELECT * FROM `mn_xz_user` WHERE `openid` = 'oV9VJ5Jx2JMvuKsUtVW23XikFaus' LIMIT 1   [ RunTime:0.0006s ]
INFO: [ app_end ] --START--
INFO: Run Behavior\ShowPageTraceBehavior [ RunTime:0.000533s ]
INFO: [ app_end ] --END-- [ RunTime:0.000576s ]

[ 2018-09-12T17:50:52+08:00 ] 112.224.23.113 /index.php/Home/xzpd/getopenid?code=061ar7Bm0BmAjk1cppAm05SRAm0ar7BT
INFO: [ app_init ] --START--
INFO: Run Behavior\BuildLiteBehavior [ RunTime:0.000012s ]
INFO: [ app_init ] --END-- [ RunTime:0.000287s ]
INFO: [ app_begin ] --START--
INFO: Run Behavior\ReadHtmlCacheBehavior [ RunTime:0.000420s ]
INFO: [ app_begin ] --END-- [ RunTime:0.000461s ]
NOTIC: [2] curl_setopt(): You must pass either an object or an array with the CURLOPT_HTTPHEADER argument C:\project\miniapi\Application\Home\Controller\XzpdController.class.php 第 152 行.
NOTIC: [2] curl_errno(): 24 is not a valid cURL handle resource C:\project\miniapi\Application\Home\Controller\XzpdController.class.php 第 160 行.
SQL: SHOW COLUMNS FROM `mn_xz_user` [ RunTime:0.0016s ]
SQL: SELECT * FROM `mn_xz_user` WHERE `openid` = 'oV9VJ5IUPTFbcS1WfD323dnHep6w' LIMIT 1   [ RunTime:0.0005s ]
INFO: [ app_end ] --START--
INFO: Run Behavior\ShowPageTraceBehavior [ RunTime:0.000553s ]
INFO: [ app_end ] --END-- [ RunTime:0.000595s ]

[ 2018-09-12T19:22:47+08:00 ] 139.162.113.204 /
INFO: [ app_init ] --START--
INFO: Run Behavior\BuildLiteBehavior [ RunTime:0.000013s ]
INFO: [ app_init ] --END-- [ RunTime:0.000334s ]
INFO: [ app_begin ] --START--
INFO: Run Behavior\ReadHtmlCacheBehavior [ RunTime:0.000449s ]
INFO: [ app_begin ] --END-- [ RunTime:0.000492s ]
SQL: SHOW COLUMNS FROM `mn_xz_user` [ RunTime:0.0014s ]
SQL: SHOW COLUMNS FROM `mn_qqh_user` [ RunTime:0.0012s ]
SQL: SELECT COUNT(*) AS tp_count FROM `mn_xz_user` LIMIT 1   [ RunTime:0.0003s ]
SQL: SELECT COUNT(*) AS tp_count FROM `mn_qqh_user` LIMIT 1   [ RunTime:0.0002s ]
INFO: [ app_end ] --START--
INFO: Run Behavior\ShowPageTraceBehavior [ RunTime:0.000463s ]
INFO: [ app_end ] --END-- [ RunTime:0.000499s ]

[ 2018-09-12T20:03:38+08:00 ] 178.201.248.152 /
INFO: [ app_init ] --START--
INFO: Run Behavior\BuildLiteBehavior [ RunTime:0.000013s ]
INFO: [ app_init ] --END-- [ RunTime:0.000360s ]
INFO: [ app_begin ] --START--
INFO: Run Behavior\ReadHtmlCacheBehavior [ RunTime:0.000442s ]
INFO: [ app_begin ] --END-- [ RunTime:0.000484s ]
SQL: SHOW COLUMNS FROM `mn_xz_user` [ RunTime:0.0014s ]
SQL: SHOW COLUMNS FROM `mn_qqh_user` [ RunTime:0.0011s ]
SQL: SELECT COUNT(*) AS tp_count FROM `mn_xz_user` LIMIT 1   [ RunTime:0.0003s ]
SQL: SELECT COUNT(*) AS tp_count FROM `mn_qqh_user` LIMIT 1   [ RunTime:0.0003s ]
INFO: [ app_end ] --START--
INFO: Run Behavior\ShowPageTraceBehavior [ RunTime:0.000450s ]
INFO: [ app_end ] --END-- [ RunTime:0.000485s ]

[ 2018-09-12T20:41:01+08:00 ] 222.186.31.27 /
INFO: [ app_init ] --START--
INFO: Run Behavior\BuildLiteBehavior [ RunTime:0.000014s ]
INFO: [ app_init ] --END-- [ RunTime:0.000313s ]
INFO: [ app_begin ] --START--
INFO: Run Behavior\ReadHtmlCacheBehavior [ RunTime:0.000505s ]
INFO: [ app_begin ] --END-- [ RunTime:0.000594s ]
SQL: SHOW COLUMNS FROM `mn_xz_user` [ RunTime:0.0014s ]
SQL: SHOW COLUMNS FROM `mn_qqh_user` [ RunTime:0.0012s ]
SQL: SELECT COUNT(*) AS tp_count FROM `mn_xz_user` LIMIT 1   [ RunTime:0.0003s ]
SQL: SELECT COUNT(*) AS tp_count FROM `mn_qqh_user` LIMIT 1   [ RunTime:0.0002s ]
INFO: [ app_end ] --START--
INFO: Run Behavior\ShowPageTraceBehavior [ RunTime:0.000456s ]
INFO: [ app_end ] --END-- [ RunTime:0.000495s ]

[ 2018-09-12T20:41:02+08:00 ] 183.60.210.46 /
INFO: [ app_init ] --START--
INFO: Run Behavior\BuildLiteBehavior [ RunTime:0.000014s ]
INFO: [ app_init ] --END-- [ RunTime:0.000309s ]
INFO: [ app_begin ] --START--
INFO: Run Behavior\ReadHtmlCacheBehavior [ RunTime:0.000417s ]
INFO: [ app_begin ] --END-- [ RunTime:0.000458s ]
SQL: SHOW COLUMNS FROM `mn_xz_user` [ RunTime:0.0015s ]
SQL: SHOW COLUMNS FROM `mn_qqh_user` [ RunTime:0.0011s ]
SQL: SELECT COUNT(*) AS tp_count FROM `mn_xz_user` LIMIT 1   [ RunTime:0.0003s ]
SQL: SELECT COUNT(*) AS tp_count FROM `mn_qqh_user` LIMIT 1   [ RunTime:0.0002s ]
INFO: [ app_end ] --START--
INFO: Run Behavior\ShowPageTraceBehavior [ RunTime:0.000463s ]
INFO: [ app_end ] --END-- [ RunTime:0.000502s ]

[ 2018-09-12T20:41:06+08:00 ] 115.144.122.194 /
INFO: [ app_init ] --START--
INFO: Run Behavior\BuildLiteBehavior [ RunTime:0.000012s ]
INFO: [ app_init ] --END-- [ RunTime:0.000320s ]
INFO: [ app_begin ] --START--
INFO: Run Behavior\ReadHtmlCacheBehavior [ RunTime:0.000463s ]
INFO: [ app_begin ] --END-- [ RunTime:0.000514s ]
SQL: SHOW COLUMNS FROM `mn_xz_user` [ RunTime:0.0014s ]
SQL: SHOW COLUMNS FROM `mn_qqh_user` [ RunTime:0.0011s ]
SQL: SELECT COUNT(*) AS tp_count FROM `mn_xz_user` LIMIT 1   [ RunTime:0.0003s ]
SQL: SELECT COUNT(*) AS tp_count FROM `mn_qqh_user` LIMIT 1   [ RunTime:0.0002s ]
INFO: [ app_end ] --START--
INFO: Run Behavior\ShowPageTraceBehavior [ RunTime:0.000475s ]
INFO: [ app_end ] --END-- [ RunTime:0.000512s ]

[ 2018-09-12T22:45:28+08:00 ] 74.82.47.2 /
INFO: [ app_init ] --START--
INFO: Run Behavior\BuildLiteBehavior [ RunTime:0.000014s ]
INFO: [ app_init ] --END-- [ RunTime:0.000322s ]
INFO: [ app_begin ] --START--
INFO: Run Behavior\ReadHtmlCacheBehavior [ RunTime:0.000449s ]
INFO: [ app_begin ] --END-- [ RunTime:0.000492s ]
SQL: SHOW COLUMNS FROM `mn_xz_user` [ RunTime:0.0014s ]
SQL: SHOW COLUMNS FROM `mn_qqh_user` [ RunTime:0.0011s ]
SQL: SELECT COUNT(*) AS tp_count FROM `mn_xz_user` LIMIT 1   [ RunTime:0.0003s ]
SQL: SELECT COUNT(*) AS tp_count FROM `mn_qqh_user` LIMIT 1   [ RunTime:0.0002s ]
INFO: [ app_end ] --START--
INFO: Run Behavior\ShowPageTraceBehavior [ RunTime:0.000471s ]
INFO: [ app_end ] --END-- [ RunTime:0.000508s ]

