[ 2018-12-05T00:01:18+08:00 ] 140.243.224.186 /index.php/Home/xzpd/getopenid?code=061j9KF21SNuCQ1aQfH21JWkF21j9KF0
INFO: [ app_init ] --START--
INFO: Run Behavior\BuildLiteBehavior [ RunTime:0.000025s ]
INFO: [ app_init ] --END-- [ RunTime:0.000346s ]
INFO: [ app_begin ] --START--
INFO: Run Behavior\ReadHtmlCacheBehavior [ RunTime:0.000524s ]
INFO: [ app_begin ] --END-- [ RunTime:0.000568s ]
NOTIC: [2] curl_setopt(): You must pass either an object or an array with the CURLOPT_HTTPHEADER argument C:\project\miniapi\Application\Home\Controller\XzpdController.class.php 第 152 行.
NOTIC: [2] curl_errno(): 24 is not a valid cURL handle resource C:\project\miniapi\Application\Home\Controller\XzpdController.class.php 第 160 行.
SQL: SHOW COLUMNS FROM `mn_xz_user` [ RunTime:0.0017s ]
SQL: SELECT * FROM `mn_xz_user` WHERE `openid` = 'oV9VJ5Aj1XitLVg60bAAnpg3C0ss' LIMIT 1   [ RunTime:0.0005s ]
INFO: [ app_end ] --START--
INFO: Run Behavior\ShowPageTraceBehavior [ RunTime:0.000572s ]
INFO: [ app_end ] --END-- [ RunTime:0.000619s ]

[ 2018-12-05T00:01:18+08:00 ] 140.243.224.186 /index.php/Home/xzpd/findrecard?openid1=oV9VJ5Aj1XitLVg60bAAnpg3C0ss
INFO: [ app_init ] --START--
INFO: Run Behavior\BuildLiteBehavior [ RunTime:0.000012s ]
INFO: [ app_init ] --END-- [ RunTime:0.000306s ]
INFO: [ app_begin ] --START--
INFO: Run Behavior\ReadHtmlCacheBehavior [ RunTime:0.000463s ]
INFO: [ app_begin ] --END-- [ RunTime:0.000506s ]
SQL: SHOW COLUMNS FROM `mn_xz_recard` [ RunTime:0.0015s ]
NOTIC: [8] Undefined index: myopenid C:\project\miniapi\Application\Home\Controller\XzpdController.class.php 第 102 行.
SQL: SELECT * FROM `mn_xz_recard` WHERE `openid1` = 'oV9VJ5Aj1XitLVg60bAAnpg3C0ss'  [ RunTime:0.0003s ]
INFO: [ app_end ] --START--
INFO: Run Behavior\ShowPageTraceBehavior [ RunTime:0.000600s ]
INFO: [ app_end ] --END-- [ RunTime:0.000640s ]

[ 2018-12-05T00:10:38+08:00 ] 140.243.250.200 /index.php/Home/xzpd/getopenid?code=033XgzPc0dtb7B1pv2Qc0NfFPc0XgzPV
INFO: [ app_init ] --START--
INFO: Run Behavior\BuildLiteBehavior [ RunTime:0.000012s ]
INFO: [ app_init ] --END-- [ RunTime:0.000301s ]
INFO: [ app_begin ] --START--
INFO: Run Behavior\ReadHtmlCacheBehavior [ RunTime:0.000480s ]
INFO: [ app_begin ] --END-- [ RunTime:0.000531s ]
NOTIC: [2] curl_setopt(): You must pass either an object or an array with the CURLOPT_HTTPHEADER argument C:\project\miniapi\Application\Home\Controller\XzpdController.class.php 第 152 行.
NOTIC: [2] curl_errno(): 24 is not a valid cURL handle resource C:\project\miniapi\Application\Home\Controller\XzpdController.class.php 第 160 行.
SQL: SHOW COLUMNS FROM `mn_xz_user` [ RunTime:0.0018s ]
SQL: SELECT * FROM `mn_xz_user` WHERE `openid` = 'oV9VJ5Nio2l-iTciujmUbsbZlIP0' LIMIT 1   [ RunTime:0.0007s ]
INFO: [ app_end ] --START--
INFO: Run Behavior\ShowPageTraceBehavior [ RunTime:0.000636s ]
INFO: [ app_end ] --END-- [ RunTime:0.000688s ]

[ 2018-12-05T00:10:42+08:00 ] 140.243.250.200 /index.php/Home/xzpd/adduser?openid=oV9VJ5Nio2l-iTciujmUbsbZlIP0&name=Abner%E4%BD%99%E6%9E%9C&avatar=https%3A%2F%2Fwx.qlogo.cn%2Fmmopen%2Fvi_32%2FfibGlNpQwRyNGiaKC7aRRQIpncUbpkutINDFyrqHB090OH6u48xiaxBoIRPJK1OVwDibGpsBsxAAdfH9ubV9icsxqKQ%2F132&constellation=%E5%B0%84%E6%89%8B&staricon=..%2Fimages%2Fstaricon%2Fsheshou.png&date=12-05
INFO: [ app_init ] --START--
INFO: Run Behavior\BuildLiteBehavior [ RunTime:0.000012s ]
INFO: [ app_init ] --END-- [ RunTime:0.000333s ]
INFO: [ app_begin ] --START--
INFO: Run Behavior\ReadHtmlCacheBehavior [ RunTime:0.000553s ]
INFO: [ app_begin ] --END-- [ RunTime:0.000669s ]
SQL: SHOW COLUMNS FROM `mn_xz_user` [ RunTime:0.0015s ]
SQL: SELECT * FROM `mn_xz_user` WHERE `openid` = 'oV9VJ5Nio2l-iTciujmUbsbZlIP0' LIMIT 1   [ RunTime:0.0005s ]
SQL: INSERT INTO `mn_xz_user` (`openid`,`name`,`avatar`,`constellation`,`staricon`,`date`) VALUES ('oV9VJ5Nio2l-iTciujmUbsbZlIP0','Abner余果','https://wx.qlogo.cn/mmopen/vi_32/fibGlNpQwRyNGiaKC7aRRQIpncUbpkutINDFyrqHB090OH6u48xiaxBoIRPJK1OVwDibGpsBsxAAdfH9ubV9icsxqKQ/132','射手','../images/staricon/sheshou.png','12-05') [ RunTime:0.0310s ]
INFO: [ app_end ] --START--
INFO: Run Behavior\ShowPageTraceBehavior [ RunTime:0.000638s ]
INFO: [ app_end ] --END-- [ RunTime:0.000678s ]

[ 2018-12-05T00:10:42+08:00 ] 140.243.250.200 /index.php/Home/xzpd/findfrienduser?openid=oV9VJ5Aj1XitLVg60bAAnpg3C0ss
INFO: [ app_init ] --START--
INFO: Run Behavior\BuildLiteBehavior [ RunTime:0.000013s ]
INFO: [ app_init ] --END-- [ RunTime:0.000331s ]
INFO: [ app_begin ] --START--
INFO: Run Behavior\ReadHtmlCacheBehavior [ RunTime:0.000515s ]
INFO: [ app_begin ] --END-- [ RunTime:0.000559s ]
SQL: SHOW COLUMNS FROM `mn_xz_user` [ RunTime:0.0015s ]
SQL: SELECT * FROM `mn_xz_user` WHERE `openid` = 'oV9VJ5Aj1XitLVg60bAAnpg3C0ss' LIMIT 1   [ RunTime:0.0005s ]
INFO: [ app_end ] --START--
INFO: Run Behavior\ShowPageTraceBehavior [ RunTime:0.000533s ]
INFO: [ app_end ] --END-- [ RunTime:0.000589s ]

[ 2018-12-05T00:10:43+08:00 ] 140.243.250.200 /index.php/Home/xzpd/findpair?constellation1=7&constellation2=11
INFO: [ app_init ] --START--
INFO: Run Behavior\BuildLiteBehavior [ RunTime:0.000012s ]
INFO: [ app_init ] --END-- [ RunTime:0.000308s ]
INFO: [ app_begin ] --START--
INFO: Run Behavior\ReadHtmlCacheBehavior [ RunTime:0.000519s ]
INFO: [ app_begin ] --END-- [ RunTime:0.000563s ]
SQL: SHOW COLUMNS FROM `mn_xz_pair` [ RunTime:0.0015s ]
SQL: SELECT * FROM `mn_xz_pair` WHERE `constellation1` = 7 AND `constellation2` = 11  [ RunTime:0.0834s ]
INFO: [ app_end ] --START--
INFO: Run Behavior\ShowPageTraceBehavior [ RunTime:0.000746s ]
INFO: [ app_end ] --END-- [ RunTime:0.000790s ]

[ 2018-12-05T00:10:43+08:00 ] 140.243.250.200 /index.php/Home/xzpd/addrecard?openid1=oV9VJ5Aj1XitLVg60bAAnpg3C0ss&name1=%E9%BB%84%E7%93%9C%E9%99%88%E5%BB%BA%7C%E6%AF%85%E4%BA%AB%E5%A4%A9%E5%BC%80%7C%E5%BE%AE%E5%88%9B%E8%81%94%E5%90%88&avatar1=https%3A%2F%2Fwx.qlogo.cn%2Fmmopen%2Fvi_32%2FQ0j4TwGTfTK3BQOabMPkUgnTkURtU48BQQl5Nqh4U0Xib635FoX8MwSCofd12pUcgDWb6omQD0JSUZy9yJNiaXhA%2F132&constellation1=%E7%8B%AE%E5%AD%90&staricon1=..%2Fimages%2Fstaricon%2Fshizi.png&openid2=oV9VJ5Nio2l-iTciujmUbsbZlIP0&name2=Abner%E4%BD%99%E6%9E%9C&avatar2=https%3A%2F%2Fwx.qlogo.cn%2Fmmopen%2Fvi_32%2FfibGlNpQwRyNGiaKC7aRRQIpncUbpkutINDFyrqHB090OH6u48xiaxBoIRPJK1OVwDibGpsBsxAAdfH9ubV9icsxqKQ%2F132&constellation2=%E5%B0%84%E6%89%8B&staricon2=..%2Fimages%2Fstaricon%2Fsheshou.png&analysis=%E8%BF%99%E4%B9%9F%E6%98%AF%E4%B8%80%E4%B8%AA%E7%BB%9D%E5%A5%BD%E9%85%8D%E5%AF%B9%E5%93%A6!%E4%B8%A4%E4%B8%AA%E4%B8%80%E6%A0%B7%E7%88%B1%E7%8E%A9%E5%8F%88%E4%B8%80%E6%A0%B7%E7%83%AD%E6%83%85%E7%9A%84%E6%98%9F%E5%BA%A7%E9%81%87%E5%9C%A8%E4%B8%80%E8%B5%B7%E5%86%92%E5%87%BA%E7%9A%84%E7%81%AB%E8%8A%B1%E5%8F%AF%E6%98%AF%E4%BC%9A%E7%83%A7%E6%AD%BB%E4%BA%BA%E7%9A%84%EF%BC%8C%E5%8A%A0%E4%B8%8A%E4%BB%96%E4%BB%AC%E5%AF%B9%E5%BE%88%E5%A4%9A%E4%BA%8B%E6%83%85%E9%83%BD%E6%9C%89%E7%9B%B8%E5%90%8C%E7%9A%84%E7%9C%8B%E6%B3%95%EF%BC%8C%E7%9C%9F%E6%98%AF%E8%B6%85%E7%BA%A7%E9%80%9F%E9%85%8D%E7%9A%84%E7%BB%84%E5%90%88%EF%BC%8C%E8%B6%B3%E4%BB%A5%E8%AE%A9%E4%BA%BA%E7%BE%A1%E6%85%95%E5%BE%97%E6%B5%81%E5%8F%A3%E6%B0%B4%E4%BA%86!&cheats=%E8%AF%B4%E7%9C%9F%E7%9A%84%EF%BC%8C%E6%97%A2%E7%84%B6%E8%BF%99%E4%B9%88%E5%90%88%EF%BC%8C%E5%AE%9E%E5%9C%A8%E4%B9%9F%E5%B0%B1%E6%B2%A1%E4%BB%80%E4%B9%88%E5%A5%BD%E6%AF%94%E8%BE%83%E7%9A%84%E4%BA%86%EF%BC%8C%E4%B8%8D%E8%BF%87%E5%A6%82%E6%9E%9C%E7%9C%9F%E6%8B%BF%E6%9D%A5%E5%AF%B9%E7%85%A7%E4%B8%80%E4%B8%8B%EF%BC%8C%E8%87%AA%E7%94%B1%E7%9A%84%E5%B0%84%E6%89%8B%E5%8F%AF%E8%83%BD%E8%BF%98%E6%98%AF%E5%B1%85%E4%B8%8A%E9%A3%8E%E7%9A%84%E5%93%A6!%E6%B2%A1%E9%94%99%EF%BC%8C%E8%87%AA%E7%94%B1%E6%98%AF%E5%B0%84%E6%89%8B%E7%9A%84%E7%89%B9%E8%89%B2%EF%BC%8C%E8%80%8C%E4%B8%94%E4%B9%9F%E5%9B%A0%E4%B8%BA%E8%BF%99%E4%B8%AA%E7%89%B9%E8%89%B2%E8%AE%A9%E4%BB%96%E4%BB%AC%E5%85%85%E6%BB%A1%E4%BA%86%E4%B8%8D%E5%8F%AF%E9%A2%84%E6%B5%8B%E7%9A%84%E9%AD%85%E5%8A%9B%EF%BC%8C%E5%BC%95%E5%BE%97%E7%8B%AE%E5%AD%90%E5%BF%83%E7%97%92%E7%97%92%EF%BC%8C%E7%9C%9F%E7%9A%84%E4%BC%9A%E6%9C%89%E7%82%B9%E5%AE%B3%E6%80%95%E4%BB%96%E4%BB%AC%E7%AA%81%E7%84%B6%E4%B9%8B%E9%97%B4%E5%B0%B1%E9%A3%9E%E8%B5%B0%E4%BA%86!%E9%82%A3%E6%89%8D%E7%9C%9F%E5%8F%AB%E4%BA%BA%E4%BC%A4%E5%BF%83%E5%91%A2!&score=85.55761198626033&isshow=1&ispaid=0
INFO: [ app_init ] --START--
INFO: Run Behavior\BuildLiteBehavior [ RunTime:0.000013s ]
INFO: [ app_init ] --END-- [ RunTime:0.000331s ]
INFO: [ app_begin ] --START--
INFO: Run Behavior\ReadHtmlCacheBehavior [ RunTime:0.000502s ]
INFO: [ app_begin ] --END-- [ RunTime:0.000549s ]
SQL: SHOW COLUMNS FROM `mn_xz_recard` [ RunTime:0.0015s ]
SQL: SELECT * FROM `mn_xz_recard` WHERE `openid1` = 'oV9VJ5Aj1XitLVg60bAAnpg3C0ss' AND `openid2` = 'oV9VJ5Nio2l-iTciujmUbsbZlIP0' LIMIT 1   [ RunTime:0.0003s ]
SQL: INSERT INTO `mn_xz_recard` (`openid1`,`name1`,`avatar1`,`constellation1`,`staricon1`,`analysis`,`cheats`,`openid2`,`name2`,`avatar2`,`constellation2`,`staricon2`,`score`,`isshow`,`ispaid`) VALUES ('oV9VJ5Aj1XitLVg60bAAnpg3C0ss','黄瓜陈建|毅享天开|微创联合','https://wx.qlogo.cn/mmopen/vi_32/Q0j4TwGTfTK3BQOabMPkUgnTkURtU48BQQl5Nqh4U0Xib635FoX8MwSCofd12pUcgDWb6omQD0JSUZy9yJNiaXhA/132','狮子','../images/staricon/shizi.png','这也是一个绝好配对哦!两个一样爱玩又一样热情的星座遇在一起冒出的火花可是会烧死人的，加上他们对很多事情都有相同的看法，真是超级速配的组合，足以让人羡慕得流口水了!','说真的，既然这么合，实在也就没什么好比较的了，不过如果真拿来对照一下，自由的射手可能还是居上风的哦!没错，自由是射手的特色，而且也因为这个特色让他们充满了不可预测的魅力，引得狮子心痒痒，真的会有点害怕他们突然之间就飞走了!那才真叫人伤心呢!','oV9VJ5Nio2l-iTciujmUbsbZlIP0','Abner余果','https://wx.qlogo.cn/mmopen/vi_32/fibGlNpQwRyNGiaKC7aRRQIpncUbpkutINDFyrqHB090OH6u48xiaxBoIRPJK1OVwDibGpsBsxAAdfH9ubV9icsxqKQ/132','射手','../images/staricon/sheshou.png','85','1','0') [ RunTime:0.0275s ]
INFO: [ app_end ] --START--
INFO: Run Behavior\ShowPageTraceBehavior [ RunTime:0.000626s ]
INFO: [ app_end ] --END-- [ RunTime:0.000674s ]

[ 2018-12-05T00:10:43+08:00 ] 140.243.250.200 /index.php/Home/xzpd/findrecard?openid1=oV9VJ5Aj1XitLVg60bAAnpg3C0ss
INFO: [ app_init ] --START--
INFO: Run Behavior\BuildLiteBehavior [ RunTime:0.000015s ]
INFO: [ app_init ] --END-- [ RunTime:0.000479s ]
INFO: [ app_begin ] --START--
INFO: Run Behavior\ReadHtmlCacheBehavior [ RunTime:0.000737s ]
INFO: [ app_begin ] --END-- [ RunTime:0.000800s ]
SQL: SHOW COLUMNS FROM `mn_xz_recard` [ RunTime:0.0014s ]
NOTIC: [8] Undefined index: myopenid C:\project\miniapi\Application\Home\Controller\XzpdController.class.php 第 102 行.
SQL: SELECT * FROM `mn_xz_recard` WHERE `openid1` = 'oV9VJ5Aj1XitLVg60bAAnpg3C0ss'  [ RunTime:0.0003s ]
INFO: [ app_end ] --START--
INFO: Run Behavior\ShowPageTraceBehavior [ RunTime:0.000634s ]
INFO: [ app_end ] --END-- [ RunTime:0.000674s ]

[ 2018-12-05T00:10:43+08:00 ] 140.243.250.200 /index.php/Home/xzpd/findpair?constellation1=11&constellation2=7
INFO: [ app_init ] --START--
INFO: Run Behavior\BuildLiteBehavior [ RunTime:0.000018s ]
INFO: [ app_init ] --END-- [ RunTime:0.000428s ]
INFO: [ app_begin ] --START--
INFO: Run Behavior\ReadHtmlCacheBehavior [ RunTime:0.000789s ]
INFO: [ app_begin ] --END-- [ RunTime:0.000857s ]
SQL: SHOW COLUMNS FROM `mn_xz_pair` [ RunTime:0.0016s ]
SQL: SELECT * FROM `mn_xz_pair` WHERE `constellation1` = 11 AND `constellation2` = 7  [ RunTime:0.0243s ]
INFO: [ app_end ] --START--
INFO: Run Behavior\ShowPageTraceBehavior [ RunTime:0.000652s ]
INFO: [ app_end ] --END-- [ RunTime:0.000693s ]

[ 2018-12-05T00:10:43+08:00 ] 140.243.250.200 /index.php/Home/xzpd/addrecard?openid1=oV9VJ5Nio2l-iTciujmUbsbZlIP0&name1=Abner%E4%BD%99%E6%9E%9C&avatar1=https%3A%2F%2Fwx.qlogo.cn%2Fmmopen%2Fvi_32%2FfibGlNpQwRyNGiaKC7aRRQIpncUbpkutINDFyrqHB090OH6u48xiaxBoIRPJK1OVwDibGpsBsxAAdfH9ubV9icsxqKQ%2F132&constellation1=%E5%B0%84%E6%89%8B&staricon1=..%2Fimages%2Fstaricon%2Fsheshou.png&openid2=oV9VJ5Aj1XitLVg60bAAnpg3C0ss&name2=%E9%BB%84%E7%93%9C%E9%99%88%E5%BB%BA%7C%E6%AF%85%E4%BA%AB%E5%A4%A9%E5%BC%80%7C%E5%BE%AE%E5%88%9B%E8%81%94%E5%90%88&avatar2=https%3A%2F%2Fwx.qlogo.cn%2Fmmopen%2Fvi_32%2FQ0j4TwGTfTK3BQOabMPkUgnTkURtU48BQQl5Nqh4U0Xib635FoX8MwSCofd12pUcgDWb6omQD0JSUZy9yJNiaXhA%2F132&constellation2=%E7%8B%AE%E5%AD%90&staricon2=..%2Fimages%2Fstaricon%2Fshizi.png&analysis=%E8%BF%99%E6%98%AF%E4%B8%A4%E4%B8%AA%E7%81%AB%E8%B1%A1%E6%98%9F%E5%BA%A7%E7%9A%84%E7%BB%84%E5%90%88%EF%BC%8C%E5%BD%93%E7%84%B6%E4%B9%9F%E5%A4%9F%E7%81%AB%E8%BE%A3%E7%9A%84%E4%BA%86%EF%BC%8C%E8%B0%88%E8%B5%B7%E6%81%8B%E7%88%B1%E6%9D%A5%E7%BB%9D%E5%AF%B9%E6%AF%94%E5%88%AB%E4%BA%BA%E6%9D%A5%E7%9A%84%E7%83%AD%E6%83%85%E9%AB%98%E5%87%BA%E6%95%B0%E5%80%8D!%E8%BF%99%E4%B8%AA%E7%BB%84%E5%90%88%E5%9B%A0%E4%B8%BA%E4%B8%AA%E6%80%A7%E4%B8%8A%E7%9A%84%E7%9B%B8%E4%BC%BC%EF%BC%8C%E6%89%80%E4%BB%A5%E8%BF%9E%E4%B8%8D%E6%BB%A1%E7%9A%84%E6%9C%BA%E4%BC%9A%E9%83%BD%E6%B2%A1%E6%9C%89%EF%BC%8C%E6%B3%A8%E5%AE%9A%E6%98%AF%E4%B8%AA%E8%B6%85%E7%BA%A7%E7%BB%9D%E5%AF%B9%E7%9A%84%E9%80%9F%E9%85%8D%E7%BB%84%E5%90%88!&cheats=%E6%83%B3%E5%AF%B9%E4%BB%98%E7%8B%AE%E5%AD%90%E5%BA%A7%E5%8F%AA%E8%A6%81%E8%AE%A9%E4%BB%96%E7%9F%A5%E9%81%93%E4%BD%A0%E5%9C%A8%E5%93%AA%E9%87%8C%E5%B0%B1%E5%A5%BD%E4%BA%86%EF%BC%8C%E4%B8%BB%E5%8A%A8%E6%8A%A5%E5%91%8A%E4%BC%9A%E8%AE%A9%E4%BB%96%E4%BB%AC%E6%94%BE%E5%BF%83%EF%BC%8C%E4%B9%9F%E4%B8%8D%E4%BC%9A%E5%A4%9A%E8%AF%B4%E4%BB%80%E4%B9%88%EF%BC%8C%E7%AE%97%E6%98%AF%E5%BE%88%E5%A5%BD%E8%A7%A3%E5%86%B3%E7%9A%84%E3%80%82%E5%B9%B3%E5%B8%B8%E6%9C%89%E4%BA%8B%E6%B2%A1%E4%BA%8B%E9%99%AA%E7%9D%80%E4%BB%96%E4%BB%AC%E4%B8%80%E8%B5%B7%E5%81%9A%E4%BA%9B%E7%90%90%E4%BA%8B%E4%B9%9F%E4%BC%9A%E8%AE%A9%E4%BB%96%E4%BB%AC%E8%A7%89%E5%BE%97%E9%AB%98%E5%85%B4%EF%BC%8C%E9%80%9A%E5%B8%B8%E5%B0%84%E6%89%8B%E6%83%B3%E5%81%9A%E7%9A%84%E4%BA%8B%E6%83%85%E4%B9%9F%E4%BC%9A%E6%98%AF%E7%8B%AE%E5%BA%A7%E6%9C%89%E5%85%B4%E8%B6%A3%E7%9A%84%EF%BC%8C%E4%B8%8D%E5%A6%A8%E5%87%91%E5%9C%A8%E4%B8%80%E8%B5%B7%E6%90%9E%E6%80%AA%E4%BD%9C%E4%B9%B1%EF%BC%8C%E4%BC%9A%E8%AE%A9%E4%BD%A0%E4%BB%AC%E4%B9%8B%E9%97%B4%E4%BA%A7%E7%94%9F%E6%9B%B4%E6%B7%B1%E5%8E%9A%E7%9A%84%E6%84%9F%E6%83%85%E5%93%A6!&score=85.55761198626033&isshow=1&ispaid=0
INFO: [ app_init ] --START--
INFO: Run Behavior\BuildLiteBehavior [ RunTime:0.000075s ]
INFO: [ app_init ] --END-- [ RunTime:0.000429s ]
INFO: [ app_begin ] --START--
INFO: Run Behavior\ReadHtmlCacheBehavior [ RunTime:0.000653s ]
INFO: [ app_begin ] --END-- [ RunTime:0.000700s ]
SQL: SHOW COLUMNS FROM `mn_xz_recard` [ RunTime:0.0015s ]
SQL: SELECT * FROM `mn_xz_recard` WHERE `openid1` = 'oV9VJ5Nio2l-iTciujmUbsbZlIP0' AND `openid2` = 'oV9VJ5Aj1XitLVg60bAAnpg3C0ss' LIMIT 1   [ RunTime:0.0003s ]
SQL: INSERT INTO `mn_xz_recard` (`openid1`,`name1`,`avatar1`,`constellation1`,`staricon1`,`analysis`,`cheats`,`openid2`,`name2`,`avatar2`,`constellation2`,`staricon2`,`score`,`isshow`,`ispaid`) VALUES ('oV9VJ5Nio2l-iTciujmUbsbZlIP0','Abner余果','https://wx.qlogo.cn/mmopen/vi_32/fibGlNpQwRyNGiaKC7aRRQIpncUbpkutINDFyrqHB090OH6u48xiaxBoIRPJK1OVwDibGpsBsxAAdfH9ubV9icsxqKQ/132','射手','../images/staricon/sheshou.png','这是两个火象星座的组合，当然也够火辣的了，谈起恋爱来绝对比别人来的热情高出数倍!这个组合因为个性上的相似，所以连不满的机会都没有，注定是个超级绝对的速配组合!','想对付狮子座只要让他知道你在哪里就好了，主动报告会让他们放心，也不会多说什么，算是很好解决的。平常有事没事陪着他们一起做些琐事也会让他们觉得高兴，通常射手想做的事情也会是狮座有兴趣的，不妨凑在一起搞怪作乱，会让你们之间产生更深厚的感情哦!','oV9VJ5Aj1XitLVg60bAAnpg3C0ss','黄瓜陈建|毅享天开|微创联合','https://wx.qlogo.cn/mmopen/vi_32/Q0j4TwGTfTK3BQOabMPkUgnTkURtU48BQQl5Nqh4U0Xib635FoX8MwSCofd12pUcgDWb6omQD0JSUZy9yJNiaXhA/132','狮子','../images/staricon/shizi.png','85','1','0') [ RunTime:0.0172s ]
INFO: [ app_end ] --START--
INFO: Run Behavior\ShowPageTraceBehavior [ RunTime:0.000637s ]
INFO: [ app_end ] --END-- [ RunTime:0.000677s ]

[ 2018-12-05T00:18:54+08:00 ] 140.243.224.186 /index.php/Home/xzpd/getopenid?code=0715nzjc1KEIrx0Igzlc1C6jjc15nzjc
INFO: [ app_init ] --START--
INFO: Run Behavior\BuildLiteBehavior [ RunTime:0.000013s ]
INFO: [ app_init ] --END-- [ RunTime:0.000391s ]
INFO: [ app_begin ] --START--
INFO: Run Behavior\ReadHtmlCacheBehavior [ RunTime:0.000640s ]
INFO: [ app_begin ] --END-- [ RunTime:0.000686s ]
NOTIC: [2] curl_setopt(): You must pass either an object or an array with the CURLOPT_HTTPHEADER argument C:\project\miniapi\Application\Home\Controller\XzpdController.class.php 第 152 行.
NOTIC: [2] curl_errno(): 24 is not a valid cURL handle resource C:\project\miniapi\Application\Home\Controller\XzpdController.class.php 第 160 行.
SQL: SHOW COLUMNS FROM `mn_xz_user` [ RunTime:0.0018s ]
SQL: SELECT * FROM `mn_xz_user` WHERE `openid` = 'oV9VJ5Aj1XitLVg60bAAnpg3C0ss' LIMIT 1   [ RunTime:0.0005s ]
INFO: [ app_end ] --START--
INFO: Run Behavior\ShowPageTraceBehavior [ RunTime:0.000683s ]
INFO: [ app_end ] --END-- [ RunTime:0.000727s ]

[ 2018-12-05T00:18:54+08:00 ] 140.243.224.186 /index.php/Home/xzpd/findrecard?openid1=oV9VJ5Aj1XitLVg60bAAnpg3C0ss
INFO: [ app_init ] --START--
INFO: Run Behavior\BuildLiteBehavior [ RunTime:0.000013s ]
INFO: [ app_init ] --END-- [ RunTime:0.000305s ]
INFO: [ app_begin ] --START--
INFO: Run Behavior\ReadHtmlCacheBehavior [ RunTime:0.000617s ]
INFO: [ app_begin ] --END-- [ RunTime:0.000663s ]
SQL: SHOW COLUMNS FROM `mn_xz_recard` [ RunTime:0.0016s ]
NOTIC: [8] Undefined index: myopenid C:\project\miniapi\Application\Home\Controller\XzpdController.class.php 第 102 行.
SQL: SELECT * FROM `mn_xz_recard` WHERE `openid1` = 'oV9VJ5Aj1XitLVg60bAAnpg3C0ss'  [ RunTime:0.0004s ]
INFO: [ app_end ] --START--
INFO: Run Behavior\ShowPageTraceBehavior [ RunTime:0.000648s ]
INFO: [ app_end ] --END-- [ RunTime:0.000687s ]

[ 2018-12-05T00:19:04+08:00 ] 140.243.224.186 /index.php/Home/xzpd/getopenid?code=011lXAbj2wQKIC0yPkaj2ABBbj2lXAbO
INFO: [ app_init ] --START--
INFO: Run Behavior\BuildLiteBehavior [ RunTime:0.000012s ]
INFO: [ app_init ] --END-- [ RunTime:0.000326s ]
INFO: [ app_begin ] --START--
INFO: Run Behavior\ReadHtmlCacheBehavior [ RunTime:0.000553s ]
INFO: [ app_begin ] --END-- [ RunTime:0.000598s ]
NOTIC: [2] curl_setopt(): You must pass either an object or an array with the CURLOPT_HTTPHEADER argument C:\project\miniapi\Application\Home\Controller\XzpdController.class.php 第 152 行.
NOTIC: [2] curl_errno(): 24 is not a valid cURL handle resource C:\project\miniapi\Application\Home\Controller\XzpdController.class.php 第 160 行.
SQL: SHOW COLUMNS FROM `mn_xz_user` [ RunTime:0.0016s ]
SQL: SELECT * FROM `mn_xz_user` WHERE `openid` = 'oV9VJ5Aj1XitLVg60bAAnpg3C0ss' LIMIT 1   [ RunTime:0.0005s ]
INFO: [ app_end ] --START--
INFO: Run Behavior\ShowPageTraceBehavior [ RunTime:0.000732s ]
INFO: [ app_end ] --END-- [ RunTime:0.000778s ]

[ 2018-12-05T00:19:04+08:00 ] 140.243.224.186 /index.php/Home/xzpd/findrecard?openid1=oV9VJ5Aj1XitLVg60bAAnpg3C0ss
INFO: [ app_init ] --START--
INFO: Run Behavior\BuildLiteBehavior [ RunTime:0.000013s ]
INFO: [ app_init ] --END-- [ RunTime:0.000369s ]
INFO: [ app_begin ] --START--
INFO: Run Behavior\ReadHtmlCacheBehavior [ RunTime:0.000614s ]
INFO: [ app_begin ] --END-- [ RunTime:0.000658s ]
SQL: SHOW COLUMNS FROM `mn_xz_recard` [ RunTime:0.0017s ]
NOTIC: [8] Undefined index: myopenid C:\project\miniapi\Application\Home\Controller\XzpdController.class.php 第 102 行.
SQL: SELECT * FROM `mn_xz_recard` WHERE `openid1` = 'oV9VJ5Aj1XitLVg60bAAnpg3C0ss'  [ RunTime:0.0004s ]
INFO: [ app_end ] --START--
INFO: Run Behavior\ShowPageTraceBehavior [ RunTime:0.000664s ]
INFO: [ app_end ] --END-- [ RunTime:0.000704s ]

[ 2018-12-05T00:19:06+08:00 ] 140.243.224.186 /index.php/Home/xzpd/getopenid?code=071Va6Du0XmeBi1aNqEu0Hx8Du0Va6Dg
INFO: [ app_init ] --START--
INFO: Run Behavior\BuildLiteBehavior [ RunTime:0.000014s ]
INFO: [ app_init ] --END-- [ RunTime:0.000310s ]
INFO: [ app_begin ] --START--
INFO: Run Behavior\ReadHtmlCacheBehavior [ RunTime:0.000621s ]
INFO: [ app_begin ] --END-- [ RunTime:0.000668s ]
NOTIC: [2] curl_setopt(): You must pass either an object or an array with the CURLOPT_HTTPHEADER argument C:\project\miniapi\Application\Home\Controller\XzpdController.class.php 第 152 行.
NOTIC: [2] curl_errno(): 24 is not a valid cURL handle resource C:\project\miniapi\Application\Home\Controller\XzpdController.class.php 第 160 行.
SQL: SHOW COLUMNS FROM `mn_xz_user` [ RunTime:0.0016s ]
SQL: SELECT * FROM `mn_xz_user` WHERE `openid` = 'oV9VJ5Aj1XitLVg60bAAnpg3C0ss' LIMIT 1   [ RunTime:0.0005s ]
INFO: [ app_end ] --START--
INFO: Run Behavior\ShowPageTraceBehavior [ RunTime:0.000679s ]
INFO: [ app_end ] --END-- [ RunTime:0.000722s ]

[ 2018-12-05T00:19:07+08:00 ] 140.243.224.186 /index.php/Home/xzpd/findrecard?openid1=oV9VJ5Aj1XitLVg60bAAnpg3C0ss
INFO: [ app_init ] --START--
INFO: Run Behavior\BuildLiteBehavior [ RunTime:0.000013s ]
INFO: [ app_init ] --END-- [ RunTime:0.000329s ]
INFO: [ app_begin ] --START--
INFO: Run Behavior\ReadHtmlCacheBehavior [ RunTime:0.000603s ]
INFO: [ app_begin ] --END-- [ RunTime:0.000649s ]
SQL: SHOW COLUMNS FROM `mn_xz_recard` [ RunTime:0.0016s ]
NOTIC: [8] Undefined index: myopenid C:\project\miniapi\Application\Home\Controller\XzpdController.class.php 第 102 行.
SQL: SELECT * FROM `mn_xz_recard` WHERE `openid1` = 'oV9VJ5Aj1XitLVg60bAAnpg3C0ss'  [ RunTime:0.0004s ]
INFO: [ app_end ] --START--
INFO: Run Behavior\ShowPageTraceBehavior [ RunTime:0.000624s ]
INFO: [ app_end ] --END-- [ RunTime:0.000664s ]

[ 2018-12-05T00:29:06+08:00 ] 140.243.224.186 /index.php/Home/xzpd/getwxaqrcode?openid=oV9VJ5Aj1XitLVg60bAAnpg3C0ss&apptype=xz
INFO: [ app_init ] --START--
INFO: Run Behavior\BuildLiteBehavior [ RunTime:0.000014s ]
INFO: [ app_init ] --END-- [ RunTime:0.000382s ]
INFO: [ app_begin ] --START--
INFO: Run Behavior\ReadHtmlCacheBehavior [ RunTime:0.000618s ]
INFO: [ app_begin ] --END-- [ RunTime:0.000663s ]
NOTIC: [2] curl_setopt(): You must pass either an object or an array with the CURLOPT_HTTPHEADER argument C:\project\miniapi\Application\Home\Controller\XzpdController.class.php 第 169 行.
NOTIC: [2] curl_errno(): 24 is not a valid cURL handle resource C:\project\miniapi\Application\Home\Controller\XzpdController.class.php 第 178 行.
NOTIC: [2] curl_setopt(): You must pass either an object or an array with the CURLOPT_HTTPHEADER argument C:\project\miniapi\Application\Home\Controller\XzpdController.class.php 第 169 行.
NOTIC: [2] curl_errno(): 25 is not a valid cURL handle resource C:\project\miniapi\Application\Home\Controller\XzpdController.class.php 第 178 行.
INFO: [ app_end ] --START--
INFO: Run Behavior\ShowPageTraceBehavior [ RunTime:0.000789s ]
INFO: [ app_end ] --END-- [ RunTime:0.000858s ]

[ 2018-12-05T00:29:17+08:00 ] 140.243.224.186 /index.php/Home/xzpd/findrecard?openid1=oV9VJ5Aj1XitLVg60bAAnpg3C0ss
INFO: [ app_init ] --START--
INFO: Run Behavior\BuildLiteBehavior [ RunTime:0.000013s ]
INFO: [ app_init ] --END-- [ RunTime:0.000320s ]
INFO: [ app_begin ] --START--
INFO: Run Behavior\ReadHtmlCacheBehavior [ RunTime:0.000532s ]
INFO: [ app_begin ] --END-- [ RunTime:0.000576s ]
SQL: SHOW COLUMNS FROM `mn_xz_recard` [ RunTime:0.0017s ]
NOTIC: [8] Undefined index: myopenid C:\project\miniapi\Application\Home\Controller\XzpdController.class.php 第 102 行.
SQL: SELECT * FROM `mn_xz_recard` WHERE `openid1` = 'oV9VJ5Aj1XitLVg60bAAnpg3C0ss'  [ RunTime:0.0004s ]
INFO: [ app_end ] --START--
INFO: Run Behavior\ShowPageTraceBehavior [ RunTime:0.000586s ]
INFO: [ app_end ] --END-- [ RunTime:0.000625s ]

[ 2018-12-05T00:29:23+08:00 ] 140.243.210.83 /index.php/Home/xzpd/getopenid?code=011hWcXB0pjRoi2wOnWB0F05XB0hWcX8
INFO: [ app_init ] --START--
INFO: Run Behavior\BuildLiteBehavior [ RunTime:0.000013s ]
INFO: [ app_init ] --END-- [ RunTime:0.000344s ]
INFO: [ app_begin ] --START--
INFO: Run Behavior\ReadHtmlCacheBehavior [ RunTime:0.000578s ]
INFO: [ app_begin ] --END-- [ RunTime:0.000622s ]
NOTIC: [2] curl_setopt(): You must pass either an object or an array with the CURLOPT_HTTPHEADER argument C:\project\miniapi\Application\Home\Controller\XzpdController.class.php 第 152 行.
NOTIC: [2] curl_errno(): 24 is not a valid cURL handle resource C:\project\miniapi\Application\Home\Controller\XzpdController.class.php 第 160 行.
SQL: SHOW COLUMNS FROM `mn_xz_user` [ RunTime:0.0016s ]
SQL: SELECT * FROM `mn_xz_user` WHERE `openid` = 'oV9VJ5OmHO9foxftZDuimQ32ck6E' LIMIT 1   [ RunTime:0.0006s ]
INFO: [ app_end ] --START--
INFO: Run Behavior\ShowPageTraceBehavior [ RunTime:0.000675s ]
INFO: [ app_end ] --END-- [ RunTime:0.000719s ]

[ 2018-12-05T00:29:27+08:00 ] 140.243.224.186 /index.php/Home/xzpd/getopenid?code=0714HMto1kormi0YRevo1Wo5uo14HMtT
INFO: [ app_init ] --START--
INFO: Run Behavior\BuildLiteBehavior [ RunTime:0.000013s ]
INFO: [ app_init ] --END-- [ RunTime:0.000320s ]
INFO: [ app_begin ] --START--
INFO: Run Behavior\ReadHtmlCacheBehavior [ RunTime:0.000618s ]
INFO: [ app_begin ] --END-- [ RunTime:0.000663s ]
NOTIC: [2] curl_setopt(): You must pass either an object or an array with the CURLOPT_HTTPHEADER argument C:\project\miniapi\Application\Home\Controller\XzpdController.class.php 第 152 行.
NOTIC: [2] curl_errno(): 24 is not a valid cURL handle resource C:\project\miniapi\Application\Home\Controller\XzpdController.class.php 第 160 行.
SQL: SHOW COLUMNS FROM `mn_xz_user` [ RunTime:0.0019s ]
SQL: SELECT * FROM `mn_xz_user` WHERE `openid` = 'oV9VJ5Aj1XitLVg60bAAnpg3C0ss' LIMIT 1   [ RunTime:0.0006s ]
INFO: [ app_end ] --START--
INFO: Run Behavior\ShowPageTraceBehavior [ RunTime:0.000760s ]
INFO: [ app_end ] --END-- [ RunTime:0.000810s ]

[ 2018-12-05T00:29:27+08:00 ] 140.243.224.186 /index.php/Home/xzpd/findrecard?openid1=oV9VJ5Aj1XitLVg60bAAnpg3C0ss
INFO: [ app_init ] --START--
INFO: Run Behavior\BuildLiteBehavior [ RunTime:0.000012s ]
INFO: [ app_init ] --END-- [ RunTime:0.000301s ]
INFO: [ app_begin ] --START--
INFO: Run Behavior\ReadHtmlCacheBehavior [ RunTime:0.000618s ]
INFO: [ app_begin ] --END-- [ RunTime:0.000661s ]
SQL: SHOW COLUMNS FROM `mn_xz_recard` [ RunTime:0.0015s ]
NOTIC: [8] Undefined index: myopenid C:\project\miniapi\Application\Home\Controller\XzpdController.class.php 第 102 行.
SQL: SELECT * FROM `mn_xz_recard` WHERE `openid1` = 'oV9VJ5Aj1XitLVg60bAAnpg3C0ss'  [ RunTime:0.0004s ]
INFO: [ app_end ] --START--
INFO: Run Behavior\ShowPageTraceBehavior [ RunTime:0.000673s ]
INFO: [ app_end ] --END-- [ RunTime:0.000713s ]

[ 2018-12-05T00:29:29+08:00 ] 140.243.224.186 /index.php/Home/xzpd/findrecard?openid1=oV9VJ5Aj1XitLVg60bAAnpg3C0ss
INFO: [ app_init ] --START--
INFO: Run Behavior\BuildLiteBehavior [ RunTime:0.000013s ]
INFO: [ app_init ] --END-- [ RunTime:0.000403s ]
INFO: [ app_begin ] --START--
INFO: Run Behavior\ReadHtmlCacheBehavior [ RunTime:0.000559s ]
INFO: [ app_begin ] --END-- [ RunTime:0.000608s ]
SQL: SHOW COLUMNS FROM `mn_xz_recard` [ RunTime:0.0016s ]
NOTIC: [8] Undefined index: myopenid C:\project\miniapi\Application\Home\Controller\XzpdController.class.php 第 102 行.
SQL: SELECT * FROM `mn_xz_recard` WHERE `openid1` = 'oV9VJ5Aj1XitLVg60bAAnpg3C0ss'  [ RunTime:0.0004s ]
INFO: [ app_end ] --START--
INFO: Run Behavior\ShowPageTraceBehavior [ RunTime:0.000637s ]
INFO: [ app_end ] --END-- [ RunTime:0.000675s ]

[ 2018-12-05T00:29:32+08:00 ] 140.243.224.186 /index.php/Home/xzpd/getopenid?code=081MStXH0e79jf24jAWH0skyXH0MStXg
INFO: [ app_init ] --START--
INFO: Run Behavior\BuildLiteBehavior [ RunTime:0.000016s ]
INFO: [ app_init ] --END-- [ RunTime:0.000331s ]
INFO: [ app_begin ] --START--
INFO: Run Behavior\ReadHtmlCacheBehavior [ RunTime:0.000599s ]
INFO: [ app_begin ] --END-- [ RunTime:0.000645s ]
NOTIC: [2] curl_setopt(): You must pass either an object or an array with the CURLOPT_HTTPHEADER argument C:\project\miniapi\Application\Home\Controller\XzpdController.class.php 第 152 行.
NOTIC: [2] curl_errno(): 24 is not a valid cURL handle resource C:\project\miniapi\Application\Home\Controller\XzpdController.class.php 第 160 行.
SQL: SHOW COLUMNS FROM `mn_xz_user` [ RunTime:0.0017s ]
SQL: SELECT * FROM `mn_xz_user` WHERE `openid` = 'oV9VJ5Aj1XitLVg60bAAnpg3C0ss' LIMIT 1   [ RunTime:0.0006s ]
INFO: [ app_end ] --START--
INFO: Run Behavior\ShowPageTraceBehavior [ RunTime:0.000693s ]
INFO: [ app_end ] --END-- [ RunTime:0.000739s ]

[ 2018-12-05T00:29:32+08:00 ] 140.243.224.186 /index.php/Home/xzpd/findrecard?openid1=oV9VJ5Aj1XitLVg60bAAnpg3C0ss
INFO: [ app_init ] --START--
INFO: Run Behavior\BuildLiteBehavior [ RunTime:0.000011s ]
INFO: [ app_init ] --END-- [ RunTime:0.000305s ]
INFO: [ app_begin ] --START--
INFO: Run Behavior\ReadHtmlCacheBehavior [ RunTime:0.000611s ]
INFO: [ app_begin ] --END-- [ RunTime:0.000655s ]
SQL: SHOW COLUMNS FROM `mn_xz_recard` [ RunTime:0.0015s ]
NOTIC: [8] Undefined index: myopenid C:\project\miniapi\Application\Home\Controller\XzpdController.class.php 第 102 行.
SQL: SELECT * FROM `mn_xz_recard` WHERE `openid1` = 'oV9VJ5Aj1XitLVg60bAAnpg3C0ss'  [ RunTime:0.0004s ]
INFO: [ app_end ] --START--
INFO: Run Behavior\ShowPageTraceBehavior [ RunTime:0.000619s ]
INFO: [ app_end ] --END-- [ RunTime:0.000657s ]

[ 2018-12-05T00:29:45+08:00 ] 140.243.224.186 /index.php/Home/xzpd/getopenid?code=001E0yFg0jdGQv1gfgFg0C3zFg0E0yFV
INFO: [ app_init ] --START--
INFO: Run Behavior\BuildLiteBehavior [ RunTime:0.000013s ]
INFO: [ app_init ] --END-- [ RunTime:0.000315s ]
INFO: [ app_begin ] --START--
INFO: Run Behavior\ReadHtmlCacheBehavior [ RunTime:0.000548s ]
INFO: [ app_begin ] --END-- [ RunTime:0.000591s ]
NOTIC: [2] curl_setopt(): You must pass either an object or an array with the CURLOPT_HTTPHEADER argument C:\project\miniapi\Application\Home\Controller\XzpdController.class.php 第 152 行.
NOTIC: [2] curl_errno(): 24 is not a valid cURL handle resource C:\project\miniapi\Application\Home\Controller\XzpdController.class.php 第 160 行.
SQL: SHOW COLUMNS FROM `mn_xz_user` [ RunTime:0.0017s ]
SQL: SELECT * FROM `mn_xz_user` WHERE `openid` = 'oV9VJ5Aj1XitLVg60bAAnpg3C0ss' LIMIT 1   [ RunTime:0.0005s ]
INFO: [ app_end ] --START--
INFO: Run Behavior\ShowPageTraceBehavior [ RunTime:0.000722s ]
INFO: [ app_end ] --END-- [ RunTime:0.000766s ]

[ 2018-12-05T00:29:46+08:00 ] 140.243.224.186 /index.php/Home/xzpd/findrecard?openid1=oV9VJ5Aj1XitLVg60bAAnpg3C0ss
INFO: [ app_init ] --START--
INFO: Run Behavior\BuildLiteBehavior [ RunTime:0.000014s ]
INFO: [ app_init ] --END-- [ RunTime:0.000350s ]
INFO: [ app_begin ] --START--
INFO: Run Behavior\ReadHtmlCacheBehavior [ RunTime:0.000596s ]
INFO: [ app_begin ] --END-- [ RunTime:0.000640s ]
SQL: SHOW COLUMNS FROM `mn_xz_recard` [ RunTime:0.0018s ]
NOTIC: [8] Undefined index: myopenid C:\project\miniapi\Application\Home\Controller\XzpdController.class.php 第 102 行.
SQL: SELECT * FROM `mn_xz_recard` WHERE `openid1` = 'oV9VJ5Aj1XitLVg60bAAnpg3C0ss'  [ RunTime:0.0004s ]
INFO: [ app_end ] --START--
INFO: Run Behavior\ShowPageTraceBehavior [ RunTime:0.000602s ]
INFO: [ app_end ] --END-- [ RunTime:0.000641s ]

[ 2018-12-05T00:29:50+08:00 ] 140.243.224.186 /index.php/Home/xzpd/findrecard?openid1=oV9VJ5Aj1XitLVg60bAAnpg3C0ss
INFO: [ app_init ] --START--
INFO: Run Behavior\BuildLiteBehavior [ RunTime:0.000020s ]
INFO: [ app_init ] --END-- [ RunTime:0.000342s ]
INFO: [ app_begin ] --START--
INFO: Run Behavior\ReadHtmlCacheBehavior [ RunTime:0.000564s ]
INFO: [ app_begin ] --END-- [ RunTime:0.000607s ]
SQL: SHOW COLUMNS FROM `mn_xz_recard` [ RunTime:0.0016s ]
NOTIC: [8] Undefined index: myopenid C:\project\miniapi\Application\Home\Controller\XzpdController.class.php 第 102 行.
SQL: SELECT * FROM `mn_xz_recard` WHERE `openid1` = 'oV9VJ5Aj1XitLVg60bAAnpg3C0ss'  [ RunTime:0.0004s ]
INFO: [ app_end ] --START--
INFO: Run Behavior\ShowPageTraceBehavior [ RunTime:0.000645s ]
INFO: [ app_end ] --END-- [ RunTime:0.000685s ]

[ 2018-12-05T00:29:52+08:00 ] 140.243.224.186 /index.php/Home/xzpd/findrecard?openid1=oV9VJ5Aj1XitLVg60bAAnpg3C0ss
INFO: [ app_init ] --START--
INFO: Run Behavior\BuildLiteBehavior [ RunTime:0.000012s ]
INFO: [ app_init ] --END-- [ RunTime:0.000305s ]
INFO: [ app_begin ] --START--
INFO: Run Behavior\ReadHtmlCacheBehavior [ RunTime:0.000560s ]
INFO: [ app_begin ] --END-- [ RunTime:0.000604s ]
SQL: SHOW COLUMNS FROM `mn_xz_recard` [ RunTime:0.0016s ]
NOTIC: [8] Undefined index: myopenid C:\project\miniapi\Application\Home\Controller\XzpdController.class.php 第 102 行.
SQL: SELECT * FROM `mn_xz_recard` WHERE `openid1` = 'oV9VJ5Aj1XitLVg60bAAnpg3C0ss'  [ RunTime:0.0004s ]
INFO: [ app_end ] --START--
INFO: Run Behavior\ShowPageTraceBehavior [ RunTime:0.000635s ]
INFO: [ app_end ] --END-- [ RunTime:0.000676s ]

[ 2018-12-05T00:29:55+08:00 ] 140.243.224.186 /index.php/Home/xzpd/getwxaqrcode?openid=oV9VJ5Aj1XitLVg60bAAnpg3C0ss&apptype=xz
INFO: [ app_init ] --START--
INFO: Run Behavior\BuildLiteBehavior [ RunTime:0.000013s ]
INFO: [ app_init ] --END-- [ RunTime:0.000307s ]
INFO: [ app_begin ] --START--
INFO: Run Behavior\ReadHtmlCacheBehavior [ RunTime:0.000583s ]
INFO: [ app_begin ] --END-- [ RunTime:0.000627s ]
NOTIC: [2] curl_setopt(): You must pass either an object or an array with the CURLOPT_HTTPHEADER argument C:\project\miniapi\Application\Home\Controller\XzpdController.class.php 第 169 行.
NOTIC: [2] curl_errno(): 24 is not a valid cURL handle resource C:\project\miniapi\Application\Home\Controller\XzpdController.class.php 第 178 行.
NOTIC: [2] curl_setopt(): You must pass either an object or an array with the CURLOPT_HTTPHEADER argument C:\project\miniapi\Application\Home\Controller\XzpdController.class.php 第 169 行.
NOTIC: [2] curl_errno(): 25 is not a valid cURL handle resource C:\project\miniapi\Application\Home\Controller\XzpdController.class.php 第 178 行.
INFO: [ app_end ] --START--
INFO: Run Behavior\ShowPageTraceBehavior [ RunTime:0.000757s ]
INFO: [ app_end ] --END-- [ RunTime:0.000824s ]

[ 2018-12-05T00:30:00+08:00 ] 140.243.210.83 /index.php/Home/xzpd/adduser?openid=oV9VJ5OmHO9foxftZDuimQ32ck6E&name=BTI&avatar=https%3A%2F%2Fwx.qlogo.cn%2Fmmopen%2Fvi_32%2FDYAIOgq83eogiawZOpKUbcJbxn5owKz9AWBBliaqib4Ddvro8msGUrgL9iabCbSXoLfVr36IicFAUBqCibWuqZePsHqw%2F132&constellation=%E5%B0%84%E6%89%8B&staricon=..%2Fimages%2Fstaricon%2Fsheshou.png&date=11-24
INFO: [ app_init ] --START--
INFO: Run Behavior\BuildLiteBehavior [ RunTime:0.000012s ]
INFO: [ app_init ] --END-- [ RunTime:0.000308s ]
INFO: [ app_begin ] --START--
INFO: Run Behavior\ReadHtmlCacheBehavior [ RunTime:0.000536s ]
INFO: [ app_begin ] --END-- [ RunTime:0.000591s ]
SQL: SHOW COLUMNS FROM `mn_xz_user` [ RunTime:0.0015s ]
SQL: SELECT * FROM `mn_xz_user` WHERE `openid` = 'oV9VJ5OmHO9foxftZDuimQ32ck6E' LIMIT 1   [ RunTime:0.0006s ]
SQL: INSERT INTO `mn_xz_user` (`openid`,`name`,`avatar`,`constellation`,`staricon`,`date`) VALUES ('oV9VJ5OmHO9foxftZDuimQ32ck6E','BTI','https://wx.qlogo.cn/mmopen/vi_32/DYAIOgq83eogiawZOpKUbcJbxn5owKz9AWBBliaqib4Ddvro8msGUrgL9iabCbSXoLfVr36IicFAUBqCibWuqZePsHqw/132','射手','../images/staricon/sheshou.png','11-24') [ RunTime:0.0282s ]
INFO: [ app_end ] --START--
INFO: Run Behavior\ShowPageTraceBehavior [ RunTime:0.000682s ]
INFO: [ app_end ] --END-- [ RunTime:0.000724s ]

[ 2018-12-05T00:30:01+08:00 ] 140.243.210.83 /index.php/Home/xzpd/findfrienduser?openid=oV9VJ5Aj1XitLVg60bAAnpg3C0ss
INFO: [ app_init ] --START--
INFO: Run Behavior\BuildLiteBehavior [ RunTime:0.000013s ]
INFO: [ app_init ] --END-- [ RunTime:0.000307s ]
INFO: [ app_begin ] --START--
INFO: Run Behavior\ReadHtmlCacheBehavior [ RunTime:0.000594s ]
INFO: [ app_begin ] --END-- [ RunTime:0.000639s ]
SQL: SHOW COLUMNS FROM `mn_xz_user` [ RunTime:0.0015s ]
SQL: SELECT * FROM `mn_xz_user` WHERE `openid` = 'oV9VJ5Aj1XitLVg60bAAnpg3C0ss' LIMIT 1   [ RunTime:0.0005s ]
INFO: [ app_end ] --START--
INFO: Run Behavior\ShowPageTraceBehavior [ RunTime:0.000690s ]
INFO: [ app_end ] --END-- [ RunTime:0.000730s ]

[ 2018-12-05T00:30:01+08:00 ] 140.243.210.83 /index.php/Home/xzpd/findpair?constellation1=7&constellation2=11
INFO: [ app_init ] --START--
INFO: Run Behavior\BuildLiteBehavior [ RunTime:0.000013s ]
INFO: [ app_init ] --END-- [ RunTime:0.000311s ]
INFO: [ app_begin ] --START--
INFO: Run Behavior\ReadHtmlCacheBehavior [ RunTime:0.000647s ]
INFO: [ app_begin ] --END-- [ RunTime:0.000693s ]
SQL: SHOW COLUMNS FROM `mn_xz_pair` [ RunTime:0.0015s ]
SQL: SELECT * FROM `mn_xz_pair` WHERE `constellation1` = 7 AND `constellation2` = 11  [ RunTime:0.0003s ]
INFO: [ app_end ] --START--
INFO: Run Behavior\ShowPageTraceBehavior [ RunTime:0.000654s ]
INFO: [ app_end ] --END-- [ RunTime:0.000695s ]

[ 2018-12-05T00:30:01+08:00 ] 140.243.210.83 /index.php/Home/xzpd/addrecard?openid1=oV9VJ5Aj1XitLVg60bAAnpg3C0ss&name1=%E9%BB%84%E7%93%9C%E9%99%88%E5%BB%BA%7C%E6%AF%85%E4%BA%AB%E5%A4%A9%E5%BC%80%7C%E5%BE%AE%E5%88%9B%E8%81%94%E5%90%88&avatar1=https%3A%2F%2Fwx.qlogo.cn%2Fmmopen%2Fvi_32%2FQ0j4TwGTfTK3BQOabMPkUgnTkURtU48BQQl5Nqh4U0Xib635FoX8MwSCofd12pUcgDWb6omQD0JSUZy9yJNiaXhA%2F132&constellation1=%E7%8B%AE%E5%AD%90&staricon1=..%2Fimages%2Fstaricon%2Fshizi.png&openid2=oV9VJ5OmHO9foxftZDuimQ32ck6E&name2=BTI&avatar2=https%3A%2F%2Fwx.qlogo.cn%2Fmmopen%2Fvi_32%2FDYAIOgq83eogiawZOpKUbcJbxn5owKz9AWBBliaqib4Ddvro8msGUrgL9iabCbSXoLfVr36IicFAUBqCibWuqZePsHqw%2F132&constellation2=%E5%B0%84%E6%89%8B&staricon2=..%2Fimages%2Fstaricon%2Fsheshou.png&analysis=%E8%BF%99%E4%B9%9F%E6%98%AF%E4%B8%80%E4%B8%AA%E7%BB%9D%E5%A5%BD%E9%85%8D%E5%AF%B9%E5%93%A6!%E4%B8%A4%E4%B8%AA%E4%B8%80%E6%A0%B7%E7%88%B1%E7%8E%A9%E5%8F%88%E4%B8%80%E6%A0%B7%E7%83%AD%E6%83%85%E7%9A%84%E6%98%9F%E5%BA%A7%E9%81%87%E5%9C%A8%E4%B8%80%E8%B5%B7%E5%86%92%E5%87%BA%E7%9A%84%E7%81%AB%E8%8A%B1%E5%8F%AF%E6%98%AF%E4%BC%9A%E7%83%A7%E6%AD%BB%E4%BA%BA%E7%9A%84%EF%BC%8C%E5%8A%A0%E4%B8%8A%E4%BB%96%E4%BB%AC%E5%AF%B9%E5%BE%88%E5%A4%9A%E4%BA%8B%E6%83%85%E9%83%BD%E6%9C%89%E7%9B%B8%E5%90%8C%E7%9A%84%E7%9C%8B%E6%B3%95%EF%BC%8C%E7%9C%9F%E6%98%AF%E8%B6%85%E7%BA%A7%E9%80%9F%E9%85%8D%E7%9A%84%E7%BB%84%E5%90%88%EF%BC%8C%E8%B6%B3%E4%BB%A5%E8%AE%A9%E4%BA%BA%E7%BE%A1%E6%85%95%E5%BE%97%E6%B5%81%E5%8F%A3%E6%B0%B4%E4%BA%86!&cheats=%E8%AF%B4%E7%9C%9F%E7%9A%84%EF%BC%8C%E6%97%A2%E7%84%B6%E8%BF%99%E4%B9%88%E5%90%88%EF%BC%8C%E5%AE%9E%E5%9C%A8%E4%B9%9F%E5%B0%B1%E6%B2%A1%E4%BB%80%E4%B9%88%E5%A5%BD%E6%AF%94%E8%BE%83%E7%9A%84%E4%BA%86%EF%BC%8C%E4%B8%8D%E8%BF%87%E5%A6%82%E6%9E%9C%E7%9C%9F%E6%8B%BF%E6%9D%A5%E5%AF%B9%E7%85%A7%E4%B8%80%E4%B8%8B%EF%BC%8C%E8%87%AA%E7%94%B1%E7%9A%84%E5%B0%84%E6%89%8B%E5%8F%AF%E8%83%BD%E8%BF%98%E6%98%AF%E5%B1%85%E4%B8%8A%E9%A3%8E%E7%9A%84%E5%93%A6!%E6%B2%A1%E9%94%99%EF%BC%8C%E8%87%AA%E7%94%B1%E6%98%AF%E5%B0%84%E6%89%8B%E7%9A%84%E7%89%B9%E8%89%B2%EF%BC%8C%E8%80%8C%E4%B8%94%E4%B9%9F%E5%9B%A0%E4%B8%BA%E8%BF%99%E4%B8%AA%E7%89%B9%E8%89%B2%E8%AE%A9%E4%BB%96%E4%BB%AC%E5%85%85%E6%BB%A1%E4%BA%86%E4%B8%8D%E5%8F%AF%E9%A2%84%E6%B5%8B%E7%9A%84%E9%AD%85%E5%8A%9B%EF%BC%8C%E5%BC%95%E5%BE%97%E7%8B%AE%E5%AD%90%E5%BF%83%E7%97%92%E7%97%92%EF%BC%8C%E7%9C%9F%E7%9A%84%E4%BC%9A%E6%9C%89%E7%82%B9%E5%AE%B3%E6%80%95%E4%BB%96%E4%BB%AC%E7%AA%81%E7%84%B6%E4%B9%8B%E9%97%B4%E5%B0%B1%E9%A3%9E%E8%B5%B0%E4%BA%86!%E9%82%A3%E6%89%8D%E7%9C%9F%E5%8F%AB%E4%BA%BA%E4%BC%A4%E5%BF%83%E5%91%A2!&score=95.53339306262248&isshow=0&ispaid=0
INFO: [ app_init ] --START--
INFO: Run Behavior\BuildLiteBehavior [ RunTime:0.000013s ]
INFO: [ app_init ] --END-- [ RunTime:0.000356s ]
INFO: [ app_begin ] --START--
INFO: Run Behavior\ReadHtmlCacheBehavior [ RunTime:0.000483s ]
INFO: [ app_begin ] --END-- [ RunTime:0.000527s ]
SQL: SHOW COLUMNS FROM `mn_xz_recard` [ RunTime:0.0017s ]
SQL: SELECT * FROM `mn_xz_recard` WHERE `openid1` = 'oV9VJ5Aj1XitLVg60bAAnpg3C0ss' AND `openid2` = 'oV9VJ5OmHO9foxftZDuimQ32ck6E' LIMIT 1   [ RunTime:0.0004s ]
SQL: INSERT INTO `mn_xz_recard` (`openid1`,`name1`,`avatar1`,`constellation1`,`staricon1`,`analysis`,`cheats`,`openid2`,`name2`,`avatar2`,`constellation2`,`staricon2`,`score`,`isshow`,`ispaid`) VALUES ('oV9VJ5Aj1XitLVg60bAAnpg3C0ss','黄瓜陈建|毅享天开|微创联合','https://wx.qlogo.cn/mmopen/vi_32/Q0j4TwGTfTK3BQOabMPkUgnTkURtU48BQQl5Nqh4U0Xib635FoX8MwSCofd12pUcgDWb6omQD0JSUZy9yJNiaXhA/132','狮子','../images/staricon/shizi.png','这也是一个绝好配对哦!两个一样爱玩又一样热情的星座遇在一起冒出的火花可是会烧死人的，加上他们对很多事情都有相同的看法，真是超级速配的组合，足以让人羡慕得流口水了!','说真的，既然这么合，实在也就没什么好比较的了，不过如果真拿来对照一下，自由的射手可能还是居上风的哦!没错，自由是射手的特色，而且也因为这个特色让他们充满了不可预测的魅力，引得狮子心痒痒，真的会有点害怕他们突然之间就飞走了!那才真叫人伤心呢!','oV9VJ5OmHO9foxftZDuimQ32ck6E','BTI','https://wx.qlogo.cn/mmopen/vi_32/DYAIOgq83eogiawZOpKUbcJbxn5owKz9AWBBliaqib4Ddvro8msGUrgL9iabCbSXoLfVr36IicFAUBqCibWuqZePsHqw/132','射手','../images/staricon/sheshou.png','95','0','0') [ RunTime:0.0022s ]
INFO: [ app_end ] --START--
INFO: Run Behavior\ShowPageTraceBehavior [ RunTime:0.000588s ]
INFO: [ app_end ] --END-- [ RunTime:0.000631s ]

[ 2018-12-05T00:30:01+08:00 ] 140.243.210.83 /index.php/Home/xzpd/findpair?constellation1=11&constellation2=7
INFO: [ app_init ] --START--
INFO: Run Behavior\BuildLiteBehavior [ RunTime:0.000014s ]
INFO: [ app_init ] --END-- [ RunTime:0.000393s ]
INFO: [ app_begin ] --START--
INFO: Run Behavior\ReadHtmlCacheBehavior [ RunTime:0.000574s ]
INFO: [ app_begin ] --END-- [ RunTime:0.000622s ]
SQL: SHOW COLUMNS FROM `mn_xz_pair` [ RunTime:0.0015s ]
SQL: SELECT * FROM `mn_xz_pair` WHERE `constellation1` = 11 AND `constellation2` = 7  [ RunTime:0.0003s ]
INFO: [ app_end ] --START--
INFO: Run Behavior\ShowPageTraceBehavior [ RunTime:0.000618s ]
INFO: [ app_end ] --END-- [ RunTime:0.000659s ]

[ 2018-12-05T00:30:01+08:00 ] 140.243.210.83 /index.php/Home/xzpd/findrecard?openid1=oV9VJ5Aj1XitLVg60bAAnpg3C0ss
INFO: [ app_init ] --START--
INFO: Run Behavior\BuildLiteBehavior [ RunTime:0.000013s ]
INFO: [ app_init ] --END-- [ RunTime:0.000374s ]
INFO: [ app_begin ] --START--
INFO: Run Behavior\ReadHtmlCacheBehavior [ RunTime:0.000545s ]
INFO: [ app_begin ] --END-- [ RunTime:0.000589s ]
SQL: SHOW COLUMNS FROM `mn_xz_recard` [ RunTime:0.0014s ]
NOTIC: [8] Undefined index: myopenid C:\project\miniapi\Application\Home\Controller\XzpdController.class.php 第 102 行.
SQL: SELECT * FROM `mn_xz_recard` WHERE `openid1` = 'oV9VJ5Aj1XitLVg60bAAnpg3C0ss'  [ RunTime:0.0004s ]
INFO: [ app_end ] --START--
INFO: Run Behavior\ShowPageTraceBehavior [ RunTime:0.000625s ]
INFO: [ app_end ] --END-- [ RunTime:0.000666s ]

[ 2018-12-05T00:30:02+08:00 ] 140.243.210.83 /index.php/Home/xzpd/addrecard?openid1=oV9VJ5OmHO9foxftZDuimQ32ck6E&name1=BTI&avatar1=https%3A%2F%2Fwx.qlogo.cn%2Fmmopen%2Fvi_32%2FDYAIOgq83eogiawZOpKUbcJbxn5owKz9AWBBliaqib4Ddvro8msGUrgL9iabCbSXoLfVr36IicFAUBqCibWuqZePsHqw%2F132&constellation1=%E5%B0%84%E6%89%8B&staricon1=..%2Fimages%2Fstaricon%2Fsheshou.png&openid2=oV9VJ5Aj1XitLVg60bAAnpg3C0ss&name2=%E9%BB%84%E7%93%9C%E9%99%88%E5%BB%BA%7C%E6%AF%85%E4%BA%AB%E5%A4%A9%E5%BC%80%7C%E5%BE%AE%E5%88%9B%E8%81%94%E5%90%88&avatar2=https%3A%2F%2Fwx.qlogo.cn%2Fmmopen%2Fvi_32%2FQ0j4TwGTfTK3BQOabMPkUgnTkURtU48BQQl5Nqh4U0Xib635FoX8MwSCofd12pUcgDWb6omQD0JSUZy9yJNiaXhA%2F132&constellation2=%E7%8B%AE%E5%AD%90&staricon2=..%2Fimages%2Fstaricon%2Fshizi.png&analysis=%E8%BF%99%E6%98%AF%E4%B8%A4%E4%B8%AA%E7%81%AB%E8%B1%A1%E6%98%9F%E5%BA%A7%E7%9A%84%E7%BB%84%E5%90%88%EF%BC%8C%E5%BD%93%E7%84%B6%E4%B9%9F%E5%A4%9F%E7%81%AB%E8%BE%A3%E7%9A%84%E4%BA%86%EF%BC%8C%E8%B0%88%E8%B5%B7%E6%81%8B%E7%88%B1%E6%9D%A5%E7%BB%9D%E5%AF%B9%E6%AF%94%E5%88%AB%E4%BA%BA%E6%9D%A5%E7%9A%84%E7%83%AD%E6%83%85%E9%AB%98%E5%87%BA%E6%95%B0%E5%80%8D!%E8%BF%99%E4%B8%AA%E7%BB%84%E5%90%88%E5%9B%A0%E4%B8%BA%E4%B8%AA%E6%80%A7%E4%B8%8A%E7%9A%84%E7%9B%B8%E4%BC%BC%EF%BC%8C%E6%89%80%E4%BB%A5%E8%BF%9E%E4%B8%8D%E6%BB%A1%E7%9A%84%E6%9C%BA%E4%BC%9A%E9%83%BD%E6%B2%A1%E6%9C%89%EF%BC%8C%E6%B3%A8%E5%AE%9A%E6%98%AF%E4%B8%AA%E8%B6%85%E7%BA%A7%E7%BB%9D%E5%AF%B9%E7%9A%84%E9%80%9F%E9%85%8D%E7%BB%84%E5%90%88!&cheats=%E6%83%B3%E5%AF%B9%E4%BB%98%E7%8B%AE%E5%AD%90%E5%BA%A7%E5%8F%AA%E8%A6%81%E8%AE%A9%E4%BB%96%E7%9F%A5%E9%81%93%E4%BD%A0%E5%9C%A8%E5%93%AA%E9%87%8C%E5%B0%B1%E5%A5%BD%E4%BA%86%EF%BC%8C%E4%B8%BB%E5%8A%A8%E6%8A%A5%E5%91%8A%E4%BC%9A%E8%AE%A9%E4%BB%96%E4%BB%AC%E6%94%BE%E5%BF%83%EF%BC%8C%E4%B9%9F%E4%B8%8D%E4%BC%9A%E5%A4%9A%E8%AF%B4%E4%BB%80%E4%B9%88%EF%BC%8C%E7%AE%97%E6%98%AF%E5%BE%88%E5%A5%BD%E8%A7%A3%E5%86%B3%E7%9A%84%E3%80%82%E5%B9%B3%E5%B8%B8%E6%9C%89%E4%BA%8B%E6%B2%A1%E4%BA%8B%E9%99%AA%E7%9D%80%E4%BB%96%E4%BB%AC%E4%B8%80%E8%B5%B7%E5%81%9A%E4%BA%9B%E7%90%90%E4%BA%8B%E4%B9%9F%E4%BC%9A%E8%AE%A9%E4%BB%96%E4%BB%AC%E8%A7%89%E5%BE%97%E9%AB%98%E5%85%B4%EF%BC%8C%E9%80%9A%E5%B8%B8%E5%B0%84%E6%89%8B%E6%83%B3%E5%81%9A%E7%9A%84%E4%BA%8B%E6%83%85%E4%B9%9F%E4%BC%9A%E6%98%AF%E7%8B%AE%E5%BA%A7%E6%9C%89%E5%85%B4%E8%B6%A3%E7%9A%84%EF%BC%8C%E4%B8%8D%E5%A6%A8%E5%87%91%E5%9C%A8%E4%B8%80%E8%B5%B7%E6%90%9E%E6%80%AA%E4%BD%9C%E4%B9%B1%EF%BC%8C%E4%BC%9A%E8%AE%A9%E4%BD%A0%E4%BB%AC%E4%B9%8B%E9%97%B4%E4%BA%A7%E7%94%9F%E6%9B%B4%E6%B7%B1%E5%8E%9A%E7%9A%84%E6%84%9F%E6%83%85%E5%93%A6!&score=95.53339306262248&isshow=0&ispaid=0
INFO: [ app_init ] --START--
INFO: Run Behavior\BuildLiteBehavior [ RunTime:0.000013s ]
INFO: [ app_init ] --END-- [ RunTime:0.000402s ]
INFO: [ app_begin ] --START--
INFO: Run Behavior\ReadHtmlCacheBehavior [ RunTime:0.000649s ]
INFO: [ app_begin ] --END-- [ RunTime:0.000695s ]
SQL: SHOW COLUMNS FROM `mn_xz_recard` [ RunTime:0.0016s ]
SQL: SELECT * FROM `mn_xz_recard` WHERE `openid1` = 'oV9VJ5OmHO9foxftZDuimQ32ck6E' AND `openid2` = 'oV9VJ5Aj1XitLVg60bAAnpg3C0ss' LIMIT 1   [ RunTime:0.0003s ]
SQL: INSERT INTO `mn_xz_recard` (`openid1`,`name1`,`avatar1`,`constellation1`,`staricon1`,`analysis`,`cheats`,`openid2`,`name2`,`avatar2`,`constellation2`,`staricon2`,`score`,`isshow`,`ispaid`) VALUES ('oV9VJ5OmHO9foxftZDuimQ32ck6E','BTI','https://wx.qlogo.cn/mmopen/vi_32/DYAIOgq83eogiawZOpKUbcJbxn5owKz9AWBBliaqib4Ddvro8msGUrgL9iabCbSXoLfVr36IicFAUBqCibWuqZePsHqw/132','射手','../images/staricon/sheshou.png','这是两个火象星座的组合，当然也够火辣的了，谈起恋爱来绝对比别人来的热情高出数倍!这个组合因为个性上的相似，所以连不满的机会都没有，注定是个超级绝对的速配组合!','想对付狮子座只要让他知道你在哪里就好了，主动报告会让他们放心，也不会多说什么，算是很好解决的。平常有事没事陪着他们一起做些琐事也会让他们觉得高兴，通常射手想做的事情也会是狮座有兴趣的，不妨凑在一起搞怪作乱，会让你们之间产生更深厚的感情哦!','oV9VJ5Aj1XitLVg60bAAnpg3C0ss','黄瓜陈建|毅享天开|微创联合','https://wx.qlogo.cn/mmopen/vi_32/Q0j4TwGTfTK3BQOabMPkUgnTkURtU48BQQl5Nqh4U0Xib635FoX8MwSCofd12pUcgDWb6omQD0JSUZy9yJNiaXhA/132','狮子','../images/staricon/shizi.png','95','0','0') [ RunTime:0.0031s ]
INFO: [ app_end ] --START--
INFO: Run Behavior\ShowPageTraceBehavior [ RunTime:0.000605s ]
INFO: [ app_end ] --END-- [ RunTime:0.000643s ]

[ 2018-12-05T00:30:04+08:00 ] 140.243.224.186 /index.php/Home/xzpd/getopenid?code=001srTxj2Ru85D0W47wj28URxj2srTxM
INFO: [ app_init ] --START--
INFO: Run Behavior\BuildLiteBehavior [ RunTime:0.000013s ]
INFO: [ app_init ] --END-- [ RunTime:0.000348s ]
INFO: [ app_begin ] --START--
INFO: Run Behavior\ReadHtmlCacheBehavior [ RunTime:0.000578s ]
INFO: [ app_begin ] --END-- [ RunTime:0.000623s ]
NOTIC: [2] curl_setopt(): You must pass either an object or an array with the CURLOPT_HTTPHEADER argument C:\project\miniapi\Application\Home\Controller\XzpdController.class.php 第 152 行.
NOTIC: [2] curl_errno(): 24 is not a valid cURL handle resource C:\project\miniapi\Application\Home\Controller\XzpdController.class.php 第 160 行.
SQL: SHOW COLUMNS FROM `mn_xz_user` [ RunTime:0.0018s ]
SQL: SELECT * FROM `mn_xz_user` WHERE `openid` = 'oV9VJ5Aj1XitLVg60bAAnpg3C0ss' LIMIT 1   [ RunTime:0.0005s ]
INFO: [ app_end ] --START--
INFO: Run Behavior\ShowPageTraceBehavior [ RunTime:0.000771s ]
INFO: [ app_end ] --END-- [ RunTime:0.000819s ]

[ 2018-12-05T00:30:04+08:00 ] 140.243.224.186 /index.php/Home/xzpd/findrecard?openid1=oV9VJ5Aj1XitLVg60bAAnpg3C0ss
INFO: [ app_init ] --START--
INFO: Run Behavior\BuildLiteBehavior [ RunTime:0.000013s ]
INFO: [ app_init ] --END-- [ RunTime:0.000360s ]
INFO: [ app_begin ] --START--
INFO: Run Behavior\ReadHtmlCacheBehavior [ RunTime:0.000579s ]
INFO: [ app_begin ] --END-- [ RunTime:0.000622s ]
SQL: SHOW COLUMNS FROM `mn_xz_recard` [ RunTime:0.0015s ]
NOTIC: [8] Undefined index: myopenid C:\project\miniapi\Application\Home\Controller\XzpdController.class.php 第 102 行.
SQL: SELECT * FROM `mn_xz_recard` WHERE `openid1` = 'oV9VJ5Aj1XitLVg60bAAnpg3C0ss'  [ RunTime:0.0004s ]
INFO: [ app_end ] --START--
INFO: Run Behavior\ShowPageTraceBehavior [ RunTime:0.000672s ]
INFO: [ app_end ] --END-- [ RunTime:0.000712s ]

[ 2018-12-05T00:30:21+08:00 ] 140.243.224.186 /index.php/Home/xzpd/getopenid?code=001857v506Q4UC1uQ0t50RKlv50857vz
INFO: [ app_init ] --START--
INFO: Run Behavior\BuildLiteBehavior [ RunTime:0.000024s ]
INFO: [ app_init ] --END-- [ RunTime:0.000396s ]
INFO: [ app_begin ] --START--
INFO: Run Behavior\ReadHtmlCacheBehavior [ RunTime:0.000647s ]
INFO: [ app_begin ] --END-- [ RunTime:0.000691s ]
NOTIC: [2] curl_setopt(): You must pass either an object or an array with the CURLOPT_HTTPHEADER argument C:\project\miniapi\Application\Home\Controller\XzpdController.class.php 第 152 行.
NOTIC: [2] curl_errno(): 24 is not a valid cURL handle resource C:\project\miniapi\Application\Home\Controller\XzpdController.class.php 第 160 行.
SQL: SHOW COLUMNS FROM `mn_xz_user` [ RunTime:0.0016s ]
SQL: SELECT * FROM `mn_xz_user` WHERE `openid` = 'oV9VJ5Aj1XitLVg60bAAnpg3C0ss' LIMIT 1   [ RunTime:0.0005s ]
INFO: [ app_end ] --START--
INFO: Run Behavior\ShowPageTraceBehavior [ RunTime:0.000744s ]
INFO: [ app_end ] --END-- [ RunTime:0.000791s ]

[ 2018-12-05T00:30:21+08:00 ] 140.243.224.186 /index.php/Home/xzpd/findrecard?openid1=oV9VJ5Aj1XitLVg60bAAnpg3C0ss
INFO: [ app_init ] --START--
INFO: Run Behavior\BuildLiteBehavior [ RunTime:0.000013s ]
INFO: [ app_init ] --END-- [ RunTime:0.000329s ]
INFO: [ app_begin ] --START--
INFO: Run Behavior\ReadHtmlCacheBehavior [ RunTime:0.000554s ]
INFO: [ app_begin ] --END-- [ RunTime:0.000600s ]
SQL: SHOW COLUMNS FROM `mn_xz_recard` [ RunTime:0.0021s ]
NOTIC: [8] Undefined index: myopenid C:\project\miniapi\Application\Home\Controller\XzpdController.class.php 第 102 行.
SQL: SELECT * FROM `mn_xz_recard` WHERE `openid1` = 'oV9VJ5Aj1XitLVg60bAAnpg3C0ss'  [ RunTime:0.0005s ]
INFO: [ app_end ] --START--
INFO: Run Behavior\ShowPageTraceBehavior [ RunTime:0.000923s ]
INFO: [ app_end ] --END-- [ RunTime:0.000984s ]

[ 2018-12-05T00:30:22+08:00 ] 140.243.224.186 /index.php/Home/xzpd/getopenid?code=0811spqn0H6xuk1bBuqn0gwfqn01spqJ
INFO: [ app_init ] --START--
INFO: Run Behavior\BuildLiteBehavior [ RunTime:0.000014s ]
INFO: [ app_init ] --END-- [ RunTime:0.000397s ]
INFO: [ app_begin ] --START--
INFO: Run Behavior\ReadHtmlCacheBehavior [ RunTime:0.000577s ]
INFO: [ app_begin ] --END-- [ RunTime:0.000624s ]
NOTIC: [2] curl_setopt(): You must pass either an object or an array with the CURLOPT_HTTPHEADER argument C:\project\miniapi\Application\Home\Controller\XzpdController.class.php 第 152 行.
NOTIC: [2] curl_errno(): 24 is not a valid cURL handle resource C:\project\miniapi\Application\Home\Controller\XzpdController.class.php 第 160 行.
SQL: SHOW COLUMNS FROM `mn_xz_user` [ RunTime:0.0016s ]
SQL: SELECT * FROM `mn_xz_user` WHERE `openid` = 'oV9VJ5Aj1XitLVg60bAAnpg3C0ss' LIMIT 1   [ RunTime:0.0005s ]
INFO: [ app_end ] --START--
INFO: Run Behavior\ShowPageTraceBehavior [ RunTime:0.000680s ]
INFO: [ app_end ] --END-- [ RunTime:0.000722s ]

[ 2018-12-05T00:30:22+08:00 ] 140.243.224.186 /index.php/Home/xzpd/findrecard?openid1=oV9VJ5Aj1XitLVg60bAAnpg3C0ss
INFO: [ app_init ] --START--
INFO: Run Behavior\BuildLiteBehavior [ RunTime:0.000012s ]
INFO: [ app_init ] --END-- [ RunTime:0.000379s ]
INFO: [ app_begin ] --START--
INFO: Run Behavior\ReadHtmlCacheBehavior [ RunTime:0.000609s ]
INFO: [ app_begin ] --END-- [ RunTime:0.000651s ]
SQL: SHOW COLUMNS FROM `mn_xz_recard` [ RunTime:0.0014s ]
NOTIC: [8] Undefined index: myopenid C:\project\miniapi\Application\Home\Controller\XzpdController.class.php 第 102 行.
SQL: SELECT * FROM `mn_xz_recard` WHERE `openid1` = 'oV9VJ5Aj1XitLVg60bAAnpg3C0ss'  [ RunTime:0.0004s ]
INFO: [ app_end ] --START--
INFO: Run Behavior\ShowPageTraceBehavior [ RunTime:0.000689s ]
INFO: [ app_end ] --END-- [ RunTime:0.000729s ]

[ 2018-12-05T00:30:24+08:00 ] 140.243.224.186 /index.php/Home/xzpd/getopenid?code=011mLH0G0PIKpd2bCT3G08oN0G0mLH0m
INFO: [ app_init ] --START--
INFO: Run Behavior\BuildLiteBehavior [ RunTime:0.000012s ]
INFO: [ app_init ] --END-- [ RunTime:0.000372s ]
INFO: [ app_begin ] --START--
INFO: Run Behavior\ReadHtmlCacheBehavior [ RunTime:0.000606s ]
INFO: [ app_begin ] --END-- [ RunTime:0.000650s ]
NOTIC: [2] curl_setopt(): You must pass either an object or an array with the CURLOPT_HTTPHEADER argument C:\project\miniapi\Application\Home\Controller\XzpdController.class.php 第 152 行.
NOTIC: [2] curl_errno(): 24 is not a valid cURL handle resource C:\project\miniapi\Application\Home\Controller\XzpdController.class.php 第 160 行.
SQL: SHOW COLUMNS FROM `mn_xz_user` [ RunTime:0.0016s ]
SQL: SELECT * FROM `mn_xz_user` WHERE `openid` = 'oV9VJ5Aj1XitLVg60bAAnpg3C0ss' LIMIT 1   [ RunTime:0.0005s ]
INFO: [ app_end ] --START--
INFO: Run Behavior\ShowPageTraceBehavior [ RunTime:0.000660s ]
INFO: [ app_end ] --END-- [ RunTime:0.000704s ]

[ 2018-12-05T00:30:24+08:00 ] 140.243.224.186 /index.php/Home/xzpd/findrecard?openid1=oV9VJ5Aj1XitLVg60bAAnpg3C0ss
INFO: [ app_init ] --START--
INFO: Run Behavior\BuildLiteBehavior [ RunTime:0.000013s ]
INFO: [ app_init ] --END-- [ RunTime:0.000335s ]
INFO: [ app_begin ] --START--
INFO: Run Behavior\ReadHtmlCacheBehavior [ RunTime:0.000687s ]
INFO: [ app_begin ] --END-- [ RunTime:0.000731s ]
SQL: SHOW COLUMNS FROM `mn_xz_recard` [ RunTime:0.0017s ]
NOTIC: [8] Undefined index: myopenid C:\project\miniapi\Application\Home\Controller\XzpdController.class.php 第 102 行.
SQL: SELECT * FROM `mn_xz_recard` WHERE `openid1` = 'oV9VJ5Aj1XitLVg60bAAnpg3C0ss'  [ RunTime:0.0005s ]
INFO: [ app_end ] --START--
INFO: Run Behavior\ShowPageTraceBehavior [ RunTime:0.000645s ]
INFO: [ app_end ] --END-- [ RunTime:0.000684s ]

[ 2018-12-05T00:30:26+08:00 ] 140.243.224.186 /index.php/Home/xzpd/getopenid?code=081WHGPe0Ru74u1XOORe0Iu5Qe0WHGP6
INFO: [ app_init ] --START--
INFO: Run Behavior\BuildLiteBehavior [ RunTime:0.000014s ]
INFO: [ app_init ] --END-- [ RunTime:0.000408s ]
INFO: [ app_begin ] --START--
INFO: Run Behavior\ReadHtmlCacheBehavior [ RunTime:0.000583s ]
INFO: [ app_begin ] --END-- [ RunTime:0.000635s ]
NOTIC: [2] curl_setopt(): You must pass either an object or an array with the CURLOPT_HTTPHEADER argument C:\project\miniapi\Application\Home\Controller\XzpdController.class.php 第 152 行.
NOTIC: [2] curl_errno(): 24 is not a valid cURL handle resource C:\project\miniapi\Application\Home\Controller\XzpdController.class.php 第 160 行.
SQL: SHOW COLUMNS FROM `mn_xz_user` [ RunTime:0.0017s ]
SQL: SELECT * FROM `mn_xz_user` WHERE `openid` = 'oV9VJ5Aj1XitLVg60bAAnpg3C0ss' LIMIT 1   [ RunTime:0.0005s ]
INFO: [ app_end ] --START--
INFO: Run Behavior\ShowPageTraceBehavior [ RunTime:0.000695s ]
INFO: [ app_end ] --END-- [ RunTime:0.000740s ]

[ 2018-12-05T00:30:26+08:00 ] 140.243.224.186 /index.php/Home/xzpd/findrecard?openid1=oV9VJ5Aj1XitLVg60bAAnpg3C0ss
INFO: [ app_init ] --START--
INFO: Run Behavior\BuildLiteBehavior [ RunTime:0.000012s ]
INFO: [ app_init ] --END-- [ RunTime:0.000294s ]
INFO: [ app_begin ] --START--
INFO: Run Behavior\ReadHtmlCacheBehavior [ RunTime:0.000597s ]
INFO: [ app_begin ] --END-- [ RunTime:0.000646s ]
SQL: SHOW COLUMNS FROM `mn_xz_recard` [ RunTime:0.0014s ]
NOTIC: [8] Undefined index: myopenid C:\project\miniapi\Application\Home\Controller\XzpdController.class.php 第 102 行.
SQL: SELECT * FROM `mn_xz_recard` WHERE `openid1` = 'oV9VJ5Aj1XitLVg60bAAnpg3C0ss'  [ RunTime:0.0004s ]
INFO: [ app_end ] --START--
INFO: Run Behavior\ShowPageTraceBehavior [ RunTime:0.000675s ]
INFO: [ app_end ] --END-- [ RunTime:0.000715s ]

[ 2018-12-05T00:30:27+08:00 ] 140.243.210.83 /index.php/Home/xzpd/getopenid?code=011Ll0YJ0qWGf829zcXJ04bbYJ0Ll0YS
INFO: [ app_init ] --START--
INFO: Run Behavior\BuildLiteBehavior [ RunTime:0.000013s ]
INFO: [ app_init ] --END-- [ RunTime:0.000363s ]
INFO: [ app_begin ] --START--
INFO: Run Behavior\ReadHtmlCacheBehavior [ RunTime:0.000594s ]
INFO: [ app_begin ] --END-- [ RunTime:0.000638s ]
NOTIC: [2] curl_setopt(): You must pass either an object or an array with the CURLOPT_HTTPHEADER argument C:\project\miniapi\Application\Home\Controller\XzpdController.class.php 第 152 行.
NOTIC: [2] curl_errno(): 24 is not a valid cURL handle resource C:\project\miniapi\Application\Home\Controller\XzpdController.class.php 第 160 行.
SQL: SHOW COLUMNS FROM `mn_xz_user` [ RunTime:0.0017s ]
SQL: SELECT * FROM `mn_xz_user` WHERE `openid` = 'oV9VJ5OmHO9foxftZDuimQ32ck6E' LIMIT 1   [ RunTime:0.0007s ]
INFO: [ app_end ] --START--
INFO: Run Behavior\ShowPageTraceBehavior [ RunTime:0.000702s ]
INFO: [ app_end ] --END-- [ RunTime:0.000745s ]

[ 2018-12-05T00:30:28+08:00 ] 140.243.210.83 /index.php/Home/xzpd/findrecard?openid1=oV9VJ5OmHO9foxftZDuimQ32ck6E
INFO: [ app_init ] --START--
INFO: Run Behavior\BuildLiteBehavior [ RunTime:0.000013s ]
INFO: [ app_init ] --END-- [ RunTime:0.000292s ]
INFO: [ app_begin ] --START--
INFO: Run Behavior\ReadHtmlCacheBehavior [ RunTime:0.000475s ]
INFO: [ app_begin ] --END-- [ RunTime:0.000518s ]
SQL: SHOW COLUMNS FROM `mn_xz_recard` [ RunTime:0.0015s ]
NOTIC: [8] Undefined index: myopenid C:\project\miniapi\Application\Home\Controller\XzpdController.class.php 第 102 行.
SQL: SELECT * FROM `mn_xz_recard` WHERE `openid1` = 'oV9VJ5OmHO9foxftZDuimQ32ck6E'  [ RunTime:0.0004s ]
INFO: [ app_end ] --START--
INFO: Run Behavior\ShowPageTraceBehavior [ RunTime:0.000578s ]
INFO: [ app_end ] --END-- [ RunTime:0.000617s ]

[ 2018-12-05T00:30:37+08:00 ] 140.243.210.83 /index.php/Home/xzpd/findrecard?openid1=oV9VJ5OmHO9foxftZDuimQ32ck6E
INFO: [ app_init ] --START--
INFO: Run Behavior\BuildLiteBehavior [ RunTime:0.000012s ]
INFO: [ app_init ] --END-- [ RunTime:0.000305s ]
INFO: [ app_begin ] --START--
INFO: Run Behavior\ReadHtmlCacheBehavior [ RunTime:0.000492s ]
INFO: [ app_begin ] --END-- [ RunTime:0.000598s ]
SQL: SHOW COLUMNS FROM `mn_xz_recard` [ RunTime:0.0020s ]
NOTIC: [8] Undefined index: myopenid C:\project\miniapi\Application\Home\Controller\XzpdController.class.php 第 102 行.
SQL: SELECT * FROM `mn_xz_recard` WHERE `openid1` = 'oV9VJ5OmHO9foxftZDuimQ32ck6E'  [ RunTime:0.0004s ]
INFO: [ app_end ] --START--
INFO: Run Behavior\ShowPageTraceBehavior [ RunTime:0.000532s ]
INFO: [ app_end ] --END-- [ RunTime:0.000572s ]

[ 2018-12-05T00:30:39+08:00 ] 140.243.210.83 /index.php/Home/xzpd/getopenid?code=0713sy2O1XJF991E9Y0O1fEj2O13sy2l
INFO: [ app_init ] --START--
INFO: Run Behavior\BuildLiteBehavior [ RunTime:0.000014s ]
INFO: [ app_init ] --END-- [ RunTime:0.000408s ]
INFO: [ app_begin ] --START--
INFO: Run Behavior\ReadHtmlCacheBehavior [ RunTime:0.000557s ]
INFO: [ app_begin ] --END-- [ RunTime:0.000606s ]
NOTIC: [2] curl_setopt(): You must pass either an object or an array with the CURLOPT_HTTPHEADER argument C:\project\miniapi\Application\Home\Controller\XzpdController.class.php 第 152 行.
NOTIC: [2] curl_errno(): 24 is not a valid cURL handle resource C:\project\miniapi\Application\Home\Controller\XzpdController.class.php 第 160 行.
SQL: SHOW COLUMNS FROM `mn_xz_user` [ RunTime:0.0016s ]
SQL: SELECT * FROM `mn_xz_user` WHERE `openid` = 'oV9VJ5OmHO9foxftZDuimQ32ck6E' LIMIT 1   [ RunTime:0.0006s ]
INFO: [ app_end ] --START--
INFO: Run Behavior\ShowPageTraceBehavior [ RunTime:0.000677s ]
INFO: [ app_end ] --END-- [ RunTime:0.000721s ]

[ 2018-12-05T00:30:39+08:00 ] 140.243.210.83 /index.php/Home/xzpd/findrecard?openid1=oV9VJ5OmHO9foxftZDuimQ32ck6E
INFO: [ app_init ] --START--
INFO: Run Behavior\BuildLiteBehavior [ RunTime:0.000014s ]
INFO: [ app_init ] --END-- [ RunTime:0.000379s ]
INFO: [ app_begin ] --START--
INFO: Run Behavior\ReadHtmlCacheBehavior [ RunTime:0.000555s ]
INFO: [ app_begin ] --END-- [ RunTime:0.000599s ]
SQL: SHOW COLUMNS FROM `mn_xz_recard` [ RunTime:0.0016s ]
NOTIC: [8] Undefined index: myopenid C:\project\miniapi\Application\Home\Controller\XzpdController.class.php 第 102 行.
SQL: SELECT * FROM `mn_xz_recard` WHERE `openid1` = 'oV9VJ5OmHO9foxftZDuimQ32ck6E'  [ RunTime:0.0004s ]
INFO: [ app_end ] --START--
INFO: Run Behavior\ShowPageTraceBehavior [ RunTime:0.000584s ]
INFO: [ app_end ] --END-- [ RunTime:0.000624s ]

[ 2018-12-05T00:30:39+08:00 ] 140.243.210.83 /index.php/Home/xzpd/getopenid?code=061JBd710jtYzH10QA510TI3710JBd7L
INFO: [ app_init ] --START--
INFO: Run Behavior\BuildLiteBehavior [ RunTime:0.000013s ]
INFO: [ app_init ] --END-- [ RunTime:0.000305s ]
INFO: [ app_begin ] --START--
INFO: Run Behavior\ReadHtmlCacheBehavior [ RunTime:0.000505s ]
INFO: [ app_begin ] --END-- [ RunTime:0.000559s ]
NOTIC: [2] curl_setopt(): You must pass either an object or an array with the CURLOPT_HTTPHEADER argument C:\project\miniapi\Application\Home\Controller\XzpdController.class.php 第 152 行.
NOTIC: [2] curl_errno(): 24 is not a valid cURL handle resource C:\project\miniapi\Application\Home\Controller\XzpdController.class.php 第 160 行.
SQL: SHOW COLUMNS FROM `mn_xz_user` [ RunTime:0.0016s ]
SQL: SELECT * FROM `mn_xz_user` WHERE `openid` = 'oV9VJ5OmHO9foxftZDuimQ32ck6E' LIMIT 1   [ RunTime:0.0006s ]
INFO: [ app_end ] --START--
INFO: Run Behavior\ShowPageTraceBehavior [ RunTime:0.000704s ]
INFO: [ app_end ] --END-- [ RunTime:0.000758s ]

[ 2018-12-05T00:30:40+08:00 ] 140.243.210.83 /index.php/Home/xzpd/findrecard?openid1=oV9VJ5OmHO9foxftZDuimQ32ck6E
INFO: [ app_init ] --START--
INFO: Run Behavior\BuildLiteBehavior [ RunTime:0.000012s ]
INFO: [ app_init ] --END-- [ RunTime:0.000302s ]
INFO: [ app_begin ] --START--
INFO: Run Behavior\ReadHtmlCacheBehavior [ RunTime:0.000616s ]
INFO: [ app_begin ] --END-- [ RunTime:0.000659s ]
SQL: SHOW COLUMNS FROM `mn_xz_recard` [ RunTime:0.0016s ]
NOTIC: [8] Undefined index: myopenid C:\project\miniapi\Application\Home\Controller\XzpdController.class.php 第 102 行.
SQL: SELECT * FROM `mn_xz_recard` WHERE `openid1` = 'oV9VJ5OmHO9foxftZDuimQ32ck6E'  [ RunTime:0.0004s ]
INFO: [ app_end ] --START--
INFO: Run Behavior\ShowPageTraceBehavior [ RunTime:0.000653s ]
INFO: [ app_end ] --END-- [ RunTime:0.000695s ]

[ 2018-12-05T00:30:40+08:00 ] 140.243.210.83 /index.php/Home/xzpd/getopenid?code=071f0W6d1SZ9dy0hRe8d1FR47d1f0W6E
INFO: [ app_init ] --START--
INFO: Run Behavior\BuildLiteBehavior [ RunTime:0.000013s ]
INFO: [ app_init ] --END-- [ RunTime:0.000354s ]
INFO: [ app_begin ] --START--
INFO: Run Behavior\ReadHtmlCacheBehavior [ RunTime:0.000580s ]
INFO: [ app_begin ] --END-- [ RunTime:0.000622s ]
NOTIC: [2] curl_setopt(): You must pass either an object or an array with the CURLOPT_HTTPHEADER argument C:\project\miniapi\Application\Home\Controller\XzpdController.class.php 第 152 行.
NOTIC: [2] curl_errno(): 24 is not a valid cURL handle resource C:\project\miniapi\Application\Home\Controller\XzpdController.class.php 第 160 行.
SQL: SHOW COLUMNS FROM `mn_xz_user` [ RunTime:0.0016s ]
SQL: SELECT * FROM `mn_xz_user` WHERE `openid` = 'oV9VJ5OmHO9foxftZDuimQ32ck6E' LIMIT 1   [ RunTime:0.0006s ]
INFO: [ app_end ] --START--
INFO: Run Behavior\ShowPageTraceBehavior [ RunTime:0.000680s ]
INFO: [ app_end ] --END-- [ RunTime:0.000725s ]

[ 2018-12-05T00:30:40+08:00 ] 140.243.210.83 /index.php/Home/xzpd/findrecard?openid1=oV9VJ5OmHO9foxftZDuimQ32ck6E
INFO: [ app_init ] --START--
INFO: Run Behavior\BuildLiteBehavior [ RunTime:0.000013s ]
INFO: [ app_init ] --END-- [ RunTime:0.000314s ]
INFO: [ app_begin ] --START--
INFO: Run Behavior\ReadHtmlCacheBehavior [ RunTime:0.000516s ]
INFO: [ app_begin ] --END-- [ RunTime:0.000620s ]
SQL: SHOW COLUMNS FROM `mn_xz_recard` [ RunTime:0.0019s ]
NOTIC: [8] Undefined index: myopenid C:\project\miniapi\Application\Home\Controller\XzpdController.class.php 第 102 行.
SQL: SELECT * FROM `mn_xz_recard` WHERE `openid1` = 'oV9VJ5OmHO9foxftZDuimQ32ck6E'  [ RunTime:0.0005s ]
INFO: [ app_end ] --START--
INFO: Run Behavior\ShowPageTraceBehavior [ RunTime:0.000631s ]
INFO: [ app_end ] --END-- [ RunTime:0.000677s ]

[ 2018-12-05T00:30:43+08:00 ] 140.243.210.83 /index.php/Home/xzpd/getopenid?code=021Omogf1Q8gir0NG3ef1Uvjgf1Omog4
INFO: [ app_init ] --START--
INFO: Run Behavior\BuildLiteBehavior [ RunTime:0.000023s ]
INFO: [ app_init ] --END-- [ RunTime:0.000308s ]
INFO: [ app_begin ] --START--
INFO: Run Behavior\ReadHtmlCacheBehavior [ RunTime:0.000618s ]
INFO: [ app_begin ] --END-- [ RunTime:0.000662s ]
NOTIC: [2] curl_setopt(): You must pass either an object or an array with the CURLOPT_HTTPHEADER argument C:\project\miniapi\Application\Home\Controller\XzpdController.class.php 第 152 行.
NOTIC: [2] curl_errno(): 24 is not a valid cURL handle resource C:\project\miniapi\Application\Home\Controller\XzpdController.class.php 第 160 行.
SQL: SHOW COLUMNS FROM `mn_xz_user` [ RunTime:0.0016s ]
SQL: SELECT * FROM `mn_xz_user` WHERE `openid` = 'oV9VJ5OmHO9foxftZDuimQ32ck6E' LIMIT 1   [ RunTime:0.0006s ]
INFO: [ app_end ] --START--
INFO: Run Behavior\ShowPageTraceBehavior [ RunTime:0.000652s ]
INFO: [ app_end ] --END-- [ RunTime:0.000694s ]

[ 2018-12-05T00:30:43+08:00 ] 140.243.210.83 /index.php/Home/xzpd/findrecard?openid1=oV9VJ5OmHO9foxftZDuimQ32ck6E
INFO: [ app_init ] --START--
INFO: Run Behavior\BuildLiteBehavior [ RunTime:0.000013s ]
INFO: [ app_init ] --END-- [ RunTime:0.000391s ]
INFO: [ app_begin ] --START--
INFO: Run Behavior\ReadHtmlCacheBehavior [ RunTime:0.000562s ]
INFO: [ app_begin ] --END-- [ RunTime:0.000605s ]
SQL: SHOW COLUMNS FROM `mn_xz_recard` [ RunTime:0.0016s ]
NOTIC: [8] Undefined index: myopenid C:\project\miniapi\Application\Home\Controller\XzpdController.class.php 第 102 行.
SQL: SELECT * FROM `mn_xz_recard` WHERE `openid1` = 'oV9VJ5OmHO9foxftZDuimQ32ck6E'  [ RunTime:0.0004s ]
INFO: [ app_end ] --START--
INFO: Run Behavior\ShowPageTraceBehavior [ RunTime:0.000574s ]
INFO: [ app_end ] --END-- [ RunTime:0.000614s ]

[ 2018-12-05T00:30:44+08:00 ] 140.243.210.83 /index.php/Home/xzpd/getopenid?code=021knxTF0Kydfd2si0UF0MmQTF0knxTQ
INFO: [ app_init ] --START--
INFO: Run Behavior\BuildLiteBehavior [ RunTime:0.000013s ]
INFO: [ app_init ] --END-- [ RunTime:0.000301s ]
INFO: [ app_begin ] --START--
INFO: Run Behavior\ReadHtmlCacheBehavior [ RunTime:0.000488s ]
INFO: [ app_begin ] --END-- [ RunTime:0.000531s ]
NOTIC: [2] curl_setopt(): You must pass either an object or an array with the CURLOPT_HTTPHEADER argument C:\project\miniapi\Application\Home\Controller\XzpdController.class.php 第 152 行.
NOTIC: [2] curl_errno(): 24 is not a valid cURL handle resource C:\project\miniapi\Application\Home\Controller\XzpdController.class.php 第 160 行.
SQL: SHOW COLUMNS FROM `mn_xz_user` [ RunTime:0.0016s ]
SQL: SELECT * FROM `mn_xz_user` WHERE `openid` = 'oV9VJ5OmHO9foxftZDuimQ32ck6E' LIMIT 1   [ RunTime:0.0006s ]
INFO: [ app_end ] --START--
INFO: Run Behavior\ShowPageTraceBehavior [ RunTime:0.000668s ]
INFO: [ app_end ] --END-- [ RunTime:0.000711s ]

[ 2018-12-05T00:30:45+08:00 ] 140.243.210.83 /index.php/Home/xzpd/findrecard?openid1=oV9VJ5OmHO9foxftZDuimQ32ck6E
INFO: [ app_init ] --START--
INFO: Run Behavior\BuildLiteBehavior [ RunTime:0.000013s ]
INFO: [ app_init ] --END-- [ RunTime:0.000301s ]
INFO: [ app_begin ] --START--
INFO: Run Behavior\ReadHtmlCacheBehavior [ RunTime:0.000634s ]
INFO: [ app_begin ] --END-- [ RunTime:0.000680s ]
SQL: SHOW COLUMNS FROM `mn_xz_recard` [ RunTime:0.0018s ]
NOTIC: [8] Undefined index: myopenid C:\project\miniapi\Application\Home\Controller\XzpdController.class.php 第 102 行.
SQL: SELECT * FROM `mn_xz_recard` WHERE `openid1` = 'oV9VJ5OmHO9foxftZDuimQ32ck6E'  [ RunTime:0.0004s ]
INFO: [ app_end ] --START--
INFO: Run Behavior\ShowPageTraceBehavior [ RunTime:0.000637s ]
INFO: [ app_end ] --END-- [ RunTime:0.000676s ]

[ 2018-12-05T00:31:23+08:00 ] 140.243.224.186 /index.php/Home/xzpd/getopenid?code=071gxu802Fkn0U0Udk802nIy802gxu8Z
INFO: [ app_init ] --START--
INFO: Run Behavior\BuildLiteBehavior [ RunTime:0.000012s ]
INFO: [ app_init ] --END-- [ RunTime:0.000373s ]
INFO: [ app_begin ] --START--
INFO: Run Behavior\ReadHtmlCacheBehavior [ RunTime:0.000631s ]
INFO: [ app_begin ] --END-- [ RunTime:0.000677s ]
NOTIC: [2] curl_setopt(): You must pass either an object or an array with the CURLOPT_HTTPHEADER argument C:\project\miniapi\Application\Home\Controller\XzpdController.class.php 第 152 行.
NOTIC: [2] curl_errno(): 24 is not a valid cURL handle resource C:\project\miniapi\Application\Home\Controller\XzpdController.class.php 第 160 行.
SQL: SHOW COLUMNS FROM `mn_xz_user` [ RunTime:0.0017s ]
SQL: SELECT * FROM `mn_xz_user` WHERE `openid` = 'oV9VJ5Aj1XitLVg60bAAnpg3C0ss' LIMIT 1   [ RunTime:0.0005s ]
INFO: [ app_end ] --START--
INFO: Run Behavior\ShowPageTraceBehavior [ RunTime:0.000703s ]
INFO: [ app_end ] --END-- [ RunTime:0.000745s ]

[ 2018-12-05T00:31:23+08:00 ] 140.243.224.186 /index.php/Home/xzpd/findrecard?openid1=oV9VJ5Aj1XitLVg60bAAnpg3C0ss
INFO: [ app_init ] --START--
INFO: Run Behavior\BuildLiteBehavior [ RunTime:0.000011s ]
INFO: [ app_init ] --END-- [ RunTime:0.000297s ]
INFO: [ app_begin ] --START--
INFO: Run Behavior\ReadHtmlCacheBehavior [ RunTime:0.000528s ]
INFO: [ app_begin ] --END-- [ RunTime:0.000570s ]
SQL: SHOW COLUMNS FROM `mn_xz_recard` [ RunTime:0.0014s ]
NOTIC: [8] Undefined index: myopenid C:\project\miniapi\Application\Home\Controller\XzpdController.class.php 第 102 行.
SQL: SELECT * FROM `mn_xz_recard` WHERE `openid1` = 'oV9VJ5Aj1XitLVg60bAAnpg3C0ss'  [ RunTime:0.0004s ]
INFO: [ app_end ] --START--
INFO: Run Behavior\ShowPageTraceBehavior [ RunTime:0.000627s ]
INFO: [ app_end ] --END-- [ RunTime:0.000666s ]

[ 2018-12-05T00:43:07+08:00 ] 140.243.224.186 /index.php/Home/xzpd/getopenid?code=001w5Uin1oeShq0Zbzjn1L9Nin1w5UiH
INFO: [ app_init ] --START--
INFO: Run Behavior\BuildLiteBehavior [ RunTime:0.000013s ]
INFO: [ app_init ] --END-- [ RunTime:0.000402s ]
INFO: [ app_begin ] --START--
INFO: Run Behavior\ReadHtmlCacheBehavior [ RunTime:0.000620s ]
INFO: [ app_begin ] --END-- [ RunTime:0.000663s ]
NOTIC: [2] curl_setopt(): You must pass either an object or an array with the CURLOPT_HTTPHEADER argument C:\project\miniapi\Application\Home\Controller\XzpdController.class.php 第 152 行.
NOTIC: [2] curl_errno(): 24 is not a valid cURL handle resource C:\project\miniapi\Application\Home\Controller\XzpdController.class.php 第 160 行.
SQL: SHOW COLUMNS FROM `mn_xz_user` [ RunTime:0.0016s ]
SQL: SELECT * FROM `mn_xz_user` WHERE `openid` = 'oV9VJ5Aj1XitLVg60bAAnpg3C0ss' LIMIT 1   [ RunTime:0.0005s ]
INFO: [ app_end ] --START--
INFO: Run Behavior\ShowPageTraceBehavior [ RunTime:0.000666s ]
INFO: [ app_end ] --END-- [ RunTime:0.000710s ]

[ 2018-12-05T00:43:07+08:00 ] 140.243.224.186 /index.php/Home/xzpd/findrecard?openid1=oV9VJ5Aj1XitLVg60bAAnpg3C0ss
INFO: [ app_init ] --START--
INFO: Run Behavior\BuildLiteBehavior [ RunTime:0.000011s ]
INFO: [ app_init ] --END-- [ RunTime:0.000296s ]
INFO: [ app_begin ] --START--
INFO: Run Behavior\ReadHtmlCacheBehavior [ RunTime:0.000645s ]
INFO: [ app_begin ] --END-- [ RunTime:0.000695s ]
SQL: SHOW COLUMNS FROM `mn_xz_recard` [ RunTime:0.0016s ]
NOTIC: [8] Undefined index: myopenid C:\project\miniapi\Application\Home\Controller\XzpdController.class.php 第 102 行.
SQL: SELECT * FROM `mn_xz_recard` WHERE `openid1` = 'oV9VJ5Aj1XitLVg60bAAnpg3C0ss'  [ RunTime:0.0004s ]
INFO: [ app_end ] --START--
INFO: Run Behavior\ShowPageTraceBehavior [ RunTime:0.000681s ]
INFO: [ app_end ] --END-- [ RunTime:0.000721s ]

[ 2018-12-05T01:06:12+08:00 ] 184.105.139.68 /
INFO: [ app_init ] --START--
INFO: Run Behavior\BuildLiteBehavior [ RunTime:0.000011s ]
INFO: [ app_init ] --END-- [ RunTime:0.000320s ]
INFO: [ app_begin ] --START--
INFO: Run Behavior\ReadHtmlCacheBehavior [ RunTime:0.000557s ]
INFO: [ app_begin ] --END-- [ RunTime:0.000602s ]
SQL: SHOW COLUMNS FROM `mn_xz_user` [ RunTime:0.0014s ]
SQL: SHOW COLUMNS FROM `mn_qqh_user` [ RunTime:0.0013s ]
SQL: SELECT COUNT(*) AS tp_count FROM `mn_xz_user` LIMIT 1   [ RunTime:0.0003s ]
SQL: SELECT COUNT(*) AS tp_count FROM `mn_qqh_user` LIMIT 1   [ RunTime:0.0002s ]
INFO: [ app_end ] --START--
INFO: Run Behavior\ShowPageTraceBehavior [ RunTime:0.000683s ]
INFO: [ app_end ] --END-- [ RunTime:0.000727s ]

[ 2018-12-05T01:18:04+08:00 ] 140.205.205.25 /
INFO: [ app_init ] --START--
INFO: Run Behavior\BuildLiteBehavior [ RunTime:0.000012s ]
INFO: [ app_init ] --END-- [ RunTime:0.000304s ]
INFO: [ app_begin ] --START--
INFO: Run Behavior\ReadHtmlCacheBehavior [ RunTime:0.000610s ]
INFO: [ app_begin ] --END-- [ RunTime:0.000656s ]
SQL: SHOW COLUMNS FROM `mn_xz_user` [ RunTime:0.0015s ]
SQL: SHOW COLUMNS FROM `mn_qqh_user` [ RunTime:0.0012s ]
SQL: SELECT COUNT(*) AS tp_count FROM `mn_xz_user` LIMIT 1   [ RunTime:0.0003s ]
SQL: SELECT COUNT(*) AS tp_count FROM `mn_qqh_user` LIMIT 1   [ RunTime:0.0003s ]
INFO: [ app_end ] --START--
INFO: Run Behavior\ShowPageTraceBehavior [ RunTime:0.000603s ]
INFO: [ app_end ] --END-- [ RunTime:0.000641s ]

[ 2018-12-05T02:08:02+08:00 ] 106.15.52.246 /
INFO: [ app_init ] --START--
INFO: Run Behavior\BuildLiteBehavior [ RunTime:0.000012s ]
INFO: [ app_init ] --END-- [ RunTime:0.000415s ]
INFO: [ app_begin ] --START--
INFO: Run Behavior\ReadHtmlCacheBehavior [ RunTime:0.000580s ]
INFO: [ app_begin ] --END-- [ RunTime:0.000673s ]
SQL: SHOW COLUMNS FROM `mn_xz_user` [ RunTime:0.0015s ]
SQL: SHOW COLUMNS FROM `mn_qqh_user` [ RunTime:0.0013s ]
SQL: SELECT COUNT(*) AS tp_count FROM `mn_xz_user` LIMIT 1   [ RunTime:0.0003s ]
SQL: SELECT COUNT(*) AS tp_count FROM `mn_qqh_user` LIMIT 1   [ RunTime:0.0002s ]
INFO: [ app_end ] --START--
INFO: Run Behavior\ShowPageTraceBehavior [ RunTime:0.000655s ]
INFO: [ app_end ] --END-- [ RunTime:0.000698s ]

[ 2018-12-05T06:30:02+08:00 ] 107.170.216.143 /
INFO: [ app_init ] --START--
INFO: Run Behavior\BuildLiteBehavior [ RunTime:0.000012s ]
INFO: [ app_init ] --END-- [ RunTime:0.000358s ]
INFO: [ app_begin ] --START--
INFO: Run Behavior\ReadHtmlCacheBehavior [ RunTime:0.000643s ]
INFO: [ app_begin ] --END-- [ RunTime:0.000692s ]
SQL: SHOW COLUMNS FROM `mn_xz_user` [ RunTime:0.0015s ]
SQL: SHOW COLUMNS FROM `mn_qqh_user` [ RunTime:0.0012s ]
SQL: SELECT COUNT(*) AS tp_count FROM `mn_xz_user` LIMIT 1   [ RunTime:0.0004s ]
SQL: SELECT COUNT(*) AS tp_count FROM `mn_qqh_user` LIMIT 1   [ RunTime:0.0002s ]
INFO: [ app_end ] --START--
INFO: Run Behavior\ShowPageTraceBehavior [ RunTime:0.000674s ]
INFO: [ app_end ] --END-- [ RunTime:0.000713s ]

[ 2018-12-05T07:24:53+08:00 ] 157.55.39.90 /
INFO: [ app_init ] --START--
INFO: Run Behavior\BuildLiteBehavior [ RunTime:0.000013s ]
INFO: [ app_init ] --END-- [ RunTime:0.000312s ]
INFO: [ app_begin ] --START--
INFO: Run Behavior\ReadHtmlCacheBehavior [ RunTime:0.000642s ]
INFO: [ app_begin ] --END-- [ RunTime:0.000687s ]
SQL: SHOW COLUMNS FROM `mn_xz_user` [ RunTime:0.0015s ]
SQL: SHOW COLUMNS FROM `mn_qqh_user` [ RunTime:0.0012s ]
SQL: SELECT COUNT(*) AS tp_count FROM `mn_xz_user` LIMIT 1   [ RunTime:0.0004s ]
SQL: SELECT COUNT(*) AS tp_count FROM `mn_qqh_user` LIMIT 1   [ RunTime:0.0003s ]
INFO: [ app_end ] --START--
INFO: Run Behavior\ShowPageTraceBehavior [ RunTime:0.000665s ]
INFO: [ app_end ] --END-- [ RunTime:0.000702s ]

[ 2018-12-05T09:47:03+08:00 ] 140.243.39.252 /index.php/Home/xzpd/getopenid?code=021xUzbv1pptZf08dfdv1TKDbv1xUzbq
INFO: [ app_init ] --START--
INFO: Run Behavior\BuildLiteBehavior [ RunTime:0.000013s ]
INFO: [ app_init ] --END-- [ RunTime:0.000319s ]
INFO: [ app_begin ] --START--
INFO: Run Behavior\ReadHtmlCacheBehavior [ RunTime:0.000554s ]
INFO: [ app_begin ] --END-- [ RunTime:0.000598s ]
NOTIC: [2] curl_setopt(): You must pass either an object or an array with the CURLOPT_HTTPHEADER argument C:\project\miniapi\Application\Home\Controller\XzpdController.class.php 第 152 行.
NOTIC: [2] curl_errno(): 24 is not a valid cURL handle resource C:\project\miniapi\Application\Home\Controller\XzpdController.class.php 第 160 行.
SQL: SHOW COLUMNS FROM `mn_xz_user` [ RunTime:0.0016s ]
SQL: SELECT * FROM `mn_xz_user` WHERE `openid` = 'oV9VJ5Aj1XitLVg60bAAnpg3C0ss' LIMIT 1   [ RunTime:0.0005s ]
INFO: [ app_end ] --START--
INFO: Run Behavior\ShowPageTraceBehavior [ RunTime:0.000730s ]
INFO: [ app_end ] --END-- [ RunTime:0.000774s ]

[ 2018-12-05T09:47:03+08:00 ] 140.243.39.252 /index.php/Home/xzpd/findrecard?openid1=oV9VJ5Aj1XitLVg60bAAnpg3C0ss
INFO: [ app_init ] --START--
INFO: Run Behavior\BuildLiteBehavior [ RunTime:0.000012s ]
INFO: [ app_init ] --END-- [ RunTime:0.000343s ]
INFO: [ app_begin ] --START--
INFO: Run Behavior\ReadHtmlCacheBehavior [ RunTime:0.000615s ]
INFO: [ app_begin ] --END-- [ RunTime:0.000659s ]
SQL: SHOW COLUMNS FROM `mn_xz_recard` [ RunTime:0.0015s ]
NOTIC: [8] Undefined index: myopenid C:\project\miniapi\Application\Home\Controller\XzpdController.class.php 第 102 行.
SQL: SELECT * FROM `mn_xz_recard` WHERE `openid1` = 'oV9VJ5Aj1XitLVg60bAAnpg3C0ss'  [ RunTime:0.0004s ]
INFO: [ app_end ] --START--
INFO: Run Behavior\ShowPageTraceBehavior [ RunTime:0.000650s ]
INFO: [ app_end ] --END-- [ RunTime:0.000690s ]

[ 2018-12-05T09:47:08+08:00 ] 140.243.39.252 /index.php/Home/xzpd/getwxaqrcode?openid=oV9VJ5Aj1XitLVg60bAAnpg3C0ss&apptype=xz
INFO: [ app_init ] --START--
INFO: Run Behavior\BuildLiteBehavior [ RunTime:0.000013s ]
INFO: [ app_init ] --END-- [ RunTime:0.000310s ]
INFO: [ app_begin ] --START--
INFO: Run Behavior\ReadHtmlCacheBehavior [ RunTime:0.000536s ]
INFO: [ app_begin ] --END-- [ RunTime:0.000580s ]
NOTIC: [2] curl_setopt(): You must pass either an object or an array with the CURLOPT_HTTPHEADER argument C:\project\miniapi\Application\Home\Controller\XzpdController.class.php 第 169 行.
NOTIC: [2] curl_errno(): 24 is not a valid cURL handle resource C:\project\miniapi\Application\Home\Controller\XzpdController.class.php 第 178 行.
NOTIC: [2] curl_setopt(): You must pass either an object or an array with the CURLOPT_HTTPHEADER argument C:\project\miniapi\Application\Home\Controller\XzpdController.class.php 第 169 行.
NOTIC: [2] curl_errno(): 25 is not a valid cURL handle resource C:\project\miniapi\Application\Home\Controller\XzpdController.class.php 第 178 行.
INFO: [ app_end ] --START--
INFO: Run Behavior\ShowPageTraceBehavior [ RunTime:0.000690s ]
INFO: [ app_end ] --END-- [ RunTime:0.000768s ]

[ 2018-12-05T09:47:20+08:00 ] 140.243.39.252 /index.php/Home/xzpd/getopenid?code=081rXv2t0vP80h1Ig62t0vum2t0rXv2h
INFO: [ app_init ] --START--
INFO: Run Behavior\BuildLiteBehavior [ RunTime:0.000013s ]
INFO: [ app_init ] --END-- [ RunTime:0.000304s ]
INFO: [ app_begin ] --START--
INFO: Run Behavior\ReadHtmlCacheBehavior [ RunTime:0.000474s ]
INFO: [ app_begin ] --END-- [ RunTime:0.000518s ]
NOTIC: [2] curl_setopt(): You must pass either an object or an array with the CURLOPT_HTTPHEADER argument C:\project\miniapi\Application\Home\Controller\XzpdController.class.php 第 152 行.
NOTIC: [2] curl_errno(): 24 is not a valid cURL handle resource C:\project\miniapi\Application\Home\Controller\XzpdController.class.php 第 160 行.
SQL: SHOW COLUMNS FROM `mn_xz_user` [ RunTime:0.0020s ]
SQL: SELECT * FROM `mn_xz_user` WHERE `openid` = 'oV9VJ5Aj1XitLVg60bAAnpg3C0ss' LIMIT 1   [ RunTime:0.0006s ]
INFO: [ app_end ] --START--
INFO: Run Behavior\ShowPageTraceBehavior [ RunTime:0.000630s ]
INFO: [ app_end ] --END-- [ RunTime:0.000674s ]

[ 2018-12-05T09:47:20+08:00 ] 140.243.39.252 /index.php/Home/xzpd/findrecard?openid1=oV9VJ5Aj1XitLVg60bAAnpg3C0ss
INFO: [ app_init ] --START--
INFO: Run Behavior\BuildLiteBehavior [ RunTime:0.000013s ]
INFO: [ app_init ] --END-- [ RunTime:0.000330s ]
INFO: [ app_begin ] --START--
INFO: Run Behavior\ReadHtmlCacheBehavior [ RunTime:0.000493s ]
INFO: [ app_begin ] --END-- [ RunTime:0.000537s ]
SQL: SHOW COLUMNS FROM `mn_xz_recard` [ RunTime:0.0015s ]
NOTIC: [8] Undefined index: myopenid C:\project\miniapi\Application\Home\Controller\XzpdController.class.php 第 102 行.
SQL: SELECT * FROM `mn_xz_recard` WHERE `openid1` = 'oV9VJ5Aj1XitLVg60bAAnpg3C0ss'  [ RunTime:0.0004s ]
INFO: [ app_end ] --START--
INFO: Run Behavior\ShowPageTraceBehavior [ RunTime:0.000581s ]
INFO: [ app_end ] --END-- [ RunTime:0.000621s ]

[ 2018-12-05T10:02:53+08:00 ] 220.249.162.58 /index.php/Home/xzpd/getopenid?code=081Xs77y1dDFN90dGj6y12087y1Xs77o
INFO: [ app_init ] --START--
INFO: Run Behavior\BuildLiteBehavior [ RunTime:0.000013s ]
INFO: [ app_init ] --END-- [ RunTime:0.000399s ]
INFO: [ app_begin ] --START--
INFO: Run Behavior\ReadHtmlCacheBehavior [ RunTime:0.000592s ]
INFO: [ app_begin ] --END-- [ RunTime:0.000694s ]
NOTIC: [2] curl_setopt(): You must pass either an object or an array with the CURLOPT_HTTPHEADER argument C:\project\miniapi\Application\Home\Controller\XzpdController.class.php 第 152 行.
NOTIC: [2] curl_errno(): 24 is not a valid cURL handle resource C:\project\miniapi\Application\Home\Controller\XzpdController.class.php 第 160 行.
SQL: SHOW COLUMNS FROM `mn_xz_user` [ RunTime:0.0018s ]
SQL: SELECT * FROM `mn_xz_user` WHERE `openid` = 'oV9VJ5Ekbr7nocmUlNgoahZdWXz0' LIMIT 1   [ RunTime:0.0006s ]
INFO: [ app_end ] --START--
INFO: Run Behavior\ShowPageTraceBehavior [ RunTime:0.000698s ]
INFO: [ app_end ] --END-- [ RunTime:0.000744s ]

[ 2018-12-05T10:45:33+08:00 ] 60.191.38.77 /
INFO: [ app_init ] --START--
INFO: Run Behavior\BuildLiteBehavior [ RunTime:0.000012s ]
INFO: [ app_init ] --END-- [ RunTime:0.000331s ]
INFO: [ app_begin ] --START--
INFO: Run Behavior\ReadHtmlCacheBehavior [ RunTime:0.000555s ]
INFO: [ app_begin ] --END-- [ RunTime:0.000609s ]
SQL: SHOW COLUMNS FROM `mn_xz_user` [ RunTime:0.0017s ]
SQL: SHOW COLUMNS FROM `mn_qqh_user` [ RunTime:0.0013s ]
SQL: SELECT COUNT(*) AS tp_count FROM `mn_xz_user` LIMIT 1   [ RunTime:0.0004s ]
SQL: SELECT COUNT(*) AS tp_count FROM `mn_qqh_user` LIMIT 1   [ RunTime:0.0003s ]
INFO: [ app_end ] --START--
INFO: Run Behavior\ShowPageTraceBehavior [ RunTime:0.000583s ]
INFO: [ app_end ] --END-- [ RunTime:0.000621s ]

[ 2018-12-05T10:47:38+08:00 ] 140.243.88.13 /index.php/Home/xzpd/getopenid?code=033n0fDv0QRiAj1W06Cv0ePmDv0n0fDz
INFO: [ app_init ] --START--
INFO: Run Behavior\BuildLiteBehavior [ RunTime:0.000013s ]
INFO: [ app_init ] --END-- [ RunTime:0.000306s ]
INFO: [ app_begin ] --START--
INFO: Run Behavior\ReadHtmlCacheBehavior [ RunTime:0.000562s ]
INFO: [ app_begin ] --END-- [ RunTime:0.000607s ]
NOTIC: [2] curl_setopt(): You must pass either an object or an array with the CURLOPT_HTTPHEADER argument C:\project\miniapi\Application\Home\Controller\XzpdController.class.php 第 152 行.
NOTIC: [2] curl_errno(): 24 is not a valid cURL handle resource C:\project\miniapi\Application\Home\Controller\XzpdController.class.php 第 160 行.
SQL: SHOW COLUMNS FROM `mn_xz_user` [ RunTime:0.0019s ]
SQL: SELECT * FROM `mn_xz_user` WHERE `openid` = 'oV9VJ5Nio2l-iTciujmUbsbZlIP0' LIMIT 1   [ RunTime:0.0006s ]
INFO: [ app_end ] --START--
INFO: Run Behavior\ShowPageTraceBehavior [ RunTime:0.000671s ]
INFO: [ app_end ] --END-- [ RunTime:0.000717s ]

[ 2018-12-05T10:47:39+08:00 ] 140.243.88.13 /index.php/Home/xzpd/findrecard?openid1=oV9VJ5Nio2l-iTciujmUbsbZlIP0
INFO: [ app_init ] --START--
INFO: Run Behavior\BuildLiteBehavior [ RunTime:0.000015s ]
INFO: [ app_init ] --END-- [ RunTime:0.000339s ]
INFO: [ app_begin ] --START--
INFO: Run Behavior\ReadHtmlCacheBehavior [ RunTime:0.000510s ]
INFO: [ app_begin ] --END-- [ RunTime:0.000554s ]
SQL: SHOW COLUMNS FROM `mn_xz_recard` [ RunTime:0.0016s ]
NOTIC: [8] Undefined index: myopenid C:\project\miniapi\Application\Home\Controller\XzpdController.class.php 第 102 行.
SQL: SELECT * FROM `mn_xz_recard` WHERE `openid1` = 'oV9VJ5Nio2l-iTciujmUbsbZlIP0'  [ RunTime:0.0004s ]
INFO: [ app_end ] --START--
INFO: Run Behavior\ShowPageTraceBehavior [ RunTime:0.000570s ]
INFO: [ app_end ] --END-- [ RunTime:0.000608s ]

[ 2018-12-05T10:47:43+08:00 ] 140.243.88.13 /index.php/Home/xzpd/getopenid?code=023pe9Hq0l70Kn17tMHq0kB8Hq0pe9H5
INFO: [ app_init ] --START--
INFO: Run Behavior\BuildLiteBehavior [ RunTime:0.000014s ]
INFO: [ app_init ] --END-- [ RunTime:0.000319s ]
INFO: [ app_begin ] --START--
INFO: Run Behavior\ReadHtmlCacheBehavior [ RunTime:0.000569s ]
INFO: [ app_begin ] --END-- [ RunTime:0.000623s ]
NOTIC: [2] curl_setopt(): You must pass either an object or an array with the CURLOPT_HTTPHEADER argument C:\project\miniapi\Application\Home\Controller\XzpdController.class.php 第 152 行.
NOTIC: [2] curl_errno(): 24 is not a valid cURL handle resource C:\project\miniapi\Application\Home\Controller\XzpdController.class.php 第 160 行.
SQL: SHOW COLUMNS FROM `mn_xz_user` [ RunTime:0.0015s ]
SQL: SELECT * FROM `mn_xz_user` WHERE `openid` = 'oV9VJ5Nio2l-iTciujmUbsbZlIP0' LIMIT 1   [ RunTime:0.0006s ]
INFO: [ app_end ] --START--
INFO: Run Behavior\ShowPageTraceBehavior [ RunTime:0.000656s ]
INFO: [ app_end ] --END-- [ RunTime:0.000699s ]

[ 2018-12-05T10:47:43+08:00 ] 140.243.88.13 /index.php/Home/xzpd/findrecard?openid1=oV9VJ5Nio2l-iTciujmUbsbZlIP0
INFO: [ app_init ] --START--
INFO: Run Behavior\BuildLiteBehavior [ RunTime:0.000018s ]
INFO: [ app_init ] --END-- [ RunTime:0.000366s ]
INFO: [ app_begin ] --START--
INFO: Run Behavior\ReadHtmlCacheBehavior [ RunTime:0.000543s ]
INFO: [ app_begin ] --END-- [ RunTime:0.000586s ]
SQL: SHOW COLUMNS FROM `mn_xz_recard` [ RunTime:0.0015s ]
NOTIC: [8] Undefined index: myopenid C:\project\miniapi\Application\Home\Controller\XzpdController.class.php 第 102 行.
SQL: SELECT * FROM `mn_xz_recard` WHERE `openid1` = 'oV9VJ5Nio2l-iTciujmUbsbZlIP0'  [ RunTime:0.0004s ]
INFO: [ app_end ] --START--
INFO: Run Behavior\ShowPageTraceBehavior [ RunTime:0.000580s ]
INFO: [ app_end ] --END-- [ RunTime:0.000620s ]

[ 2018-12-05T10:47:46+08:00 ] 140.243.88.13 /index.php/Home/xzpd/getopenid?code=023lxARv0ugJLa1nBTTv0QWJRv0lxARM
INFO: [ app_init ] --START--
INFO: Run Behavior\BuildLiteBehavior [ RunTime:0.000014s ]
INFO: [ app_init ] --END-- [ RunTime:0.000309s ]
INFO: [ app_begin ] --START--
INFO: Run Behavior\ReadHtmlCacheBehavior [ RunTime:0.000580s ]
INFO: [ app_begin ] --END-- [ RunTime:0.000627s ]
NOTIC: [2] curl_setopt(): You must pass either an object or an array with the CURLOPT_HTTPHEADER argument C:\project\miniapi\Application\Home\Controller\XzpdController.class.php 第 152 行.
NOTIC: [2] curl_errno(): 24 is not a valid cURL handle resource C:\project\miniapi\Application\Home\Controller\XzpdController.class.php 第 160 行.
SQL: SHOW COLUMNS FROM `mn_xz_user` [ RunTime:0.0016s ]
SQL: SELECT * FROM `mn_xz_user` WHERE `openid` = 'oV9VJ5Nio2l-iTciujmUbsbZlIP0' LIMIT 1   [ RunTime:0.0006s ]
INFO: [ app_end ] --START--
INFO: Run Behavior\ShowPageTraceBehavior [ RunTime:0.000613s ]
INFO: [ app_end ] --END-- [ RunTime:0.000664s ]

[ 2018-12-05T10:47:46+08:00 ] 140.243.88.13 /index.php/Home/xzpd/findrecard?openid1=oV9VJ5Nio2l-iTciujmUbsbZlIP0
INFO: [ app_init ] --START--
INFO: Run Behavior\BuildLiteBehavior [ RunTime:0.000013s ]
INFO: [ app_init ] --END-- [ RunTime:0.000309s ]
INFO: [ app_begin ] --START--
INFO: Run Behavior\ReadHtmlCacheBehavior [ RunTime:0.000476s ]
INFO: [ app_begin ] --END-- [ RunTime:0.000520s ]
SQL: SHOW COLUMNS FROM `mn_xz_recard` [ RunTime:0.0016s ]
NOTIC: [8] Undefined index: myopenid C:\project\miniapi\Application\Home\Controller\XzpdController.class.php 第 102 行.
SQL: SELECT * FROM `mn_xz_recard` WHERE `openid1` = 'oV9VJ5Nio2l-iTciujmUbsbZlIP0'  [ RunTime:0.0004s ]
INFO: [ app_end ] --START--
INFO: Run Behavior\ShowPageTraceBehavior [ RunTime:0.000529s ]
INFO: [ app_end ] --END-- [ RunTime:0.000568s ]

[ 2018-12-05T10:48:09+08:00 ] 140.243.88.13 /index.php/Home/xzpd/getopenid?code=033MAhg70DaKCE1NVFi708Mcg70MAhgd
INFO: [ app_init ] --START--
INFO: Run Behavior\BuildLiteBehavior [ RunTime:0.000013s ]
INFO: [ app_init ] --END-- [ RunTime:0.000308s ]
INFO: [ app_begin ] --START--
INFO: Run Behavior\ReadHtmlCacheBehavior [ RunTime:0.000477s ]
INFO: [ app_begin ] --END-- [ RunTime:0.000527s ]
NOTIC: [2] curl_setopt(): You must pass either an object or an array with the CURLOPT_HTTPHEADER argument C:\project\miniapi\Application\Home\Controller\XzpdController.class.php 第 152 行.
NOTIC: [2] curl_errno(): 24 is not a valid cURL handle resource C:\project\miniapi\Application\Home\Controller\XzpdController.class.php 第 160 行.
SQL: SHOW COLUMNS FROM `mn_xz_user` [ RunTime:0.0017s ]
SQL: SELECT * FROM `mn_xz_user` WHERE `openid` = 'oV9VJ5Nio2l-iTciujmUbsbZlIP0' LIMIT 1   [ RunTime:0.0006s ]
INFO: [ app_end ] --START--
INFO: Run Behavior\ShowPageTraceBehavior [ RunTime:0.000572s ]
INFO: [ app_end ] --END-- [ RunTime:0.000686s ]

[ 2018-12-05T10:48:09+08:00 ] 140.243.88.13 /index.php/Home/xzpd/findrecard?openid1=oV9VJ5Nio2l-iTciujmUbsbZlIP0
INFO: [ app_init ] --START--
INFO: Run Behavior\BuildLiteBehavior [ RunTime:0.000014s ]
INFO: [ app_init ] --END-- [ RunTime:0.000394s ]
INFO: [ app_begin ] --START--
INFO: Run Behavior\ReadHtmlCacheBehavior [ RunTime:0.000570s ]
INFO: [ app_begin ] --END-- [ RunTime:0.000613s ]
SQL: SHOW COLUMNS FROM `mn_xz_recard` [ RunTime:0.0016s ]
NOTIC: [8] Undefined index: myopenid C:\project\miniapi\Application\Home\Controller\XzpdController.class.php 第 102 行.
SQL: SELECT * FROM `mn_xz_recard` WHERE `openid1` = 'oV9VJ5Nio2l-iTciujmUbsbZlIP0'  [ RunTime:0.0004s ]
INFO: [ app_end ] --START--
INFO: Run Behavior\ShowPageTraceBehavior [ RunTime:0.000539s ]
INFO: [ app_end ] --END-- [ RunTime:0.000586s ]

[ 2018-12-05T11:24:50+08:00 ] 71.6.202.204 /
INFO: [ app_init ] --START--
INFO: Run Behavior\BuildLiteBehavior [ RunTime:0.000014s ]
INFO: [ app_init ] --END-- [ RunTime:0.000371s ]
INFO: [ app_begin ] --START--
INFO: Run Behavior\ReadHtmlCacheBehavior [ RunTime:0.000550s ]
INFO: [ app_begin ] --END-- [ RunTime:0.000595s ]
SQL: SHOW COLUMNS FROM `mn_xz_user` [ RunTime:0.0016s ]
SQL: SHOW COLUMNS FROM `mn_qqh_user` [ RunTime:0.0014s ]
SQL: SELECT COUNT(*) AS tp_count FROM `mn_xz_user` LIMIT 1   [ RunTime:0.0004s ]
SQL: SELECT COUNT(*) AS tp_count FROM `mn_qqh_user` LIMIT 1   [ RunTime:0.0002s ]
INFO: [ app_end ] --START--
INFO: Run Behavior\ShowPageTraceBehavior [ RunTime:0.000499s ]
INFO: [ app_end ] --END-- [ RunTime:0.000549s ]

[ 2018-12-05T15:22:14+08:00 ] 80.82.77.33 /
INFO: [ app_init ] --START--
INFO: Run Behavior\BuildLiteBehavior [ RunTime:0.000013s ]
INFO: [ app_init ] --END-- [ RunTime:0.000306s ]
INFO: [ app_begin ] --START--
INFO: Run Behavior\ReadHtmlCacheBehavior [ RunTime:0.000586s ]
INFO: [ app_begin ] --END-- [ RunTime:0.000651s ]
SQL: SHOW COLUMNS FROM `mn_xz_user` [ RunTime:0.0016s ]
SQL: SHOW COLUMNS FROM `mn_qqh_user` [ RunTime:0.0017s ]
SQL: SELECT COUNT(*) AS tp_count FROM `mn_xz_user` LIMIT 1   [ RunTime:0.0005s ]
SQL: SELECT COUNT(*) AS tp_count FROM `mn_qqh_user` LIMIT 1   [ RunTime:0.0003s ]
INFO: [ app_end ] --START--
INFO: Run Behavior\ShowPageTraceBehavior [ RunTime:0.000592s ]
INFO: [ app_end ] --END-- [ RunTime:0.000632s ]

[ 2018-12-05T16:05:58+08:00 ] 106.6.72.144 /index.php/Home/xzpd/getopenid?code=033BwCwM1n5sG715QsxM1kOHwM1BwCwS
INFO: [ app_init ] --START--
INFO: Run Behavior\BuildLiteBehavior [ RunTime:0.000012s ]
INFO: [ app_init ] --END-- [ RunTime:0.000338s ]
INFO: [ app_begin ] --START--
INFO: Run Behavior\ReadHtmlCacheBehavior [ RunTime:0.000523s ]
INFO: [ app_begin ] --END-- [ RunTime:0.000567s ]
NOTIC: [2] curl_setopt(): You must pass either an object or an array with the CURLOPT_HTTPHEADER argument C:\project\miniapi\Application\Home\Controller\XzpdController.class.php 第 152 行.
NOTIC: [2] curl_errno(): 24 is not a valid cURL handle resource C:\project\miniapi\Application\Home\Controller\XzpdController.class.php 第 160 行.
SQL: SHOW COLUMNS FROM `mn_xz_user` [ RunTime:0.0017s ]
SQL: SELECT * FROM `mn_xz_user` WHERE `openid` = 'oV9VJ5H6VJZAw1ANCCegBEdH2eQc' LIMIT 1   [ RunTime:0.0006s ]
INFO: [ app_end ] --START--
INFO: Run Behavior\ShowPageTraceBehavior [ RunTime:0.000604s ]
INFO: [ app_end ] --END-- [ RunTime:0.000649s ]

[ 2018-12-05T22:18:37+08:00 ] 40.77.167.105 /
INFO: [ app_init ] --START--
INFO: Run Behavior\BuildLiteBehavior [ RunTime:0.000013s ]
INFO: [ app_init ] --END-- [ RunTime:0.000338s ]
INFO: [ app_begin ] --START--
INFO: Run Behavior\ReadHtmlCacheBehavior [ RunTime:0.000573s ]
INFO: [ app_begin ] --END-- [ RunTime:0.000618s ]
SQL: SHOW COLUMNS FROM `mn_xz_user` [ RunTime:0.0016s ]
SQL: SHOW COLUMNS FROM `mn_qqh_user` [ RunTime:0.0013s ]
SQL: SELECT COUNT(*) AS tp_count FROM `mn_xz_user` LIMIT 1   [ RunTime:0.0045s ]
SQL: SELECT COUNT(*) AS tp_count FROM `mn_qqh_user` LIMIT 1   [ RunTime:0.0062s ]
INFO: [ app_end ] --START--
INFO: Run Behavior\ShowPageTraceBehavior [ RunTime:0.000667s ]
INFO: [ app_end ] --END-- [ RunTime:0.000706s ]

