[ 2018-12-10T00:41:35+08:00 ] 184.105.139.67 /
INFO: [ app_init ] --START--
INFO: Run Behavior\BuildLiteBehavior [ RunTime:0.000012s ]
INFO: [ app_init ] --END-- [ RunTime:0.000343s ]
INFO: [ app_begin ] --START--
INFO: Run Behavior\ReadHtmlCacheBehavior [ RunTime:0.000641s ]
INFO: [ app_begin ] --END-- [ RunTime:0.000697s ]
SQL: SHOW COLUMNS FROM `mn_xz_user` [ RunTime:0.0015s ]
SQL: SHOW COLUMNS FROM `mn_qqh_user` [ RunTime:0.0013s ]
SQL: SELECT COUNT(*) AS tp_count FROM `mn_xz_user` LIMIT 1   [ RunTime:0.0003s ]
SQL: SELECT COUNT(*) AS tp_count FROM `mn_qqh_user` LIMIT 1   [ RunTime:0.0003s ]
INFO: [ app_end ] --START--
INFO: Run Behavior\ShowPageTraceBehavior [ RunTime:0.000650s ]
INFO: [ app_end ] --END-- [ RunTime:0.000689s ]

[ 2018-12-10T01:07:00+08:00 ] 140.205.205.25 /
INFO: [ app_init ] --START--
INFO: Run Behavior\BuildLiteBehavior [ RunTime:0.000012s ]
INFO: [ app_init ] --END-- [ RunTime:0.000318s ]
INFO: [ app_begin ] --START--
INFO: Run Behavior\ReadHtmlCacheBehavior [ RunTime:0.000640s ]
INFO: [ app_begin ] --END-- [ RunTime:0.000689s ]
SQL: SHOW COLUMNS FROM `mn_xz_user` [ RunTime:0.0015s ]
SQL: SHOW COLUMNS FROM `mn_qqh_user` [ RunTime:0.0012s ]
SQL: SELECT COUNT(*) AS tp_count FROM `mn_xz_user` LIMIT 1   [ RunTime:0.0003s ]
SQL: SELECT COUNT(*) AS tp_count FROM `mn_qqh_user` LIMIT 1   [ RunTime:0.0003s ]
INFO: [ app_end ] --START--
INFO: Run Behavior\ShowPageTraceBehavior [ RunTime:0.000574s ]
INFO: [ app_end ] --END-- [ RunTime:0.000612s ]

[ 2018-12-10T02:05:43+08:00 ] 60.191.38.78 /
INFO: [ app_init ] --START--
INFO: Run Behavior\BuildLiteBehavior [ RunTime:0.000014s ]
INFO: [ app_init ] --END-- [ RunTime:0.000374s ]
INFO: [ app_begin ] --START--
INFO: Run Behavior\ReadHtmlCacheBehavior [ RunTime:0.000618s ]
INFO: [ app_begin ] --END-- [ RunTime:0.000663s ]
SQL: SHOW COLUMNS FROM `mn_xz_user` [ RunTime:0.0015s ]
SQL: SHOW COLUMNS FROM `mn_qqh_user` [ RunTime:0.0012s ]
SQL: SELECT COUNT(*) AS tp_count FROM `mn_xz_user` LIMIT 1   [ RunTime:0.0004s ]
SQL: SELECT COUNT(*) AS tp_count FROM `mn_qqh_user` LIMIT 1   [ RunTime:0.0002s ]
INFO: [ app_end ] --START--
INFO: Run Behavior\ShowPageTraceBehavior [ RunTime:0.000683s ]
INFO: [ app_end ] --END-- [ RunTime:0.000721s ]

[ 2018-12-10T02:38:22+08:00 ] 54.175.227.153 /
INFO: [ app_init ] --START--
INFO: Run Behavior\BuildLiteBehavior [ RunTime:0.000013s ]
INFO: [ app_init ] --END-- [ RunTime:0.000304s ]
INFO: [ app_begin ] --START--
INFO: Run Behavior\ReadHtmlCacheBehavior [ RunTime:0.000544s ]
INFO: [ app_begin ] --END-- [ RunTime:0.000586s ]
SQL: SHOW COLUMNS FROM `mn_xz_user` [ RunTime:0.0016s ]
SQL: SHOW COLUMNS FROM `mn_qqh_user` [ RunTime:0.0013s ]
SQL: SELECT COUNT(*) AS tp_count FROM `mn_xz_user` LIMIT 1   [ RunTime:0.0004s ]
SQL: SELECT COUNT(*) AS tp_count FROM `mn_qqh_user` LIMIT 1   [ RunTime:0.0002s ]
INFO: [ app_end ] --START--
INFO: Run Behavior\ShowPageTraceBehavior [ RunTime:0.000644s ]
INFO: [ app_end ] --END-- [ RunTime:0.000683s ]

[ 2018-12-10T03:45:25+08:00 ] 122.228.19.79 /
INFO: [ app_init ] --START--
INFO: Run Behavior\BuildLiteBehavior [ RunTime:0.000012s ]
INFO: [ app_init ] --END-- [ RunTime:0.000320s ]
INFO: [ app_begin ] --START--
INFO: Run Behavior\ReadHtmlCacheBehavior [ RunTime:0.000552s ]
INFO: [ app_begin ] --END-- [ RunTime:0.000596s ]
SQL: SHOW COLUMNS FROM `mn_xz_user` [ RunTime:0.0017s ]
SQL: SHOW COLUMNS FROM `mn_qqh_user` [ RunTime:0.0013s ]
SQL: SELECT COUNT(*) AS tp_count FROM `mn_xz_user` LIMIT 1   [ RunTime:0.0004s ]
SQL: SELECT COUNT(*) AS tp_count FROM `mn_qqh_user` LIMIT 1   [ RunTime:0.0002s ]
INFO: [ app_end ] --START--
INFO: Run Behavior\ShowPageTraceBehavior [ RunTime:0.000662s ]
INFO: [ app_end ] --END-- [ RunTime:0.000711s ]

[ 2018-12-10T03:46:41+08:00 ] 119.23.139.140 /
INFO: [ app_init ] --START--
INFO: Run Behavior\BuildLiteBehavior [ RunTime:0.000014s ]
INFO: [ app_init ] --END-- [ RunTime:0.000356s ]
INFO: [ app_begin ] --START--
INFO: Run Behavior\ReadHtmlCacheBehavior [ RunTime:0.000556s ]
INFO: [ app_begin ] --END-- [ RunTime:0.000600s ]
SQL: SHOW COLUMNS FROM `mn_xz_user` [ RunTime:0.0016s ]
SQL: SHOW COLUMNS FROM `mn_qqh_user` [ RunTime:0.0014s ]
SQL: SELECT COUNT(*) AS tp_count FROM `mn_xz_user` LIMIT 1   [ RunTime:0.0004s ]
SQL: SELECT COUNT(*) AS tp_count FROM `mn_qqh_user` LIMIT 1   [ RunTime:0.0003s ]
INFO: [ app_end ] --START--
INFO: Run Behavior\ShowPageTraceBehavior [ RunTime:0.000614s ]
INFO: [ app_end ] --END-- [ RunTime:0.000652s ]

[ 2018-12-10T07:21:44+08:00 ] 47.97.23.199 /
INFO: [ app_init ] --START--
INFO: Run Behavior\BuildLiteBehavior [ RunTime:0.000013s ]
INFO: [ app_init ] --END-- [ RunTime:0.000351s ]
INFO: [ app_begin ] --START--
INFO: Run Behavior\ReadHtmlCacheBehavior [ RunTime:0.000597s ]
INFO: [ app_begin ] --END-- [ RunTime:0.000645s ]
SQL: SHOW COLUMNS FROM `mn_xz_user` [ RunTime:0.0015s ]
SQL: SHOW COLUMNS FROM `mn_qqh_user` [ RunTime:0.0012s ]
SQL: SELECT COUNT(*) AS tp_count FROM `mn_xz_user` LIMIT 1   [ RunTime:0.0004s ]
SQL: SELECT COUNT(*) AS tp_count FROM `mn_qqh_user` LIMIT 1   [ RunTime:0.0002s ]
INFO: [ app_end ] --START--
INFO: Run Behavior\ShowPageTraceBehavior [ RunTime:0.000549s ]
INFO: [ app_end ] --END-- [ RunTime:0.000586s ]

[ 2018-12-10T10:32:21+08:00 ] 101.91.62.170 /index.php/home/PubWXPay/notify
INFO: [ app_init ] --START--
INFO: Run Behavior\BuildLiteBehavior [ RunTime:0.000013s ]
INFO: [ app_init ] --END-- [ RunTime:0.000406s ]
INFO: [ app_begin ] --START--
INFO: Run Behavior\ReadHtmlCacheBehavior [ RunTime:0.000488s ]
INFO: [ app_begin ] --END-- [ RunTime:0.000532s ]
NOTIC: [2] Missing argument 1 for Home\Controller\PubWXPayController::__construct(), called in C:\project\miniapi\ThinkPHP\Common\functions.php on line 681 and defined C:\project\miniapi\Application\Home\Controller\PubWXPayController.class.php 第 15 行.
NOTIC: [2] Missing argument 2 for Home\Controller\PubWXPayController::__construct(), called in C:\project\miniapi\ThinkPHP\Common\functions.php on line 681 and defined C:\project\miniapi\Application\Home\Controller\PubWXPayController.class.php 第 15 行.
NOTIC: [2] Missing argument 3 for Home\Controller\PubWXPayController::__construct(), called in C:\project\miniapi\ThinkPHP\Common\functions.php on line 681 and defined C:\project\miniapi\Application\Home\Controller\PubWXPayController.class.php 第 15 行.
NOTIC: [2] Missing argument 4 for Home\Controller\PubWXPayController::__construct(), called in C:\project\miniapi\ThinkPHP\Common\functions.php on line 681 and defined C:\project\miniapi\Application\Home\Controller\PubWXPayController.class.php 第 15 行.
NOTIC: [2] Missing argument 5 for Home\Controller\PubWXPayController::__construct(), called in C:\project\miniapi\ThinkPHP\Common\functions.php on line 681 and defined C:\project\miniapi\Application\Home\Controller\PubWXPayController.class.php 第 15 行.
NOTIC: [2] Missing argument 6 for Home\Controller\PubWXPayController::__construct(), called in C:\project\miniapi\ThinkPHP\Common\functions.php on line 681 and defined C:\project\miniapi\Application\Home\Controller\PubWXPayController.class.php 第 15 行.
NOTIC: [2] Missing argument 7 for Home\Controller\PubWXPayController::__construct(), called in C:\project\miniapi\ThinkPHP\Common\functions.php on line 681 and defined C:\project\miniapi\Application\Home\Controller\PubWXPayController.class.php 第 15 行.
NOTIC: [8] Undefined variable: appid C:\project\miniapi\Application\Home\Controller\PubWXPayController.class.php 第 16 行.
NOTIC: [8] Undefined variable: openid C:\project\miniapi\Application\Home\Controller\PubWXPayController.class.php 第 17 行.
NOTIC: [8] Undefined variable: mch_id C:\project\miniapi\Application\Home\Controller\PubWXPayController.class.php 第 18 行.
NOTIC: [8] Undefined variable: key C:\project\miniapi\Application\Home\Controller\PubWXPayController.class.php 第 19 行.
NOTIC: [8] Undefined variable: out_trade_no C:\project\miniapi\Application\Home\Controller\PubWXPayController.class.php 第 20 行.
NOTIC: [8] Undefined variable: body C:\project\miniapi\Application\Home\Controller\PubWXPayController.class.php 第 21 行.
NOTIC: [8] Undefined variable: total_fee C:\project\miniapi\Application\Home\Controller\PubWXPayController.class.php 第 22 行.
NOTIC: [2] simplexml_load_string() expects parameter 1 to be string, array given C:\project\miniapi\Application\Home\Controller\PubWXPayController.class.php 第 171 行.
NOTIC: [8] Use of undefined constant total_fee - assumed 'total_fee' C:\project\miniapi\Application\Home\Controller\PubWXPayController.class.php 第 176 行.
NOTIC: [8] Use of undefined constant openid - assumed 'openid' C:\project\miniapi\Application\Home\Controller\PubWXPayController.class.php 第 177 行.
NOTIC: [8] Use of undefined constant out_trade_no - assumed 'out_trade_no' C:\project\miniapi\Application\Home\Controller\PubWXPayController.class.php 第 178 行.
NOTIC: [8] Use of undefined constant time_end - assumed 'time_end' C:\project\miniapi\Application\Home\Controller\PubWXPayController.class.php 第 179 行.
INFO: [ app_end ] --START--
INFO: Run Behavior\ShowPageTraceBehavior [ RunTime:0.000485s ]
INFO: [ app_end ] --END-- [ RunTime:0.000522s ]

[ 2018-12-10T10:32:21+08:00 ] 101.91.62.170 /index.php/home/PubWXPay/notify
INFO: [ app_init ] --START--
INFO: Run Behavior\BuildLiteBehavior [ RunTime:0.000012s ]
INFO: [ app_init ] --END-- [ RunTime:0.000307s ]
INFO: [ app_begin ] --START--
INFO: Run Behavior\ReadHtmlCacheBehavior [ RunTime:0.000540s ]
INFO: [ app_begin ] --END-- [ RunTime:0.000594s ]
NOTIC: [2] Missing argument 1 for Home\Controller\PubWXPayController::__construct(), called in C:\project\miniapi\ThinkPHP\Common\functions.php on line 681 and defined C:\project\miniapi\Application\Home\Controller\PubWXPayController.class.php 第 15 行.
NOTIC: [2] Missing argument 2 for Home\Controller\PubWXPayController::__construct(), called in C:\project\miniapi\ThinkPHP\Common\functions.php on line 681 and defined C:\project\miniapi\Application\Home\Controller\PubWXPayController.class.php 第 15 行.
NOTIC: [2] Missing argument 3 for Home\Controller\PubWXPayController::__construct(), called in C:\project\miniapi\ThinkPHP\Common\functions.php on line 681 and defined C:\project\miniapi\Application\Home\Controller\PubWXPayController.class.php 第 15 行.
NOTIC: [2] Missing argument 4 for Home\Controller\PubWXPayController::__construct(), called in C:\project\miniapi\ThinkPHP\Common\functions.php on line 681 and defined C:\project\miniapi\Application\Home\Controller\PubWXPayController.class.php 第 15 行.
NOTIC: [2] Missing argument 5 for Home\Controller\PubWXPayController::__construct(), called in C:\project\miniapi\ThinkPHP\Common\functions.php on line 681 and defined C:\project\miniapi\Application\Home\Controller\PubWXPayController.class.php 第 15 行.
NOTIC: [2] Missing argument 6 for Home\Controller\PubWXPayController::__construct(), called in C:\project\miniapi\ThinkPHP\Common\functions.php on line 681 and defined C:\project\miniapi\Application\Home\Controller\PubWXPayController.class.php 第 15 行.
NOTIC: [2] Missing argument 7 for Home\Controller\PubWXPayController::__construct(), called in C:\project\miniapi\ThinkPHP\Common\functions.php on line 681 and defined C:\project\miniapi\Application\Home\Controller\PubWXPayController.class.php 第 15 行.
NOTIC: [8] Undefined variable: appid C:\project\miniapi\Application\Home\Controller\PubWXPayController.class.php 第 16 行.
NOTIC: [8] Undefined variable: openid C:\project\miniapi\Application\Home\Controller\PubWXPayController.class.php 第 17 行.
NOTIC: [8] Undefined variable: mch_id C:\project\miniapi\Application\Home\Controller\PubWXPayController.class.php 第 18 行.
NOTIC: [8] Undefined variable: key C:\project\miniapi\Application\Home\Controller\PubWXPayController.class.php 第 19 行.
NOTIC: [8] Undefined variable: out_trade_no C:\project\miniapi\Application\Home\Controller\PubWXPayController.class.php 第 20 行.
NOTIC: [8] Undefined variable: body C:\project\miniapi\Application\Home\Controller\PubWXPayController.class.php 第 21 行.
NOTIC: [8] Undefined variable: total_fee C:\project\miniapi\Application\Home\Controller\PubWXPayController.class.php 第 22 行.
NOTIC: [2] simplexml_load_string() expects parameter 1 to be string, array given C:\project\miniapi\Application\Home\Controller\PubWXPayController.class.php 第 171 行.
NOTIC: [8] Use of undefined constant total_fee - assumed 'total_fee' C:\project\miniapi\Application\Home\Controller\PubWXPayController.class.php 第 176 行.
NOTIC: [8] Use of undefined constant openid - assumed 'openid' C:\project\miniapi\Application\Home\Controller\PubWXPayController.class.php 第 177 行.
NOTIC: [8] Use of undefined constant out_trade_no - assumed 'out_trade_no' C:\project\miniapi\Application\Home\Controller\PubWXPayController.class.php 第 178 行.
NOTIC: [8] Use of undefined constant time_end - assumed 'time_end' C:\project\miniapi\Application\Home\Controller\PubWXPayController.class.php 第 179 行.
INFO: [ app_end ] --START--
INFO: Run Behavior\ShowPageTraceBehavior [ RunTime:0.000581s ]
INFO: [ app_end ] --END-- [ RunTime:0.000619s ]

[ 2018-12-10T12:08:12+08:00 ] 101.91.62.170 /index.php/home/PubWXPay/notify
INFO: [ app_init ] --START--
INFO: Run Behavior\BuildLiteBehavior [ RunTime:0.000013s ]
INFO: [ app_init ] --END-- [ RunTime:0.000336s ]
INFO: [ app_begin ] --START--
INFO: Run Behavior\ReadHtmlCacheBehavior [ RunTime:0.000500s ]
INFO: [ app_begin ] --END-- [ RunTime:0.000548s ]
NOTIC: [2] Missing argument 1 for Home\Controller\PubWXPayController::__construct(), called in C:\project\miniapi\ThinkPHP\Common\functions.php on line 681 and defined C:\project\miniapi\Application\Home\Controller\PubWXPayController.class.php 第 15 行.
NOTIC: [2] Missing argument 2 for Home\Controller\PubWXPayController::__construct(), called in C:\project\miniapi\ThinkPHP\Common\functions.php on line 681 and defined C:\project\miniapi\Application\Home\Controller\PubWXPayController.class.php 第 15 行.
NOTIC: [2] Missing argument 3 for Home\Controller\PubWXPayController::__construct(), called in C:\project\miniapi\ThinkPHP\Common\functions.php on line 681 and defined C:\project\miniapi\Application\Home\Controller\PubWXPayController.class.php 第 15 行.
NOTIC: [2] Missing argument 4 for Home\Controller\PubWXPayController::__construct(), called in C:\project\miniapi\ThinkPHP\Common\functions.php on line 681 and defined C:\project\miniapi\Application\Home\Controller\PubWXPayController.class.php 第 15 行.
NOTIC: [2] Missing argument 5 for Home\Controller\PubWXPayController::__construct(), called in C:\project\miniapi\ThinkPHP\Common\functions.php on line 681 and defined C:\project\miniapi\Application\Home\Controller\PubWXPayController.class.php 第 15 行.
NOTIC: [2] Missing argument 6 for Home\Controller\PubWXPayController::__construct(), called in C:\project\miniapi\ThinkPHP\Common\functions.php on line 681 and defined C:\project\miniapi\Application\Home\Controller\PubWXPayController.class.php 第 15 行.
NOTIC: [2] Missing argument 7 for Home\Controller\PubWXPayController::__construct(), called in C:\project\miniapi\ThinkPHP\Common\functions.php on line 681 and defined C:\project\miniapi\Application\Home\Controller\PubWXPayController.class.php 第 15 行.
NOTIC: [8] Undefined variable: appid C:\project\miniapi\Application\Home\Controller\PubWXPayController.class.php 第 16 行.
NOTIC: [8] Undefined variable: openid C:\project\miniapi\Application\Home\Controller\PubWXPayController.class.php 第 17 行.
NOTIC: [8] Undefined variable: mch_id C:\project\miniapi\Application\Home\Controller\PubWXPayController.class.php 第 18 行.
NOTIC: [8] Undefined variable: key C:\project\miniapi\Application\Home\Controller\PubWXPayController.class.php 第 19 行.
NOTIC: [8] Undefined variable: out_trade_no C:\project\miniapi\Application\Home\Controller\PubWXPayController.class.php 第 20 行.
NOTIC: [8] Undefined variable: body C:\project\miniapi\Application\Home\Controller\PubWXPayController.class.php 第 21 行.
NOTIC: [8] Undefined variable: total_fee C:\project\miniapi\Application\Home\Controller\PubWXPayController.class.php 第 22 行.
NOTIC: [2] simplexml_load_string() expects parameter 1 to be string, array given C:\project\miniapi\Application\Home\Controller\PubWXPayController.class.php 第 171 行.
NOTIC: [8] Use of undefined constant total_fee - assumed 'total_fee' C:\project\miniapi\Application\Home\Controller\PubWXPayController.class.php 第 176 行.
NOTIC: [8] Use of undefined constant openid - assumed 'openid' C:\project\miniapi\Application\Home\Controller\PubWXPayController.class.php 第 177 行.
NOTIC: [8] Use of undefined constant out_trade_no - assumed 'out_trade_no' C:\project\miniapi\Application\Home\Controller\PubWXPayController.class.php 第 178 行.
NOTIC: [8] Use of undefined constant time_end - assumed 'time_end' C:\project\miniapi\Application\Home\Controller\PubWXPayController.class.php 第 179 行.
INFO: [ app_end ] --START--
INFO: Run Behavior\ShowPageTraceBehavior [ RunTime:0.000508s ]
INFO: [ app_end ] --END-- [ RunTime:0.000559s ]

[ 2018-12-10T12:08:12+08:00 ] 101.91.62.170 /index.php/home/PubWXPay/notify
INFO: [ app_init ] --START--
INFO: Run Behavior\BuildLiteBehavior [ RunTime:0.000014s ]
INFO: [ app_init ] --END-- [ RunTime:0.000351s ]
INFO: [ app_begin ] --START--
INFO: Run Behavior\ReadHtmlCacheBehavior [ RunTime:0.000610s ]
INFO: [ app_begin ] --END-- [ RunTime:0.000656s ]
NOTIC: [2] Missing argument 1 for Home\Controller\PubWXPayController::__construct(), called in C:\project\miniapi\ThinkPHP\Common\functions.php on line 681 and defined C:\project\miniapi\Application\Home\Controller\PubWXPayController.class.php 第 15 行.
NOTIC: [2] Missing argument 2 for Home\Controller\PubWXPayController::__construct(), called in C:\project\miniapi\ThinkPHP\Common\functions.php on line 681 and defined C:\project\miniapi\Application\Home\Controller\PubWXPayController.class.php 第 15 行.
NOTIC: [2] Missing argument 3 for Home\Controller\PubWXPayController::__construct(), called in C:\project\miniapi\ThinkPHP\Common\functions.php on line 681 and defined C:\project\miniapi\Application\Home\Controller\PubWXPayController.class.php 第 15 行.
NOTIC: [2] Missing argument 4 for Home\Controller\PubWXPayController::__construct(), called in C:\project\miniapi\ThinkPHP\Common\functions.php on line 681 and defined C:\project\miniapi\Application\Home\Controller\PubWXPayController.class.php 第 15 行.
NOTIC: [2] Missing argument 5 for Home\Controller\PubWXPayController::__construct(), called in C:\project\miniapi\ThinkPHP\Common\functions.php on line 681 and defined C:\project\miniapi\Application\Home\Controller\PubWXPayController.class.php 第 15 行.
NOTIC: [2] Missing argument 6 for Home\Controller\PubWXPayController::__construct(), called in C:\project\miniapi\ThinkPHP\Common\functions.php on line 681 and defined C:\project\miniapi\Application\Home\Controller\PubWXPayController.class.php 第 15 行.
NOTIC: [2] Missing argument 7 for Home\Controller\PubWXPayController::__construct(), called in C:\project\miniapi\ThinkPHP\Common\functions.php on line 681 and defined C:\project\miniapi\Application\Home\Controller\PubWXPayController.class.php 第 15 行.
NOTIC: [8] Undefined variable: appid C:\project\miniapi\Application\Home\Controller\PubWXPayController.class.php 第 16 行.
NOTIC: [8] Undefined variable: openid C:\project\miniapi\Application\Home\Controller\PubWXPayController.class.php 第 17 行.
NOTIC: [8] Undefined variable: mch_id C:\project\miniapi\Application\Home\Controller\PubWXPayController.class.php 第 18 行.
NOTIC: [8] Undefined variable: key C:\project\miniapi\Application\Home\Controller\PubWXPayController.class.php 第 19 行.
NOTIC: [8] Undefined variable: out_trade_no C:\project\miniapi\Application\Home\Controller\PubWXPayController.class.php 第 20 行.
NOTIC: [8] Undefined variable: body C:\project\miniapi\Application\Home\Controller\PubWXPayController.class.php 第 21 行.
NOTIC: [8] Undefined variable: total_fee C:\project\miniapi\Application\Home\Controller\PubWXPayController.class.php 第 22 行.
NOTIC: [2] simplexml_load_string() expects parameter 1 to be string, array given C:\project\miniapi\Application\Home\Controller\PubWXPayController.class.php 第 171 行.
NOTIC: [8] Use of undefined constant total_fee - assumed 'total_fee' C:\project\miniapi\Application\Home\Controller\PubWXPayController.class.php 第 176 行.
NOTIC: [8] Use of undefined constant openid - assumed 'openid' C:\project\miniapi\Application\Home\Controller\PubWXPayController.class.php 第 177 行.
NOTIC: [8] Use of undefined constant out_trade_no - assumed 'out_trade_no' C:\project\miniapi\Application\Home\Controller\PubWXPayController.class.php 第 178 行.
NOTIC: [8] Use of undefined constant time_end - assumed 'time_end' C:\project\miniapi\Application\Home\Controller\PubWXPayController.class.php 第 179 行.
INFO: [ app_end ] --START--
INFO: Run Behavior\ShowPageTraceBehavior [ RunTime:0.000583s ]
INFO: [ app_end ] --END-- [ RunTime:0.000622s ]

[ 2018-12-10T13:25:01+08:00 ] 101.91.62.170 /index.php/home/PubWXPay/notify
INFO: [ app_init ] --START--
INFO: Run Behavior\BuildLiteBehavior [ RunTime:0.000013s ]
INFO: [ app_init ] --END-- [ RunTime:0.000330s ]
INFO: [ app_begin ] --START--
INFO: Run Behavior\ReadHtmlCacheBehavior [ RunTime:0.000565s ]
INFO: [ app_begin ] --END-- [ RunTime:0.000612s ]
NOTIC: [2] Missing argument 1 for Home\Controller\PubWXPayController::__construct(), called in C:\project\miniapi\ThinkPHP\Common\functions.php on line 681 and defined C:\project\miniapi\Application\Home\Controller\PubWXPayController.class.php 第 15 行.
NOTIC: [2] Missing argument 2 for Home\Controller\PubWXPayController::__construct(), called in C:\project\miniapi\ThinkPHP\Common\functions.php on line 681 and defined C:\project\miniapi\Application\Home\Controller\PubWXPayController.class.php 第 15 行.
NOTIC: [2] Missing argument 3 for Home\Controller\PubWXPayController::__construct(), called in C:\project\miniapi\ThinkPHP\Common\functions.php on line 681 and defined C:\project\miniapi\Application\Home\Controller\PubWXPayController.class.php 第 15 行.
NOTIC: [2] Missing argument 4 for Home\Controller\PubWXPayController::__construct(), called in C:\project\miniapi\ThinkPHP\Common\functions.php on line 681 and defined C:\project\miniapi\Application\Home\Controller\PubWXPayController.class.php 第 15 行.
NOTIC: [2] Missing argument 5 for Home\Controller\PubWXPayController::__construct(), called in C:\project\miniapi\ThinkPHP\Common\functions.php on line 681 and defined C:\project\miniapi\Application\Home\Controller\PubWXPayController.class.php 第 15 行.
NOTIC: [2] Missing argument 6 for Home\Controller\PubWXPayController::__construct(), called in C:\project\miniapi\ThinkPHP\Common\functions.php on line 681 and defined C:\project\miniapi\Application\Home\Controller\PubWXPayController.class.php 第 15 行.
NOTIC: [2] Missing argument 7 for Home\Controller\PubWXPayController::__construct(), called in C:\project\miniapi\ThinkPHP\Common\functions.php on line 681 and defined C:\project\miniapi\Application\Home\Controller\PubWXPayController.class.php 第 15 行.
NOTIC: [8] Undefined variable: appid C:\project\miniapi\Application\Home\Controller\PubWXPayController.class.php 第 16 行.
NOTIC: [8] Undefined variable: openid C:\project\miniapi\Application\Home\Controller\PubWXPayController.class.php 第 17 行.
NOTIC: [8] Undefined variable: mch_id C:\project\miniapi\Application\Home\Controller\PubWXPayController.class.php 第 18 行.
NOTIC: [8] Undefined variable: key C:\project\miniapi\Application\Home\Controller\PubWXPayController.class.php 第 19 行.
NOTIC: [8] Undefined variable: out_trade_no C:\project\miniapi\Application\Home\Controller\PubWXPayController.class.php 第 20 行.
NOTIC: [8] Undefined variable: body C:\project\miniapi\Application\Home\Controller\PubWXPayController.class.php 第 21 行.
NOTIC: [8] Undefined variable: total_fee C:\project\miniapi\Application\Home\Controller\PubWXPayController.class.php 第 22 行.
NOTIC: [2] simplexml_load_string() expects parameter 1 to be string, array given C:\project\miniapi\Application\Home\Controller\PubWXPayController.class.php 第 171 行.
NOTIC: [8] Use of undefined constant total_fee - assumed 'total_fee' C:\project\miniapi\Application\Home\Controller\PubWXPayController.class.php 第 176 行.
NOTIC: [8] Use of undefined constant openid - assumed 'openid' C:\project\miniapi\Application\Home\Controller\PubWXPayController.class.php 第 177 行.
NOTIC: [8] Use of undefined constant out_trade_no - assumed 'out_trade_no' C:\project\miniapi\Application\Home\Controller\PubWXPayController.class.php 第 178 行.
NOTIC: [8] Use of undefined constant time_end - assumed 'time_end' C:\project\miniapi\Application\Home\Controller\PubWXPayController.class.php 第 179 行.
INFO: [ app_end ] --START--
INFO: Run Behavior\ShowPageTraceBehavior [ RunTime:0.000566s ]
INFO: [ app_end ] --END-- [ RunTime:0.000606s ]

[ 2018-12-10T13:25:01+08:00 ] 101.91.62.170 /index.php/home/PubWXPay/notify
INFO: [ app_init ] --START--
INFO: Run Behavior\BuildLiteBehavior [ RunTime:0.000014s ]
INFO: [ app_init ] --END-- [ RunTime:0.000303s ]
INFO: [ app_begin ] --START--
INFO: Run Behavior\ReadHtmlCacheBehavior [ RunTime:0.000623s ]
INFO: [ app_begin ] --END-- [ RunTime:0.000670s ]
NOTIC: [2] Missing argument 1 for Home\Controller\PubWXPayController::__construct(), called in C:\project\miniapi\ThinkPHP\Common\functions.php on line 681 and defined C:\project\miniapi\Application\Home\Controller\PubWXPayController.class.php 第 15 行.
NOTIC: [2] Missing argument 2 for Home\Controller\PubWXPayController::__construct(), called in C:\project\miniapi\ThinkPHP\Common\functions.php on line 681 and defined C:\project\miniapi\Application\Home\Controller\PubWXPayController.class.php 第 15 行.
NOTIC: [2] Missing argument 3 for Home\Controller\PubWXPayController::__construct(), called in C:\project\miniapi\ThinkPHP\Common\functions.php on line 681 and defined C:\project\miniapi\Application\Home\Controller\PubWXPayController.class.php 第 15 行.
NOTIC: [2] Missing argument 4 for Home\Controller\PubWXPayController::__construct(), called in C:\project\miniapi\ThinkPHP\Common\functions.php on line 681 and defined C:\project\miniapi\Application\Home\Controller\PubWXPayController.class.php 第 15 行.
NOTIC: [2] Missing argument 5 for Home\Controller\PubWXPayController::__construct(), called in C:\project\miniapi\ThinkPHP\Common\functions.php on line 681 and defined C:\project\miniapi\Application\Home\Controller\PubWXPayController.class.php 第 15 行.
NOTIC: [2] Missing argument 6 for Home\Controller\PubWXPayController::__construct(), called in C:\project\miniapi\ThinkPHP\Common\functions.php on line 681 and defined C:\project\miniapi\Application\Home\Controller\PubWXPayController.class.php 第 15 行.
NOTIC: [2] Missing argument 7 for Home\Controller\PubWXPayController::__construct(), called in C:\project\miniapi\ThinkPHP\Common\functions.php on line 681 and defined C:\project\miniapi\Application\Home\Controller\PubWXPayController.class.php 第 15 行.
NOTIC: [8] Undefined variable: appid C:\project\miniapi\Application\Home\Controller\PubWXPayController.class.php 第 16 行.
NOTIC: [8] Undefined variable: openid C:\project\miniapi\Application\Home\Controller\PubWXPayController.class.php 第 17 行.
NOTIC: [8] Undefined variable: mch_id C:\project\miniapi\Application\Home\Controller\PubWXPayController.class.php 第 18 行.
NOTIC: [8] Undefined variable: key C:\project\miniapi\Application\Home\Controller\PubWXPayController.class.php 第 19 行.
NOTIC: [8] Undefined variable: out_trade_no C:\project\miniapi\Application\Home\Controller\PubWXPayController.class.php 第 20 行.
NOTIC: [8] Undefined variable: body C:\project\miniapi\Application\Home\Controller\PubWXPayController.class.php 第 21 行.
NOTIC: [8] Undefined variable: total_fee C:\project\miniapi\Application\Home\Controller\PubWXPayController.class.php 第 22 行.
NOTIC: [2] simplexml_load_string() expects parameter 1 to be string, array given C:\project\miniapi\Application\Home\Controller\PubWXPayController.class.php 第 171 行.
NOTIC: [8] Use of undefined constant total_fee - assumed 'total_fee' C:\project\miniapi\Application\Home\Controller\PubWXPayController.class.php 第 176 行.
NOTIC: [8] Use of undefined constant openid - assumed 'openid' C:\project\miniapi\Application\Home\Controller\PubWXPayController.class.php 第 177 行.
NOTIC: [8] Use of undefined constant out_trade_no - assumed 'out_trade_no' C:\project\miniapi\Application\Home\Controller\PubWXPayController.class.php 第 178 行.
NOTIC: [8] Use of undefined constant time_end - assumed 'time_end' C:\project\miniapi\Application\Home\Controller\PubWXPayController.class.php 第 179 行.
INFO: [ app_end ] --START--
INFO: Run Behavior\ShowPageTraceBehavior [ RunTime:0.000625s ]
INFO: [ app_end ] --END-- [ RunTime:0.000664s ]

[ 2018-12-10T19:59:32+08:00 ] 60.191.38.77 /
INFO: [ app_init ] --START--
INFO: Run Behavior\BuildLiteBehavior [ RunTime:0.000014s ]
INFO: [ app_init ] --END-- [ RunTime:0.000399s ]
INFO: [ app_begin ] --START--
INFO: Run Behavior\ReadHtmlCacheBehavior [ RunTime:0.000660s ]
INFO: [ app_begin ] --END-- [ RunTime:0.000711s ]
SQL: SHOW COLUMNS FROM `mn_xz_user` [ RunTime:0.0019s ]
SQL: SHOW COLUMNS FROM `mn_qqh_user` [ RunTime:0.0016s ]
SQL: SELECT COUNT(*) AS tp_count FROM `mn_xz_user` LIMIT 1   [ RunTime:0.0234s ]
SQL: SELECT COUNT(*) AS tp_count FROM `mn_qqh_user` LIMIT 1   [ RunTime:0.0003s ]
INFO: [ app_end ] --START--
INFO: Run Behavior\ShowPageTraceBehavior [ RunTime:0.000727s ]
INFO: [ app_end ] --END-- [ RunTime:0.000766s ]

[ 2018-12-10T20:09:50+08:00 ] 104.248.2.67 /
INFO: [ app_init ] --START--
INFO: Run Behavior\BuildLiteBehavior [ RunTime:0.000013s ]
INFO: [ app_init ] --END-- [ RunTime:0.000334s ]
INFO: [ app_begin ] --START--
INFO: Run Behavior\ReadHtmlCacheBehavior [ RunTime:0.000658s ]
INFO: [ app_begin ] --END-- [ RunTime:0.000705s ]
SQL: SHOW COLUMNS FROM `mn_xz_user` [ RunTime:0.0015s ]
SQL: SHOW COLUMNS FROM `mn_qqh_user` [ RunTime:0.0012s ]
SQL: SELECT COUNT(*) AS tp_count FROM `mn_xz_user` LIMIT 1   [ RunTime:0.0003s ]
SQL: SELECT COUNT(*) AS tp_count FROM `mn_qqh_user` LIMIT 1   [ RunTime:0.0002s ]
INFO: [ app_end ] --START--
INFO: Run Behavior\ShowPageTraceBehavior [ RunTime:0.000681s ]
INFO: [ app_end ] --END-- [ RunTime:0.000721s ]

[ 2018-12-10T21:37:16+08:00 ] 71.6.232.7 /
INFO: [ app_init ] --START--
INFO: Run Behavior\BuildLiteBehavior [ RunTime:0.000013s ]
INFO: [ app_init ] --END-- [ RunTime:0.000323s ]
INFO: [ app_begin ] --START--
INFO: Run Behavior\ReadHtmlCacheBehavior [ RunTime:0.000569s ]
INFO: [ app_begin ] --END-- [ RunTime:0.000615s ]
SQL: SHOW COLUMNS FROM `mn_xz_user` [ RunTime:0.0015s ]
SQL: SHOW COLUMNS FROM `mn_qqh_user` [ RunTime:0.0013s ]
SQL: SELECT COUNT(*) AS tp_count FROM `mn_xz_user` LIMIT 1   [ RunTime:0.0003s ]
SQL: SELECT COUNT(*) AS tp_count FROM `mn_qqh_user` LIMIT 1   [ RunTime:0.0002s ]
INFO: [ app_end ] --START--
INFO: Run Behavior\ShowPageTraceBehavior [ RunTime:0.000616s ]
INFO: [ app_end ] --END-- [ RunTime:0.000704s ]

