[ 2018-10-11T00:49:33+08:00 ] 60.191.38.77 /
INFO: [ app_init ] --START--
INFO: Run Behavior\BuildLiteBehavior [ RunTime:0.000012s ]
INFO: [ app_init ] --END-- [ RunTime:0.000306s ]
INFO: [ app_begin ] --START--
INFO: Run Behavior\ReadHtmlCacheBehavior [ RunTime:0.000442s ]
INFO: [ app_begin ] --END-- [ RunTime:0.000486s ]
SQL: SHOW COLUMNS FROM `mn_xz_user` [ RunTime:0.0015s ]
SQL: SHOW COLUMNS FROM `mn_qqh_user` [ RunTime:0.0012s ]
SQL: SELECT COUNT(*) AS tp_count FROM `mn_xz_user` LIMIT 1   [ RunTime:0.0003s ]
SQL: SELECT COUNT(*) AS tp_count FROM `mn_qqh_user` LIMIT 1   [ RunTime:0.0002s ]
INFO: [ app_end ] --START--
INFO: Run Behavior\ShowPageTraceBehavior [ RunTime:0.000453s ]
INFO: [ app_end ] --END-- [ RunTime:0.000490s ]

[ 2018-10-11T01:17:32+08:00 ] 140.205.205.25 /
INFO: [ app_init ] --START--
INFO: Run Behavior\BuildLiteBehavior [ RunTime:0.000014s ]
INFO: [ app_init ] --END-- [ RunTime:0.000311s ]
INFO: [ app_begin ] --START--
INFO: Run Behavior\ReadHtmlCacheBehavior [ RunTime:0.000458s ]
INFO: [ app_begin ] --END-- [ RunTime:0.000525s ]
SQL: SHOW COLUMNS FROM `mn_xz_user` [ RunTime:0.0015s ]
SQL: SHOW COLUMNS FROM `mn_qqh_user` [ RunTime:0.0012s ]
SQL: SELECT COUNT(*) AS tp_count FROM `mn_xz_user` LIMIT 1   [ RunTime:0.0003s ]
SQL: SELECT COUNT(*) AS tp_count FROM `mn_qqh_user` LIMIT 1   [ RunTime:0.0002s ]
INFO: [ app_end ] --START--
INFO: Run Behavior\ShowPageTraceBehavior [ RunTime:0.000462s ]
INFO: [ app_end ] --END-- [ RunTime:0.000499s ]

[ 2018-10-11T02:13:21+08:00 ] 46.29.161.4 /
INFO: [ app_init ] --START--
INFO: Run Behavior\BuildLiteBehavior [ RunTime:0.000013s ]
INFO: [ app_init ] --END-- [ RunTime:0.000326s ]
INFO: [ app_begin ] --START--
INFO: Run Behavior\ReadHtmlCacheBehavior [ RunTime:0.000449s ]
INFO: [ app_begin ] --END-- [ RunTime:0.000492s ]
SQL: SHOW COLUMNS FROM `mn_xz_user` [ RunTime:0.0014s ]
SQL: SHOW COLUMNS FROM `mn_qqh_user` [ RunTime:0.0012s ]
SQL: SELECT COUNT(*) AS tp_count FROM `mn_xz_user` LIMIT 1   [ RunTime:0.0003s ]
SQL: SELECT COUNT(*) AS tp_count FROM `mn_qqh_user` LIMIT 1   [ RunTime:0.0002s ]
INFO: [ app_end ] --START--
INFO: Run Behavior\ShowPageTraceBehavior [ RunTime:0.000450s ]
INFO: [ app_end ] --END-- [ RunTime:0.000487s ]

[ 2018-10-11T02:29:37+08:00 ] 47.52.210.90 /
INFO: [ app_init ] --START--
INFO: Run Behavior\BuildLiteBehavior [ RunTime:0.000013s ]
INFO: [ app_init ] --END-- [ RunTime:0.000309s ]
INFO: [ app_begin ] --START--
INFO: Run Behavior\ReadHtmlCacheBehavior [ RunTime:0.000446s ]
INFO: [ app_begin ] --END-- [ RunTime:0.000496s ]
SQL: SHOW COLUMNS FROM `mn_xz_user` [ RunTime:0.0015s ]
SQL: SHOW COLUMNS FROM `mn_qqh_user` [ RunTime:0.0012s ]
SQL: SELECT COUNT(*) AS tp_count FROM `mn_xz_user` LIMIT 1   [ RunTime:0.0004s ]
SQL: SELECT COUNT(*) AS tp_count FROM `mn_qqh_user` LIMIT 1   [ RunTime:0.0002s ]
INFO: [ app_end ] --START--
INFO: Run Behavior\ShowPageTraceBehavior [ RunTime:0.000474s ]
INFO: [ app_end ] --END-- [ RunTime:0.000510s ]

[ 2018-10-11T03:27:28+08:00 ] 46.29.161.4 /
INFO: [ app_init ] --START--
INFO: Run Behavior\BuildLiteBehavior [ RunTime:0.000013s ]
INFO: [ app_init ] --END-- [ RunTime:0.000309s ]
INFO: [ app_begin ] --START--
INFO: Run Behavior\ReadHtmlCacheBehavior [ RunTime:0.000434s ]
INFO: [ app_begin ] --END-- [ RunTime:0.000477s ]
SQL: SHOW COLUMNS FROM `mn_xz_user` [ RunTime:0.0015s ]
SQL: SHOW COLUMNS FROM `mn_qqh_user` [ RunTime:0.0011s ]
SQL: SELECT COUNT(*) AS tp_count FROM `mn_xz_user` LIMIT 1   [ RunTime:0.0003s ]
SQL: SELECT COUNT(*) AS tp_count FROM `mn_qqh_user` LIMIT 1   [ RunTime:0.0002s ]
INFO: [ app_end ] --START--
INFO: Run Behavior\ShowPageTraceBehavior [ RunTime:0.000466s ]
INFO: [ app_end ] --END-- [ RunTime:0.000503s ]

[ 2018-10-11T05:46:39+08:00 ] 157.55.39.159 /
INFO: [ app_init ] --START--
INFO: Run Behavior\BuildLiteBehavior [ RunTime:0.000012s ]
INFO: [ app_init ] --END-- [ RunTime:0.000314s ]
INFO: [ app_begin ] --START--
INFO: Run Behavior\ReadHtmlCacheBehavior [ RunTime:0.000424s ]
INFO: [ app_begin ] --END-- [ RunTime:0.000465s ]
SQL: SHOW COLUMNS FROM `mn_xz_user` [ RunTime:0.0014s ]
SQL: SHOW COLUMNS FROM `mn_qqh_user` [ RunTime:0.0012s ]
SQL: SELECT COUNT(*) AS tp_count FROM `mn_xz_user` LIMIT 1   [ RunTime:0.0003s ]
SQL: SELECT COUNT(*) AS tp_count FROM `mn_qqh_user` LIMIT 1   [ RunTime:0.0003s ]
INFO: [ app_end ] --START--
INFO: Run Behavior\ShowPageTraceBehavior [ RunTime:0.000459s ]
INFO: [ app_end ] --END-- [ RunTime:0.000495s ]

[ 2018-10-11T06:28:01+08:00 ] 139.162.116.133 /
INFO: [ app_init ] --START--
INFO: Run Behavior\BuildLiteBehavior [ RunTime:0.000014s ]
INFO: [ app_init ] --END-- [ RunTime:0.000341s ]
INFO: [ app_begin ] --START--
INFO: Run Behavior\ReadHtmlCacheBehavior [ RunTime:0.000449s ]
INFO: [ app_begin ] --END-- [ RunTime:0.000493s ]
SQL: SHOW COLUMNS FROM `mn_xz_user` [ RunTime:0.0016s ]
SQL: SHOW COLUMNS FROM `mn_qqh_user` [ RunTime:0.0012s ]
SQL: SELECT COUNT(*) AS tp_count FROM `mn_xz_user` LIMIT 1   [ RunTime:0.0003s ]
SQL: SELECT COUNT(*) AS tp_count FROM `mn_qqh_user` LIMIT 1   [ RunTime:0.0002s ]
INFO: [ app_end ] --START--
INFO: Run Behavior\ShowPageTraceBehavior [ RunTime:0.000455s ]
INFO: [ app_end ] --END-- [ RunTime:0.000490s ]

[ 2018-10-11T06:31:19+08:00 ] 120.55.13.109 /
INFO: [ app_init ] --START--
INFO: Run Behavior\BuildLiteBehavior [ RunTime:0.000013s ]
INFO: [ app_init ] --END-- [ RunTime:0.000291s ]
INFO: [ app_begin ] --START--
INFO: Run Behavior\ReadHtmlCacheBehavior [ RunTime:0.000422s ]
INFO: [ app_begin ] --END-- [ RunTime:0.000464s ]
SQL: SHOW COLUMNS FROM `mn_xz_user` [ RunTime:0.0014s ]
SQL: SHOW COLUMNS FROM `mn_qqh_user` [ RunTime:0.0012s ]
SQL: SELECT COUNT(*) AS tp_count FROM `mn_xz_user` LIMIT 1   [ RunTime:0.0003s ]
SQL: SELECT COUNT(*) AS tp_count FROM `mn_qqh_user` LIMIT 1   [ RunTime:0.0002s ]
INFO: [ app_end ] --START--
INFO: Run Behavior\ShowPageTraceBehavior [ RunTime:0.000450s ]
INFO: [ app_end ] --END-- [ RunTime:0.000485s ]

[ 2018-10-11T12:16:59+08:00 ] 182.48.105.210 /
INFO: [ app_init ] --START--
INFO: Run Behavior\BuildLiteBehavior [ RunTime:0.000012s ]
INFO: [ app_init ] --END-- [ RunTime:0.000307s ]
INFO: [ app_begin ] --START--
INFO: Run Behavior\ReadHtmlCacheBehavior [ RunTime:0.000441s ]
INFO: [ app_begin ] --END-- [ RunTime:0.000481s ]
SQL: SHOW COLUMNS FROM `mn_xz_user` [ RunTime:0.0014s ]
SQL: SHOW COLUMNS FROM `mn_qqh_user` [ RunTime:0.0012s ]
SQL: SELECT COUNT(*) AS tp_count FROM `mn_xz_user` LIMIT 1   [ RunTime:0.0004s ]
SQL: SELECT COUNT(*) AS tp_count FROM `mn_qqh_user` LIMIT 1   [ RunTime:0.0002s ]
INFO: [ app_end ] --START--
INFO: Run Behavior\ShowPageTraceBehavior [ RunTime:0.000483s ]
INFO: [ app_end ] --END-- [ RunTime:0.000520s ]

[ 2018-10-11T13:34:36+08:00 ] 218.26.54.152 /index.php/Home/xzpd/getopenid?code=001mos6f1VGgDr03767f133J6f1mos6K
INFO: [ app_init ] --START--
INFO: Run Behavior\BuildLiteBehavior [ RunTime:0.000013s ]
INFO: [ app_init ] --END-- [ RunTime:0.000320s ]
INFO: [ app_begin ] --START--
INFO: Run Behavior\ReadHtmlCacheBehavior [ RunTime:0.000449s ]
INFO: [ app_begin ] --END-- [ RunTime:0.000492s ]
NOTIC: [2] curl_setopt(): You must pass either an object or an array with the CURLOPT_HTTPHEADER argument C:\project\miniapi\Application\Home\Controller\XzpdController.class.php 第 152 行.
NOTIC: [2] curl_errno(): 24 is not a valid cURL handle resource C:\project\miniapi\Application\Home\Controller\XzpdController.class.php 第 160 行.
SQL: SHOW COLUMNS FROM `mn_xz_user` [ RunTime:0.0016s ]
SQL: SELECT * FROM `mn_xz_user` WHERE `openid` = 'oV9VJ5F_z_cCEK8OTbxF7MvnXDAQ' LIMIT 1   [ RunTime:0.0005s ]
INFO: [ app_end ] --START--
INFO: Run Behavior\ShowPageTraceBehavior [ RunTime:0.000527s ]
INFO: [ app_end ] --END-- [ RunTime:0.000569s ]

[ 2018-10-11T13:34:54+08:00 ] 218.26.54.152 /index.php/Home/xzpd/adduser?openid=oV9VJ5F_z_cCEK8OTbxF7MvnXDAQ&name=YoungFun&avatar=https%3A%2F%2Fwx.qlogo.cn%2Fmmopen%2Fvi_32%2FQ0j4TwGTfTI9gxVJMy97FsnP7QSsL4sJtvvw1w4GKnXicVC7fmicmql8wSSo6nBlG4fLrxSTA38FwdOI19YKPicew%2F132&constellation=%E5%A4%A9%E7%A7%A4&staricon=..%2Fimages%2Fstaricon%2Ftianping.png&date=10-23
INFO: [ app_init ] --START--
INFO: Run Behavior\BuildLiteBehavior [ RunTime:0.000013s ]
INFO: [ app_init ] --END-- [ RunTime:0.000266s ]
INFO: [ app_begin ] --START--
INFO: Run Behavior\ReadHtmlCacheBehavior [ RunTime:0.000356s ]
INFO: [ app_begin ] --END-- [ RunTime:0.000405s ]
SQL: SHOW COLUMNS FROM `mn_xz_user` [ RunTime:0.0014s ]
SQL: SELECT * FROM `mn_xz_user` WHERE `openid` = 'oV9VJ5F_z_cCEK8OTbxF7MvnXDAQ' LIMIT 1   [ RunTime:0.0005s ]
SQL: INSERT INTO `mn_xz_user` (`openid`,`name`,`avatar`,`constellation`,`staricon`,`date`) VALUES ('oV9VJ5F_z_cCEK8OTbxF7MvnXDAQ','YoungFun','https://wx.qlogo.cn/mmopen/vi_32/Q0j4TwGTfTI9gxVJMy97FsnP7QSsL4sJtvvw1w4GKnXicVC7fmicmql8wSSo6nBlG4fLrxSTA38FwdOI19YKPicew/132','天秤','../images/staricon/tianping.png','10-23') [ RunTime:0.0031s ]
INFO: [ app_end ] --START--
INFO: Run Behavior\ShowPageTraceBehavior [ RunTime:0.000379s ]
INFO: [ app_end ] --END-- [ RunTime:0.000429s ]

[ 2018-10-11T13:35:01+08:00 ] 218.26.54.152 /index.php/Home/xzpd/getwxaqrcode?openid=oV9VJ5F_z_cCEK8OTbxF7MvnXDAQ&apptype=xz
INFO: [ app_init ] --START--
INFO: Run Behavior\BuildLiteBehavior [ RunTime:0.000015s ]
INFO: [ app_init ] --END-- [ RunTime:0.000374s ]
INFO: [ app_begin ] --START--
INFO: Run Behavior\ReadHtmlCacheBehavior [ RunTime:0.000371s ]
INFO: [ app_begin ] --END-- [ RunTime:0.000413s ]
NOTIC: [2] curl_setopt(): You must pass either an object or an array with the CURLOPT_HTTPHEADER argument C:\project\miniapi\Application\Home\Controller\XzpdController.class.php 第 169 行.
NOTIC: [2] curl_errno(): 24 is not a valid cURL handle resource C:\project\miniapi\Application\Home\Controller\XzpdController.class.php 第 178 行.
NOTIC: [2] curl_setopt(): You must pass either an object or an array with the CURLOPT_HTTPHEADER argument C:\project\miniapi\Application\Home\Controller\XzpdController.class.php 第 169 行.
NOTIC: [2] curl_errno(): 25 is not a valid cURL handle resource C:\project\miniapi\Application\Home\Controller\XzpdController.class.php 第 178 行.
INFO: [ app_end ] --START--
INFO: Run Behavior\ShowPageTraceBehavior [ RunTime:0.000433s ]
INFO: [ app_end ] --END-- [ RunTime:0.000507s ]

[ 2018-10-11T13:35:51+08:00 ] 218.26.54.152 /index.php/Home/xzpd/getwxaqrcode?openid=oV9VJ5F_z_cCEK8OTbxF7MvnXDAQ&apptype=xz
INFO: [ app_init ] --START--
INFO: Run Behavior\BuildLiteBehavior [ RunTime:0.000012s ]
INFO: [ app_init ] --END-- [ RunTime:0.000306s ]
INFO: [ app_begin ] --START--
INFO: Run Behavior\ReadHtmlCacheBehavior [ RunTime:0.000441s ]
INFO: [ app_begin ] --END-- [ RunTime:0.000483s ]
NOTIC: [2] curl_setopt(): You must pass either an object or an array with the CURLOPT_HTTPHEADER argument C:\project\miniapi\Application\Home\Controller\XzpdController.class.php 第 169 行.
NOTIC: [2] curl_errno(): 24 is not a valid cURL handle resource C:\project\miniapi\Application\Home\Controller\XzpdController.class.php 第 178 行.
NOTIC: [2] curl_setopt(): You must pass either an object or an array with the CURLOPT_HTTPHEADER argument C:\project\miniapi\Application\Home\Controller\XzpdController.class.php 第 169 行.
NOTIC: [2] curl_errno(): 25 is not a valid cURL handle resource C:\project\miniapi\Application\Home\Controller\XzpdController.class.php 第 178 行.
INFO: [ app_end ] --START--
INFO: Run Behavior\ShowPageTraceBehavior [ RunTime:0.000541s ]
INFO: [ app_end ] --END-- [ RunTime:0.000622s ]

[ 2018-10-11T13:36:11+08:00 ] 218.26.54.152 /index.php/Home/tymy/openid_get?code=081VY0782CSHnS0lfV582XlZ682VY07I
INFO: [ app_init ] --START--
INFO: Run Behavior\BuildLiteBehavior [ RunTime:0.000013s ]
INFO: [ app_init ] --END-- [ RunTime:0.000286s ]
INFO: [ app_begin ] --START--
INFO: Run Behavior\ReadHtmlCacheBehavior [ RunTime:0.000379s ]
INFO: [ app_begin ] --END-- [ RunTime:0.000420s ]
NOTIC: [2] curl_setopt(): You must pass either an object or an array with the CURLOPT_HTTPHEADER argument C:\project\miniapi\Application\Home\Controller\TymyController.class.php 第 155 行.
NOTIC: [2] curl_errno(): 24 is not a valid cURL handle resource C:\project\miniapi\Application\Home\Controller\TymyController.class.php 第 163 行.
INFO: [ app_end ] --START--
INFO: Run Behavior\ShowPageTraceBehavior [ RunTime:0.000568s ]
INFO: [ app_end ] --END-- [ RunTime:0.000638s ]

[ 2018-10-11T13:36:11+08:00 ] 218.26.54.152 /index.php/Home/tymy/user_find?openid=o6iMB5QAs_WbjMga9UeqwugQ6Pz0
INFO: [ app_init ] --START--
INFO: Run Behavior\BuildLiteBehavior [ RunTime:0.000013s ]
INFO: [ app_init ] --END-- [ RunTime:0.000296s ]
INFO: [ app_begin ] --START--
INFO: Run Behavior\ReadHtmlCacheBehavior [ RunTime:0.000364s ]
INFO: [ app_begin ] --END-- [ RunTime:0.000406s ]
SQL: SHOW COLUMNS FROM `mn_qqh_user` [ RunTime:0.0014s ]
SQL: SELECT * FROM `mn_qqh_user` WHERE `openid` = 'o6iMB5QAs_WbjMga9UeqwugQ6Pz0' LIMIT 1   [ RunTime:0.0003s ]
INFO: [ app_end ] --START--
INFO: Run Behavior\ShowPageTraceBehavior [ RunTime:0.000421s ]
INFO: [ app_end ] --END-- [ RunTime:0.000459s ]

[ 2018-10-11T13:36:12+08:00 ] 218.26.54.152 /index.php/Home/tymy/message_find_mine?openid2=o6iMB5QAs_WbjMga9UeqwugQ6Pz0
INFO: [ app_init ] --START--
INFO: Run Behavior\BuildLiteBehavior [ RunTime:0.000012s ]
INFO: [ app_init ] --END-- [ RunTime:0.000272s ]
INFO: [ app_begin ] --START--
INFO: Run Behavior\ReadHtmlCacheBehavior [ RunTime:0.000364s ]
INFO: [ app_begin ] --END-- [ RunTime:0.000405s ]
SQL: SHOW COLUMNS FROM `mn_qqh_message` [ RunTime:0.0014s ]
SQL: SELECT * FROM `mn_qqh_message` WHERE `openid2` = 'o6iMB5QAs_WbjMga9UeqwugQ6Pz0' ORDER BY create_time desc  [ RunTime:0.0004s ]
INFO: [ app_end ] --START--
INFO: Run Behavior\ShowPageTraceBehavior [ RunTime:0.000402s ]
INFO: [ app_end ] --END-- [ RunTime:0.000441s ]

[ 2018-10-11T13:36:29+08:00 ] 218.26.54.152 /index.php/Home/tymy/getwxaqrcode?openid=o6iMB5QAs_WbjMga9UeqwugQ6Pz0
INFO: [ app_init ] --START--
INFO: Run Behavior\BuildLiteBehavior [ RunTime:0.000013s ]
INFO: [ app_init ] --END-- [ RunTime:0.000290s ]
INFO: [ app_begin ] --START--
INFO: Run Behavior\ReadHtmlCacheBehavior [ RunTime:0.000354s ]
INFO: [ app_begin ] --END-- [ RunTime:0.000394s ]
NOTIC: [2] curl_setopt(): You must pass either an object or an array with the CURLOPT_HTTPHEADER argument C:\project\miniapi\Application\Home\Controller\TymyController.class.php 第 137 行.
NOTIC: [2] curl_errno(): 24 is not a valid cURL handle resource C:\project\miniapi\Application\Home\Controller\TymyController.class.php 第 146 行.
NOTIC: [2] curl_setopt(): You must pass either an object or an array with the CURLOPT_HTTPHEADER argument C:\project\miniapi\Application\Home\Controller\TymyController.class.php 第 137 行.
NOTIC: [2] curl_errno(): 25 is not a valid cURL handle resource C:\project\miniapi\Application\Home\Controller\TymyController.class.php 第 146 行.
INFO: [ app_end ] --START--
INFO: Run Behavior\ShowPageTraceBehavior [ RunTime:0.000435s ]
INFO: [ app_end ] --END-- [ RunTime:0.000500s ]

[ 2018-10-11T13:36:37+08:00 ] 218.26.54.152 /index.php/Home/tymy/message_find_mine?openid2=o6iMB5QAs_WbjMga9UeqwugQ6Pz0
INFO: [ app_init ] --START--
INFO: Run Behavior\BuildLiteBehavior [ RunTime:0.000027s ]
INFO: [ app_init ] --END-- [ RunTime:0.000299s ]
INFO: [ app_begin ] --START--
INFO: Run Behavior\ReadHtmlCacheBehavior [ RunTime:0.000380s ]
INFO: [ app_begin ] --END-- [ RunTime:0.000423s ]
SQL: SHOW COLUMNS FROM `mn_qqh_message` [ RunTime:0.0014s ]
SQL: SELECT * FROM `mn_qqh_message` WHERE `openid2` = 'o6iMB5QAs_WbjMga9UeqwugQ6Pz0' ORDER BY create_time desc  [ RunTime:0.0004s ]
INFO: [ app_end ] --START--
INFO: Run Behavior\ShowPageTraceBehavior [ RunTime:0.000395s ]
INFO: [ app_end ] --END-- [ RunTime:0.000434s ]

[ 2018-10-11T13:37:17+08:00 ] 218.26.54.152 /index.php/Home/tymy/message_find_mine?openid2=o6iMB5QAs_WbjMga9UeqwugQ6Pz0
INFO: [ app_init ] --START--
INFO: Run Behavior\BuildLiteBehavior [ RunTime:0.000013s ]
INFO: [ app_init ] --END-- [ RunTime:0.000281s ]
INFO: [ app_begin ] --START--
INFO: Run Behavior\ReadHtmlCacheBehavior [ RunTime:0.000350s ]
INFO: [ app_begin ] --END-- [ RunTime:0.000390s ]
SQL: SHOW COLUMNS FROM `mn_qqh_message` [ RunTime:0.0016s ]
SQL: SELECT * FROM `mn_qqh_message` WHERE `openid2` = 'o6iMB5QAs_WbjMga9UeqwugQ6Pz0' ORDER BY create_time desc  [ RunTime:0.0004s ]
INFO: [ app_end ] --START--
INFO: Run Behavior\ShowPageTraceBehavior [ RunTime:0.000391s ]
INFO: [ app_end ] --END-- [ RunTime:0.000430s ]

[ 2018-10-11T13:37:58+08:00 ] 218.26.54.152 /index.php/Home/xzpd/getwxaqrcode?openid=oV9VJ5F_z_cCEK8OTbxF7MvnXDAQ&apptype=xz
INFO: [ app_init ] --START--
INFO: Run Behavior\BuildLiteBehavior [ RunTime:0.000013s ]
INFO: [ app_init ] --END-- [ RunTime:0.000344s ]
INFO: [ app_begin ] --START--
INFO: Run Behavior\ReadHtmlCacheBehavior [ RunTime:0.000473s ]
INFO: [ app_begin ] --END-- [ RunTime:0.000515s ]
NOTIC: [2] curl_setopt(): You must pass either an object or an array with the CURLOPT_HTTPHEADER argument C:\project\miniapi\Application\Home\Controller\XzpdController.class.php 第 169 行.
NOTIC: [2] curl_errno(): 24 is not a valid cURL handle resource C:\project\miniapi\Application\Home\Controller\XzpdController.class.php 第 178 行.
NOTIC: [2] curl_setopt(): You must pass either an object or an array with the CURLOPT_HTTPHEADER argument C:\project\miniapi\Application\Home\Controller\XzpdController.class.php 第 169 行.
NOTIC: [2] curl_errno(): 25 is not a valid cURL handle resource C:\project\miniapi\Application\Home\Controller\XzpdController.class.php 第 178 行.
INFO: [ app_end ] --START--
INFO: Run Behavior\ShowPageTraceBehavior [ RunTime:0.000523s ]
INFO: [ app_end ] --END-- [ RunTime:0.000596s ]

[ 2018-10-11T13:38:15+08:00 ] 110.181.194.83 /index.php/Home/xzpd/getopenid?code=071ZjkgE0acF8d2bYQfE0yKFgE0ZjkgO
INFO: [ app_init ] --START--
INFO: Run Behavior\BuildLiteBehavior [ RunTime:0.000014s ]
INFO: [ app_init ] --END-- [ RunTime:0.000324s ]
INFO: [ app_begin ] --START--
INFO: Run Behavior\ReadHtmlCacheBehavior [ RunTime:0.000444s ]
INFO: [ app_begin ] --END-- [ RunTime:0.000486s ]
NOTIC: [2] curl_setopt(): You must pass either an object or an array with the CURLOPT_HTTPHEADER argument C:\project\miniapi\Application\Home\Controller\XzpdController.class.php 第 152 行.
NOTIC: [2] curl_errno(): 24 is not a valid cURL handle resource C:\project\miniapi\Application\Home\Controller\XzpdController.class.php 第 160 行.
SQL: SHOW COLUMNS FROM `mn_xz_user` [ RunTime:0.0015s ]
SQL: SELECT * FROM `mn_xz_user` WHERE `openid` = 'oV9VJ5Bhqv3DzEwdABYfeK_9AtUA' LIMIT 1   [ RunTime:0.0006s ]
INFO: [ app_end ] --START--
INFO: Run Behavior\ShowPageTraceBehavior [ RunTime:0.000489s ]
INFO: [ app_end ] --END-- [ RunTime:0.000532s ]

[ 2018-10-11T13:38:36+08:00 ] 110.181.194.83 /index.php/Home/xzpd/adduser?openid=oV9VJ5Bhqv3DzEwdABYfeK_9AtUA&name=%E3%82%AD%E3%82%BA%E3%83%8A%E3%82%A2%E3%82%A4&avatar=https%3A%2F%2Fwx.qlogo.cn%2Fmmopen%2Fvi_32%2FPiajxSqBRaEIf2mW7E4a41qplbSkjbvBx9ooLrkhTPSMxMXa3cOlxa6iacc1QSpzpw03QNqvIgL3RCibGL5Id9sqg%2F132&constellation=%E5%B7%A8%E8%9F%B9&staricon=..%2Fimages%2Fstaricon%2Fjuxie.png&date=06-30
INFO: [ app_init ] --START--
INFO: Run Behavior\BuildLiteBehavior [ RunTime:0.000013s ]
INFO: [ app_init ] --END-- [ RunTime:0.000279s ]
INFO: [ app_begin ] --START--
INFO: Run Behavior\ReadHtmlCacheBehavior [ RunTime:0.000381s ]
INFO: [ app_begin ] --END-- [ RunTime:0.000424s ]
SQL: SHOW COLUMNS FROM `mn_xz_user` [ RunTime:0.0015s ]
SQL: SELECT * FROM `mn_xz_user` WHERE `openid` = 'oV9VJ5Bhqv3DzEwdABYfeK_9AtUA' LIMIT 1   [ RunTime:0.0005s ]
SQL: INSERT INTO `mn_xz_user` (`openid`,`name`,`avatar`,`constellation`,`staricon`,`date`) VALUES ('oV9VJ5Bhqv3DzEwdABYfeK_9AtUA','キズナアイ','https://wx.qlogo.cn/mmopen/vi_32/PiajxSqBRaEIf2mW7E4a41qplbSkjbvBx9ooLrkhTPSMxMXa3cOlxa6iacc1QSpzpw03QNqvIgL3RCibGL5Id9sqg/132','巨蟹','../images/staricon/juxie.png','06-30') [ RunTime:0.0022s ]
INFO: [ app_end ] --START--
INFO: Run Behavior\ShowPageTraceBehavior [ RunTime:0.000389s ]
INFO: [ app_end ] --END-- [ RunTime:0.000426s ]

[ 2018-10-11T13:38:36+08:00 ] 110.181.194.83 /index.php/Home/xzpd/findfrienduser?openid=oV9VJ5F_z_cCEK8OTbxF7MvnXDAQ
INFO: [ app_init ] --START--
INFO: Run Behavior\BuildLiteBehavior [ RunTime:0.000013s ]
INFO: [ app_init ] --END-- [ RunTime:0.000301s ]
INFO: [ app_begin ] --START--
INFO: Run Behavior\ReadHtmlCacheBehavior [ RunTime:0.000364s ]
INFO: [ app_begin ] --END-- [ RunTime:0.000413s ]
SQL: SHOW COLUMNS FROM `mn_xz_user` [ RunTime:0.0014s ]
SQL: SELECT * FROM `mn_xz_user` WHERE `openid` = 'oV9VJ5F_z_cCEK8OTbxF7MvnXDAQ' LIMIT 1   [ RunTime:0.0006s ]
INFO: [ app_end ] --START--
INFO: Run Behavior\ShowPageTraceBehavior [ RunTime:0.000400s ]
INFO: [ app_end ] --END-- [ RunTime:0.000439s ]

[ 2018-10-11T13:38:37+08:00 ] 110.181.194.83 /index.php/Home/xzpd/findpair?constellation1=9&constellation2=6
INFO: [ app_init ] --START--
INFO: Run Behavior\BuildLiteBehavior [ RunTime:0.000012s ]
INFO: [ app_init ] --END-- [ RunTime:0.000310s ]
INFO: [ app_begin ] --START--
INFO: Run Behavior\ReadHtmlCacheBehavior [ RunTime:0.000478s ]
INFO: [ app_begin ] --END-- [ RunTime:0.000551s ]
SQL: SHOW COLUMNS FROM `mn_xz_pair` [ RunTime:0.1614s ]
SQL: SELECT * FROM `mn_xz_pair` WHERE `constellation1` = 9 AND `constellation2` = 6  [ RunTime:0.0244s ]
INFO: [ app_end ] --START--
INFO: Run Behavior\ShowPageTraceBehavior [ RunTime:0.000643s ]
INFO: [ app_end ] --END-- [ RunTime:0.000689s ]

[ 2018-10-11T13:38:37+08:00 ] 110.181.194.83 /index.php/Home/xzpd/addrecard?openid1=oV9VJ5F_z_cCEK8OTbxF7MvnXDAQ&name1=YoungFun&avatar1=https%3A%2F%2Fwx.qlogo.cn%2Fmmopen%2Fvi_32%2FQ0j4TwGTfTI9gxVJMy97FsnP7QSsL4sJtvvw1w4GKnXicVC7fmicmql8wSSo6nBlG4fLrxSTA38FwdOI19YKPicew%2F132&constellation1=%E5%A4%A9%E7%A7%A4&staricon1=..%2Fimages%2Fstaricon%2Ftianping.png&openid2=oV9VJ5Bhqv3DzEwdABYfeK_9AtUA&name2=%E3%82%AD%E3%82%BA%E3%83%8A%E3%82%A2%E3%82%A4&avatar2=https%3A%2F%2Fwx.qlogo.cn%2Fmmopen%2Fvi_32%2FPiajxSqBRaEIf2mW7E4a41qplbSkjbvBx9ooLrkhTPSMxMXa3cOlxa6iacc1QSpzpw03QNqvIgL3RCibGL5Id9sqg%2F132&constellation2=%E5%B7%A8%E8%9F%B9&staricon2=..%2Fimages%2Fstaricon%2Fjuxie.png&analysis=%E8%BF%99%E6%98%AF%E4%B8%80%E4%B8%AA%E4%B8%8D%E5%A4%AA%E6%9C%89%E5%B8%8C%E6%9C%9B%E7%9A%84%E7%BB%84%E5%90%88%EF%BC%8C%E5%9B%A0%E4%B8%BA%E4%BB%96%E4%BB%AC%E4%B8%8D%E4%BB%85%E4%B8%AA%E6%80%A7%E4%B8%8D%E5%90%8C%EF%BC%8C%E8%80%8C%E4%B8%94%E9%83%BD%E5%BE%88%E5%8F%97%E4%B8%8D%E4%BA%86%E5%AF%B9%E6%96%B9%EF%BC%8C%E5%BD%93%E7%84%B6%E8%BF%99%E4%B8%AA%E7%BB%84%E5%90%88%E4%B8%A4%E4%B8%AA%E4%BA%BA%E9%83%BD%E5%90%84%E6%9C%89%E5%90%84%E7%9A%84%E7%89%B9%E5%88%AB%E4%B9%8B%E5%A4%84%EF%BC%8C%E4%BD%86%E4%BB%96%E4%BB%AC%E5%81%8F%E5%81%8F%E5%B0%B1%E6%84%8F%E8%A7%81%E4%B8%8D%E5%90%88%EF%BC%8C%E8%99%BD%E7%84%B6%E4%B8%8D%E4%BC%9A%E6%89%93%E8%B5%B7%E6%9D%A5%EF%BC%8C%E4%BD%86%E4%B9%9F%E8%B6%B3%E5%A4%9F%E4%BA%86!%20&cheats=%E8%9F%B9%E5%AD%90%E6%9C%80%E6%80%95%E7%9A%84%E4%BA%8B%E5%B0%B1%E6%98%AF%E6%B2%A1%E6%9C%89%E5%AE%89%E5%85%A8%E6%84%9F%E4%BA%86!%E6%89%80%E4%BB%A5%E7%A7%A4%E5%AD%90%E4%B9%9F%E4%B8%8D%E7%94%A8%E6%83%B3%E8%A6%81%E6%8A%93%E4%BD%8F%E4%BD%A0%EF%BC%8C%E4%B8%8D%E8%BF%87%E4%B8%8D%E7%AE%A1%E4%BD%A0%E8%A7%89%E5%BE%97%E8%9F%B9%E5%AD%90%E6%8B%85%E5%BF%83%E7%9A%84%E4%BA%8B%E5%A4%9A%E4%B9%88%E6%B2%A1%E9%81%93%E7%90%86%EF%BC%8C%E8%BF%98%E6%98%AF%E8%A6%81%E5%AE%89%E6%85%B0%E4%BB%96%E4%BB%AC%EF%BC%8C%E5%B0%B1%E7%AE%97%E5%A4%A9%E5%A1%8C%E4%B8%8B%E6%9D%A5%E4%B9%9F%E4%B8%8D%E4%BC%9A%E5%8E%8B%E5%88%B0%E4%BB%96%E4%BB%AC%EF%BC%8C%E4%BF%9D%E8%AF%81%E4%BB%96%E5%B0%B1%E4%BC%9A%E4%B9%96%E4%B9%96%E7%9A%84%E3%80%82%E8%BF%99%E7%A7%8D%E8%AF%9D%E6%9C%80%E5%A5%BD%E4%BB%A5%E6%AF%8F%E5%A4%A9%E4%B8%89%E6%AC%A1%E7%9A%84%E9%A2%91%E7%8E%87%E5%AE%A3%E8%AF%BB%EF%BC%8C%E8%AE%A9%E8%9F%B9%E5%AD%90%E6%B2%A1%E6%9C%89%E6%83%85%E7%BB%AA%E5%8C%96%E7%9A%84%E6%9C%BA%E4%BC%9A%EF%BC%8C%E6%97%A5%E5%AD%90%E5%B0%B1%E5%BE%88%E5%A5%BD%E8%BF%87%E4%BA%86%E3%80%82&score=59.97278261158966&isshow=1&ispaid=0
INFO: [ app_init ] --START--
INFO: Run Behavior\BuildLiteBehavior [ RunTime:0.000012s ]
INFO: [ app_init ] --END-- [ RunTime:0.000322s ]
INFO: [ app_begin ] --START--
INFO: Run Behavior\ReadHtmlCacheBehavior [ RunTime:0.000434s ]
INFO: [ app_begin ] --END-- [ RunTime:0.000477s ]
SQL: SHOW COLUMNS FROM `mn_xz_recard` [ RunTime:0.0764s ]
SQL: SELECT * FROM `mn_xz_recard` WHERE `openid1` = 'oV9VJ5F_z_cCEK8OTbxF7MvnXDAQ' AND `openid2` = 'oV9VJ5Bhqv3DzEwdABYfeK_9AtUA' LIMIT 1   [ RunTime:0.0435s ]
SQL: INSERT INTO `mn_xz_recard` (`openid1`,`name1`,`avatar1`,`constellation1`,`staricon1`,`analysis`,`cheats`,`openid2`,`name2`,`avatar2`,`constellation2`,`staricon2`,`score`,`isshow`,`ispaid`) VALUES ('oV9VJ5F_z_cCEK8OTbxF7MvnXDAQ','YoungFun','https://wx.qlogo.cn/mmopen/vi_32/Q0j4TwGTfTI9gxVJMy97FsnP7QSsL4sJtvvw1w4GKnXicVC7fmicmql8wSSo6nBlG4fLrxSTA38FwdOI19YKPicew/132','天秤','../images/staricon/tianping.png','这是一个不太有希望的组合，因为他们不仅个性不同，而且都很受不了对方，当然这个组合两个人都各有各的特别之处，但他们偏偏就意见不合，虽然不会打起来，但也足够了! ','蟹子最怕的事就是没有安全感了!所以秤子也不用想要抓住你，不过不管你觉得蟹子担心的事多么没道理，还是要安慰他们，就算天塌下来也不会压到他们，保证他就会乖乖的。这种话最好以每天三次的频率宣读，让蟹子没有情绪化的机会，日子就很好过了。','oV9VJ5Bhqv3DzEwdABYfeK_9AtUA','キズナアイ','https://wx.qlogo.cn/mmopen/vi_32/PiajxSqBRaEIf2mW7E4a41qplbSkjbvBx9ooLrkhTPSMxMXa3cOlxa6iacc1QSpzpw03QNqvIgL3RCibGL5Id9sqg/132','巨蟹','../images/staricon/juxie.png','59','1','0') [ RunTime:0.0023s ]
INFO: [ app_end ] --START--
INFO: Run Behavior\ShowPageTraceBehavior [ RunTime:0.000634s ]
INFO: [ app_end ] --END-- [ RunTime:0.000678s ]

[ 2018-10-11T13:38:38+08:00 ] 110.181.194.83 /index.php/Home/xzpd/findpair?constellation1=6&constellation2=9
INFO: [ app_init ] --START--
INFO: Run Behavior\BuildLiteBehavior [ RunTime:0.000017s ]
INFO: [ app_init ] --END-- [ RunTime:0.000418s ]
INFO: [ app_begin ] --START--
INFO: Run Behavior\ReadHtmlCacheBehavior [ RunTime:0.000595s ]
INFO: [ app_begin ] --END-- [ RunTime:0.000659s ]
SQL: SHOW COLUMNS FROM `mn_xz_pair` [ RunTime:0.0018s ]
SQL: SELECT * FROM `mn_xz_pair` WHERE `constellation1` = 6 AND `constellation2` = 9  [ RunTime:0.0009s ]
INFO: [ app_end ] --START--
INFO: Run Behavior\ShowPageTraceBehavior [ RunTime:0.000615s ]
INFO: [ app_end ] --END-- [ RunTime:0.000673s ]

[ 2018-10-11T13:38:38+08:00 ] 110.181.194.83 /index.php/Home/xzpd/findrecard?openid1=oV9VJ5F_z_cCEK8OTbxF7MvnXDAQ
INFO: [ app_init ] --START--
INFO: Run Behavior\BuildLiteBehavior [ RunTime:0.000016s ]
INFO: [ app_init ] --END-- [ RunTime:0.000400s ]
INFO: [ app_begin ] --START--
INFO: Run Behavior\ReadHtmlCacheBehavior [ RunTime:0.000613s ]
INFO: [ app_begin ] --END-- [ RunTime:0.000673s ]
SQL: SHOW COLUMNS FROM `mn_xz_recard` [ RunTime:0.0012s ]
NOTIC: [8] Undefined index: myopenid C:\project\miniapi\Application\Home\Controller\XzpdController.class.php 第 102 行.
SQL: SELECT * FROM `mn_xz_recard` WHERE `openid1` = 'oV9VJ5F_z_cCEK8OTbxF7MvnXDAQ'  [ RunTime:0.0004s ]
INFO: [ app_end ] --START--
INFO: Run Behavior\ShowPageTraceBehavior [ RunTime:0.000445s ]
INFO: [ app_end ] --END-- [ RunTime:0.000483s ]

[ 2018-10-11T13:38:38+08:00 ] 110.181.194.83 /index.php/Home/xzpd/addrecard?openid1=oV9VJ5Bhqv3DzEwdABYfeK_9AtUA&name1=%E3%82%AD%E3%82%BA%E3%83%8A%E3%82%A2%E3%82%A4&avatar1=https%3A%2F%2Fwx.qlogo.cn%2Fmmopen%2Fvi_32%2FPiajxSqBRaEIf2mW7E4a41qplbSkjbvBx9ooLrkhTPSMxMXa3cOlxa6iacc1QSpzpw03QNqvIgL3RCibGL5Id9sqg%2F132&constellation1=%E5%B7%A8%E8%9F%B9&staricon1=..%2Fimages%2Fstaricon%2Fjuxie.png&openid2=oV9VJ5F_z_cCEK8OTbxF7MvnXDAQ&name2=YoungFun&avatar2=https%3A%2F%2Fwx.qlogo.cn%2Fmmopen%2Fvi_32%2FQ0j4TwGTfTI9gxVJMy97FsnP7QSsL4sJtvvw1w4GKnXicVC7fmicmql8wSSo6nBlG4fLrxSTA38FwdOI19YKPicew%2F132&constellation2=%E5%A4%A9%E7%A7%A4&staricon2=..%2Fimages%2Fstaricon%2Ftianping.png&analysis=%E8%BF%99%E4%B8%AA%E7%BB%84%E5%90%88%E5%B9%B6%E4%B8%8D%E6%98%AF%E5%BE%88%E5%90%88%E9%80%82%E7%9A%84%EF%BC%8C%E5%B0%A4%E5%85%B6%E5%9C%A8%E4%B8%A4%E4%BA%BA%E7%9A%84%E4%B8%AA%E6%80%A7%E4%B8%8E%E5%AF%B9%E7%94%9F%E6%B4%BB%E7%9A%84%E7%9C%8B%E6%B3%95%E4%B8%8A%EF%BC%8C%E9%83%BD%E7%9B%B8%E5%B7%AE%E5%BE%97%E9%9D%9E%E5%B8%B8%E8%BF%9C%EF%BC%8C%E5%88%9A%E5%BC%80%E5%A7%8B%E5%8F%AF%E8%83%BD%E8%BF%98%E4%B8%8D%E8%A7%89%E5%BE%97%EF%BC%8C%E4%BD%86%E6%98%AF%E5%88%B0%E5%90%8E%E6%9D%A5%E8%B6%8A%E4%BA%B2%E5%AF%86%E5%B0%B1%E8%B6%8A%E4%B8%8D%E8%83%BD%E6%8E%A5%E5%8F%97%E5%AF%B9%E6%96%B9%E7%9A%84%E7%9C%8B%E6%B3%95%EF%BC%8C%E9%80%9A%E5%B8%B8%E6%98%AF%E5%BE%88%E9%9A%BE%E9%95%BF%E4%B9%85%E7%BB%8F%E8%90%A5%E4%B8%8B%E5%8E%BB%E7%9A%84%E3%80%82&cheats=%E5%85%B6%E5%AE%9E%E5%92%8C%E7%A7%A4%E5%AD%90%E7%86%9F%E8%AF%86%E4%B9%8B%E5%90%8E%E8%9F%B9%E5%AD%90%E4%BC%9A%E8%9B%AE%E5%8F%97%E4%B8%8D%E4%BA%86%E7%A7%A4%E5%AD%90%E7%9A%84%E4%B8%AA%E6%80%A7%E7%9A%84%EF%BC%8C%E5%9B%A0%E4%B8%BA%E7%A7%A4%E5%AD%90%E4%B8%8D%E5%96%9C%E6%AC%A2%E8%B4%9F%E8%B4%A3%E4%BB%BB%EF%BC%8C%E4%B9%9F%E5%A4%AA%E8%87%AA%E6%88%91%EF%BC%8C%E8%AE%A9%E8%9F%B9%E5%AD%90%E6%9C%89%E6%97%B6%E6%81%A8%E5%BE%97%E5%92%AC%E7%89%99%E5%88%87%E9%BD%BF%E3%80%82%E4%B8%8D%E8%BF%87%E8%A6%81%E5%AF%B9%E4%BB%98%E7%A7%A4%E5%AD%90%E8%9F%B9%E5%AD%90%E5%8F%AA%E8%A6%81%E8%AE%B0%E4%BD%8F%E5%87%A0%E4%B8%AA%E5%8E%9F%E5%88%99%E5%B0%B1%E5%8F%AF%E4%BB%A5%E4%BA%86%EF%BC%8C%E9%A6%96%E5%85%88%E8%A6%81%E8%AE%A9%E7%A7%A4%E5%AD%90%E8%A7%89%E5%BE%97%E8%BD%BB%E6%9D%BE%E6%84%89%E5%BF%AB%EF%BC%8C%E5%90%8C%E6%97%B6%E5%92%8C%E4%BB%96%E4%B8%80%E8%B5%B7%E5%81%9A%E4%B8%80%E4%BA%9B%E7%AA%81%E5%8F%91%E5%A5%87%E6%83%B3%E7%9A%84%E4%BA%8B%EF%BC%8C%E4%B8%8D%E7%94%A8%E5%BE%88%E4%B9%85%EF%BC%8C%E7%A7%A4%E5%AD%90%E8%87%AA%E7%84%B6%E5%B0%B1%E4%BC%9A%E5%AF%B9%E4%BD%A0%E5%8F%A6%E7%9C%BC%E7%9B%B8%E7%9C%8B%E4%BA%86%E3%80%82&score=59.97278261158966&isshow=1&ispaid=0
INFO: [ app_init ] --START--
INFO: Run Behavior\BuildLiteBehavior [ RunTime:0.000013s ]
INFO: [ app_init ] --END-- [ RunTime:0.000336s ]
INFO: [ app_begin ] --START--
INFO: Run Behavior\ReadHtmlCacheBehavior [ RunTime:0.000370s ]
INFO: [ app_begin ] --END-- [ RunTime:0.000411s ]
SQL: SHOW COLUMNS FROM `mn_xz_recard` [ RunTime:0.0015s ]
SQL: SELECT * FROM `mn_xz_recard` WHERE `openid1` = 'oV9VJ5Bhqv3DzEwdABYfeK_9AtUA' AND `openid2` = 'oV9VJ5F_z_cCEK8OTbxF7MvnXDAQ' LIMIT 1   [ RunTime:0.0004s ]
SQL: INSERT INTO `mn_xz_recard` (`openid1`,`name1`,`avatar1`,`constellation1`,`staricon1`,`analysis`,`cheats`,`openid2`,`name2`,`avatar2`,`constellation2`,`staricon2`,`score`,`isshow`,`ispaid`) VALUES ('oV9VJ5Bhqv3DzEwdABYfeK_9AtUA','キズナアイ','https://wx.qlogo.cn/mmopen/vi_32/PiajxSqBRaEIf2mW7E4a41qplbSkjbvBx9ooLrkhTPSMxMXa3cOlxa6iacc1QSpzpw03QNqvIgL3RCibGL5Id9sqg/132','巨蟹','../images/staricon/juxie.png','这个组合并不是很合适的，尤其在两人的个性与对生活的看法上，都相差得非常远，刚开始可能还不觉得，但是到后来越亲密就越不能接受对方的看法，通常是很难长久经营下去的。','其实和秤子熟识之后蟹子会蛮受不了秤子的个性的，因为秤子不喜欢负责任，也太自我，让蟹子有时恨得咬牙切齿。不过要对付秤子蟹子只要记住几个原则就可以了，首先要让秤子觉得轻松愉快，同时和他一起做一些突发奇想的事，不用很久，秤子自然就会对你另眼相看了。','oV9VJ5F_z_cCEK8OTbxF7MvnXDAQ','YoungFun','https://wx.qlogo.cn/mmopen/vi_32/Q0j4TwGTfTI9gxVJMy97FsnP7QSsL4sJtvvw1w4GKnXicVC7fmicmql8wSSo6nBlG4fLrxSTA38FwdOI19YKPicew/132','天秤','../images/staricon/tianping.png','59','1','0') [ RunTime:0.0030s ]
INFO: [ app_end ] --START--
INFO: Run Behavior\ShowPageTraceBehavior [ RunTime:0.000382s ]
INFO: [ app_end ] --END-- [ RunTime:0.000427s ]

[ 2018-10-11T13:38:54+08:00 ] 110.181.194.83 /index.php/Home/xzpd/getopenid?code=021GUhd61DaIHT1UGNc61gQpd61GUhdW
INFO: [ app_init ] --START--
INFO: Run Behavior\BuildLiteBehavior [ RunTime:0.000012s ]
INFO: [ app_init ] --END-- [ RunTime:0.000267s ]
INFO: [ app_begin ] --START--
INFO: Run Behavior\ReadHtmlCacheBehavior [ RunTime:0.000356s ]
INFO: [ app_begin ] --END-- [ RunTime:0.000395s ]
NOTIC: [2] curl_setopt(): You must pass either an object or an array with the CURLOPT_HTTPHEADER argument C:\project\miniapi\Application\Home\Controller\XzpdController.class.php 第 152 行.
NOTIC: [2] curl_errno(): 24 is not a valid cURL handle resource C:\project\miniapi\Application\Home\Controller\XzpdController.class.php 第 160 行.
SQL: SHOW COLUMNS FROM `mn_xz_user` [ RunTime:0.0014s ]
SQL: SELECT * FROM `mn_xz_user` WHERE `openid` = 'oV9VJ5Bhqv3DzEwdABYfeK_9AtUA' LIMIT 1   [ RunTime:0.0006s ]
INFO: [ app_end ] --START--
INFO: Run Behavior\ShowPageTraceBehavior [ RunTime:0.000424s ]
INFO: [ app_end ] --END-- [ RunTime:0.000468s ]

[ 2018-10-11T13:38:54+08:00 ] 110.181.194.83 /index.php/Home/xzpd/findrecard?openid1=oV9VJ5Bhqv3DzEwdABYfeK_9AtUA
INFO: [ app_init ] --START--
INFO: Run Behavior\BuildLiteBehavior [ RunTime:0.000013s ]
INFO: [ app_init ] --END-- [ RunTime:0.000285s ]
INFO: [ app_begin ] --START--
INFO: Run Behavior\ReadHtmlCacheBehavior [ RunTime:0.000363s ]
INFO: [ app_begin ] --END-- [ RunTime:0.000403s ]
SQL: SHOW COLUMNS FROM `mn_xz_recard` [ RunTime:0.0014s ]
NOTIC: [8] Undefined index: myopenid C:\project\miniapi\Application\Home\Controller\XzpdController.class.php 第 102 行.
SQL: SELECT * FROM `mn_xz_recard` WHERE `openid1` = 'oV9VJ5Bhqv3DzEwdABYfeK_9AtUA'  [ RunTime:0.0004s ]
INFO: [ app_end ] --START--
INFO: Run Behavior\ShowPageTraceBehavior [ RunTime:0.000401s ]
INFO: [ app_end ] --END-- [ RunTime:0.000437s ]

[ 2018-10-11T13:39:07+08:00 ] 110.181.194.83 /index.php/Home/xzpd/getwxaqrcode?openid=oV9VJ5Bhqv3DzEwdABYfeK_9AtUA&apptype=xz
INFO: [ app_init ] --START--
INFO: Run Behavior\BuildLiteBehavior [ RunTime:0.000012s ]
INFO: [ app_init ] --END-- [ RunTime:0.000261s ]
INFO: [ app_begin ] --START--
INFO: Run Behavior\ReadHtmlCacheBehavior [ RunTime:0.000342s ]
INFO: [ app_begin ] --END-- [ RunTime:0.000381s ]
NOTIC: [2] curl_setopt(): You must pass either an object or an array with the CURLOPT_HTTPHEADER argument C:\project\miniapi\Application\Home\Controller\XzpdController.class.php 第 169 行.
NOTIC: [2] curl_errno(): 24 is not a valid cURL handle resource C:\project\miniapi\Application\Home\Controller\XzpdController.class.php 第 178 行.
NOTIC: [2] curl_setopt(): You must pass either an object or an array with the CURLOPT_HTTPHEADER argument C:\project\miniapi\Application\Home\Controller\XzpdController.class.php 第 169 行.
NOTIC: [2] curl_errno(): 25 is not a valid cURL handle resource C:\project\miniapi\Application\Home\Controller\XzpdController.class.php 第 178 行.
INFO: [ app_end ] --START--
INFO: Run Behavior\ShowPageTraceBehavior [ RunTime:0.000432s ]
INFO: [ app_end ] --END-- [ RunTime:0.000499s ]

[ 2018-10-11T13:40:03+08:00 ] 110.181.194.83 /index.php/Home/xzpd/getopenid?code=0016gsls0cUMoe1yvhks0Cggls06gslu
INFO: [ app_init ] --START--
INFO: Run Behavior\BuildLiteBehavior [ RunTime:0.000013s ]
INFO: [ app_init ] --END-- [ RunTime:0.000281s ]
INFO: [ app_begin ] --START--
INFO: Run Behavior\ReadHtmlCacheBehavior [ RunTime:0.000372s ]
INFO: [ app_begin ] --END-- [ RunTime:0.000413s ]
NOTIC: [2] curl_setopt(): You must pass either an object or an array with the CURLOPT_HTTPHEADER argument C:\project\miniapi\Application\Home\Controller\XzpdController.class.php 第 152 行.
NOTIC: [2] curl_errno(): 24 is not a valid cURL handle resource C:\project\miniapi\Application\Home\Controller\XzpdController.class.php 第 160 行.
SQL: SHOW COLUMNS FROM `mn_xz_user` [ RunTime:0.0016s ]
SQL: SELECT * FROM `mn_xz_user` WHERE `openid` = 'oV9VJ5Bhqv3DzEwdABYfeK_9AtUA' LIMIT 1   [ RunTime:0.0006s ]
INFO: [ app_end ] --START--
INFO: Run Behavior\ShowPageTraceBehavior [ RunTime:0.000440s ]
INFO: [ app_end ] --END-- [ RunTime:0.000482s ]

[ 2018-10-11T13:40:03+08:00 ] 110.181.194.83 /index.php/Home/xzpd/findrecard?openid1=oV9VJ5Bhqv3DzEwdABYfeK_9AtUA
INFO: [ app_init ] --START--
INFO: Run Behavior\BuildLiteBehavior [ RunTime:0.000012s ]
INFO: [ app_init ] --END-- [ RunTime:0.000259s ]
INFO: [ app_begin ] --START--
INFO: Run Behavior\ReadHtmlCacheBehavior [ RunTime:0.000339s ]
INFO: [ app_begin ] --END-- [ RunTime:0.000377s ]
SQL: SHOW COLUMNS FROM `mn_xz_recard` [ RunTime:0.0014s ]
NOTIC: [8] Undefined index: myopenid C:\project\miniapi\Application\Home\Controller\XzpdController.class.php 第 102 行.
SQL: SELECT * FROM `mn_xz_recard` WHERE `openid1` = 'oV9VJ5Bhqv3DzEwdABYfeK_9AtUA'  [ RunTime:0.0004s ]
INFO: [ app_end ] --START--
INFO: Run Behavior\ShowPageTraceBehavior [ RunTime:0.000396s ]
INFO: [ app_end ] --END-- [ RunTime:0.000433s ]

[ 2018-10-11T13:40:04+08:00 ] 110.181.194.83 /index.php/Home/xzpd/getopenid?code=001ZrBar0E4iEo1rpF7r0HIAar0ZrBaR
INFO: [ app_init ] --START--
INFO: Run Behavior\BuildLiteBehavior [ RunTime:0.000013s ]
INFO: [ app_init ] --END-- [ RunTime:0.000289s ]
INFO: [ app_begin ] --START--
INFO: Run Behavior\ReadHtmlCacheBehavior [ RunTime:0.000383s ]
INFO: [ app_begin ] --END-- [ RunTime:0.000449s ]
NOTIC: [2] curl_setopt(): You must pass either an object or an array with the CURLOPT_HTTPHEADER argument C:\project\miniapi\Application\Home\Controller\XzpdController.class.php 第 152 行.
NOTIC: [2] curl_errno(): 24 is not a valid cURL handle resource C:\project\miniapi\Application\Home\Controller\XzpdController.class.php 第 160 行.
SQL: SHOW COLUMNS FROM `mn_xz_user` [ RunTime:0.0015s ]
SQL: SELECT * FROM `mn_xz_user` WHERE `openid` = 'oV9VJ5Bhqv3DzEwdABYfeK_9AtUA' LIMIT 1   [ RunTime:0.0006s ]
INFO: [ app_end ] --START--
INFO: Run Behavior\ShowPageTraceBehavior [ RunTime:0.000429s ]
INFO: [ app_end ] --END-- [ RunTime:0.000472s ]

[ 2018-10-11T13:40:04+08:00 ] 110.181.194.83 /index.php/Home/xzpd/findrecard?openid1=oV9VJ5Bhqv3DzEwdABYfeK_9AtUA
INFO: [ app_init ] --START--
INFO: Run Behavior\BuildLiteBehavior [ RunTime:0.000012s ]
INFO: [ app_init ] --END-- [ RunTime:0.000283s ]
INFO: [ app_begin ] --START--
INFO: Run Behavior\ReadHtmlCacheBehavior [ RunTime:0.000354s ]
INFO: [ app_begin ] --END-- [ RunTime:0.000393s ]
SQL: SHOW COLUMNS FROM `mn_xz_recard` [ RunTime:0.0015s ]
NOTIC: [8] Undefined index: myopenid C:\project\miniapi\Application\Home\Controller\XzpdController.class.php 第 102 行.
SQL: SELECT * FROM `mn_xz_recard` WHERE `openid1` = 'oV9VJ5Bhqv3DzEwdABYfeK_9AtUA'  [ RunTime:0.0004s ]
INFO: [ app_end ] --START--
INFO: Run Behavior\ShowPageTraceBehavior [ RunTime:0.000414s ]
INFO: [ app_end ] --END-- [ RunTime:0.000454s ]

[ 2018-10-11T13:40:05+08:00 ] 110.181.194.83 /index.php/Home/xzpd/getopenid?code=081k2RKh1WbPux07ntHh1GCQKh1k2RKp
INFO: [ app_init ] --START--
INFO: Run Behavior\BuildLiteBehavior [ RunTime:0.000023s ]
INFO: [ app_init ] --END-- [ RunTime:0.000272s ]
INFO: [ app_begin ] --START--
INFO: Run Behavior\ReadHtmlCacheBehavior [ RunTime:0.000357s ]
INFO: [ app_begin ] --END-- [ RunTime:0.000395s ]
NOTIC: [2] curl_setopt(): You must pass either an object or an array with the CURLOPT_HTTPHEADER argument C:\project\miniapi\Application\Home\Controller\XzpdController.class.php 第 152 行.
NOTIC: [2] curl_errno(): 24 is not a valid cURL handle resource C:\project\miniapi\Application\Home\Controller\XzpdController.class.php 第 160 行.
SQL: SHOW COLUMNS FROM `mn_xz_user` [ RunTime:0.0016s ]
SQL: SELECT * FROM `mn_xz_user` WHERE `openid` = 'oV9VJ5Bhqv3DzEwdABYfeK_9AtUA' LIMIT 1   [ RunTime:0.0006s ]
INFO: [ app_end ] --START--
INFO: Run Behavior\ShowPageTraceBehavior [ RunTime:0.000434s ]
INFO: [ app_end ] --END-- [ RunTime:0.000478s ]

[ 2018-10-11T13:40:05+08:00 ] 110.181.194.83 /index.php/Home/xzpd/findrecard?openid1=oV9VJ5Bhqv3DzEwdABYfeK_9AtUA
INFO: [ app_init ] --START--
INFO: Run Behavior\BuildLiteBehavior [ RunTime:0.000013s ]
INFO: [ app_init ] --END-- [ RunTime:0.000327s ]
INFO: [ app_begin ] --START--
INFO: Run Behavior\ReadHtmlCacheBehavior [ RunTime:0.000450s ]
INFO: [ app_begin ] --END-- [ RunTime:0.000492s ]
SQL: SHOW COLUMNS FROM `mn_xz_recard` [ RunTime:0.0014s ]
NOTIC: [8] Undefined index: myopenid C:\project\miniapi\Application\Home\Controller\XzpdController.class.php 第 102 行.
SQL: SELECT * FROM `mn_xz_recard` WHERE `openid1` = 'oV9VJ5Bhqv3DzEwdABYfeK_9AtUA'  [ RunTime:0.0004s ]
INFO: [ app_end ] --START--
INFO: Run Behavior\ShowPageTraceBehavior [ RunTime:0.000469s ]
INFO: [ app_end ] --END-- [ RunTime:0.000507s ]

[ 2018-10-11T14:14:29+08:00 ] 218.26.54.60 /index.php/Home/xzpd/getopenid?code=011LTCMe1iCTnr0BjqQe1wsEMe1LTCMc
INFO: [ app_init ] --START--
INFO: Run Behavior\BuildLiteBehavior [ RunTime:0.000013s ]
INFO: [ app_init ] --END-- [ RunTime:0.000320s ]
INFO: [ app_begin ] --START--
INFO: Run Behavior\ReadHtmlCacheBehavior [ RunTime:0.000442s ]
INFO: [ app_begin ] --END-- [ RunTime:0.000484s ]
NOTIC: [2] curl_setopt(): You must pass either an object or an array with the CURLOPT_HTTPHEADER argument C:\project\miniapi\Application\Home\Controller\XzpdController.class.php 第 152 行.
NOTIC: [2] curl_errno(): 24 is not a valid cURL handle resource C:\project\miniapi\Application\Home\Controller\XzpdController.class.php 第 160 行.
SQL: SHOW COLUMNS FROM `mn_xz_user` [ RunTime:0.0015s ]
SQL: SELECT * FROM `mn_xz_user` WHERE `openid` = 'oV9VJ5IoFAx_tY2wPuNqZcOqybvU' LIMIT 1   [ RunTime:0.0005s ]
INFO: [ app_end ] --START--
INFO: Run Behavior\ShowPageTraceBehavior [ RunTime:0.000491s ]
INFO: [ app_end ] --END-- [ RunTime:0.000532s ]

[ 2018-10-11T14:15:00+08:00 ] 218.26.54.60 /index.php/Home/xzpd/adduser?openid=oV9VJ5IoFAx_tY2wPuNqZcOqybvU&name=Mr.Li&avatar=https%3A%2F%2Fwx.qlogo.cn%2Fmmopen%2Fvi_32%2FDYAIOgq83eqWsN6T5cxRxpBnGjEulGuSAQSyp1DBT0jWMAJ5Ug3GsEREFaGoNWrGKiazFUPbXRNFAeibzs4PvF0Q%2F132&constellation=%E5%A4%84%E5%A5%B3&staricon=..%2Fimages%2Fstaricon%2Fchunv.png&date=09-21
INFO: [ app_init ] --START--
INFO: Run Behavior\BuildLiteBehavior [ RunTime:0.000013s ]
INFO: [ app_init ] --END-- [ RunTime:0.000269s ]
INFO: [ app_begin ] --START--
INFO: Run Behavior\ReadHtmlCacheBehavior [ RunTime:0.000357s ]
INFO: [ app_begin ] --END-- [ RunTime:0.000397s ]
SQL: SHOW COLUMNS FROM `mn_xz_user` [ RunTime:0.0014s ]
SQL: SELECT * FROM `mn_xz_user` WHERE `openid` = 'oV9VJ5IoFAx_tY2wPuNqZcOqybvU' LIMIT 1   [ RunTime:0.0006s ]
SQL: INSERT INTO `mn_xz_user` (`openid`,`name`,`avatar`,`constellation`,`staricon`,`date`) VALUES ('oV9VJ5IoFAx_tY2wPuNqZcOqybvU','Mr.Li','https://wx.qlogo.cn/mmopen/vi_32/DYAIOgq83eqWsN6T5cxRxpBnGjEulGuSAQSyp1DBT0jWMAJ5Ug3GsEREFaGoNWrGKiazFUPbXRNFAeibzs4PvF0Q/132','处女','../images/staricon/chunv.png','09-21') [ RunTime:0.0026s ]
INFO: [ app_end ] --START--
INFO: Run Behavior\ShowPageTraceBehavior [ RunTime:0.000386s ]
INFO: [ app_end ] --END-- [ RunTime:0.000425s ]

[ 2018-10-11T14:15:01+08:00 ] 218.26.54.60 /index.php/Home/xzpd/findfrienduser?openid=oV9VJ5F_z_cCEK8OTbxF7MvnXDAQ
INFO: [ app_init ] --START--
INFO: Run Behavior\BuildLiteBehavior [ RunTime:0.000013s ]
INFO: [ app_init ] --END-- [ RunTime:0.000330s ]
INFO: [ app_begin ] --START--
INFO: Run Behavior\ReadHtmlCacheBehavior [ RunTime:0.000450s ]
INFO: [ app_begin ] --END-- [ RunTime:0.000492s ]
SQL: SHOW COLUMNS FROM `mn_xz_user` [ RunTime:0.0014s ]
SQL: SELECT * FROM `mn_xz_user` WHERE `openid` = 'oV9VJ5F_z_cCEK8OTbxF7MvnXDAQ' LIMIT 1   [ RunTime:0.0006s ]
INFO: [ app_end ] --START--
INFO: Run Behavior\ShowPageTraceBehavior [ RunTime:0.000483s ]
INFO: [ app_end ] --END-- [ RunTime:0.000521s ]

[ 2018-10-11T14:15:02+08:00 ] 218.26.54.60 /index.php/Home/xzpd/findpair?constellation1=9&constellation2=8
INFO: [ app_init ] --START--
INFO: Run Behavior\BuildLiteBehavior [ RunTime:0.000013s ]
INFO: [ app_init ] --END-- [ RunTime:0.000327s ]
INFO: [ app_begin ] --START--
INFO: Run Behavior\ReadHtmlCacheBehavior [ RunTime:0.000449s ]
INFO: [ app_begin ] --END-- [ RunTime:0.000492s ]
SQL: SHOW COLUMNS FROM `mn_xz_pair` [ RunTime:0.0014s ]
SQL: SELECT * FROM `mn_xz_pair` WHERE `constellation1` = 9 AND `constellation2` = 8  [ RunTime:0.0003s ]
INFO: [ app_end ] --START--
INFO: Run Behavior\ShowPageTraceBehavior [ RunTime:0.000473s ]
INFO: [ app_end ] --END-- [ RunTime:0.000513s ]

[ 2018-10-11T14:15:02+08:00 ] 218.26.54.60 /index.php/Home/xzpd/addrecard?openid1=oV9VJ5F_z_cCEK8OTbxF7MvnXDAQ&name1=YoungFun&avatar1=https%3A%2F%2Fwx.qlogo.cn%2Fmmopen%2Fvi_32%2FQ0j4TwGTfTI9gxVJMy97FsnP7QSsL4sJtvvw1w4GKnXicVC7fmicmql8wSSo6nBlG4fLrxSTA38FwdOI19YKPicew%2F132&constellation1=%E5%A4%A9%E7%A7%A4&staricon1=..%2Fimages%2Fstaricon%2Ftianping.png&openid2=oV9VJ5IoFAx_tY2wPuNqZcOqybvU&name2=Mr.Li&avatar2=https%3A%2F%2Fwx.qlogo.cn%2Fmmopen%2Fvi_32%2FDYAIOgq83eqWsN6T5cxRxpBnGjEulGuSAQSyp1DBT0jWMAJ5Ug3GsEREFaGoNWrGKiazFUPbXRNFAeibzs4PvF0Q%2F132&constellation2=%E5%A4%84%E5%A5%B3&staricon2=..%2Fimages%2Fstaricon%2Fchunv.png&analysis=%E8%BF%99%E6%98%AF%E4%B8%80%E4%B8%AA%E6%9C%89%E7%82%B9%E5%90%88%E5%8F%88%E4%B8%8D%E4%BC%9A%E5%A4%AA%E5%90%88%E7%9A%84%E6%98%9F%E5%BA%A7%EF%BC%8C%E4%B8%A4%E4%BA%BA%E6%9C%89%E5%83%8F%E4%B9%9F%E6%9C%89%E4%B8%8D%E5%83%8F%E7%9A%84%E5%9C%B0%E6%96%B9%EF%BC%8C%E5%A5%BD%E7%9A%84%E8%AF%9D%E5%8F%AF%E4%BB%A5%E4%BA%92%E7%9B%B8%E6%94%AF%E6%8F%B4%EF%BC%8C%E4%B8%8D%E5%A5%BD%E7%9A%84%E8%AF%9D%E5%88%99%E4%BA%92%E7%9B%B8%E4%B8%8D%E6%BB%A1%EF%BC%8C%E6%89%80%E4%BB%A5%E7%BC%98%E5%88%86%E6%88%90%E4%BA%86%E6%9C%80%E9%87%8D%E8%A6%81%E7%9A%84%EF%BC%8C%E7%AE%97%E6%98%AF%E4%B8%AA%E4%B8%8D%E5%BE%88%E7%A8%B3%E5%AE%9A%E7%9A%84%E9%85%8D%E5%AF%B9%EF%BC%8C%E6%88%90%E5%8A%9F%E7%9A%84%E5%87%A0%E7%8E%87%E4%B8%8D%E6%98%AF%E5%BE%88%E9%AB%98%E3%80%82&cheats=%E9%81%87%E5%88%B0%E5%A4%84%E5%A5%B3%E6%97%B6%EF%BC%8C%E7%A7%A4%E5%AD%90%E5%8F%AA%E8%A6%81%E5%8F%91%E6%8C%A5%E4%B8%80%E4%B8%8B%E4%BD%A0%E4%BB%AC%E5%90%88%E7%BE%A4%E7%9A%84%E4%B8%AA%E6%80%A7%E5%92%8C%E4%BC%98%E9%9B%85%E7%9A%84%E7%AC%91%E5%AE%B9%E5%B0%B1%E5%8F%AF%E4%BB%A5%E4%BA%86%E3%80%82%E5%9B%A0%E4%B8%BA%E5%AF%B9%E5%A4%84%E5%A5%B3%E6%9D%A5%E8%AF%B4%EF%BC%8C%E8%83%BD%E5%A4%9F%E8%AE%A9%E4%BB%96%E4%BB%AC%E8%A7%89%E5%BE%97%E5%BE%88%E8%BD%BB%E6%9D%BE%E7%9A%84%E4%BA%BA%E5%AE%9E%E5%9C%A8%E4%B8%8D%E5%A4%9A%EF%BC%8C%E9%81%87%E5%88%B0%E8%BF%99%E4%B9%88%E6%84%BF%E6%84%8F%E9%85%8D%E5%90%88%E4%BB%96%E4%BB%AC%E7%9A%84%E4%BA%BA%E6%9B%B4%E6%98%AF%E5%B0%91%E4%B9%8B%E5%8F%88%E5%B0%91%E3%80%82%E6%9C%89%E8%BF%99%E4%B9%88%E6%82%A0%E9%97%B2%E7%9A%84%E7%A7%A4%E5%AD%90%E5%9C%A8%E8%BA%AB%E8%BE%B9%EF%BC%8C%E5%B0%B1%E7%AE%97%E5%A4%84%E5%A5%B3%E5%86%8D%E4%B8%A5%E8%82%83%E4%B9%9F%E4%B8%A5%E8%82%83%E4%B8%8D%E5%88%B0%E5%93%AA%E9%87%8C%E5%8E%BB%E4%BA%86%EF%BC%8C%E8%BF%99%E7%A7%8D%E8%BD%BB%E6%9D%BE%E7%9A%84%E6%B0%94%E6%B0%9B%E4%B9%9F%E6%98%AF%E8%AE%A9%E4%BA%BA%E5%BE%88%E9%9A%BE%E8%87%AA%E6%8B%94%E7%9A%84%E3%80%82&score=84.37711234553798&isshow=1&ispaid=0
INFO: [ app_init ] --START--
INFO: Run Behavior\BuildLiteBehavior [ RunTime:0.000012s ]
INFO: [ app_init ] --END-- [ RunTime:0.000297s ]
INFO: [ app_begin ] --START--
INFO: Run Behavior\ReadHtmlCacheBehavior [ RunTime:0.000455s ]
INFO: [ app_begin ] --END-- [ RunTime:0.000500s ]
SQL: SHOW COLUMNS FROM `mn_xz_recard` [ RunTime:0.0016s ]
SQL: SELECT * FROM `mn_xz_recard` WHERE `openid1` = 'oV9VJ5F_z_cCEK8OTbxF7MvnXDAQ' AND `openid2` = 'oV9VJ5IoFAx_tY2wPuNqZcOqybvU' LIMIT 1   [ RunTime:0.0004s ]
SQL: INSERT INTO `mn_xz_recard` (`openid1`,`name1`,`avatar1`,`constellation1`,`staricon1`,`analysis`,`cheats`,`openid2`,`name2`,`avatar2`,`constellation2`,`staricon2`,`score`,`isshow`,`ispaid`) VALUES ('oV9VJ5F_z_cCEK8OTbxF7MvnXDAQ','YoungFun','https://wx.qlogo.cn/mmopen/vi_32/Q0j4TwGTfTI9gxVJMy97FsnP7QSsL4sJtvvw1w4GKnXicVC7fmicmql8wSSo6nBlG4fLrxSTA38FwdOI19YKPicew/132','天秤','../images/staricon/tianping.png','这是一个有点合又不会太合的星座，两人有像也有不像的地方，好的话可以互相支援，不好的话则互相不满，所以缘分成了最重要的，算是个不很稳定的配对，成功的几率不是很高。','遇到处女时，秤子只要发挥一下你们合群的个性和优雅的笑容就可以了。因为对处女来说，能够让他们觉得很轻松的人实在不多，遇到这么愿意配合他们的人更是少之又少。有这么悠闲的秤子在身边，就算处女再严肃也严肃不到哪里去了，这种轻松的气氛也是让人很难自拔的。','oV9VJ5IoFAx_tY2wPuNqZcOqybvU','Mr.Li','https://wx.qlogo.cn/mmopen/vi_32/DYAIOgq83eqWsN6T5cxRxpBnGjEulGuSAQSyp1DBT0jWMAJ5Ug3GsEREFaGoNWrGKiazFUPbXRNFAeibzs4PvF0Q/132','处女','../images/staricon/chunv.png','84','1','0') [ RunTime:0.0023s ]
INFO: [ app_end ] --START--
INFO: Run Behavior\ShowPageTraceBehavior [ RunTime:0.000441s ]
INFO: [ app_end ] --END-- [ RunTime:0.000480s ]

[ 2018-10-11T14:15:02+08:00 ] 218.26.54.60 /index.php/Home/xzpd/findpair?constellation1=8&constellation2=9
INFO: [ app_init ] --START--
INFO: Run Behavior\BuildLiteBehavior [ RunTime:0.000012s ]
INFO: [ app_init ] --END-- [ RunTime:0.000294s ]
INFO: [ app_begin ] --START--
INFO: Run Behavior\ReadHtmlCacheBehavior [ RunTime:0.000418s ]
INFO: [ app_begin ] --END-- [ RunTime:0.000459s ]
SQL: SHOW COLUMNS FROM `mn_xz_pair` [ RunTime:0.0019s ]
SQL: SELECT * FROM `mn_xz_pair` WHERE `constellation1` = 8 AND `constellation2` = 9  [ RunTime:0.0136s ]
INFO: [ app_end ] --START--
INFO: Run Behavior\ShowPageTraceBehavior [ RunTime:0.000636s ]
INFO: [ app_end ] --END-- [ RunTime:0.000702s ]

[ 2018-10-11T14:15:02+08:00 ] 218.26.54.60 /index.php/Home/xzpd/findrecard?openid1=oV9VJ5F_z_cCEK8OTbxF7MvnXDAQ
INFO: [ app_init ] --START--
INFO: Run Behavior\BuildLiteBehavior [ RunTime:0.000014s ]
INFO: [ app_init ] --END-- [ RunTime:0.000296s ]
INFO: [ app_begin ] --START--
INFO: Run Behavior\ReadHtmlCacheBehavior [ RunTime:0.000433s ]
INFO: [ app_begin ] --END-- [ RunTime:0.000476s ]
SQL: SHOW COLUMNS FROM `mn_xz_recard` [ RunTime:0.0018s ]
NOTIC: [8] Undefined index: myopenid C:\project\miniapi\Application\Home\Controller\XzpdController.class.php 第 102 行.
SQL: SELECT * FROM `mn_xz_recard` WHERE `openid1` = 'oV9VJ5F_z_cCEK8OTbxF7MvnXDAQ'  [ RunTime:0.0006s ]
INFO: [ app_end ] --START--
INFO: Run Behavior\ShowPageTraceBehavior [ RunTime:0.000620s ]
INFO: [ app_end ] --END-- [ RunTime:0.000678s ]

[ 2018-10-11T14:15:03+08:00 ] 218.26.54.60 /index.php/Home/xzpd/addrecard?openid1=oV9VJ5IoFAx_tY2wPuNqZcOqybvU&name1=Mr.Li&avatar1=https%3A%2F%2Fwx.qlogo.cn%2Fmmopen%2Fvi_32%2FDYAIOgq83eqWsN6T5cxRxpBnGjEulGuSAQSyp1DBT0jWMAJ5Ug3GsEREFaGoNWrGKiazFUPbXRNFAeibzs4PvF0Q%2F132&constellation1=%E5%A4%84%E5%A5%B3&staricon1=..%2Fimages%2Fstaricon%2Fchunv.png&openid2=oV9VJ5F_z_cCEK8OTbxF7MvnXDAQ&name2=YoungFun&avatar2=https%3A%2F%2Fwx.qlogo.cn%2Fmmopen%2Fvi_32%2FQ0j4TwGTfTI9gxVJMy97FsnP7QSsL4sJtvvw1w4GKnXicVC7fmicmql8wSSo6nBlG4fLrxSTA38FwdOI19YKPicew%2F132&constellation2=%E5%A4%A9%E7%A7%A4&staricon2=..%2Fimages%2Fstaricon%2Ftianping.png&analysis=%E8%BF%99%E4%B8%A4%E4%B8%AA%E6%98%9F%E5%BA%A7%E6%B2%A1%E6%9C%89%E4%BB%80%E4%B9%88%E5%85%B1%E5%90%8C%E7%82%B9%EF%BC%8C%E5%8F%AA%E6%9C%89%E6%8C%91%E5%89%94%E5%92%8C%E7%8A%B9%E8%B1%AB%E4%B8%8D%E5%86%B3%E7%9A%84%E7%A8%8B%E5%BA%A6%E6%98%AF%E4%B8%8D%E7%9B%B8%E4%B8%8A%E4%B8%8B%E7%9A%84%EF%BC%8C%E6%89%80%E4%BB%A5%E4%B8%A4%E4%BA%BA%E5%9C%A8%E4%B8%80%E8%B5%B7%E6%97%B6%E5%8F%AF%E8%83%BD%E4%BC%9A%E4%B8%BA%E4%BA%86%E6%9F%90%E4%BB%B6%E4%BA%8B%E8%8B%A6%E8%8B%A6%E6%97%A0%E6%B3%95%E4%B8%8B%E5%AE%9A%E8%AE%BA%EF%BC%8C%E8%BF%99%E7%A7%8D%E4%B8%AA%E6%80%A7%E5%80%92%E6%98%AF%E6%8C%BA%E5%83%8F%E7%9A%84%EF%BC%8C%E4%BD%86%E5%8D%B4%E5%BE%88%E5%8F%AF%E8%83%BD%E5%9B%A0%E4%B8%BA%E8%BF%99%E7%A7%8D%E4%B8%AA%E6%80%A7%E9%97%B9%E7%BF%BB!&cheats=%E9%81%87%E5%88%B0%E7%A7%A4%E5%AD%90%E6%97%B6%EF%BC%8C%E5%A4%84%E5%A5%B3%E4%BB%AC%E8%A6%81%E5%AD%A6%E4%BC%9A%E6%8A%8A%E4%B8%80%E5%88%87%E9%83%BD%E6%94%BE%E8%BD%BB%E6%9D%BE%EF%BC%8C%E4%B8%8D%E8%A6%81%E7%BB%99%E8%87%AA%E5%B7%B1%E5%A4%AA%E5%A4%9A%E7%9A%84%E5%8E%8B%E5%8A%9B%EF%BC%8C%E4%B9%9F%E4%B8%8D%E8%A6%81%E6%83%B3%E4%B8%80%E4%BA%9B%E8%87%AA%E5%88%9B%E7%9A%84%E6%B8%B8%E6%88%8F%E8%A7%84%E5%88%99%E8%A6%81%E7%A7%A4%E5%AD%90%E7%85%A7%E7%9D%80%E6%9D%A5%EF%BC%8C%E5%90%A6%E5%88%99%E4%BB%96%E4%BB%AC%E5%8F%AF%E6%98%AF%E4%BC%9A%E9%81%BF%E4%BD%A0%E9%81%BF%E5%BE%97%E8%BF%9C%E8%BF%9C%E7%9A%84%EF%BC%8C%E6%9C%80%E5%A5%BD%E8%BF%9E%E8%AE%A4%E8%AF%86%E4%B9%9F%E4%B8%8D%E7%94%A8%E3%80%82%E6%80%BB%E4%B9%8B%E8%A6%81%E8%AE%A9%E7%A7%A4%E5%AD%90%E5%92%8C%E4%BD%A0%E5%9C%A8%E4%B8%80%E8%B5%B7%E6%97%B6%E5%8F%AF%E4%BB%A5%E6%82%A0%E6%82%A0%E9%97%B2%E9%97%B2%EF%BC%8C%E5%AE%8C%E5%85%A8%E6%B2%A1%E6%9C%89%E4%BB%BB%E4%BD%95%E5%8E%8B%E5%8A%9B%EF%BC%8C%E8%BF%99%E6%A0%B7%E5%B0%B1%E8%83%BD%E5%90%B8%E5%BC%95%E7%A7%A4%E5%AD%90%E4%B8%BA%E4%BD%A0%E5%81%9C%E7%95%99%E5%95%A6!&score=84.37711234553798&isshow=1&ispaid=0
INFO: [ app_init ] --START--
INFO: Run Behavior\BuildLiteBehavior [ RunTime:0.000014s ]
INFO: [ app_init ] --END-- [ RunTime:0.000315s ]
INFO: [ app_begin ] --START--
INFO: Run Behavior\ReadHtmlCacheBehavior [ RunTime:0.000358s ]
INFO: [ app_begin ] --END-- [ RunTime:0.000400s ]
SQL: SHOW COLUMNS FROM `mn_xz_recard` [ RunTime:0.0015s ]
SQL: SELECT * FROM `mn_xz_recard` WHERE `openid1` = 'oV9VJ5IoFAx_tY2wPuNqZcOqybvU' AND `openid2` = 'oV9VJ5F_z_cCEK8OTbxF7MvnXDAQ' LIMIT 1   [ RunTime:0.0074s ]
SQL: INSERT INTO `mn_xz_recard` (`openid1`,`name1`,`avatar1`,`constellation1`,`staricon1`,`analysis`,`cheats`,`openid2`,`name2`,`avatar2`,`constellation2`,`staricon2`,`score`,`isshow`,`ispaid`) VALUES ('oV9VJ5IoFAx_tY2wPuNqZcOqybvU','Mr.Li','https://wx.qlogo.cn/mmopen/vi_32/DYAIOgq83eqWsN6T5cxRxpBnGjEulGuSAQSyp1DBT0jWMAJ5Ug3GsEREFaGoNWrGKiazFUPbXRNFAeibzs4PvF0Q/132','处女','../images/staricon/chunv.png','这两个星座没有什么共同点，只有挑剔和犹豫不决的程度是不相上下的，所以两人在一起时可能会为了某件事苦苦无法下定论，这种个性倒是挺像的，但却很可能因为这种个性闹翻!','遇到秤子时，处女们要学会把一切都放轻松，不要给自己太多的压力，也不要想一些自创的游戏规则要秤子照着来，否则他们可是会避你避得远远的，最好连认识也不用。总之要让秤子和你在一起时可以悠悠闲闲，完全没有任何压力，这样就能吸引秤子为你停留啦!','oV9VJ5F_z_cCEK8OTbxF7MvnXDAQ','YoungFun','https://wx.qlogo.cn/mmopen/vi_32/Q0j4TwGTfTI9gxVJMy97FsnP7QSsL4sJtvvw1w4GKnXicVC7fmicmql8wSSo6nBlG4fLrxSTA38FwdOI19YKPicew/132','天秤','../images/staricon/tianping.png','84','1','0') [ RunTime:0.0030s ]
INFO: [ app_end ] --START--
INFO: Run Behavior\ShowPageTraceBehavior [ RunTime:0.000373s ]
INFO: [ app_end ] --END-- [ RunTime:0.000412s ]

[ 2018-10-11T14:15:10+08:00 ] 218.26.54.60 /index.php/Home/xzpd/getopenid?code=0717fWyv0uxMab1EBMxv0b4Ryv07fWym
INFO: [ app_init ] --START--
INFO: Run Behavior\BuildLiteBehavior [ RunTime:0.000013s ]
INFO: [ app_init ] --END-- [ RunTime:0.000276s ]
INFO: [ app_begin ] --START--
INFO: Run Behavior\ReadHtmlCacheBehavior [ RunTime:0.000379s ]
INFO: [ app_begin ] --END-- [ RunTime:0.000421s ]
NOTIC: [2] curl_setopt(): You must pass either an object or an array with the CURLOPT_HTTPHEADER argument C:\project\miniapi\Application\Home\Controller\XzpdController.class.php 第 152 行.
NOTIC: [2] curl_errno(): 24 is not a valid cURL handle resource C:\project\miniapi\Application\Home\Controller\XzpdController.class.php 第 160 行.
SQL: SHOW COLUMNS FROM `mn_xz_user` [ RunTime:0.0015s ]
SQL: SELECT * FROM `mn_xz_user` WHERE `openid` = 'oV9VJ5IoFAx_tY2wPuNqZcOqybvU' LIMIT 1   [ RunTime:0.0006s ]
INFO: [ app_end ] --START--
INFO: Run Behavior\ShowPageTraceBehavior [ RunTime:0.000417s ]
INFO: [ app_end ] --END-- [ RunTime:0.000459s ]

[ 2018-10-11T14:15:11+08:00 ] 218.26.54.60 /index.php/Home/xzpd/findrecard?openid1=oV9VJ5IoFAx_tY2wPuNqZcOqybvU
INFO: [ app_init ] --START--
INFO: Run Behavior\BuildLiteBehavior [ RunTime:0.000012s ]
INFO: [ app_init ] --END-- [ RunTime:0.000257s ]
INFO: [ app_begin ] --START--
INFO: Run Behavior\ReadHtmlCacheBehavior [ RunTime:0.000357s ]
INFO: [ app_begin ] --END-- [ RunTime:0.000396s ]
SQL: SHOW COLUMNS FROM `mn_xz_recard` [ RunTime:0.0014s ]
NOTIC: [8] Undefined index: myopenid C:\project\miniapi\Application\Home\Controller\XzpdController.class.php 第 102 行.
SQL: SELECT * FROM `mn_xz_recard` WHERE `openid1` = 'oV9VJ5IoFAx_tY2wPuNqZcOqybvU'  [ RunTime:0.0004s ]
INFO: [ app_end ] --START--
INFO: Run Behavior\ShowPageTraceBehavior [ RunTime:0.000394s ]
INFO: [ app_end ] --END-- [ RunTime:0.000431s ]

[ 2018-10-11T14:15:46+08:00 ] 218.26.54.60 /index.php/Home/xzpd/getopenid?code=07133GWP02vuxa2llc0Q0PMDWP033GWF
INFO: [ app_init ] --START--
INFO: Run Behavior\BuildLiteBehavior [ RunTime:0.000016s ]
INFO: [ app_init ] --END-- [ RunTime:0.000295s ]
INFO: [ app_begin ] --START--
INFO: Run Behavior\ReadHtmlCacheBehavior [ RunTime:0.000360s ]
INFO: [ app_begin ] --END-- [ RunTime:0.000411s ]
NOTIC: [2] curl_setopt(): You must pass either an object or an array with the CURLOPT_HTTPHEADER argument C:\project\miniapi\Application\Home\Controller\XzpdController.class.php 第 152 行.
NOTIC: [2] curl_errno(): 24 is not a valid cURL handle resource C:\project\miniapi\Application\Home\Controller\XzpdController.class.php 第 160 行.
SQL: SHOW COLUMNS FROM `mn_xz_user` [ RunTime:0.0015s ]
SQL: SELECT * FROM `mn_xz_user` WHERE `openid` = 'oV9VJ5IoFAx_tY2wPuNqZcOqybvU' LIMIT 1   [ RunTime:0.0006s ]
INFO: [ app_end ] --START--
INFO: Run Behavior\ShowPageTraceBehavior [ RunTime:0.000461s ]
INFO: [ app_end ] --END-- [ RunTime:0.000506s ]

[ 2018-10-11T14:15:47+08:00 ] 218.26.54.60 /index.php/Home/xzpd/findrecard?openid1=oV9VJ5IoFAx_tY2wPuNqZcOqybvU
INFO: [ app_init ] --START--
INFO: Run Behavior\BuildLiteBehavior [ RunTime:0.000014s ]
INFO: [ app_init ] --END-- [ RunTime:0.000279s ]
INFO: [ app_begin ] --START--
INFO: Run Behavior\ReadHtmlCacheBehavior [ RunTime:0.000374s ]
INFO: [ app_begin ] --END-- [ RunTime:0.000417s ]
SQL: SHOW COLUMNS FROM `mn_xz_recard` [ RunTime:0.0015s ]
NOTIC: [8] Undefined index: myopenid C:\project\miniapi\Application\Home\Controller\XzpdController.class.php 第 102 行.
SQL: SELECT * FROM `mn_xz_recard` WHERE `openid1` = 'oV9VJ5IoFAx_tY2wPuNqZcOqybvU'  [ RunTime:0.0004s ]
INFO: [ app_end ] --START--
INFO: Run Behavior\ShowPageTraceBehavior [ RunTime:0.000400s ]
INFO: [ app_end ] --END-- [ RunTime:0.000438s ]

[ 2018-10-11T14:15:48+08:00 ] 218.26.54.60 /index.php/Home/xzpd/getopenid?code=001WwEOS0jrTAY11qpOS0jyAOS0WwEOk
INFO: [ app_init ] --START--
INFO: Run Behavior\BuildLiteBehavior [ RunTime:0.000013s ]
INFO: [ app_init ] --END-- [ RunTime:0.000282s ]
INFO: [ app_begin ] --START--
INFO: Run Behavior\ReadHtmlCacheBehavior [ RunTime:0.000371s ]
INFO: [ app_begin ] --END-- [ RunTime:0.000413s ]
NOTIC: [2] curl_setopt(): You must pass either an object or an array with the CURLOPT_HTTPHEADER argument C:\project\miniapi\Application\Home\Controller\XzpdController.class.php 第 152 行.
NOTIC: [2] curl_errno(): 24 is not a valid cURL handle resource C:\project\miniapi\Application\Home\Controller\XzpdController.class.php 第 160 行.
SQL: SHOW COLUMNS FROM `mn_xz_user` [ RunTime:0.0016s ]
SQL: SELECT * FROM `mn_xz_user` WHERE `openid` = 'oV9VJ5IoFAx_tY2wPuNqZcOqybvU' LIMIT 1   [ RunTime:0.0006s ]
INFO: [ app_end ] --START--
INFO: Run Behavior\ShowPageTraceBehavior [ RunTime:0.000448s ]
INFO: [ app_end ] --END-- [ RunTime:0.000500s ]

[ 2018-10-11T14:15:48+08:00 ] 218.26.54.60 /index.php/Home/xzpd/findrecard?openid1=oV9VJ5IoFAx_tY2wPuNqZcOqybvU
INFO: [ app_init ] --START--
INFO: Run Behavior\BuildLiteBehavior [ RunTime:0.000012s ]
INFO: [ app_init ] --END-- [ RunTime:0.000267s ]
INFO: [ app_begin ] --START--
INFO: Run Behavior\ReadHtmlCacheBehavior [ RunTime:0.000356s ]
INFO: [ app_begin ] --END-- [ RunTime:0.000397s ]
SQL: SHOW COLUMNS FROM `mn_xz_recard` [ RunTime:0.0015s ]
NOTIC: [8] Undefined index: myopenid C:\project\miniapi\Application\Home\Controller\XzpdController.class.php 第 102 行.
SQL: SELECT * FROM `mn_xz_recard` WHERE `openid1` = 'oV9VJ5IoFAx_tY2wPuNqZcOqybvU'  [ RunTime:0.0004s ]
INFO: [ app_end ] --START--
INFO: Run Behavior\ShowPageTraceBehavior [ RunTime:0.000389s ]
INFO: [ app_end ] --END-- [ RunTime:0.000427s ]

[ 2018-10-11T14:15:48+08:00 ] 218.26.54.60 /index.php/Home/xzpd/getopenid?code=001JCalG0iu19k2faljG0YO1lG0JCal7
INFO: [ app_init ] --START--
INFO: Run Behavior\BuildLiteBehavior [ RunTime:0.000013s ]
INFO: [ app_init ] --END-- [ RunTime:0.000286s ]
INFO: [ app_begin ] --START--
INFO: Run Behavior\ReadHtmlCacheBehavior [ RunTime:0.000364s ]
INFO: [ app_begin ] --END-- [ RunTime:0.000405s ]
NOTIC: [2] curl_setopt(): You must pass either an object or an array with the CURLOPT_HTTPHEADER argument C:\project\miniapi\Application\Home\Controller\XzpdController.class.php 第 152 行.
NOTIC: [2] curl_errno(): 24 is not a valid cURL handle resource C:\project\miniapi\Application\Home\Controller\XzpdController.class.php 第 160 行.
SQL: SHOW COLUMNS FROM `mn_xz_user` [ RunTime:0.0015s ]
SQL: SELECT * FROM `mn_xz_user` WHERE `openid` = 'oV9VJ5IoFAx_tY2wPuNqZcOqybvU' LIMIT 1   [ RunTime:0.0006s ]
INFO: [ app_end ] --START--
INFO: Run Behavior\ShowPageTraceBehavior [ RunTime:0.000436s ]
INFO: [ app_end ] --END-- [ RunTime:0.000476s ]

[ 2018-10-11T14:15:49+08:00 ] 218.26.54.60 /index.php/Home/xzpd/findrecard?openid1=oV9VJ5IoFAx_tY2wPuNqZcOqybvU
INFO: [ app_init ] --START--
INFO: Run Behavior\BuildLiteBehavior [ RunTime:0.000012s ]
INFO: [ app_init ] --END-- [ RunTime:0.000293s ]
INFO: [ app_begin ] --START--
INFO: Run Behavior\ReadHtmlCacheBehavior [ RunTime:0.000411s ]
INFO: [ app_begin ] --END-- [ RunTime:0.000455s ]
SQL: SHOW COLUMNS FROM `mn_xz_recard` [ RunTime:0.0015s ]
NOTIC: [8] Undefined index: myopenid C:\project\miniapi\Application\Home\Controller\XzpdController.class.php 第 102 行.
SQL: SELECT * FROM `mn_xz_recard` WHERE `openid1` = 'oV9VJ5IoFAx_tY2wPuNqZcOqybvU'  [ RunTime:0.0004s ]
INFO: [ app_end ] --START--
INFO: Run Behavior\ShowPageTraceBehavior [ RunTime:0.000384s ]
INFO: [ app_end ] --END-- [ RunTime:0.000422s ]

[ 2018-10-11T14:16:11+08:00 ] 218.26.54.60 /index.php/Home/tymy/openid_get?code=071pSbW92CO0yQ0EjrW92iT1W92pSbWK
INFO: [ app_init ] --START--
INFO: Run Behavior\BuildLiteBehavior [ RunTime:0.000105s ]
INFO: [ app_init ] --END-- [ RunTime:0.000429s ]
INFO: [ app_begin ] --START--
INFO: Run Behavior\ReadHtmlCacheBehavior [ RunTime:0.000378s ]
INFO: [ app_begin ] --END-- [ RunTime:0.000438s ]
NOTIC: [2] curl_setopt(): You must pass either an object or an array with the CURLOPT_HTTPHEADER argument C:\project\miniapi\Application\Home\Controller\TymyController.class.php 第 155 行.
NOTIC: [2] curl_errno(): 24 is not a valid cURL handle resource C:\project\miniapi\Application\Home\Controller\TymyController.class.php 第 163 行.
INFO: [ app_end ] --START--
INFO: Run Behavior\ShowPageTraceBehavior [ RunTime:0.000580s ]
INFO: [ app_end ] --END-- [ RunTime:0.000644s ]

[ 2018-10-11T14:16:12+08:00 ] 218.26.54.60 /index.php/Home/tymy/user_find?openid=o6iMB5Tn7lo3AZ6rTSPlOhYYmW1k
INFO: [ app_init ] --START--
INFO: Run Behavior\BuildLiteBehavior [ RunTime:0.000014s ]
INFO: [ app_init ] --END-- [ RunTime:0.000280s ]
INFO: [ app_begin ] --START--
INFO: Run Behavior\ReadHtmlCacheBehavior [ RunTime:0.000385s ]
INFO: [ app_begin ] --END-- [ RunTime:0.000426s ]
SQL: SHOW COLUMNS FROM `mn_qqh_user` [ RunTime:0.0014s ]
SQL: SELECT * FROM `mn_qqh_user` WHERE `openid` = 'o6iMB5Tn7lo3AZ6rTSPlOhYYmW1k' LIMIT 1   [ RunTime:0.0003s ]
INFO: [ app_end ] --START--
INFO: Run Behavior\ShowPageTraceBehavior [ RunTime:0.000389s ]
INFO: [ app_end ] --END-- [ RunTime:0.000426s ]

[ 2018-10-11T17:07:32+08:00 ] 157.55.39.159 /
INFO: [ app_init ] --START--
INFO: Run Behavior\BuildLiteBehavior [ RunTime:0.000012s ]
INFO: [ app_init ] --END-- [ RunTime:0.000310s ]
INFO: [ app_begin ] --START--
INFO: Run Behavior\ReadHtmlCacheBehavior [ RunTime:0.000452s ]
INFO: [ app_begin ] --END-- [ RunTime:0.000499s ]
SQL: SHOW COLUMNS FROM `mn_xz_user` [ RunTime:0.0014s ]
SQL: SHOW COLUMNS FROM `mn_qqh_user` [ RunTime:0.0012s ]
SQL: SELECT COUNT(*) AS tp_count FROM `mn_xz_user` LIMIT 1   [ RunTime:0.0004s ]
SQL: SELECT COUNT(*) AS tp_count FROM `mn_qqh_user` LIMIT 1   [ RunTime:0.0002s ]
INFO: [ app_end ] --START--
INFO: Run Behavior\ShowPageTraceBehavior [ RunTime:0.000454s ]
INFO: [ app_end ] --END-- [ RunTime:0.000492s ]

[ 2018-10-11T23:43:02+08:00 ] 157.55.39.159 /
INFO: [ app_init ] --START--
INFO: Run Behavior\BuildLiteBehavior [ RunTime:0.000012s ]
INFO: [ app_init ] --END-- [ RunTime:0.000298s ]
INFO: [ app_begin ] --START--
INFO: Run Behavior\ReadHtmlCacheBehavior [ RunTime:0.000430s ]
INFO: [ app_begin ] --END-- [ RunTime:0.000471s ]
SQL: SHOW COLUMNS FROM `mn_xz_user` [ RunTime:0.0014s ]
SQL: SHOW COLUMNS FROM `mn_qqh_user` [ RunTime:0.0012s ]
SQL: SELECT COUNT(*) AS tp_count FROM `mn_xz_user` LIMIT 1   [ RunTime:0.0004s ]
SQL: SELECT COUNT(*) AS tp_count FROM `mn_qqh_user` LIMIT 1   [ RunTime:0.0002s ]
INFO: [ app_end ] --START--
INFO: Run Behavior\ShowPageTraceBehavior [ RunTime:0.000454s ]
INFO: [ app_end ] --END-- [ RunTime:0.000490s ]

