[ 2018-11-09T00:35:09+08:00 ] 183.60.210.52 /
INFO: [ app_init ] --START--
INFO: Run Behavior\BuildLiteBehavior [ RunTime:0.000012s ]
INFO: [ app_init ] --END-- [ RunTime:0.000304s ]
INFO: [ app_begin ] --START--
INFO: Run Behavior\ReadHtmlCacheBehavior [ RunTime:0.000433s ]
INFO: [ app_begin ] --END-- [ RunTime:0.000475s ]
SQL: SHOW COLUMNS FROM `mn_xz_user` [ RunTime:0.0016s ]
SQL: SHOW COLUMNS FROM `mn_qqh_user` [ RunTime:0.0012s ]
SQL: SELECT COUNT(*) AS tp_count FROM `mn_xz_user` LIMIT 1   [ RunTime:0.0003s ]
SQL: SELECT COUNT(*) AS tp_count FROM `mn_qqh_user` LIMIT 1   [ RunTime:0.0002s ]
INFO: [ app_end ] --START--
INFO: Run Behavior\ShowPageTraceBehavior [ RunTime:0.000477s ]
INFO: [ app_end ] --END-- [ RunTime:0.000516s ]

[ 2018-11-09T02:39:33+08:00 ] 47.95.28.143 /
INFO: [ app_init ] --START--
INFO: Run Behavior\BuildLiteBehavior [ RunTime:0.000013s ]
INFO: [ app_init ] --END-- [ RunTime:0.000300s ]
INFO: [ app_begin ] --START--
INFO: Run Behavior\ReadHtmlCacheBehavior [ RunTime:0.000436s ]
INFO: [ app_begin ] --END-- [ RunTime:0.000485s ]
SQL: SHOW COLUMNS FROM `mn_xz_user` [ RunTime:0.0015s ]
SQL: SHOW COLUMNS FROM `mn_qqh_user` [ RunTime:0.0012s ]
SQL: SELECT COUNT(*) AS tp_count FROM `mn_xz_user` LIMIT 1   [ RunTime:0.0003s ]
SQL: SELECT COUNT(*) AS tp_count FROM `mn_qqh_user` LIMIT 1   [ RunTime:0.0002s ]
INFO: [ app_end ] --START--
INFO: Run Behavior\ShowPageTraceBehavior [ RunTime:0.000470s ]
INFO: [ app_end ] --END-- [ RunTime:0.000507s ]

[ 2018-11-09T03:49:35+08:00 ] 140.205.205.25 /
INFO: [ app_init ] --START--
INFO: Run Behavior\BuildLiteBehavior [ RunTime:0.000012s ]
INFO: [ app_init ] --END-- [ RunTime:0.000304s ]
INFO: [ app_begin ] --START--
INFO: Run Behavior\ReadHtmlCacheBehavior [ RunTime:0.000434s ]
INFO: [ app_begin ] --END-- [ RunTime:0.000479s ]
SQL: SHOW COLUMNS FROM `mn_xz_user` [ RunTime:0.0014s ]
SQL: SHOW COLUMNS FROM `mn_qqh_user` [ RunTime:0.0012s ]
SQL: SELECT COUNT(*) AS tp_count FROM `mn_xz_user` LIMIT 1   [ RunTime:0.0003s ]
SQL: SELECT COUNT(*) AS tp_count FROM `mn_qqh_user` LIMIT 1   [ RunTime:0.0002s ]
INFO: [ app_end ] --START--
INFO: Run Behavior\ShowPageTraceBehavior [ RunTime:0.000448s ]
INFO: [ app_end ] --END-- [ RunTime:0.000496s ]

[ 2018-11-09T04:10:53+08:00 ] 222.186.190.20 /
INFO: [ app_init ] --START--
INFO: Run Behavior\BuildLiteBehavior [ RunTime:0.000013s ]
INFO: [ app_init ] --END-- [ RunTime:0.000319s ]
INFO: [ app_begin ] --START--
INFO: Run Behavior\ReadHtmlCacheBehavior [ RunTime:0.000447s ]
INFO: [ app_begin ] --END-- [ RunTime:0.000490s ]
SQL: SHOW COLUMNS FROM `mn_xz_user` [ RunTime:0.0014s ]
SQL: SHOW COLUMNS FROM `mn_qqh_user` [ RunTime:0.0013s ]
SQL: SELECT COUNT(*) AS tp_count FROM `mn_xz_user` LIMIT 1   [ RunTime:0.0003s ]
SQL: SELECT COUNT(*) AS tp_count FROM `mn_qqh_user` LIMIT 1   [ RunTime:0.0002s ]
INFO: [ app_end ] --START--
INFO: Run Behavior\ShowPageTraceBehavior [ RunTime:0.000455s ]
INFO: [ app_end ] --END-- [ RunTime:0.000493s ]

[ 2018-11-09T07:10:47+08:00 ] 207.46.13.194 /
INFO: [ app_init ] --START--
INFO: Run Behavior\BuildLiteBehavior [ RunTime:0.000012s ]
INFO: [ app_init ] --END-- [ RunTime:0.000301s ]
INFO: [ app_begin ] --START--
INFO: Run Behavior\ReadHtmlCacheBehavior [ RunTime:0.000438s ]
INFO: [ app_begin ] --END-- [ RunTime:0.000480s ]
SQL: SHOW COLUMNS FROM `mn_xz_user` [ RunTime:0.0015s ]
SQL: SHOW COLUMNS FROM `mn_qqh_user` [ RunTime:0.0012s ]
SQL: SELECT COUNT(*) AS tp_count FROM `mn_xz_user` LIMIT 1   [ RunTime:0.0003s ]
SQL: SELECT COUNT(*) AS tp_count FROM `mn_qqh_user` LIMIT 1   [ RunTime:0.0002s ]
INFO: [ app_end ] --START--
INFO: Run Behavior\ShowPageTraceBehavior [ RunTime:0.000476s ]
INFO: [ app_end ] --END-- [ RunTime:0.000513s ]

[ 2018-11-09T07:46:27+08:00 ] 183.60.210.62 /
INFO: [ app_init ] --START--
INFO: Run Behavior\BuildLiteBehavior [ RunTime:0.000012s ]
INFO: [ app_init ] --END-- [ RunTime:0.000312s ]
INFO: [ app_begin ] --START--
INFO: Run Behavior\ReadHtmlCacheBehavior [ RunTime:0.000432s ]
INFO: [ app_begin ] --END-- [ RunTime:0.000472s ]
SQL: SHOW COLUMNS FROM `mn_xz_user` [ RunTime:0.0014s ]
SQL: SHOW COLUMNS FROM `mn_qqh_user` [ RunTime:0.0012s ]
SQL: SELECT COUNT(*) AS tp_count FROM `mn_xz_user` LIMIT 1   [ RunTime:0.0003s ]
SQL: SELECT COUNT(*) AS tp_count FROM `mn_qqh_user` LIMIT 1   [ RunTime:0.0002s ]
INFO: [ app_end ] --START--
INFO: Run Behavior\ShowPageTraceBehavior [ RunTime:0.000472s ]
INFO: [ app_end ] --END-- [ RunTime:0.000510s ]

[ 2018-11-09T11:09:45+08:00 ] 101.91.62.170 /index.php/home/PubWXPay/notify
INFO: [ app_init ] --START--
INFO: Run Behavior\BuildLiteBehavior [ RunTime:0.000012s ]
INFO: [ app_init ] --END-- [ RunTime:0.000298s ]
INFO: [ app_begin ] --START--
INFO: Run Behavior\ReadHtmlCacheBehavior [ RunTime:0.000448s ]
INFO: [ app_begin ] --END-- [ RunTime:0.000509s ]
NOTIC: [2] Missing argument 1 for Home\Controller\PubWXPayController::__construct(), called in C:\project\miniapi\ThinkPHP\Common\functions.php on line 681 and defined C:\project\miniapi\Application\Home\Controller\PubWXPayController.class.php 第 15 行.
NOTIC: [2] Missing argument 2 for Home\Controller\PubWXPayController::__construct(), called in C:\project\miniapi\ThinkPHP\Common\functions.php on line 681 and defined C:\project\miniapi\Application\Home\Controller\PubWXPayController.class.php 第 15 行.
NOTIC: [2] Missing argument 3 for Home\Controller\PubWXPayController::__construct(), called in C:\project\miniapi\ThinkPHP\Common\functions.php on line 681 and defined C:\project\miniapi\Application\Home\Controller\PubWXPayController.class.php 第 15 行.
NOTIC: [2] Missing argument 4 for Home\Controller\PubWXPayController::__construct(), called in C:\project\miniapi\ThinkPHP\Common\functions.php on line 681 and defined C:\project\miniapi\Application\Home\Controller\PubWXPayController.class.php 第 15 行.
NOTIC: [2] Missing argument 5 for Home\Controller\PubWXPayController::__construct(), called in C:\project\miniapi\ThinkPHP\Common\functions.php on line 681 and defined C:\project\miniapi\Application\Home\Controller\PubWXPayController.class.php 第 15 行.
NOTIC: [2] Missing argument 6 for Home\Controller\PubWXPayController::__construct(), called in C:\project\miniapi\ThinkPHP\Common\functions.php on line 681 and defined C:\project\miniapi\Application\Home\Controller\PubWXPayController.class.php 第 15 行.
NOTIC: [2] Missing argument 7 for Home\Controller\PubWXPayController::__construct(), called in C:\project\miniapi\ThinkPHP\Common\functions.php on line 681 and defined C:\project\miniapi\Application\Home\Controller\PubWXPayController.class.php 第 15 行.
NOTIC: [8] Undefined variable: appid C:\project\miniapi\Application\Home\Controller\PubWXPayController.class.php 第 16 行.
NOTIC: [8] Undefined variable: openid C:\project\miniapi\Application\Home\Controller\PubWXPayController.class.php 第 17 行.
NOTIC: [8] Undefined variable: mch_id C:\project\miniapi\Application\Home\Controller\PubWXPayController.class.php 第 18 行.
NOTIC: [8] Undefined variable: key C:\project\miniapi\Application\Home\Controller\PubWXPayController.class.php 第 19 行.
NOTIC: [8] Undefined variable: out_trade_no C:\project\miniapi\Application\Home\Controller\PubWXPayController.class.php 第 20 行.
NOTIC: [8] Undefined variable: body C:\project\miniapi\Application\Home\Controller\PubWXPayController.class.php 第 21 行.
NOTIC: [8] Undefined variable: total_fee C:\project\miniapi\Application\Home\Controller\PubWXPayController.class.php 第 22 行.
NOTIC: [2] simplexml_load_string() expects parameter 1 to be string, array given C:\project\miniapi\Application\Home\Controller\PubWXPayController.class.php 第 171 行.
NOTIC: [8] Use of undefined constant total_fee - assumed 'total_fee' C:\project\miniapi\Application\Home\Controller\PubWXPayController.class.php 第 176 行.
NOTIC: [8] Use of undefined constant openid - assumed 'openid' C:\project\miniapi\Application\Home\Controller\PubWXPayController.class.php 第 177 行.
NOTIC: [8] Use of undefined constant out_trade_no - assumed 'out_trade_no' C:\project\miniapi\Application\Home\Controller\PubWXPayController.class.php 第 178 行.
NOTIC: [8] Use of undefined constant time_end - assumed 'time_end' C:\project\miniapi\Application\Home\Controller\PubWXPayController.class.php 第 179 行.
INFO: [ app_end ] --START--
INFO: Run Behavior\ShowPageTraceBehavior [ RunTime:0.000431s ]
INFO: [ app_end ] --END-- [ RunTime:0.000469s ]

[ 2018-11-09T11:09:45+08:00 ] 101.91.62.170 /index.php/home/PubWXPay/notify
INFO: [ app_init ] --START--
INFO: Run Behavior\BuildLiteBehavior [ RunTime:0.000014s ]
INFO: [ app_init ] --END-- [ RunTime:0.000310s ]
INFO: [ app_begin ] --START--
INFO: Run Behavior\ReadHtmlCacheBehavior [ RunTime:0.000508s ]
INFO: [ app_begin ] --END-- [ RunTime:0.000580s ]
NOTIC: [2] Missing argument 1 for Home\Controller\PubWXPayController::__construct(), called in C:\project\miniapi\ThinkPHP\Common\functions.php on line 681 and defined C:\project\miniapi\Application\Home\Controller\PubWXPayController.class.php 第 15 行.
NOTIC: [2] Missing argument 2 for Home\Controller\PubWXPayController::__construct(), called in C:\project\miniapi\ThinkPHP\Common\functions.php on line 681 and defined C:\project\miniapi\Application\Home\Controller\PubWXPayController.class.php 第 15 行.
NOTIC: [2] Missing argument 3 for Home\Controller\PubWXPayController::__construct(), called in C:\project\miniapi\ThinkPHP\Common\functions.php on line 681 and defined C:\project\miniapi\Application\Home\Controller\PubWXPayController.class.php 第 15 行.
NOTIC: [2] Missing argument 4 for Home\Controller\PubWXPayController::__construct(), called in C:\project\miniapi\ThinkPHP\Common\functions.php on line 681 and defined C:\project\miniapi\Application\Home\Controller\PubWXPayController.class.php 第 15 行.
NOTIC: [2] Missing argument 5 for Home\Controller\PubWXPayController::__construct(), called in C:\project\miniapi\ThinkPHP\Common\functions.php on line 681 and defined C:\project\miniapi\Application\Home\Controller\PubWXPayController.class.php 第 15 行.
NOTIC: [2] Missing argument 6 for Home\Controller\PubWXPayController::__construct(), called in C:\project\miniapi\ThinkPHP\Common\functions.php on line 681 and defined C:\project\miniapi\Application\Home\Controller\PubWXPayController.class.php 第 15 行.
NOTIC: [2] Missing argument 7 for Home\Controller\PubWXPayController::__construct(), called in C:\project\miniapi\ThinkPHP\Common\functions.php on line 681 and defined C:\project\miniapi\Application\Home\Controller\PubWXPayController.class.php 第 15 行.
NOTIC: [8] Undefined variable: appid C:\project\miniapi\Application\Home\Controller\PubWXPayController.class.php 第 16 行.
NOTIC: [8] Undefined variable: openid C:\project\miniapi\Application\Home\Controller\PubWXPayController.class.php 第 17 行.
NOTIC: [8] Undefined variable: mch_id C:\project\miniapi\Application\Home\Controller\PubWXPayController.class.php 第 18 行.
NOTIC: [8] Undefined variable: key C:\project\miniapi\Application\Home\Controller\PubWXPayController.class.php 第 19 行.
NOTIC: [8] Undefined variable: out_trade_no C:\project\miniapi\Application\Home\Controller\PubWXPayController.class.php 第 20 行.
NOTIC: [8] Undefined variable: body C:\project\miniapi\Application\Home\Controller\PubWXPayController.class.php 第 21 行.
NOTIC: [8] Undefined variable: total_fee C:\project\miniapi\Application\Home\Controller\PubWXPayController.class.php 第 22 行.
NOTIC: [2] simplexml_load_string() expects parameter 1 to be string, array given C:\project\miniapi\Application\Home\Controller\PubWXPayController.class.php 第 171 行.
NOTIC: [8] Use of undefined constant total_fee - assumed 'total_fee' C:\project\miniapi\Application\Home\Controller\PubWXPayController.class.php 第 176 行.
NOTIC: [8] Use of undefined constant openid - assumed 'openid' C:\project\miniapi\Application\Home\Controller\PubWXPayController.class.php 第 177 行.
NOTIC: [8] Use of undefined constant out_trade_no - assumed 'out_trade_no' C:\project\miniapi\Application\Home\Controller\PubWXPayController.class.php 第 178 行.
NOTIC: [8] Use of undefined constant time_end - assumed 'time_end' C:\project\miniapi\Application\Home\Controller\PubWXPayController.class.php 第 179 行.
INFO: [ app_end ] --START--
INFO: Run Behavior\ShowPageTraceBehavior [ RunTime:0.000426s ]
INFO: [ app_end ] --END-- [ RunTime:0.000463s ]

[ 2018-11-09T11:22:55+08:00 ] 183.60.210.52 /
INFO: [ app_init ] --START--
INFO: Run Behavior\BuildLiteBehavior [ RunTime:0.000013s ]
INFO: [ app_init ] --END-- [ RunTime:0.000291s ]
INFO: [ app_begin ] --START--
INFO: Run Behavior\ReadHtmlCacheBehavior [ RunTime:0.000419s ]
INFO: [ app_begin ] --END-- [ RunTime:0.000459s ]
SQL: SHOW COLUMNS FROM `mn_xz_user` [ RunTime:0.0015s ]
SQL: SHOW COLUMNS FROM `mn_qqh_user` [ RunTime:0.0012s ]
SQL: SELECT COUNT(*) AS tp_count FROM `mn_xz_user` LIMIT 1   [ RunTime:0.0003s ]
SQL: SELECT COUNT(*) AS tp_count FROM `mn_qqh_user` LIMIT 1   [ RunTime:0.0002s ]
INFO: [ app_end ] --START--
INFO: Run Behavior\ShowPageTraceBehavior [ RunTime:0.000480s ]
INFO: [ app_end ] --END-- [ RunTime:0.000518s ]

[ 2018-11-09T12:16:25+08:00 ] 101.91.62.170 /index.php/home/PubWXPay/notify
INFO: [ app_init ] --START--
INFO: Run Behavior\BuildLiteBehavior [ RunTime:0.000014s ]
INFO: [ app_init ] --END-- [ RunTime:0.000315s ]
INFO: [ app_begin ] --START--
INFO: Run Behavior\ReadHtmlCacheBehavior [ RunTime:0.000434s ]
INFO: [ app_begin ] --END-- [ RunTime:0.000476s ]
NOTIC: [2] Missing argument 1 for Home\Controller\PubWXPayController::__construct(), called in C:\project\miniapi\ThinkPHP\Common\functions.php on line 681 and defined C:\project\miniapi\Application\Home\Controller\PubWXPayController.class.php 第 15 行.
NOTIC: [2] Missing argument 2 for Home\Controller\PubWXPayController::__construct(), called in C:\project\miniapi\ThinkPHP\Common\functions.php on line 681 and defined C:\project\miniapi\Application\Home\Controller\PubWXPayController.class.php 第 15 行.
NOTIC: [2] Missing argument 3 for Home\Controller\PubWXPayController::__construct(), called in C:\project\miniapi\ThinkPHP\Common\functions.php on line 681 and defined C:\project\miniapi\Application\Home\Controller\PubWXPayController.class.php 第 15 行.
NOTIC: [2] Missing argument 4 for Home\Controller\PubWXPayController::__construct(), called in C:\project\miniapi\ThinkPHP\Common\functions.php on line 681 and defined C:\project\miniapi\Application\Home\Controller\PubWXPayController.class.php 第 15 行.
NOTIC: [2] Missing argument 5 for Home\Controller\PubWXPayController::__construct(), called in C:\project\miniapi\ThinkPHP\Common\functions.php on line 681 and defined C:\project\miniapi\Application\Home\Controller\PubWXPayController.class.php 第 15 行.
NOTIC: [2] Missing argument 6 for Home\Controller\PubWXPayController::__construct(), called in C:\project\miniapi\ThinkPHP\Common\functions.php on line 681 and defined C:\project\miniapi\Application\Home\Controller\PubWXPayController.class.php 第 15 行.
NOTIC: [2] Missing argument 7 for Home\Controller\PubWXPayController::__construct(), called in C:\project\miniapi\ThinkPHP\Common\functions.php on line 681 and defined C:\project\miniapi\Application\Home\Controller\PubWXPayController.class.php 第 15 行.
NOTIC: [8] Undefined variable: appid C:\project\miniapi\Application\Home\Controller\PubWXPayController.class.php 第 16 行.
NOTIC: [8] Undefined variable: openid C:\project\miniapi\Application\Home\Controller\PubWXPayController.class.php 第 17 行.
NOTIC: [8] Undefined variable: mch_id C:\project\miniapi\Application\Home\Controller\PubWXPayController.class.php 第 18 行.
NOTIC: [8] Undefined variable: key C:\project\miniapi\Application\Home\Controller\PubWXPayController.class.php 第 19 行.
NOTIC: [8] Undefined variable: out_trade_no C:\project\miniapi\Application\Home\Controller\PubWXPayController.class.php 第 20 行.
NOTIC: [8] Undefined variable: body C:\project\miniapi\Application\Home\Controller\PubWXPayController.class.php 第 21 行.
NOTIC: [8] Undefined variable: total_fee C:\project\miniapi\Application\Home\Controller\PubWXPayController.class.php 第 22 行.
NOTIC: [2] simplexml_load_string() expects parameter 1 to be string, array given C:\project\miniapi\Application\Home\Controller\PubWXPayController.class.php 第 171 行.
NOTIC: [8] Use of undefined constant total_fee - assumed 'total_fee' C:\project\miniapi\Application\Home\Controller\PubWXPayController.class.php 第 176 行.
NOTIC: [8] Use of undefined constant openid - assumed 'openid' C:\project\miniapi\Application\Home\Controller\PubWXPayController.class.php 第 177 行.
NOTIC: [8] Use of undefined constant out_trade_no - assumed 'out_trade_no' C:\project\miniapi\Application\Home\Controller\PubWXPayController.class.php 第 178 行.
NOTIC: [8] Use of undefined constant time_end - assumed 'time_end' C:\project\miniapi\Application\Home\Controller\PubWXPayController.class.php 第 179 行.
INFO: [ app_end ] --START--
INFO: Run Behavior\ShowPageTraceBehavior [ RunTime:0.000429s ]
INFO: [ app_end ] --END-- [ RunTime:0.000468s ]

[ 2018-11-09T12:16:25+08:00 ] 101.91.62.170 /index.php/home/PubWXPay/notify
INFO: [ app_init ] --START--
INFO: Run Behavior\BuildLiteBehavior [ RunTime:0.000013s ]
INFO: [ app_init ] --END-- [ RunTime:0.000349s ]
INFO: [ app_begin ] --START--
INFO: Run Behavior\ReadHtmlCacheBehavior [ RunTime:0.000470s ]
INFO: [ app_begin ] --END-- [ RunTime:0.000516s ]
NOTIC: [2] Missing argument 1 for Home\Controller\PubWXPayController::__construct(), called in C:\project\miniapi\ThinkPHP\Common\functions.php on line 681 and defined C:\project\miniapi\Application\Home\Controller\PubWXPayController.class.php 第 15 行.
NOTIC: [2] Missing argument 2 for Home\Controller\PubWXPayController::__construct(), called in C:\project\miniapi\ThinkPHP\Common\functions.php on line 681 and defined C:\project\miniapi\Application\Home\Controller\PubWXPayController.class.php 第 15 行.
NOTIC: [2] Missing argument 3 for Home\Controller\PubWXPayController::__construct(), called in C:\project\miniapi\ThinkPHP\Common\functions.php on line 681 and defined C:\project\miniapi\Application\Home\Controller\PubWXPayController.class.php 第 15 行.
NOTIC: [2] Missing argument 4 for Home\Controller\PubWXPayController::__construct(), called in C:\project\miniapi\ThinkPHP\Common\functions.php on line 681 and defined C:\project\miniapi\Application\Home\Controller\PubWXPayController.class.php 第 15 行.
NOTIC: [2] Missing argument 5 for Home\Controller\PubWXPayController::__construct(), called in C:\project\miniapi\ThinkPHP\Common\functions.php on line 681 and defined C:\project\miniapi\Application\Home\Controller\PubWXPayController.class.php 第 15 行.
NOTIC: [2] Missing argument 6 for Home\Controller\PubWXPayController::__construct(), called in C:\project\miniapi\ThinkPHP\Common\functions.php on line 681 and defined C:\project\miniapi\Application\Home\Controller\PubWXPayController.class.php 第 15 行.
NOTIC: [2] Missing argument 7 for Home\Controller\PubWXPayController::__construct(), called in C:\project\miniapi\ThinkPHP\Common\functions.php on line 681 and defined C:\project\miniapi\Application\Home\Controller\PubWXPayController.class.php 第 15 行.
NOTIC: [8] Undefined variable: appid C:\project\miniapi\Application\Home\Controller\PubWXPayController.class.php 第 16 行.
NOTIC: [8] Undefined variable: openid C:\project\miniapi\Application\Home\Controller\PubWXPayController.class.php 第 17 行.
NOTIC: [8] Undefined variable: mch_id C:\project\miniapi\Application\Home\Controller\PubWXPayController.class.php 第 18 行.
NOTIC: [8] Undefined variable: key C:\project\miniapi\Application\Home\Controller\PubWXPayController.class.php 第 19 行.
NOTIC: [8] Undefined variable: out_trade_no C:\project\miniapi\Application\Home\Controller\PubWXPayController.class.php 第 20 行.
NOTIC: [8] Undefined variable: body C:\project\miniapi\Application\Home\Controller\PubWXPayController.class.php 第 21 行.
NOTIC: [8] Undefined variable: total_fee C:\project\miniapi\Application\Home\Controller\PubWXPayController.class.php 第 22 行.
NOTIC: [2] simplexml_load_string() expects parameter 1 to be string, array given C:\project\miniapi\Application\Home\Controller\PubWXPayController.class.php 第 171 行.
NOTIC: [8] Use of undefined constant total_fee - assumed 'total_fee' C:\project\miniapi\Application\Home\Controller\PubWXPayController.class.php 第 176 行.
NOTIC: [8] Use of undefined constant openid - assumed 'openid' C:\project\miniapi\Application\Home\Controller\PubWXPayController.class.php 第 177 行.
NOTIC: [8] Use of undefined constant out_trade_no - assumed 'out_trade_no' C:\project\miniapi\Application\Home\Controller\PubWXPayController.class.php 第 178 行.
NOTIC: [8] Use of undefined constant time_end - assumed 'time_end' C:\project\miniapi\Application\Home\Controller\PubWXPayController.class.php 第 179 行.
INFO: [ app_end ] --START--
INFO: Run Behavior\ShowPageTraceBehavior [ RunTime:0.000456s ]
INFO: [ app_end ] --END-- [ RunTime:0.000502s ]

[ 2018-11-09T12:17:51+08:00 ] 58.248.108.204 /
INFO: [ app_init ] --START--
INFO: Run Behavior\BuildLiteBehavior [ RunTime:0.000013s ]
INFO: [ app_init ] --END-- [ RunTime:0.000273s ]
INFO: [ app_begin ] --START--
INFO: Run Behavior\ReadHtmlCacheBehavior [ RunTime:0.000336s ]
INFO: [ app_begin ] --END-- [ RunTime:0.000373s ]
SQL: SHOW COLUMNS FROM `mn_xz_user` [ RunTime:0.0015s ]
SQL: SHOW COLUMNS FROM `mn_qqh_user` [ RunTime:0.0012s ]
SQL: SELECT COUNT(*) AS tp_count FROM `mn_xz_user` LIMIT 1   [ RunTime:0.0003s ]
SQL: SELECT COUNT(*) AS tp_count FROM `mn_qqh_user` LIMIT 1   [ RunTime:0.0003s ]
INFO: [ app_end ] --START--
INFO: Run Behavior\ShowPageTraceBehavior [ RunTime:0.000383s ]
INFO: [ app_end ] --END-- [ RunTime:0.000419s ]

[ 2018-11-09T13:15:20+08:00 ] 101.91.62.170 /index.php/home/PubWXPay/notify
INFO: [ app_init ] --START--
INFO: Run Behavior\BuildLiteBehavior [ RunTime:0.000013s ]
INFO: [ app_init ] --END-- [ RunTime:0.000351s ]
INFO: [ app_begin ] --START--
INFO: Run Behavior\ReadHtmlCacheBehavior [ RunTime:0.000456s ]
INFO: [ app_begin ] --END-- [ RunTime:0.000503s ]
NOTIC: [2] Missing argument 1 for Home\Controller\PubWXPayController::__construct(), called in C:\project\miniapi\ThinkPHP\Common\functions.php on line 681 and defined C:\project\miniapi\Application\Home\Controller\PubWXPayController.class.php 第 15 行.
NOTIC: [2] Missing argument 2 for Home\Controller\PubWXPayController::__construct(), called in C:\project\miniapi\ThinkPHP\Common\functions.php on line 681 and defined C:\project\miniapi\Application\Home\Controller\PubWXPayController.class.php 第 15 行.
NOTIC: [2] Missing argument 3 for Home\Controller\PubWXPayController::__construct(), called in C:\project\miniapi\ThinkPHP\Common\functions.php on line 681 and defined C:\project\miniapi\Application\Home\Controller\PubWXPayController.class.php 第 15 行.
NOTIC: [2] Missing argument 4 for Home\Controller\PubWXPayController::__construct(), called in C:\project\miniapi\ThinkPHP\Common\functions.php on line 681 and defined C:\project\miniapi\Application\Home\Controller\PubWXPayController.class.php 第 15 行.
NOTIC: [2] Missing argument 5 for Home\Controller\PubWXPayController::__construct(), called in C:\project\miniapi\ThinkPHP\Common\functions.php on line 681 and defined C:\project\miniapi\Application\Home\Controller\PubWXPayController.class.php 第 15 行.
NOTIC: [2] Missing argument 6 for Home\Controller\PubWXPayController::__construct(), called in C:\project\miniapi\ThinkPHP\Common\functions.php on line 681 and defined C:\project\miniapi\Application\Home\Controller\PubWXPayController.class.php 第 15 行.
NOTIC: [2] Missing argument 7 for Home\Controller\PubWXPayController::__construct(), called in C:\project\miniapi\ThinkPHP\Common\functions.php on line 681 and defined C:\project\miniapi\Application\Home\Controller\PubWXPayController.class.php 第 15 行.
NOTIC: [8] Undefined variable: appid C:\project\miniapi\Application\Home\Controller\PubWXPayController.class.php 第 16 行.
NOTIC: [8] Undefined variable: openid C:\project\miniapi\Application\Home\Controller\PubWXPayController.class.php 第 17 行.
NOTIC: [8] Undefined variable: mch_id C:\project\miniapi\Application\Home\Controller\PubWXPayController.class.php 第 18 行.
NOTIC: [8] Undefined variable: key C:\project\miniapi\Application\Home\Controller\PubWXPayController.class.php 第 19 行.
NOTIC: [8] Undefined variable: out_trade_no C:\project\miniapi\Application\Home\Controller\PubWXPayController.class.php 第 20 行.
NOTIC: [8] Undefined variable: body C:\project\miniapi\Application\Home\Controller\PubWXPayController.class.php 第 21 行.
NOTIC: [8] Undefined variable: total_fee C:\project\miniapi\Application\Home\Controller\PubWXPayController.class.php 第 22 行.
NOTIC: [2] simplexml_load_string() expects parameter 1 to be string, array given C:\project\miniapi\Application\Home\Controller\PubWXPayController.class.php 第 171 行.
NOTIC: [8] Use of undefined constant total_fee - assumed 'total_fee' C:\project\miniapi\Application\Home\Controller\PubWXPayController.class.php 第 176 行.
NOTIC: [8] Use of undefined constant openid - assumed 'openid' C:\project\miniapi\Application\Home\Controller\PubWXPayController.class.php 第 177 行.
NOTIC: [8] Use of undefined constant out_trade_no - assumed 'out_trade_no' C:\project\miniapi\Application\Home\Controller\PubWXPayController.class.php 第 178 行.
NOTIC: [8] Use of undefined constant time_end - assumed 'time_end' C:\project\miniapi\Application\Home\Controller\PubWXPayController.class.php 第 179 行.
INFO: [ app_end ] --START--
INFO: Run Behavior\ShowPageTraceBehavior [ RunTime:0.000473s ]
INFO: [ app_end ] --END-- [ RunTime:0.000512s ]

[ 2018-11-09T13:15:21+08:00 ] 101.91.62.170 /index.php/home/PubWXPay/notify
INFO: [ app_init ] --START--
INFO: Run Behavior\BuildLiteBehavior [ RunTime:0.000012s ]
INFO: [ app_init ] --END-- [ RunTime:0.000318s ]
INFO: [ app_begin ] --START--
INFO: Run Behavior\ReadHtmlCacheBehavior [ RunTime:0.000430s ]
INFO: [ app_begin ] --END-- [ RunTime:0.000471s ]
NOTIC: [2] Missing argument 1 for Home\Controller\PubWXPayController::__construct(), called in C:\project\miniapi\ThinkPHP\Common\functions.php on line 681 and defined C:\project\miniapi\Application\Home\Controller\PubWXPayController.class.php 第 15 行.
NOTIC: [2] Missing argument 2 for Home\Controller\PubWXPayController::__construct(), called in C:\project\miniapi\ThinkPHP\Common\functions.php on line 681 and defined C:\project\miniapi\Application\Home\Controller\PubWXPayController.class.php 第 15 行.
NOTIC: [2] Missing argument 3 for Home\Controller\PubWXPayController::__construct(), called in C:\project\miniapi\ThinkPHP\Common\functions.php on line 681 and defined C:\project\miniapi\Application\Home\Controller\PubWXPayController.class.php 第 15 行.
NOTIC: [2] Missing argument 4 for Home\Controller\PubWXPayController::__construct(), called in C:\project\miniapi\ThinkPHP\Common\functions.php on line 681 and defined C:\project\miniapi\Application\Home\Controller\PubWXPayController.class.php 第 15 行.
NOTIC: [2] Missing argument 5 for Home\Controller\PubWXPayController::__construct(), called in C:\project\miniapi\ThinkPHP\Common\functions.php on line 681 and defined C:\project\miniapi\Application\Home\Controller\PubWXPayController.class.php 第 15 行.
NOTIC: [2] Missing argument 6 for Home\Controller\PubWXPayController::__construct(), called in C:\project\miniapi\ThinkPHP\Common\functions.php on line 681 and defined C:\project\miniapi\Application\Home\Controller\PubWXPayController.class.php 第 15 行.
NOTIC: [2] Missing argument 7 for Home\Controller\PubWXPayController::__construct(), called in C:\project\miniapi\ThinkPHP\Common\functions.php on line 681 and defined C:\project\miniapi\Application\Home\Controller\PubWXPayController.class.php 第 15 行.
NOTIC: [8] Undefined variable: appid C:\project\miniapi\Application\Home\Controller\PubWXPayController.class.php 第 16 行.
NOTIC: [8] Undefined variable: openid C:\project\miniapi\Application\Home\Controller\PubWXPayController.class.php 第 17 行.
NOTIC: [8] Undefined variable: mch_id C:\project\miniapi\Application\Home\Controller\PubWXPayController.class.php 第 18 行.
NOTIC: [8] Undefined variable: key C:\project\miniapi\Application\Home\Controller\PubWXPayController.class.php 第 19 行.
NOTIC: [8] Undefined variable: out_trade_no C:\project\miniapi\Application\Home\Controller\PubWXPayController.class.php 第 20 行.
NOTIC: [8] Undefined variable: body C:\project\miniapi\Application\Home\Controller\PubWXPayController.class.php 第 21 行.
NOTIC: [8] Undefined variable: total_fee C:\project\miniapi\Application\Home\Controller\PubWXPayController.class.php 第 22 行.
NOTIC: [2] simplexml_load_string() expects parameter 1 to be string, array given C:\project\miniapi\Application\Home\Controller\PubWXPayController.class.php 第 171 行.
NOTIC: [8] Use of undefined constant total_fee - assumed 'total_fee' C:\project\miniapi\Application\Home\Controller\PubWXPayController.class.php 第 176 行.
NOTIC: [8] Use of undefined constant openid - assumed 'openid' C:\project\miniapi\Application\Home\Controller\PubWXPayController.class.php 第 177 行.
NOTIC: [8] Use of undefined constant out_trade_no - assumed 'out_trade_no' C:\project\miniapi\Application\Home\Controller\PubWXPayController.class.php 第 178 行.
NOTIC: [8] Use of undefined constant time_end - assumed 'time_end' C:\project\miniapi\Application\Home\Controller\PubWXPayController.class.php 第 179 行.
INFO: [ app_end ] --START--
INFO: Run Behavior\ShowPageTraceBehavior [ RunTime:0.000413s ]
INFO: [ app_end ] --END-- [ RunTime:0.000450s ]

[ 2018-11-09T14:58:55+08:00 ] 202.104.32.180 /
INFO: [ app_init ] --START--
INFO: Run Behavior\BuildLiteBehavior [ RunTime:0.000012s ]
INFO: [ app_init ] --END-- [ RunTime:0.000295s ]
INFO: [ app_begin ] --START--
INFO: Run Behavior\ReadHtmlCacheBehavior [ RunTime:0.000437s ]
INFO: [ app_begin ] --END-- [ RunTime:0.000478s ]
SQL: SHOW COLUMNS FROM `mn_xz_user` [ RunTime:0.0014s ]
SQL: SHOW COLUMNS FROM `mn_qqh_user` [ RunTime:0.0012s ]
SQL: SELECT COUNT(*) AS tp_count FROM `mn_xz_user` LIMIT 1   [ RunTime:0.0003s ]
SQL: SELECT COUNT(*) AS tp_count FROM `mn_qqh_user` LIMIT 1   [ RunTime:0.0002s ]
INFO: [ app_end ] --START--
INFO: Run Behavior\ShowPageTraceBehavior [ RunTime:0.000480s ]
INFO: [ app_end ] --END-- [ RunTime:0.000516s ]

[ 2018-11-09T14:59:20+08:00 ] 183.60.210.52 /
INFO: [ app_init ] --START--
INFO: Run Behavior\BuildLiteBehavior [ RunTime:0.000012s ]
INFO: [ app_init ] --END-- [ RunTime:0.000274s ]
INFO: [ app_begin ] --START--
INFO: Run Behavior\ReadHtmlCacheBehavior [ RunTime:0.000343s ]
INFO: [ app_begin ] --END-- [ RunTime:0.000381s ]
SQL: SHOW COLUMNS FROM `mn_xz_user` [ RunTime:0.0014s ]
SQL: SHOW COLUMNS FROM `mn_qqh_user` [ RunTime:0.0012s ]
SQL: SELECT COUNT(*) AS tp_count FROM `mn_xz_user` LIMIT 1   [ RunTime:0.0003s ]
SQL: SELECT COUNT(*) AS tp_count FROM `mn_qqh_user` LIMIT 1   [ RunTime:0.0002s ]
INFO: [ app_end ] --START--
INFO: Run Behavior\ShowPageTraceBehavior [ RunTime:0.000386s ]
INFO: [ app_end ] --END-- [ RunTime:0.000423s ]

[ 2018-11-09T17:00:51+08:00 ] 60.191.38.77 /
INFO: [ app_init ] --START--
INFO: Run Behavior\BuildLiteBehavior [ RunTime:0.000027s ]
INFO: [ app_init ] --END-- [ RunTime:0.000327s ]
INFO: [ app_begin ] --START--
INFO: Run Behavior\ReadHtmlCacheBehavior [ RunTime:0.000435s ]
INFO: [ app_begin ] --END-- [ RunTime:0.000488s ]
SQL: SHOW COLUMNS FROM `mn_xz_user` [ RunTime:0.0015s ]
SQL: SHOW COLUMNS FROM `mn_qqh_user` [ RunTime:0.0012s ]
SQL: SELECT COUNT(*) AS tp_count FROM `mn_xz_user` LIMIT 1   [ RunTime:0.0003s ]
SQL: SELECT COUNT(*) AS tp_count FROM `mn_qqh_user` LIMIT 1   [ RunTime:0.0002s ]
INFO: [ app_end ] --START--
INFO: Run Behavior\ShowPageTraceBehavior [ RunTime:0.000460s ]
INFO: [ app_end ] --END-- [ RunTime:0.000499s ]

[ 2018-11-09T18:38:03+08:00 ] 183.60.210.52 /
INFO: [ app_init ] --START--
INFO: Run Behavior\BuildLiteBehavior [ RunTime:0.000013s ]
INFO: [ app_init ] --END-- [ RunTime:0.000339s ]
INFO: [ app_begin ] --START--
INFO: Run Behavior\ReadHtmlCacheBehavior [ RunTime:0.000438s ]
INFO: [ app_begin ] --END-- [ RunTime:0.000479s ]
SQL: SHOW COLUMNS FROM `mn_xz_user` [ RunTime:0.0015s ]
SQL: SHOW COLUMNS FROM `mn_qqh_user` [ RunTime:0.0013s ]
SQL: SELECT COUNT(*) AS tp_count FROM `mn_xz_user` LIMIT 1   [ RunTime:0.0003s ]
SQL: SELECT COUNT(*) AS tp_count FROM `mn_qqh_user` LIMIT 1   [ RunTime:0.0003s ]
INFO: [ app_end ] --START--
INFO: Run Behavior\ShowPageTraceBehavior [ RunTime:0.000467s ]
INFO: [ app_end ] --END-- [ RunTime:0.000504s ]

[ 2018-11-09T18:56:23+08:00 ] 209.17.97.10 /
INFO: [ app_init ] --START--
INFO: Run Behavior\BuildLiteBehavior [ RunTime:0.000013s ]
INFO: [ app_init ] --END-- [ RunTime:0.000305s ]
INFO: [ app_begin ] --START--
INFO: Run Behavior\ReadHtmlCacheBehavior [ RunTime:0.000445s ]
INFO: [ app_begin ] --END-- [ RunTime:0.000487s ]
SQL: SHOW COLUMNS FROM `mn_xz_user` [ RunTime:0.0014s ]
SQL: SHOW COLUMNS FROM `mn_qqh_user` [ RunTime:0.0012s ]
SQL: SELECT COUNT(*) AS tp_count FROM `mn_xz_user` LIMIT 1   [ RunTime:0.0004s ]
SQL: SELECT COUNT(*) AS tp_count FROM `mn_qqh_user` LIMIT 1   [ RunTime:0.0002s ]
INFO: [ app_end ] --START--
INFO: Run Behavior\ShowPageTraceBehavior [ RunTime:0.000483s ]
INFO: [ app_end ] --END-- [ RunTime:0.000520s ]

[ 2018-11-09T20:57:46+08:00 ] 209.17.96.26 /
INFO: [ app_init ] --START--
INFO: Run Behavior\BuildLiteBehavior [ RunTime:0.000017s ]
INFO: [ app_init ] --END-- [ RunTime:0.000331s ]
INFO: [ app_begin ] --START--
INFO: Run Behavior\ReadHtmlCacheBehavior [ RunTime:0.000469s ]
INFO: [ app_begin ] --END-- [ RunTime:0.000522s ]
SQL: SHOW COLUMNS FROM `mn_xz_user` [ RunTime:0.0015s ]
SQL: SHOW COLUMNS FROM `mn_qqh_user` [ RunTime:0.0013s ]
SQL: SELECT COUNT(*) AS tp_count FROM `mn_xz_user` LIMIT 1   [ RunTime:0.0004s ]
SQL: SELECT COUNT(*) AS tp_count FROM `mn_qqh_user` LIMIT 1   [ RunTime:0.0003s ]
INFO: [ app_end ] --START--
INFO: Run Behavior\ShowPageTraceBehavior [ RunTime:0.000461s ]
INFO: [ app_end ] --END-- [ RunTime:0.000498s ]

[ 2018-11-09T22:38:44+08:00 ] 207.46.13.194 /
INFO: [ app_init ] --START--
INFO: Run Behavior\BuildLiteBehavior [ RunTime:0.000018s ]
INFO: [ app_init ] --END-- [ RunTime:0.000357s ]
INFO: [ app_begin ] --START--
INFO: Run Behavior\ReadHtmlCacheBehavior [ RunTime:0.000450s ]
INFO: [ app_begin ] --END-- [ RunTime:0.000500s ]
SQL: SHOW COLUMNS FROM `mn_xz_user` [ RunTime:0.0014s ]
SQL: SHOW COLUMNS FROM `mn_qqh_user` [ RunTime:0.0011s ]
SQL: SELECT COUNT(*) AS tp_count FROM `mn_xz_user` LIMIT 1   [ RunTime:0.0003s ]
SQL: SELECT COUNT(*) AS tp_count FROM `mn_qqh_user` LIMIT 1   [ RunTime:0.0002s ]
INFO: [ app_end ] --START--
INFO: Run Behavior\ShowPageTraceBehavior [ RunTime:0.000451s ]
INFO: [ app_end ] --END-- [ RunTime:0.000487s ]

