[ 2019-02-19T00:23:55+08:00 ] 223.72.66.96 /index.php/Home/xzpd/getopenid?code=021UFLQk1ezcmn0ukYOk1ns0Rk1UFLQe
INFO: [ app_init ] --START--
INFO: Run Behavior\BuildLiteBehavior [ RunTime:0.000017s ]
INFO: [ app_init ] --END-- [ RunTime:0.000466s ]
INFO: [ app_begin ] --START--
INFO: Run Behavior\ReadHtmlCacheBehavior [ RunTime:0.000590s ]
INFO: [ app_begin ] --END-- [ RunTime:0.000641s ]
NOTIC: [2] curl_setopt(): You must pass either an object or an array with the CURLOPT_HTTPHEADER argument C:\project\miniapi\Application\Home\Controller\XzpdController.class.php 第 152 行.
NOTIC: [2] curl_errno(): 24 is not a valid cURL handle resource C:\project\miniapi\Application\Home\Controller\XzpdController.class.php 第 160 行.
SQL: SHOW COLUMNS FROM `mn_xz_user` [ RunTime:0.0062s ]
SQL: SELECT * FROM `mn_xz_user` WHERE `openid` = 'oV9VJ5BC9r2-jQeoQUqAZa2cWw8I' LIMIT 1   [ RunTime:0.0035s ]
INFO: [ app_end ] --START--
INFO: Run Behavior\ShowPageTraceBehavior [ RunTime:0.000566s ]
INFO: [ app_end ] --END-- [ RunTime:0.000609s ]

[ 2019-02-19T00:54:18+08:00 ] 216.218.206.67 /
INFO: [ app_init ] --START--
INFO: Run Behavior\BuildLiteBehavior [ RunTime:0.000013s ]
INFO: [ app_init ] --END-- [ RunTime:0.000356s ]
INFO: [ app_begin ] --START--
INFO: Run Behavior\ReadHtmlCacheBehavior [ RunTime:0.000560s ]
INFO: [ app_begin ] --END-- [ RunTime:0.000603s ]
SQL: SHOW COLUMNS FROM `mn_xz_user` [ RunTime:0.0058s ]
SQL: SHOW COLUMNS FROM `mn_qqh_user` [ RunTime:0.0057s ]
SQL: SELECT COUNT(*) AS tp_count FROM `mn_xz_user` LIMIT 1   [ RunTime:0.0060s ]
SQL: SELECT COUNT(*) AS tp_count FROM `mn_qqh_user` LIMIT 1   [ RunTime:0.0008s ]
INFO: [ app_end ] --START--
INFO: Run Behavior\ShowPageTraceBehavior [ RunTime:0.000639s ]
INFO: [ app_end ] --END-- [ RunTime:0.000679s ]

[ 2019-02-19T01:13:08+08:00 ] 216.218.206.68 /
INFO: [ app_init ] --START--
INFO: Run Behavior\BuildLiteBehavior [ RunTime:0.000012s ]
INFO: [ app_init ] --END-- [ RunTime:0.000330s ]
INFO: [ app_begin ] --START--
INFO: Run Behavior\ReadHtmlCacheBehavior [ RunTime:0.000515s ]
INFO: [ app_begin ] --END-- [ RunTime:0.000563s ]
SQL: SHOW COLUMNS FROM `mn_xz_user` [ RunTime:0.0058s ]
SQL: SHOW COLUMNS FROM `mn_qqh_user` [ RunTime:0.0058s ]
SQL: SELECT COUNT(*) AS tp_count FROM `mn_xz_user` LIMIT 1   [ RunTime:0.0033s ]
SQL: SELECT COUNT(*) AS tp_count FROM `mn_qqh_user` LIMIT 1   [ RunTime:0.0007s ]
INFO: [ app_end ] --START--
INFO: Run Behavior\ShowPageTraceBehavior [ RunTime:0.000661s ]
INFO: [ app_end ] --END-- [ RunTime:0.000703s ]

[ 2019-02-19T01:54:44+08:00 ] 18.191.150.131 /
INFO: [ app_init ] --START--
INFO: Run Behavior\BuildLiteBehavior [ RunTime:0.000013s ]
INFO: [ app_init ] --END-- [ RunTime:0.000338s ]
INFO: [ app_begin ] --START--
INFO: Run Behavior\ReadHtmlCacheBehavior [ RunTime:0.000525s ]
INFO: [ app_begin ] --END-- [ RunTime:0.000570s ]
SQL: SHOW COLUMNS FROM `mn_xz_user` [ RunTime:0.0060s ]
SQL: SHOW COLUMNS FROM `mn_qqh_user` [ RunTime:0.0057s ]
SQL: SELECT COUNT(*) AS tp_count FROM `mn_xz_user` LIMIT 1   [ RunTime:0.0031s ]
SQL: SELECT COUNT(*) AS tp_count FROM `mn_qqh_user` LIMIT 1   [ RunTime:0.0008s ]
INFO: [ app_end ] --START--
INFO: Run Behavior\ShowPageTraceBehavior [ RunTime:0.000656s ]
INFO: [ app_end ] --END-- [ RunTime:0.000698s ]

[ 2019-02-19T02:46:03+08:00 ] 157.55.39.57 /
INFO: [ app_init ] --START--
INFO: Run Behavior\BuildLiteBehavior [ RunTime:0.000013s ]
INFO: [ app_init ] --END-- [ RunTime:0.000413s ]
INFO: [ app_begin ] --START--
INFO: Run Behavior\ReadHtmlCacheBehavior [ RunTime:0.000602s ]
INFO: [ app_begin ] --END-- [ RunTime:0.000647s ]
SQL: SHOW COLUMNS FROM `mn_xz_user` [ RunTime:0.0059s ]
SQL: SHOW COLUMNS FROM `mn_qqh_user` [ RunTime:0.0056s ]
SQL: SELECT COUNT(*) AS tp_count FROM `mn_xz_user` LIMIT 1   [ RunTime:0.0031s ]
SQL: SELECT COUNT(*) AS tp_count FROM `mn_qqh_user` LIMIT 1   [ RunTime:0.0007s ]
INFO: [ app_end ] --START--
INFO: Run Behavior\ShowPageTraceBehavior [ RunTime:0.000750s ]
INFO: [ app_end ] --END-- [ RunTime:0.000788s ]

[ 2019-02-19T02:55:50+08:00 ] 39.107.14.208 /
INFO: [ app_init ] --START--
INFO: Run Behavior\BuildLiteBehavior [ RunTime:0.000017s ]
INFO: [ app_init ] --END-- [ RunTime:0.000566s ]
INFO: [ app_begin ] --START--
INFO: Run Behavior\ReadHtmlCacheBehavior [ RunTime:0.000511s ]
INFO: [ app_begin ] --END-- [ RunTime:0.000553s ]
SQL: SHOW COLUMNS FROM `mn_xz_user` [ RunTime:0.0055s ]
SQL: SHOW COLUMNS FROM `mn_qqh_user` [ RunTime:0.0057s ]
SQL: SELECT COUNT(*) AS tp_count FROM `mn_xz_user` LIMIT 1   [ RunTime:0.0004s ]
SQL: SELECT COUNT(*) AS tp_count FROM `mn_qqh_user` LIMIT 1   [ RunTime:0.0003s ]
INFO: [ app_end ] --START--
INFO: Run Behavior\ShowPageTraceBehavior [ RunTime:0.000605s ]
INFO: [ app_end ] --END-- [ RunTime:0.000641s ]

[ 2019-02-19T03:03:35+08:00 ] 47.97.10.19 /
INFO: [ app_init ] --START--
INFO: Run Behavior\BuildLiteBehavior [ RunTime:0.000013s ]
INFO: [ app_init ] --END-- [ RunTime:0.000403s ]
INFO: [ app_begin ] --START--
INFO: Run Behavior\ReadHtmlCacheBehavior [ RunTime:0.000673s ]
INFO: [ app_begin ] --END-- [ RunTime:0.000717s ]
SQL: SHOW COLUMNS FROM `mn_xz_user` [ RunTime:0.0074s ]
SQL: SHOW COLUMNS FROM `mn_qqh_user` [ RunTime:0.0077s ]
SQL: SELECT COUNT(*) AS tp_count FROM `mn_xz_user` LIMIT 1   [ RunTime:0.0031s ]
SQL: SELECT COUNT(*) AS tp_count FROM `mn_qqh_user` LIMIT 1   [ RunTime:0.0007s ]
INFO: [ app_end ] --START--
INFO: Run Behavior\ShowPageTraceBehavior [ RunTime:0.000737s ]
INFO: [ app_end ] --END-- [ RunTime:0.000777s ]

[ 2019-02-19T04:13:23+08:00 ] 60.191.38.78 /
INFO: [ app_init ] --START--
INFO: Run Behavior\BuildLiteBehavior [ RunTime:0.000013s ]
INFO: [ app_init ] --END-- [ RunTime:0.000398s ]
INFO: [ app_begin ] --START--
INFO: Run Behavior\ReadHtmlCacheBehavior [ RunTime:0.000593s ]
INFO: [ app_begin ] --END-- [ RunTime:0.000637s ]
SQL: SHOW COLUMNS FROM `mn_xz_user` [ RunTime:0.0060s ]
SQL: SHOW COLUMNS FROM `mn_qqh_user` [ RunTime:0.0055s ]
SQL: SELECT COUNT(*) AS tp_count FROM `mn_xz_user` LIMIT 1   [ RunTime:0.0031s ]
SQL: SELECT COUNT(*) AS tp_count FROM `mn_qqh_user` LIMIT 1   [ RunTime:0.0007s ]
INFO: [ app_end ] --START--
INFO: Run Behavior\ShowPageTraceBehavior [ RunTime:0.000824s ]
INFO: [ app_end ] --END-- [ RunTime:0.000872s ]

[ 2019-02-19T07:43:12+08:00 ] 120.55.13.109 /
INFO: [ app_init ] --START--
INFO: Run Behavior\BuildLiteBehavior [ RunTime:0.000013s ]
INFO: [ app_init ] --END-- [ RunTime:0.000354s ]
INFO: [ app_begin ] --START--
INFO: Run Behavior\ReadHtmlCacheBehavior [ RunTime:0.000503s ]
INFO: [ app_begin ] --END-- [ RunTime:0.000545s ]
SQL: SHOW COLUMNS FROM `mn_xz_user` [ RunTime:0.0058s ]
SQL: SHOW COLUMNS FROM `mn_qqh_user` [ RunTime:0.0056s ]
SQL: SELECT COUNT(*) AS tp_count FROM `mn_xz_user` LIMIT 1   [ RunTime:0.0030s ]
SQL: SELECT COUNT(*) AS tp_count FROM `mn_qqh_user` LIMIT 1   [ RunTime:0.0007s ]
INFO: [ app_end ] --START--
INFO: Run Behavior\ShowPageTraceBehavior [ RunTime:0.000587s ]
INFO: [ app_end ] --END-- [ RunTime:0.000624s ]

[ 2019-02-19T07:45:42+08:00 ] 47.97.16.76 /
INFO: [ app_init ] --START--
INFO: Run Behavior\BuildLiteBehavior [ RunTime:0.000013s ]
INFO: [ app_init ] --END-- [ RunTime:0.000396s ]
INFO: [ app_begin ] --START--
INFO: Run Behavior\ReadHtmlCacheBehavior [ RunTime:0.000583s ]
INFO: [ app_begin ] --END-- [ RunTime:0.000628s ]
SQL: SHOW COLUMNS FROM `mn_xz_user` [ RunTime:0.0058s ]
SQL: SHOW COLUMNS FROM `mn_qqh_user` [ RunTime:0.0057s ]
SQL: SELECT COUNT(*) AS tp_count FROM `mn_xz_user` LIMIT 1   [ RunTime:0.0031s ]
SQL: SELECT COUNT(*) AS tp_count FROM `mn_qqh_user` LIMIT 1   [ RunTime:0.0007s ]
INFO: [ app_end ] --START--
INFO: Run Behavior\ShowPageTraceBehavior [ RunTime:0.000591s ]
INFO: [ app_end ] --END-- [ RunTime:0.000631s ]

[ 2019-02-19T11:03:17+08:00 ] 101.91.62.170 /index.php/home/PubWXPay/notify
INFO: [ app_init ] --START--
INFO: Run Behavior\BuildLiteBehavior [ RunTime:0.000017s ]
INFO: [ app_init ] --END-- [ RunTime:0.000443s ]
INFO: [ app_begin ] --START--
INFO: Run Behavior\ReadHtmlCacheBehavior [ RunTime:0.000522s ]
INFO: [ app_begin ] --END-- [ RunTime:0.000565s ]
NOTIC: [2] Missing argument 1 for Home\Controller\PubWXPayController::__construct(), called in C:\project\miniapi\ThinkPHP\Common\functions.php on line 681 and defined C:\project\miniapi\Application\Home\Controller\PubWXPayController.class.php 第 15 行.
NOTIC: [2] Missing argument 2 for Home\Controller\PubWXPayController::__construct(), called in C:\project\miniapi\ThinkPHP\Common\functions.php on line 681 and defined C:\project\miniapi\Application\Home\Controller\PubWXPayController.class.php 第 15 行.
NOTIC: [2] Missing argument 3 for Home\Controller\PubWXPayController::__construct(), called in C:\project\miniapi\ThinkPHP\Common\functions.php on line 681 and defined C:\project\miniapi\Application\Home\Controller\PubWXPayController.class.php 第 15 行.
NOTIC: [2] Missing argument 4 for Home\Controller\PubWXPayController::__construct(), called in C:\project\miniapi\ThinkPHP\Common\functions.php on line 681 and defined C:\project\miniapi\Application\Home\Controller\PubWXPayController.class.php 第 15 行.
NOTIC: [2] Missing argument 5 for Home\Controller\PubWXPayController::__construct(), called in C:\project\miniapi\ThinkPHP\Common\functions.php on line 681 and defined C:\project\miniapi\Application\Home\Controller\PubWXPayController.class.php 第 15 行.
NOTIC: [2] Missing argument 6 for Home\Controller\PubWXPayController::__construct(), called in C:\project\miniapi\ThinkPHP\Common\functions.php on line 681 and defined C:\project\miniapi\Application\Home\Controller\PubWXPayController.class.php 第 15 行.
NOTIC: [2] Missing argument 7 for Home\Controller\PubWXPayController::__construct(), called in C:\project\miniapi\ThinkPHP\Common\functions.php on line 681 and defined C:\project\miniapi\Application\Home\Controller\PubWXPayController.class.php 第 15 行.
NOTIC: [8] Undefined variable: appid C:\project\miniapi\Application\Home\Controller\PubWXPayController.class.php 第 16 行.
NOTIC: [8] Undefined variable: openid C:\project\miniapi\Application\Home\Controller\PubWXPayController.class.php 第 17 行.
NOTIC: [8] Undefined variable: mch_id C:\project\miniapi\Application\Home\Controller\PubWXPayController.class.php 第 18 行.
NOTIC: [8] Undefined variable: key C:\project\miniapi\Application\Home\Controller\PubWXPayController.class.php 第 19 行.
NOTIC: [8] Undefined variable: out_trade_no C:\project\miniapi\Application\Home\Controller\PubWXPayController.class.php 第 20 行.
NOTIC: [8] Undefined variable: body C:\project\miniapi\Application\Home\Controller\PubWXPayController.class.php 第 21 行.
NOTIC: [8] Undefined variable: total_fee C:\project\miniapi\Application\Home\Controller\PubWXPayController.class.php 第 22 行.
NOTIC: [2] simplexml_load_string() expects parameter 1 to be string, array given C:\project\miniapi\Application\Home\Controller\PubWXPayController.class.php 第 171 行.
NOTIC: [8] Use of undefined constant total_fee - assumed 'total_fee' C:\project\miniapi\Application\Home\Controller\PubWXPayController.class.php 第 176 行.
NOTIC: [8] Use of undefined constant openid - assumed 'openid' C:\project\miniapi\Application\Home\Controller\PubWXPayController.class.php 第 177 行.
NOTIC: [8] Use of undefined constant out_trade_no - assumed 'out_trade_no' C:\project\miniapi\Application\Home\Controller\PubWXPayController.class.php 第 178 行.
NOTIC: [8] Use of undefined constant time_end - assumed 'time_end' C:\project\miniapi\Application\Home\Controller\PubWXPayController.class.php 第 179 行.
INFO: [ app_end ] --START--
INFO: Run Behavior\ShowPageTraceBehavior [ RunTime:0.000508s ]
INFO: [ app_end ] --END-- [ RunTime:0.000545s ]

[ 2019-02-19T11:03:17+08:00 ] 101.91.62.170 /index.php/home/PubWXPay/notify
INFO: [ app_init ] --START--
INFO: Run Behavior\BuildLiteBehavior [ RunTime:0.000012s ]
INFO: [ app_init ] --END-- [ RunTime:0.000320s ]
INFO: [ app_begin ] --START--
INFO: Run Behavior\ReadHtmlCacheBehavior [ RunTime:0.000578s ]
INFO: [ app_begin ] --END-- [ RunTime:0.000625s ]
NOTIC: [2] Missing argument 1 for Home\Controller\PubWXPayController::__construct(), called in C:\project\miniapi\ThinkPHP\Common\functions.php on line 681 and defined C:\project\miniapi\Application\Home\Controller\PubWXPayController.class.php 第 15 行.
NOTIC: [2] Missing argument 2 for Home\Controller\PubWXPayController::__construct(), called in C:\project\miniapi\ThinkPHP\Common\functions.php on line 681 and defined C:\project\miniapi\Application\Home\Controller\PubWXPayController.class.php 第 15 行.
NOTIC: [2] Missing argument 3 for Home\Controller\PubWXPayController::__construct(), called in C:\project\miniapi\ThinkPHP\Common\functions.php on line 681 and defined C:\project\miniapi\Application\Home\Controller\PubWXPayController.class.php 第 15 行.
NOTIC: [2] Missing argument 4 for Home\Controller\PubWXPayController::__construct(), called in C:\project\miniapi\ThinkPHP\Common\functions.php on line 681 and defined C:\project\miniapi\Application\Home\Controller\PubWXPayController.class.php 第 15 行.
NOTIC: [2] Missing argument 5 for Home\Controller\PubWXPayController::__construct(), called in C:\project\miniapi\ThinkPHP\Common\functions.php on line 681 and defined C:\project\miniapi\Application\Home\Controller\PubWXPayController.class.php 第 15 行.
NOTIC: [2] Missing argument 6 for Home\Controller\PubWXPayController::__construct(), called in C:\project\miniapi\ThinkPHP\Common\functions.php on line 681 and defined C:\project\miniapi\Application\Home\Controller\PubWXPayController.class.php 第 15 行.
NOTIC: [2] Missing argument 7 for Home\Controller\PubWXPayController::__construct(), called in C:\project\miniapi\ThinkPHP\Common\functions.php on line 681 and defined C:\project\miniapi\Application\Home\Controller\PubWXPayController.class.php 第 15 行.
NOTIC: [8] Undefined variable: appid C:\project\miniapi\Application\Home\Controller\PubWXPayController.class.php 第 16 行.
NOTIC: [8] Undefined variable: openid C:\project\miniapi\Application\Home\Controller\PubWXPayController.class.php 第 17 行.
NOTIC: [8] Undefined variable: mch_id C:\project\miniapi\Application\Home\Controller\PubWXPayController.class.php 第 18 行.
NOTIC: [8] Undefined variable: key C:\project\miniapi\Application\Home\Controller\PubWXPayController.class.php 第 19 行.
NOTIC: [8] Undefined variable: out_trade_no C:\project\miniapi\Application\Home\Controller\PubWXPayController.class.php 第 20 行.
NOTIC: [8] Undefined variable: body C:\project\miniapi\Application\Home\Controller\PubWXPayController.class.php 第 21 行.
NOTIC: [8] Undefined variable: total_fee C:\project\miniapi\Application\Home\Controller\PubWXPayController.class.php 第 22 行.
NOTIC: [2] simplexml_load_string() expects parameter 1 to be string, array given C:\project\miniapi\Application\Home\Controller\PubWXPayController.class.php 第 171 行.
NOTIC: [8] Use of undefined constant total_fee - assumed 'total_fee' C:\project\miniapi\Application\Home\Controller\PubWXPayController.class.php 第 176 行.
NOTIC: [8] Use of undefined constant openid - assumed 'openid' C:\project\miniapi\Application\Home\Controller\PubWXPayController.class.php 第 177 行.
NOTIC: [8] Use of undefined constant out_trade_no - assumed 'out_trade_no' C:\project\miniapi\Application\Home\Controller\PubWXPayController.class.php 第 178 行.
NOTIC: [8] Use of undefined constant time_end - assumed 'time_end' C:\project\miniapi\Application\Home\Controller\PubWXPayController.class.php 第 179 行.
INFO: [ app_end ] --START--
INFO: Run Behavior\ShowPageTraceBehavior [ RunTime:0.000574s ]
INFO: [ app_end ] --END-- [ RunTime:0.000613s ]

[ 2019-02-19T13:19:57+08:00 ] 101.91.62.170 /index.php/home/PubWXPay/notify
INFO: [ app_init ] --START--
INFO: Run Behavior\BuildLiteBehavior [ RunTime:0.000021s ]
INFO: [ app_init ] --END-- [ RunTime:0.000553s ]
INFO: [ app_begin ] --START--
INFO: Run Behavior\ReadHtmlCacheBehavior [ RunTime:0.000578s ]
INFO: [ app_begin ] --END-- [ RunTime:0.000627s ]
NOTIC: [2] Missing argument 1 for Home\Controller\PubWXPayController::__construct(), called in C:\project\miniapi\ThinkPHP\Common\functions.php on line 681 and defined C:\project\miniapi\Application\Home\Controller\PubWXPayController.class.php 第 15 行.
NOTIC: [2] Missing argument 2 for Home\Controller\PubWXPayController::__construct(), called in C:\project\miniapi\ThinkPHP\Common\functions.php on line 681 and defined C:\project\miniapi\Application\Home\Controller\PubWXPayController.class.php 第 15 行.
NOTIC: [2] Missing argument 3 for Home\Controller\PubWXPayController::__construct(), called in C:\project\miniapi\ThinkPHP\Common\functions.php on line 681 and defined C:\project\miniapi\Application\Home\Controller\PubWXPayController.class.php 第 15 行.
NOTIC: [2] Missing argument 4 for Home\Controller\PubWXPayController::__construct(), called in C:\project\miniapi\ThinkPHP\Common\functions.php on line 681 and defined C:\project\miniapi\Application\Home\Controller\PubWXPayController.class.php 第 15 行.
NOTIC: [2] Missing argument 5 for Home\Controller\PubWXPayController::__construct(), called in C:\project\miniapi\ThinkPHP\Common\functions.php on line 681 and defined C:\project\miniapi\Application\Home\Controller\PubWXPayController.class.php 第 15 行.
NOTIC: [2] Missing argument 6 for Home\Controller\PubWXPayController::__construct(), called in C:\project\miniapi\ThinkPHP\Common\functions.php on line 681 and defined C:\project\miniapi\Application\Home\Controller\PubWXPayController.class.php 第 15 行.
NOTIC: [2] Missing argument 7 for Home\Controller\PubWXPayController::__construct(), called in C:\project\miniapi\ThinkPHP\Common\functions.php on line 681 and defined C:\project\miniapi\Application\Home\Controller\PubWXPayController.class.php 第 15 行.
NOTIC: [8] Undefined variable: appid C:\project\miniapi\Application\Home\Controller\PubWXPayController.class.php 第 16 行.
NOTIC: [8] Undefined variable: openid C:\project\miniapi\Application\Home\Controller\PubWXPayController.class.php 第 17 行.
NOTIC: [8] Undefined variable: mch_id C:\project\miniapi\Application\Home\Controller\PubWXPayController.class.php 第 18 行.
NOTIC: [8] Undefined variable: key C:\project\miniapi\Application\Home\Controller\PubWXPayController.class.php 第 19 行.
NOTIC: [8] Undefined variable: out_trade_no C:\project\miniapi\Application\Home\Controller\PubWXPayController.class.php 第 20 行.
NOTIC: [8] Undefined variable: body C:\project\miniapi\Application\Home\Controller\PubWXPayController.class.php 第 21 行.
NOTIC: [8] Undefined variable: total_fee C:\project\miniapi\Application\Home\Controller\PubWXPayController.class.php 第 22 行.
NOTIC: [2] simplexml_load_string() expects parameter 1 to be string, array given C:\project\miniapi\Application\Home\Controller\PubWXPayController.class.php 第 171 行.
NOTIC: [8] Use of undefined constant total_fee - assumed 'total_fee' C:\project\miniapi\Application\Home\Controller\PubWXPayController.class.php 第 176 行.
NOTIC: [8] Use of undefined constant openid - assumed 'openid' C:\project\miniapi\Application\Home\Controller\PubWXPayController.class.php 第 177 行.
NOTIC: [8] Use of undefined constant out_trade_no - assumed 'out_trade_no' C:\project\miniapi\Application\Home\Controller\PubWXPayController.class.php 第 178 行.
NOTIC: [8] Use of undefined constant time_end - assumed 'time_end' C:\project\miniapi\Application\Home\Controller\PubWXPayController.class.php 第 179 行.
INFO: [ app_end ] --START--
INFO: Run Behavior\ShowPageTraceBehavior [ RunTime:0.000568s ]
INFO: [ app_end ] --END-- [ RunTime:0.000606s ]

[ 2019-02-19T13:19:57+08:00 ] 101.91.62.170 /index.php/home/PubWXPay/notify
INFO: [ app_init ] --START--
INFO: Run Behavior\BuildLiteBehavior [ RunTime:0.000012s ]
INFO: [ app_init ] --END-- [ RunTime:0.000316s ]
INFO: [ app_begin ] --START--
INFO: Run Behavior\ReadHtmlCacheBehavior [ RunTime:0.000494s ]
INFO: [ app_begin ] --END-- [ RunTime:0.000537s ]
NOTIC: [2] Missing argument 1 for Home\Controller\PubWXPayController::__construct(), called in C:\project\miniapi\ThinkPHP\Common\functions.php on line 681 and defined C:\project\miniapi\Application\Home\Controller\PubWXPayController.class.php 第 15 行.
NOTIC: [2] Missing argument 2 for Home\Controller\PubWXPayController::__construct(), called in C:\project\miniapi\ThinkPHP\Common\functions.php on line 681 and defined C:\project\miniapi\Application\Home\Controller\PubWXPayController.class.php 第 15 行.
NOTIC: [2] Missing argument 3 for Home\Controller\PubWXPayController::__construct(), called in C:\project\miniapi\ThinkPHP\Common\functions.php on line 681 and defined C:\project\miniapi\Application\Home\Controller\PubWXPayController.class.php 第 15 行.
NOTIC: [2] Missing argument 4 for Home\Controller\PubWXPayController::__construct(), called in C:\project\miniapi\ThinkPHP\Common\functions.php on line 681 and defined C:\project\miniapi\Application\Home\Controller\PubWXPayController.class.php 第 15 行.
NOTIC: [2] Missing argument 5 for Home\Controller\PubWXPayController::__construct(), called in C:\project\miniapi\ThinkPHP\Common\functions.php on line 681 and defined C:\project\miniapi\Application\Home\Controller\PubWXPayController.class.php 第 15 行.
NOTIC: [2] Missing argument 6 for Home\Controller\PubWXPayController::__construct(), called in C:\project\miniapi\ThinkPHP\Common\functions.php on line 681 and defined C:\project\miniapi\Application\Home\Controller\PubWXPayController.class.php 第 15 行.
NOTIC: [2] Missing argument 7 for Home\Controller\PubWXPayController::__construct(), called in C:\project\miniapi\ThinkPHP\Common\functions.php on line 681 and defined C:\project\miniapi\Application\Home\Controller\PubWXPayController.class.php 第 15 行.
NOTIC: [8] Undefined variable: appid C:\project\miniapi\Application\Home\Controller\PubWXPayController.class.php 第 16 行.
NOTIC: [8] Undefined variable: openid C:\project\miniapi\Application\Home\Controller\PubWXPayController.class.php 第 17 行.
NOTIC: [8] Undefined variable: mch_id C:\project\miniapi\Application\Home\Controller\PubWXPayController.class.php 第 18 行.
NOTIC: [8] Undefined variable: key C:\project\miniapi\Application\Home\Controller\PubWXPayController.class.php 第 19 行.
NOTIC: [8] Undefined variable: out_trade_no C:\project\miniapi\Application\Home\Controller\PubWXPayController.class.php 第 20 行.
NOTIC: [8] Undefined variable: body C:\project\miniapi\Application\Home\Controller\PubWXPayController.class.php 第 21 行.
NOTIC: [8] Undefined variable: total_fee C:\project\miniapi\Application\Home\Controller\PubWXPayController.class.php 第 22 行.
NOTIC: [2] simplexml_load_string() expects parameter 1 to be string, array given C:\project\miniapi\Application\Home\Controller\PubWXPayController.class.php 第 171 行.
NOTIC: [8] Use of undefined constant total_fee - assumed 'total_fee' C:\project\miniapi\Application\Home\Controller\PubWXPayController.class.php 第 176 行.
NOTIC: [8] Use of undefined constant openid - assumed 'openid' C:\project\miniapi\Application\Home\Controller\PubWXPayController.class.php 第 177 行.
NOTIC: [8] Use of undefined constant out_trade_no - assumed 'out_trade_no' C:\project\miniapi\Application\Home\Controller\PubWXPayController.class.php 第 178 行.
NOTIC: [8] Use of undefined constant time_end - assumed 'time_end' C:\project\miniapi\Application\Home\Controller\PubWXPayController.class.php 第 179 行.
INFO: [ app_end ] --START--
INFO: Run Behavior\ShowPageTraceBehavior [ RunTime:0.000524s ]
INFO: [ app_end ] --END-- [ RunTime:0.000564s ]

[ 2019-02-19T14:04:38+08:00 ] 207.46.13.142 /
INFO: [ app_init ] --START--
INFO: Run Behavior\BuildLiteBehavior [ RunTime:0.000012s ]
INFO: [ app_init ] --END-- [ RunTime:0.000314s ]
INFO: [ app_begin ] --START--
INFO: Run Behavior\ReadHtmlCacheBehavior [ RunTime:0.000504s ]
INFO: [ app_begin ] --END-- [ RunTime:0.000547s ]
SQL: SHOW COLUMNS FROM `mn_xz_user` [ RunTime:0.0057s ]
SQL: SHOW COLUMNS FROM `mn_qqh_user` [ RunTime:0.0056s ]
SQL: SELECT COUNT(*) AS tp_count FROM `mn_xz_user` LIMIT 1   [ RunTime:0.0032s ]
SQL: SELECT COUNT(*) AS tp_count FROM `mn_qqh_user` LIMIT 1   [ RunTime:0.0008s ]
INFO: [ app_end ] --START--
INFO: Run Behavior\ShowPageTraceBehavior [ RunTime:0.000559s ]
INFO: [ app_end ] --END-- [ RunTime:0.000666s ]

[ 2019-02-19T15:36:26+08:00 ] 101.91.62.170 /index.php/home/PubWXPay/notify
INFO: [ app_init ] --START--
INFO: Run Behavior\BuildLiteBehavior [ RunTime:0.000013s ]
INFO: [ app_init ] --END-- [ RunTime:0.000320s ]
INFO: [ app_begin ] --START--
INFO: Run Behavior\ReadHtmlCacheBehavior [ RunTime:0.000539s ]
INFO: [ app_begin ] --END-- [ RunTime:0.000586s ]
NOTIC: [2] Missing argument 1 for Home\Controller\PubWXPayController::__construct(), called in C:\project\miniapi\ThinkPHP\Common\functions.php on line 681 and defined C:\project\miniapi\Application\Home\Controller\PubWXPayController.class.php 第 15 行.
NOTIC: [2] Missing argument 2 for Home\Controller\PubWXPayController::__construct(), called in C:\project\miniapi\ThinkPHP\Common\functions.php on line 681 and defined C:\project\miniapi\Application\Home\Controller\PubWXPayController.class.php 第 15 行.
NOTIC: [2] Missing argument 3 for Home\Controller\PubWXPayController::__construct(), called in C:\project\miniapi\ThinkPHP\Common\functions.php on line 681 and defined C:\project\miniapi\Application\Home\Controller\PubWXPayController.class.php 第 15 行.
NOTIC: [2] Missing argument 4 for Home\Controller\PubWXPayController::__construct(), called in C:\project\miniapi\ThinkPHP\Common\functions.php on line 681 and defined C:\project\miniapi\Application\Home\Controller\PubWXPayController.class.php 第 15 行.
NOTIC: [2] Missing argument 5 for Home\Controller\PubWXPayController::__construct(), called in C:\project\miniapi\ThinkPHP\Common\functions.php on line 681 and defined C:\project\miniapi\Application\Home\Controller\PubWXPayController.class.php 第 15 行.
NOTIC: [2] Missing argument 6 for Home\Controller\PubWXPayController::__construct(), called in C:\project\miniapi\ThinkPHP\Common\functions.php on line 681 and defined C:\project\miniapi\Application\Home\Controller\PubWXPayController.class.php 第 15 行.
NOTIC: [2] Missing argument 7 for Home\Controller\PubWXPayController::__construct(), called in C:\project\miniapi\ThinkPHP\Common\functions.php on line 681 and defined C:\project\miniapi\Application\Home\Controller\PubWXPayController.class.php 第 15 行.
NOTIC: [8] Undefined variable: appid C:\project\miniapi\Application\Home\Controller\PubWXPayController.class.php 第 16 行.
NOTIC: [8] Undefined variable: openid C:\project\miniapi\Application\Home\Controller\PubWXPayController.class.php 第 17 行.
NOTIC: [8] Undefined variable: mch_id C:\project\miniapi\Application\Home\Controller\PubWXPayController.class.php 第 18 行.
NOTIC: [8] Undefined variable: key C:\project\miniapi\Application\Home\Controller\PubWXPayController.class.php 第 19 行.
NOTIC: [8] Undefined variable: out_trade_no C:\project\miniapi\Application\Home\Controller\PubWXPayController.class.php 第 20 行.
NOTIC: [8] Undefined variable: body C:\project\miniapi\Application\Home\Controller\PubWXPayController.class.php 第 21 行.
NOTIC: [8] Undefined variable: total_fee C:\project\miniapi\Application\Home\Controller\PubWXPayController.class.php 第 22 行.
NOTIC: [2] simplexml_load_string() expects parameter 1 to be string, array given C:\project\miniapi\Application\Home\Controller\PubWXPayController.class.php 第 171 行.
NOTIC: [8] Use of undefined constant total_fee - assumed 'total_fee' C:\project\miniapi\Application\Home\Controller\PubWXPayController.class.php 第 176 行.
NOTIC: [8] Use of undefined constant openid - assumed 'openid' C:\project\miniapi\Application\Home\Controller\PubWXPayController.class.php 第 177 行.
NOTIC: [8] Use of undefined constant out_trade_no - assumed 'out_trade_no' C:\project\miniapi\Application\Home\Controller\PubWXPayController.class.php 第 178 行.
NOTIC: [8] Use of undefined constant time_end - assumed 'time_end' C:\project\miniapi\Application\Home\Controller\PubWXPayController.class.php 第 179 行.
INFO: [ app_end ] --START--
INFO: Run Behavior\ShowPageTraceBehavior [ RunTime:0.000525s ]
INFO: [ app_end ] --END-- [ RunTime:0.000565s ]

[ 2019-02-19T15:36:26+08:00 ] 101.91.62.170 /index.php/home/PubWXPay/notify
INFO: [ app_init ] --START--
INFO: Run Behavior\BuildLiteBehavior [ RunTime:0.000013s ]
INFO: [ app_init ] --END-- [ RunTime:0.000451s ]
INFO: [ app_begin ] --START--
INFO: Run Behavior\ReadHtmlCacheBehavior [ RunTime:0.001324s ]
INFO: [ app_begin ] --END-- [ RunTime:0.001417s ]
NOTIC: [2] Missing argument 1 for Home\Controller\PubWXPayController::__construct(), called in C:\project\miniapi\ThinkPHP\Common\functions.php on line 681 and defined C:\project\miniapi\Application\Home\Controller\PubWXPayController.class.php 第 15 行.
NOTIC: [2] Missing argument 2 for Home\Controller\PubWXPayController::__construct(), called in C:\project\miniapi\ThinkPHP\Common\functions.php on line 681 and defined C:\project\miniapi\Application\Home\Controller\PubWXPayController.class.php 第 15 行.
NOTIC: [2] Missing argument 3 for Home\Controller\PubWXPayController::__construct(), called in C:\project\miniapi\ThinkPHP\Common\functions.php on line 681 and defined C:\project\miniapi\Application\Home\Controller\PubWXPayController.class.php 第 15 行.
NOTIC: [2] Missing argument 4 for Home\Controller\PubWXPayController::__construct(), called in C:\project\miniapi\ThinkPHP\Common\functions.php on line 681 and defined C:\project\miniapi\Application\Home\Controller\PubWXPayController.class.php 第 15 行.
NOTIC: [2] Missing argument 5 for Home\Controller\PubWXPayController::__construct(), called in C:\project\miniapi\ThinkPHP\Common\functions.php on line 681 and defined C:\project\miniapi\Application\Home\Controller\PubWXPayController.class.php 第 15 行.
NOTIC: [2] Missing argument 6 for Home\Controller\PubWXPayController::__construct(), called in C:\project\miniapi\ThinkPHP\Common\functions.php on line 681 and defined C:\project\miniapi\Application\Home\Controller\PubWXPayController.class.php 第 15 行.
NOTIC: [2] Missing argument 7 for Home\Controller\PubWXPayController::__construct(), called in C:\project\miniapi\ThinkPHP\Common\functions.php on line 681 and defined C:\project\miniapi\Application\Home\Controller\PubWXPayController.class.php 第 15 行.
NOTIC: [8] Undefined variable: appid C:\project\miniapi\Application\Home\Controller\PubWXPayController.class.php 第 16 行.
NOTIC: [8] Undefined variable: openid C:\project\miniapi\Application\Home\Controller\PubWXPayController.class.php 第 17 行.
NOTIC: [8] Undefined variable: mch_id C:\project\miniapi\Application\Home\Controller\PubWXPayController.class.php 第 18 行.
NOTIC: [8] Undefined variable: key C:\project\miniapi\Application\Home\Controller\PubWXPayController.class.php 第 19 行.
NOTIC: [8] Undefined variable: out_trade_no C:\project\miniapi\Application\Home\Controller\PubWXPayController.class.php 第 20 行.
NOTIC: [8] Undefined variable: body C:\project\miniapi\Application\Home\Controller\PubWXPayController.class.php 第 21 行.
NOTIC: [8] Undefined variable: total_fee C:\project\miniapi\Application\Home\Controller\PubWXPayController.class.php 第 22 行.
NOTIC: [2] simplexml_load_string() expects parameter 1 to be string, array given C:\project\miniapi\Application\Home\Controller\PubWXPayController.class.php 第 171 行.
NOTIC: [8] Use of undefined constant total_fee - assumed 'total_fee' C:\project\miniapi\Application\Home\Controller\PubWXPayController.class.php 第 176 行.
NOTIC: [8] Use of undefined constant openid - assumed 'openid' C:\project\miniapi\Application\Home\Controller\PubWXPayController.class.php 第 177 行.
NOTIC: [8] Use of undefined constant out_trade_no - assumed 'out_trade_no' C:\project\miniapi\Application\Home\Controller\PubWXPayController.class.php 第 178 行.
NOTIC: [8] Use of undefined constant time_end - assumed 'time_end' C:\project\miniapi\Application\Home\Controller\PubWXPayController.class.php 第 179 行.
INFO: [ app_end ] --START--
INFO: Run Behavior\ShowPageTraceBehavior [ RunTime:0.000727s ]
INFO: [ app_end ] --END-- [ RunTime:0.000779s ]

[ 2019-02-19T15:59:26+08:00 ] 198.108.66.240 /
INFO: [ app_init ] --START--
INFO: Run Behavior\BuildLiteBehavior [ RunTime:0.000014s ]
INFO: [ app_init ] --END-- [ RunTime:0.000388s ]
INFO: [ app_begin ] --START--
INFO: Run Behavior\ReadHtmlCacheBehavior [ RunTime:0.000555s ]
INFO: [ app_begin ] --END-- [ RunTime:0.000597s ]
SQL: SHOW COLUMNS FROM `mn_xz_user` [ RunTime:0.0060s ]
SQL: SHOW COLUMNS FROM `mn_qqh_user` [ RunTime:0.0059s ]
SQL: SELECT COUNT(*) AS tp_count FROM `mn_xz_user` LIMIT 1   [ RunTime:0.0030s ]
SQL: SELECT COUNT(*) AS tp_count FROM `mn_qqh_user` LIMIT 1   [ RunTime:0.0006s ]
INFO: [ app_end ] --START--
INFO: Run Behavior\ShowPageTraceBehavior [ RunTime:0.000701s ]
INFO: [ app_end ] --END-- [ RunTime:0.000747s ]

[ 2019-02-19T17:59:12+08:00 ] 71.6.232.7 /
INFO: [ app_init ] --START--
INFO: Run Behavior\BuildLiteBehavior [ RunTime:0.000013s ]
INFO: [ app_init ] --END-- [ RunTime:0.000386s ]
INFO: [ app_begin ] --START--
INFO: Run Behavior\ReadHtmlCacheBehavior [ RunTime:0.000632s ]
INFO: [ app_begin ] --END-- [ RunTime:0.000678s ]
SQL: SHOW COLUMNS FROM `mn_xz_user` [ RunTime:0.0065s ]
SQL: SHOW COLUMNS FROM `mn_qqh_user` [ RunTime:0.0062s ]
SQL: SELECT COUNT(*) AS tp_count FROM `mn_xz_user` LIMIT 1   [ RunTime:0.0031s ]
SQL: SELECT COUNT(*) AS tp_count FROM `mn_qqh_user` LIMIT 1   [ RunTime:0.0007s ]
INFO: [ app_end ] --START--
INFO: Run Behavior\ShowPageTraceBehavior [ RunTime:0.000702s ]
INFO: [ app_end ] --END-- [ RunTime:0.000749s ]

[ 2019-02-19T20:25:29+08:00 ] 54.241.207.137 /
INFO: [ app_init ] --START--
INFO: Run Behavior\BuildLiteBehavior [ RunTime:0.000011s ]
INFO: [ app_init ] --END-- [ RunTime:0.000329s ]
INFO: [ app_begin ] --START--
INFO: Run Behavior\ReadHtmlCacheBehavior [ RunTime:0.000652s ]
INFO: [ app_begin ] --END-- [ RunTime:0.000704s ]
SQL: SHOW COLUMNS FROM `mn_xz_user` [ RunTime:0.0059s ]
SQL: SHOW COLUMNS FROM `mn_qqh_user` [ RunTime:0.0059s ]
SQL: SELECT COUNT(*) AS tp_count FROM `mn_xz_user` LIMIT 1   [ RunTime:0.0033s ]
SQL: SELECT COUNT(*) AS tp_count FROM `mn_qqh_user` LIMIT 1   [ RunTime:0.0008s ]
INFO: [ app_end ] --START--
INFO: Run Behavior\ShowPageTraceBehavior [ RunTime:0.000607s ]
INFO: [ app_end ] --END-- [ RunTime:0.000646s ]

