[ 2019-02-15T00:43:22+08:00 ] 216.218.206.68 /
INFO: [ app_init ] --START--
INFO: Run Behavior\BuildLiteBehavior [ RunTime:0.000013s ]
INFO: [ app_init ] --END-- [ RunTime:0.000320s ]
INFO: [ app_begin ] --START--
INFO: Run Behavior\ReadHtmlCacheBehavior [ RunTime:0.000574s ]
INFO: [ app_begin ] --END-- [ RunTime:0.000619s ]
SQL: SHOW COLUMNS FROM `mn_xz_user` [ RunTime:0.0057s ]
SQL: SHOW COLUMNS FROM `mn_qqh_user` [ RunTime:0.0057s ]
SQL: SELECT COUNT(*) AS tp_count FROM `mn_xz_user` LIMIT 1   [ RunTime:0.0215s ]
SQL: SELECT COUNT(*) AS tp_count FROM `mn_qqh_user` LIMIT 1   [ RunTime:0.0008s ]
INFO: [ app_end ] --START--
INFO: Run Behavior\ShowPageTraceBehavior [ RunTime:0.000733s ]
INFO: [ app_end ] --END-- [ RunTime:0.000790s ]

[ 2019-02-15T01:49:18+08:00 ] 184.105.139.69 /
INFO: [ app_init ] --START--
INFO: Run Behavior\BuildLiteBehavior [ RunTime:0.000014s ]
INFO: [ app_init ] --END-- [ RunTime:0.000619s ]
INFO: [ app_begin ] --START--
INFO: Run Behavior\ReadHtmlCacheBehavior [ RunTime:0.000520s ]
INFO: [ app_begin ] --END-- [ RunTime:0.000563s ]
SQL: SHOW COLUMNS FROM `mn_xz_user` [ RunTime:0.0057s ]
SQL: SHOW COLUMNS FROM `mn_qqh_user` [ RunTime:0.0057s ]
SQL: SELECT COUNT(*) AS tp_count FROM `mn_xz_user` LIMIT 1   [ RunTime:0.0033s ]
SQL: SELECT COUNT(*) AS tp_count FROM `mn_qqh_user` LIMIT 1   [ RunTime:0.0009s ]
INFO: [ app_end ] --START--
INFO: Run Behavior\ShowPageTraceBehavior [ RunTime:0.000747s ]
INFO: [ app_end ] --END-- [ RunTime:0.000797s ]

[ 2019-02-15T01:51:31+08:00 ] 34.238.151.89 /
INFO: [ app_init ] --START--
INFO: Run Behavior\BuildLiteBehavior [ RunTime:0.000012s ]
INFO: [ app_init ] --END-- [ RunTime:0.000322s ]
INFO: [ app_begin ] --START--
INFO: Run Behavior\ReadHtmlCacheBehavior [ RunTime:0.000535s ]
INFO: [ app_begin ] --END-- [ RunTime:0.000581s ]
SQL: SHOW COLUMNS FROM `mn_xz_user` [ RunTime:0.0058s ]
SQL: SHOW COLUMNS FROM `mn_qqh_user` [ RunTime:0.0058s ]
SQL: SELECT COUNT(*) AS tp_count FROM `mn_xz_user` LIMIT 1   [ RunTime:0.0004s ]
SQL: SELECT COUNT(*) AS tp_count FROM `mn_qqh_user` LIMIT 1   [ RunTime:0.0003s ]
INFO: [ app_end ] --START--
INFO: Run Behavior\ShowPageTraceBehavior [ RunTime:0.000642s ]
INFO: [ app_end ] --END-- [ RunTime:0.000683s ]

[ 2019-02-15T02:49:13+08:00 ] 47.52.210.38 /
INFO: [ app_init ] --START--
INFO: Run Behavior\BuildLiteBehavior [ RunTime:0.000013s ]
INFO: [ app_init ] --END-- [ RunTime:0.000314s ]
INFO: [ app_begin ] --START--
INFO: Run Behavior\ReadHtmlCacheBehavior [ RunTime:0.000519s ]
INFO: [ app_begin ] --END-- [ RunTime:0.000562s ]
SQL: SHOW COLUMNS FROM `mn_xz_user` [ RunTime:0.0057s ]
SQL: SHOW COLUMNS FROM `mn_qqh_user` [ RunTime:0.0057s ]
SQL: SELECT COUNT(*) AS tp_count FROM `mn_xz_user` LIMIT 1   [ RunTime:0.0146s ]
SQL: SELECT COUNT(*) AS tp_count FROM `mn_qqh_user` LIMIT 1   [ RunTime:0.0011s ]
INFO: [ app_end ] --START--
INFO: Run Behavior\ShowPageTraceBehavior [ RunTime:0.000788s ]
INFO: [ app_end ] --END-- [ RunTime:0.000858s ]

[ 2019-02-15T02:54:30+08:00 ] 47.97.21.76 /
INFO: [ app_init ] --START--
INFO: Run Behavior\BuildLiteBehavior [ RunTime:0.000013s ]
INFO: [ app_init ] --END-- [ RunTime:0.000329s ]
INFO: [ app_begin ] --START--
INFO: Run Behavior\ReadHtmlCacheBehavior [ RunTime:0.000510s ]
INFO: [ app_begin ] --END-- [ RunTime:0.000554s ]
SQL: SHOW COLUMNS FROM `mn_xz_user` [ RunTime:0.0059s ]
SQL: SHOW COLUMNS FROM `mn_qqh_user` [ RunTime:0.0070s ]
SQL: SELECT COUNT(*) AS tp_count FROM `mn_xz_user` LIMIT 1   [ RunTime:0.0005s ]
SQL: SELECT COUNT(*) AS tp_count FROM `mn_qqh_user` LIMIT 1   [ RunTime:0.0003s ]
INFO: [ app_end ] --START--
INFO: Run Behavior\ShowPageTraceBehavior [ RunTime:0.000662s ]
INFO: [ app_end ] --END-- [ RunTime:0.000712s ]

[ 2019-02-15T04:04:16+08:00 ] 47.101.50.252 /
INFO: [ app_init ] --START--
INFO: Run Behavior\BuildLiteBehavior [ RunTime:0.000014s ]
INFO: [ app_init ] --END-- [ RunTime:0.000460s ]
INFO: [ app_begin ] --START--
INFO: Run Behavior\ReadHtmlCacheBehavior [ RunTime:0.000697s ]
INFO: [ app_begin ] --END-- [ RunTime:0.000740s ]
SQL: SHOW COLUMNS FROM `mn_xz_user` [ RunTime:0.0057s ]
SQL: SHOW COLUMNS FROM `mn_qqh_user` [ RunTime:0.0058s ]
SQL: SELECT COUNT(*) AS tp_count FROM `mn_xz_user` LIMIT 1   [ RunTime:0.0033s ]
SQL: SELECT COUNT(*) AS tp_count FROM `mn_qqh_user` LIMIT 1   [ RunTime:0.0007s ]
INFO: [ app_end ] --START--
INFO: Run Behavior\ShowPageTraceBehavior [ RunTime:0.000707s ]
INFO: [ app_end ] --END-- [ RunTime:0.000748s ]

[ 2019-02-15T04:04:16+08:00 ] 47.101.50.252 /index.php
INFO: [ app_init ] --START--
INFO: Run Behavior\BuildLiteBehavior [ RunTime:0.000013s ]
INFO: [ app_init ] --END-- [ RunTime:0.000333s ]
INFO: [ app_begin ] --START--
INFO: Run Behavior\ReadHtmlCacheBehavior [ RunTime:0.000716s ]
INFO: [ app_begin ] --END-- [ RunTime:0.000774s ]
SQL: SHOW COLUMNS FROM `mn_xz_user` [ RunTime:0.0057s ]
SQL: SHOW COLUMNS FROM `mn_qqh_user` [ RunTime:0.0056s ]
SQL: SELECT COUNT(*) AS tp_count FROM `mn_xz_user` LIMIT 1   [ RunTime:0.0004s ]
SQL: SELECT COUNT(*) AS tp_count FROM `mn_qqh_user` LIMIT 1   [ RunTime:0.0003s ]
INFO: [ app_end ] --START--
INFO: Run Behavior\ShowPageTraceBehavior [ RunTime:0.000674s ]
INFO: [ app_end ] --END-- [ RunTime:0.000711s ]

[ 2019-02-15T04:04:17+08:00 ] 47.101.50.252 /?c=4e5e5d7364f443e28fbf0d3ae744a59a
INFO: [ app_init ] --START--
INFO: Run Behavior\BuildLiteBehavior [ RunTime:0.000014s ]
INFO: [ app_init ] --END-- [ RunTime:0.000402s ]
INFO: [ app_begin ] --START--
INFO: Run Behavior\ReadHtmlCacheBehavior [ RunTime:0.000602s ]
INFO: [ app_begin ] --END-- [ RunTime:0.000706s ]

[ 2019-02-15T04:11:42+08:00 ] 60.191.38.77 /
INFO: [ app_init ] --START--
INFO: Run Behavior\BuildLiteBehavior [ RunTime:0.000013s ]
INFO: [ app_init ] --END-- [ RunTime:0.000317s ]
INFO: [ app_begin ] --START--
INFO: Run Behavior\ReadHtmlCacheBehavior [ RunTime:0.000506s ]
INFO: [ app_begin ] --END-- [ RunTime:0.000558s ]
SQL: SHOW COLUMNS FROM `mn_xz_user` [ RunTime:0.0072s ]
SQL: SHOW COLUMNS FROM `mn_qqh_user` [ RunTime:0.0067s ]
SQL: SELECT COUNT(*) AS tp_count FROM `mn_xz_user` LIMIT 1   [ RunTime:0.0004s ]
SQL: SELECT COUNT(*) AS tp_count FROM `mn_qqh_user` LIMIT 1   [ RunTime:0.0003s ]
INFO: [ app_end ] --START--
INFO: Run Behavior\ShowPageTraceBehavior [ RunTime:0.000613s ]
INFO: [ app_end ] --END-- [ RunTime:0.000654s ]

[ 2019-02-15T06:58:28+08:00 ] 106.15.52.246 /
INFO: [ app_init ] --START--
INFO: Run Behavior\BuildLiteBehavior [ RunTime:0.000013s ]
INFO: [ app_init ] --END-- [ RunTime:0.000363s ]
INFO: [ app_begin ] --START--
INFO: Run Behavior\ReadHtmlCacheBehavior [ RunTime:0.000592s ]
INFO: [ app_begin ] --END-- [ RunTime:0.000635s ]
SQL: SHOW COLUMNS FROM `mn_xz_user` [ RunTime:0.0057s ]
SQL: SHOW COLUMNS FROM `mn_qqh_user` [ RunTime:0.0055s ]
SQL: SELECT COUNT(*) AS tp_count FROM `mn_xz_user` LIMIT 1   [ RunTime:0.0033s ]
SQL: SELECT COUNT(*) AS tp_count FROM `mn_qqh_user` LIMIT 1   [ RunTime:0.0007s ]
INFO: [ app_end ] --START--
INFO: Run Behavior\ShowPageTraceBehavior [ RunTime:0.000694s ]
INFO: [ app_end ] --END-- [ RunTime:0.000733s ]

[ 2019-02-15T07:02:12+08:00 ] 47.52.210.90 /
INFO: [ app_init ] --START--
INFO: Run Behavior\BuildLiteBehavior [ RunTime:0.000013s ]
INFO: [ app_init ] --END-- [ RunTime:0.000318s ]
INFO: [ app_begin ] --START--
INFO: Run Behavior\ReadHtmlCacheBehavior [ RunTime:0.000699s ]
INFO: [ app_begin ] --END-- [ RunTime:0.000753s ]
SQL: SHOW COLUMNS FROM `mn_xz_user` [ RunTime:0.0081s ]
SQL: SHOW COLUMNS FROM `mn_qqh_user` [ RunTime:0.0059s ]
SQL: SELECT COUNT(*) AS tp_count FROM `mn_xz_user` LIMIT 1   [ RunTime:0.0033s ]
SQL: SELECT COUNT(*) AS tp_count FROM `mn_qqh_user` LIMIT 1   [ RunTime:0.0007s ]
INFO: [ app_end ] --START--
INFO: Run Behavior\ShowPageTraceBehavior [ RunTime:0.000738s ]
INFO: [ app_end ] --END-- [ RunTime:0.000778s ]

[ 2019-02-15T08:36:31+08:00 ] 157.55.39.70 /
INFO: [ app_init ] --START--
INFO: Run Behavior\BuildLiteBehavior [ RunTime:0.000015s ]
INFO: [ app_init ] --END-- [ RunTime:0.000372s ]
INFO: [ app_begin ] --START--
INFO: Run Behavior\ReadHtmlCacheBehavior [ RunTime:0.000640s ]
INFO: [ app_begin ] --END-- [ RunTime:0.000695s ]
SQL: SHOW COLUMNS FROM `mn_xz_user` [ RunTime:0.0056s ]
SQL: SHOW COLUMNS FROM `mn_qqh_user` [ RunTime:0.0061s ]
SQL: SELECT COUNT(*) AS tp_count FROM `mn_xz_user` LIMIT 1   [ RunTime:0.0033s ]
SQL: SELECT COUNT(*) AS tp_count FROM `mn_qqh_user` LIMIT 1   [ RunTime:0.0008s ]
INFO: [ app_end ] --START--
INFO: Run Behavior\ShowPageTraceBehavior [ RunTime:0.000741s ]
INFO: [ app_end ] --END-- [ RunTime:0.000781s ]

[ 2019-02-15T16:44:34+08:00 ] 47.97.215.92 /
INFO: [ app_init ] --START--
INFO: Run Behavior\BuildLiteBehavior [ RunTime:0.000015s ]
INFO: [ app_init ] --END-- [ RunTime:0.000420s ]
INFO: [ app_begin ] --START--
INFO: Run Behavior\ReadHtmlCacheBehavior [ RunTime:0.000701s ]
INFO: [ app_begin ] --END-- [ RunTime:0.000758s ]
SQL: SHOW COLUMNS FROM `mn_xz_user` [ RunTime:0.0056s ]
SQL: SHOW COLUMNS FROM `mn_qqh_user` [ RunTime:0.0056s ]
SQL: SELECT COUNT(*) AS tp_count FROM `mn_xz_user` LIMIT 1   [ RunTime:0.0032s ]
SQL: SELECT COUNT(*) AS tp_count FROM `mn_qqh_user` LIMIT 1   [ RunTime:0.0007s ]
INFO: [ app_end ] --START--
INFO: Run Behavior\ShowPageTraceBehavior [ RunTime:0.000692s ]
INFO: [ app_end ] --END-- [ RunTime:0.000731s ]

[ 2019-02-15T16:47:14+08:00 ] 139.224.11.233 /
INFO: [ app_init ] --START--
INFO: Run Behavior\BuildLiteBehavior [ RunTime:0.000012s ]
INFO: [ app_init ] --END-- [ RunTime:0.000321s ]
INFO: [ app_begin ] --START--
INFO: Run Behavior\ReadHtmlCacheBehavior [ RunTime:0.000503s ]
INFO: [ app_begin ] --END-- [ RunTime:0.000546s ]
SQL: SHOW COLUMNS FROM `mn_xz_user` [ RunTime:0.0055s ]
SQL: SHOW COLUMNS FROM `mn_qqh_user` [ RunTime:0.0055s ]
SQL: SELECT COUNT(*) AS tp_count FROM `mn_xz_user` LIMIT 1   [ RunTime:0.0087s ]
SQL: SELECT COUNT(*) AS tp_count FROM `mn_qqh_user` LIMIT 1   [ RunTime:0.0022s ]
INFO: [ app_end ] --START--
INFO: Run Behavior\ShowPageTraceBehavior [ RunTime:0.000654s ]
INFO: [ app_end ] --END-- [ RunTime:0.000699s ]

[ 2019-02-15T17:42:41+08:00 ] 125.64.94.201 /
INFO: [ app_init ] --START--
INFO: Run Behavior\BuildLiteBehavior [ RunTime:0.000012s ]
INFO: [ app_init ] --END-- [ RunTime:0.000308s ]
INFO: [ app_begin ] --START--
INFO: Run Behavior\ReadHtmlCacheBehavior [ RunTime:0.000619s ]
INFO: [ app_begin ] --END-- [ RunTime:0.000663s ]
SQL: SHOW COLUMNS FROM `mn_xz_user` [ RunTime:0.0059s ]
SQL: SHOW COLUMNS FROM `mn_qqh_user` [ RunTime:0.0078s ]
SQL: SELECT COUNT(*) AS tp_count FROM `mn_xz_user` LIMIT 1   [ RunTime:0.0034s ]
SQL: SELECT COUNT(*) AS tp_count FROM `mn_qqh_user` LIMIT 1   [ RunTime:0.0007s ]
INFO: [ app_end ] --START--
INFO: Run Behavior\ShowPageTraceBehavior [ RunTime:0.000686s ]
INFO: [ app_end ] --END-- [ RunTime:0.000724s ]

[ 2019-02-15T18:59:32+08:00 ] 185.100.87.249 /
INFO: [ app_init ] --START--
INFO: Run Behavior\BuildLiteBehavior [ RunTime:0.000012s ]
INFO: [ app_init ] --END-- [ RunTime:0.000325s ]
INFO: [ app_begin ] --START--
INFO: Run Behavior\ReadHtmlCacheBehavior [ RunTime:0.000551s ]
INFO: [ app_begin ] --END-- [ RunTime:0.000596s ]
SQL: SHOW COLUMNS FROM `mn_xz_user` [ RunTime:0.0058s ]
SQL: SHOW COLUMNS FROM `mn_qqh_user` [ RunTime:0.0058s ]
SQL: SELECT COUNT(*) AS tp_count FROM `mn_xz_user` LIMIT 1   [ RunTime:0.0031s ]
SQL: SELECT COUNT(*) AS tp_count FROM `mn_qqh_user` LIMIT 1   [ RunTime:0.0007s ]
INFO: [ app_end ] --START--
INFO: Run Behavior\ShowPageTraceBehavior [ RunTime:0.000542s ]
INFO: [ app_end ] --END-- [ RunTime:0.000581s ]

[ 2019-02-15T19:01:29+08:00 ] 185.100.87.249 /
INFO: [ app_init ] --START--
INFO: Run Behavior\BuildLiteBehavior [ RunTime:0.000020s ]
INFO: [ app_init ] --END-- [ RunTime:0.000328s ]
INFO: [ app_begin ] --START--
INFO: Run Behavior\ReadHtmlCacheBehavior [ RunTime:0.000598s ]
INFO: [ app_begin ] --END-- [ RunTime:0.000640s ]
SQL: SHOW COLUMNS FROM `mn_xz_user` [ RunTime:0.0060s ]
SQL: SHOW COLUMNS FROM `mn_qqh_user` [ RunTime:0.0057s ]
SQL: SELECT COUNT(*) AS tp_count FROM `mn_xz_user` LIMIT 1   [ RunTime:0.0031s ]
SQL: SELECT COUNT(*) AS tp_count FROM `mn_qqh_user` LIMIT 1   [ RunTime:0.0007s ]
INFO: [ app_end ] --START--
INFO: Run Behavior\ShowPageTraceBehavior [ RunTime:0.000671s ]
INFO: [ app_end ] --END-- [ RunTime:0.000710s ]

[ 2019-02-15T19:01:31+08:00 ] 185.100.87.249 /
INFO: [ app_init ] --START--
INFO: Run Behavior\BuildLiteBehavior [ RunTime:0.000022s ]
INFO: [ app_init ] --END-- [ RunTime:0.000328s ]
INFO: [ app_begin ] --START--
INFO: Run Behavior\ReadHtmlCacheBehavior [ RunTime:0.000510s ]
INFO: [ app_begin ] --END-- [ RunTime:0.000552s ]
SQL: SHOW COLUMNS FROM `mn_xz_user` [ RunTime:0.0057s ]
SQL: SHOW COLUMNS FROM `mn_qqh_user` [ RunTime:0.0058s ]
SQL: SELECT COUNT(*) AS tp_count FROM `mn_xz_user` LIMIT 1   [ RunTime:0.0004s ]
SQL: SELECT COUNT(*) AS tp_count FROM `mn_qqh_user` LIMIT 1   [ RunTime:0.0003s ]
INFO: [ app_end ] --START--
INFO: Run Behavior\ShowPageTraceBehavior [ RunTime:0.000653s ]
INFO: [ app_end ] --END-- [ RunTime:0.000691s ]

[ 2019-02-15T19:06:05+08:00 ] 165.227.213.184 /
INFO: [ app_init ] --START--
INFO: Run Behavior\BuildLiteBehavior [ RunTime:0.000016s ]
INFO: [ app_init ] --END-- [ RunTime:0.000331s ]
INFO: [ app_begin ] --START--
INFO: Run Behavior\ReadHtmlCacheBehavior [ RunTime:0.000611s ]
INFO: [ app_begin ] --END-- [ RunTime:0.000654s ]
SQL: SHOW COLUMNS FROM `mn_xz_user` [ RunTime:0.0058s ]
SQL: SHOW COLUMNS FROM `mn_qqh_user` [ RunTime:0.0072s ]
SQL: SELECT COUNT(*) AS tp_count FROM `mn_xz_user` LIMIT 1   [ RunTime:0.0032s ]
SQL: SELECT COUNT(*) AS tp_count FROM `mn_qqh_user` LIMIT 1   [ RunTime:0.0008s ]
INFO: [ app_end ] --START--
INFO: Run Behavior\ShowPageTraceBehavior [ RunTime:0.000908s ]
INFO: [ app_end ] --END-- [ RunTime:0.000959s ]

[ 2019-02-15T23:02:52+08:00 ] 60.191.38.77 /
INFO: [ app_init ] --START--
INFO: Run Behavior\BuildLiteBehavior [ RunTime:0.000013s ]
INFO: [ app_init ] --END-- [ RunTime:0.000373s ]
INFO: [ app_begin ] --START--
INFO: Run Behavior\ReadHtmlCacheBehavior [ RunTime:0.000709s ]
INFO: [ app_begin ] --END-- [ RunTime:0.000767s ]
SQL: SHOW COLUMNS FROM `mn_xz_user` [ RunTime:0.0058s ]
SQL: SHOW COLUMNS FROM `mn_qqh_user` [ RunTime:0.0062s ]
SQL: SELECT COUNT(*) AS tp_count FROM `mn_xz_user` LIMIT 1   [ RunTime:0.0029s ]
SQL: SELECT COUNT(*) AS tp_count FROM `mn_qqh_user` LIMIT 1   [ RunTime:0.0008s ]
INFO: [ app_end ] --START--
INFO: Run Behavior\ShowPageTraceBehavior [ RunTime:0.000578s ]
INFO: [ app_end ] --END-- [ RunTime:0.000618s ]

[ 2019-02-15T23:23:23+08:00 ] 157.55.39.168 /
INFO: [ app_init ] --START--
INFO: Run Behavior\BuildLiteBehavior [ RunTime:0.000012s ]
INFO: [ app_init ] --END-- [ RunTime:0.000322s ]
INFO: [ app_begin ] --START--
INFO: Run Behavior\ReadHtmlCacheBehavior [ RunTime:0.000515s ]
INFO: [ app_begin ] --END-- [ RunTime:0.000557s ]
SQL: SHOW COLUMNS FROM `mn_xz_user` [ RunTime:0.0065s ]
SQL: SHOW COLUMNS FROM `mn_qqh_user` [ RunTime:0.0066s ]
SQL: SELECT COUNT(*) AS tp_count FROM `mn_xz_user` LIMIT 1   [ RunTime:0.0035s ]
SQL: SELECT COUNT(*) AS tp_count FROM `mn_qqh_user` LIMIT 1   [ RunTime:0.0008s ]
INFO: [ app_end ] --START--
INFO: Run Behavior\ShowPageTraceBehavior [ RunTime:0.000683s ]
INFO: [ app_end ] --END-- [ RunTime:0.000733s ]

