[ 2019-02-24T01:15:56+08:00 ] 74.82.47.3 /
INFO: [ app_init ] --START--
INFO: Run Behavior\BuildLiteBehavior [ RunTime:0.000012s ]
INFO: [ app_init ] --END-- [ RunTime:0.000322s ]
INFO: [ app_begin ] --START--
INFO: Run Behavior\ReadHtmlCacheBehavior [ RunTime:0.000527s ]
INFO: [ app_begin ] --END-- [ RunTime:0.000571s ]
SQL: SHOW COLUMNS FROM `mn_xz_user` [ RunTime:0.0056s ]
SQL: SHOW COLUMNS FROM `mn_qqh_user` [ RunTime:0.0062s ]
SQL: SELECT COUNT(*) AS tp_count FROM `mn_xz_user` LIMIT 1   [ RunTime:0.0166s ]
SQL: SELECT COUNT(*) AS tp_count FROM `mn_qqh_user` LIMIT 1   [ RunTime:0.0011s ]
INFO: [ app_end ] --START--
INFO: Run Behavior\ShowPageTraceBehavior [ RunTime:0.000980s ]
INFO: [ app_end ] --END-- [ RunTime:0.001043s ]

[ 2019-02-24T01:49:36+08:00 ] 184.105.139.68 /
INFO: [ app_init ] --START--
INFO: Run Behavior\BuildLiteBehavior [ RunTime:0.000012s ]
INFO: [ app_init ] --END-- [ RunTime:0.000380s ]
INFO: [ app_begin ] --START--
INFO: Run Behavior\ReadHtmlCacheBehavior [ RunTime:0.000641s ]
INFO: [ app_begin ] --END-- [ RunTime:0.000685s ]
SQL: SHOW COLUMNS FROM `mn_xz_user` [ RunTime:0.0060s ]
SQL: SHOW COLUMNS FROM `mn_qqh_user` [ RunTime:0.0058s ]
SQL: SELECT COUNT(*) AS tp_count FROM `mn_xz_user` LIMIT 1   [ RunTime:0.0033s ]
SQL: SELECT COUNT(*) AS tp_count FROM `mn_qqh_user` LIMIT 1   [ RunTime:0.0007s ]
INFO: [ app_end ] --START--
INFO: Run Behavior\ShowPageTraceBehavior [ RunTime:0.000737s ]
INFO: [ app_end ] --END-- [ RunTime:0.000778s ]

[ 2019-02-24T02:53:02+08:00 ] 47.94.52.138 /
INFO: [ app_init ] --START--
INFO: Run Behavior\BuildLiteBehavior [ RunTime:0.000013s ]
INFO: [ app_init ] --END-- [ RunTime:0.000382s ]
INFO: [ app_begin ] --START--
INFO: Run Behavior\ReadHtmlCacheBehavior [ RunTime:0.000624s ]
INFO: [ app_begin ] --END-- [ RunTime:0.000669s ]
SQL: SHOW COLUMNS FROM `mn_xz_user` [ RunTime:0.0056s ]
SQL: SHOW COLUMNS FROM `mn_qqh_user` [ RunTime:0.0059s ]
SQL: SELECT COUNT(*) AS tp_count FROM `mn_xz_user` LIMIT 1   [ RunTime:0.0032s ]
SQL: SELECT COUNT(*) AS tp_count FROM `mn_qqh_user` LIMIT 1   [ RunTime:0.0007s ]
INFO: [ app_end ] --START--
INFO: Run Behavior\ShowPageTraceBehavior [ RunTime:0.000732s ]
INFO: [ app_end ] --END-- [ RunTime:0.000771s ]

[ 2019-02-24T02:59:33+08:00 ] 120.78.231.236 /
INFO: [ app_init ] --START--
INFO: Run Behavior\BuildLiteBehavior [ RunTime:0.000013s ]
INFO: [ app_init ] --END-- [ RunTime:0.000329s ]
INFO: [ app_begin ] --START--
INFO: Run Behavior\ReadHtmlCacheBehavior [ RunTime:0.000544s ]
INFO: [ app_begin ] --END-- [ RunTime:0.000587s ]
SQL: SHOW COLUMNS FROM `mn_xz_user` [ RunTime:0.0071s ]
SQL: SHOW COLUMNS FROM `mn_qqh_user` [ RunTime:0.0087s ]
SQL: SELECT COUNT(*) AS tp_count FROM `mn_xz_user` LIMIT 1   [ RunTime:0.0033s ]
SQL: SELECT COUNT(*) AS tp_count FROM `mn_qqh_user` LIMIT 1   [ RunTime:0.0007s ]
INFO: [ app_end ] --START--
INFO: Run Behavior\ShowPageTraceBehavior [ RunTime:0.000699s ]
INFO: [ app_end ] --END-- [ RunTime:0.000740s ]

[ 2019-02-24T06:31:49+08:00 ] 122.228.19.80 /
INFO: [ app_init ] --START--
INFO: Run Behavior\BuildLiteBehavior [ RunTime:0.000012s ]
INFO: [ app_init ] --END-- [ RunTime:0.000324s ]
INFO: [ app_begin ] --START--
INFO: Run Behavior\ReadHtmlCacheBehavior [ RunTime:0.000617s ]
INFO: [ app_begin ] --END-- [ RunTime:0.000663s ]
SQL: SHOW COLUMNS FROM `mn_xz_user` [ RunTime:0.0058s ]
SQL: SHOW COLUMNS FROM `mn_qqh_user` [ RunTime:0.0058s ]
SQL: SELECT COUNT(*) AS tp_count FROM `mn_xz_user` LIMIT 1   [ RunTime:0.0091s ]
SQL: SELECT COUNT(*) AS tp_count FROM `mn_qqh_user` LIMIT 1   [ RunTime:0.0009s ]
INFO: [ app_end ] --START--
INFO: Run Behavior\ShowPageTraceBehavior [ RunTime:0.000714s ]
INFO: [ app_end ] --END-- [ RunTime:0.000753s ]

[ 2019-02-24T06:47:54+08:00 ] 47.97.23.199 /
INFO: [ app_init ] --START--
INFO: Run Behavior\BuildLiteBehavior [ RunTime:0.000012s ]
INFO: [ app_init ] --END-- [ RunTime:0.000344s ]
INFO: [ app_begin ] --START--
INFO: Run Behavior\ReadHtmlCacheBehavior [ RunTime:0.000506s ]
INFO: [ app_begin ] --END-- [ RunTime:0.000551s ]
SQL: SHOW COLUMNS FROM `mn_xz_user` [ RunTime:0.0058s ]
SQL: SHOW COLUMNS FROM `mn_qqh_user` [ RunTime:0.0056s ]
SQL: SELECT COUNT(*) AS tp_count FROM `mn_xz_user` LIMIT 1   [ RunTime:0.0031s ]
SQL: SELECT COUNT(*) AS tp_count FROM `mn_qqh_user` LIMIT 1   [ RunTime:0.0007s ]
INFO: [ app_end ] --START--
INFO: Run Behavior\ShowPageTraceBehavior [ RunTime:0.000620s ]
INFO: [ app_end ] --END-- [ RunTime:0.000658s ]

[ 2019-02-24T06:53:18+08:00 ] 47.97.16.76 /
INFO: [ app_init ] --START--
INFO: Run Behavior\BuildLiteBehavior [ RunTime:0.000013s ]
INFO: [ app_init ] --END-- [ RunTime:0.000345s ]
INFO: [ app_begin ] --START--
INFO: Run Behavior\ReadHtmlCacheBehavior [ RunTime:0.000519s ]
INFO: [ app_begin ] --END-- [ RunTime:0.000563s ]
SQL: SHOW COLUMNS FROM `mn_xz_user` [ RunTime:0.0057s ]
SQL: SHOW COLUMNS FROM `mn_qqh_user` [ RunTime:0.0057s ]
SQL: SELECT COUNT(*) AS tp_count FROM `mn_xz_user` LIMIT 1   [ RunTime:0.0032s ]
SQL: SELECT COUNT(*) AS tp_count FROM `mn_qqh_user` LIMIT 1   [ RunTime:0.0009s ]
INFO: [ app_end ] --START--
INFO: Run Behavior\ShowPageTraceBehavior [ RunTime:0.000673s ]
INFO: [ app_end ] --END-- [ RunTime:0.000720s ]

[ 2019-02-24T11:07:46+08:00 ] 207.46.13.34 /
INFO: [ app_init ] --START--
INFO: Run Behavior\BuildLiteBehavior [ RunTime:0.000014s ]
INFO: [ app_init ] --END-- [ RunTime:0.000354s ]
INFO: [ app_begin ] --START--
INFO: Run Behavior\ReadHtmlCacheBehavior [ RunTime:0.000769s ]
INFO: [ app_begin ] --END-- [ RunTime:0.000847s ]
SQL: SHOW COLUMNS FROM `mn_xz_user` [ RunTime:0.0055s ]
SQL: SHOW COLUMNS FROM `mn_qqh_user` [ RunTime:0.0056s ]
SQL: SELECT COUNT(*) AS tp_count FROM `mn_xz_user` LIMIT 1   [ RunTime:0.0032s ]
SQL: SELECT COUNT(*) AS tp_count FROM `mn_qqh_user` LIMIT 1   [ RunTime:0.0007s ]
INFO: [ app_end ] --START--
INFO: Run Behavior\ShowPageTraceBehavior [ RunTime:0.000696s ]
INFO: [ app_end ] --END-- [ RunTime:0.000740s ]

[ 2019-02-24T11:29:50+08:00 ] 183.223.131.81 /index.php/Home/xzpd/getopenid?code=023yvDvA0bBEah2uLgvA0fbovA0yvDvM
INFO: [ app_init ] --START--
INFO: Run Behavior\BuildLiteBehavior [ RunTime:0.000013s ]
INFO: [ app_init ] --END-- [ RunTime:0.000344s ]
INFO: [ app_begin ] --START--
INFO: Run Behavior\ReadHtmlCacheBehavior [ RunTime:0.000587s ]
INFO: [ app_begin ] --END-- [ RunTime:0.000630s ]
NOTIC: [2] curl_setopt(): You must pass either an object or an array with the CURLOPT_HTTPHEADER argument C:\project\miniapi\Application\Home\Controller\XzpdController.class.php 第 152 行.
NOTIC: [2] curl_errno(): 24 is not a valid cURL handle resource C:\project\miniapi\Application\Home\Controller\XzpdController.class.php 第 160 行.
SQL: SHOW COLUMNS FROM `mn_xz_user` [ RunTime:0.0059s ]
SQL: SELECT * FROM `mn_xz_user` WHERE `openid` = 'oV9VJ5EtVSSMRiVuDpqBClX3WTFk' LIMIT 1   [ RunTime:0.0095s ]
INFO: [ app_end ] --START--
INFO: Run Behavior\ShowPageTraceBehavior [ RunTime:0.000720s ]
INFO: [ app_end ] --END-- [ RunTime:0.000764s ]

[ 2019-02-24T11:30:18+08:00 ] 183.223.131.81 /index.php/Home/xzpd/adduser?openid=oV9VJ5EtVSSMRiVuDpqBClX3WTFk&name=%E5%A5%BD%E6%9C%8B%E5%8F%8B%EE%90%A9&avatar=https%3A%2F%2Fwx.qlogo.cn%2Fmmopen%2Fvi_32%2FunrmndN140IQkxeaNYDkx4YBgiaqxbgkzMSk2QYn2jvNQfBo56jpzgzqZb2IZXbFzYRFWK1IibC6Kiaue0OXPw3dg%2F132&constellation=%E5%8F%8C%E5%AD%90&staricon=..%2Fimages%2Fstaricon%2Fshuangzi.png&date=06-03
INFO: [ app_init ] --START--
INFO: Run Behavior\BuildLiteBehavior [ RunTime:0.000013s ]
INFO: [ app_init ] --END-- [ RunTime:0.000351s ]
INFO: [ app_begin ] --START--
INFO: Run Behavior\ReadHtmlCacheBehavior [ RunTime:0.000678s ]
INFO: [ app_begin ] --END-- [ RunTime:0.000725s ]
SQL: SHOW COLUMNS FROM `mn_xz_user` [ RunTime:0.0081s ]
SQL: SELECT * FROM `mn_xz_user` WHERE `openid` = 'oV9VJ5EtVSSMRiVuDpqBClX3WTFk' LIMIT 1   [ RunTime:0.0035s ]
SQL: INSERT INTO `mn_xz_user` (`openid`,`name`,`avatar`,`constellation`,`staricon`,`date`) VALUES ('oV9VJ5EtVSSMRiVuDpqBClX3WTFk','好朋友','https://wx.qlogo.cn/mmopen/vi_32/unrmndN140IQkxeaNYDkx4YBgiaqxbgkzMSk2QYn2jvNQfBo56jpzgzqZb2IZXbFzYRFWK1IibC6Kiaue0OXPw3dg/132','双子','../images/staricon/shuangzi.png','06-03') [ RunTime:0.0031s ]
INFO: [ app_end ] --START--
INFO: Run Behavior\ShowPageTraceBehavior [ RunTime:0.000632s ]
INFO: [ app_end ] --END-- [ RunTime:0.000694s ]

[ 2019-02-24T11:34:38+08:00 ] 68.183.208.114 /
INFO: [ app_init ] --START--
INFO: Run Behavior\BuildLiteBehavior [ RunTime:0.000013s ]
INFO: [ app_init ] --END-- [ RunTime:0.000413s ]
INFO: [ app_begin ] --START--
INFO: Run Behavior\ReadHtmlCacheBehavior [ RunTime:0.000944s ]
INFO: [ app_begin ] --END-- [ RunTime:0.001013s ]
SQL: SHOW COLUMNS FROM `mn_xz_user` [ RunTime:0.0057s ]
SQL: SHOW COLUMNS FROM `mn_qqh_user` [ RunTime:0.0057s ]
SQL: SELECT COUNT(*) AS tp_count FROM `mn_xz_user` LIMIT 1   [ RunTime:0.0033s ]
SQL: SELECT COUNT(*) AS tp_count FROM `mn_qqh_user` LIMIT 1   [ RunTime:0.0007s ]
INFO: [ app_end ] --START--
INFO: Run Behavior\ShowPageTraceBehavior [ RunTime:0.000709s ]
INFO: [ app_end ] --END-- [ RunTime:0.000750s ]

[ 2019-02-24T19:04:04+08:00 ] 13.57.233.99 /
INFO: [ app_init ] --START--
INFO: Run Behavior\BuildLiteBehavior [ RunTime:0.000017s ]
INFO: [ app_init ] --END-- [ RunTime:0.000337s ]
INFO: [ app_begin ] --START--
INFO: Run Behavior\ReadHtmlCacheBehavior [ RunTime:0.000638s ]
INFO: [ app_begin ] --END-- [ RunTime:0.000682s ]
SQL: SHOW COLUMNS FROM `mn_xz_user` [ RunTime:0.0057s ]
SQL: SHOW COLUMNS FROM `mn_qqh_user` [ RunTime:0.0059s ]
SQL: SELECT COUNT(*) AS tp_count FROM `mn_xz_user` LIMIT 1   [ RunTime:0.0035s ]
SQL: SELECT COUNT(*) AS tp_count FROM `mn_qqh_user` LIMIT 1   [ RunTime:0.0007s ]
INFO: [ app_end ] --START--
INFO: Run Behavior\ShowPageTraceBehavior [ RunTime:0.000732s ]
INFO: [ app_end ] --END-- [ RunTime:0.000772s ]

[ 2019-02-24T19:12:17+08:00 ] 71.6.158.166 /
INFO: [ app_init ] --START--
INFO: Run Behavior\BuildLiteBehavior [ RunTime:0.000013s ]
INFO: [ app_init ] --END-- [ RunTime:0.000364s ]
INFO: [ app_begin ] --START--
INFO: Run Behavior\ReadHtmlCacheBehavior [ RunTime:0.000594s ]
INFO: [ app_begin ] --END-- [ RunTime:0.000645s ]
SQL: SHOW COLUMNS FROM `mn_xz_user` [ RunTime:0.0058s ]
SQL: SHOW COLUMNS FROM `mn_qqh_user` [ RunTime:0.0060s ]
SQL: SELECT COUNT(*) AS tp_count FROM `mn_xz_user` LIMIT 1   [ RunTime:0.0034s ]
SQL: SELECT COUNT(*) AS tp_count FROM `mn_qqh_user` LIMIT 1   [ RunTime:0.0007s ]
INFO: [ app_end ] --START--
INFO: Run Behavior\ShowPageTraceBehavior [ RunTime:0.000719s ]
INFO: [ app_end ] --END-- [ RunTime:0.000760s ]

